


materialPath: C:\Program Files (x86)\Steam\steamapps\common\Portal 2\portal2\materials
Loading a:\#portal2remastered\p2asw\game\portal2asw\mapsrc\bliss.vmf
Error! Variable "$abovewater" is multiply defined in material "dev/dev_water2"!
Error! Variable "$abovewater" is multiply defined in material "dev/dev_water2"!
Error! Variable "$abovewater" is multiply defined in material "dev/dev_water2"!
Could not locate GameData file portal2.fgd
fixing up env_cubemap materials on brush sides...
0...1...2...3...4...5...6...7...8...9...100...1...2...3...4...5...6...7...8...9...10Processing areas...done (0)
Building Faces...done (0)
FixTjuncs...
PruneNodes...
WriteBSP...
done (0)
writing a:\#portal2remastered\p2asw\game\portal2asw\mapsrc\bliss.prt...Building visibility clusters...
done (0)
Finding displacement neighbors...
Found a displacement edge abutting multiple other edges.
Warning: overflowed 72 displacement corner-neighbor lists.Finding lightmap sample positions...
Displacement Alpha : 0...1...2...3...4...5...6...7...8...9...10
Building Physics collision data...
done (0) (2924 bytes)
Placing detail props : 0...1...2...3...4...5...6...7...8...9...10
Water found with no water_lod_control entity, creating a default one.
Compacting texture/material tables...
Reduced 47 texinfos to 41
Reduced 6 texdatas to 5 (141 bytes to 105)
Writing a:\#portal2remastered\p2asw\game\portal2asw\mapsrc\bliss.bsp
0 seconds elapsed



32 threads
reading a:\#portal2remastered\p2asw\game\portal2asw\mapsrc\bliss.bsp
reading a:\#portal2remastered\p2asw\game\portal2asw\mapsrc\bliss.prt
  95 portalclusters
 190 numportals
0...1...2...3...4...5...6...7...8...9...100...1...2...3...4...5...6...7...8...9...10Optimized: 0 visible clusters (0.00%)
Total clusters visible: 8425
Average clusters visible: 88
Building PAS...
Average clusters audible: 95
visdatasize:3044  compressed from 3040
writing a:\#portal2remastered\p2asw\game\portal2asw\mapsrc\bliss.bsp
0 seconds elapsed



[Reading texlights from 'lights.rad']
[59 texlights parsed from 'lights.rad']

Loading a:\#portal2remastered\p2asw\game\portal2asw\mapsrc\bliss.bsp
930 faces
994531 square feet [143212560.00 square inches]
96 Displacements
25778 Square Feet [3712041.00 Square Inches]
930 patches before subdivision
930 patches after subdivision
unsupported light entity: "light_deferred_global"
0 direct lights
0...1...2...3...4...5...6...7...8...9...100...1...2...3...4...5...6...7...8...9...10transfers 109424, max 336
transfer lists:   0.8 megs
0...1...2...3...4...5...6...7...8...9...10	Bounce #1 added RGB(0, 0, 0)
Build Patch/Sample Hash Table(s).....Done<0.0943 sec>
0...1...2...3...4...5...6...7...8...9...10FinalLightFace Done
0 of 0 (0% of) surface lights went in leaf ambient cubes.
0...1...2...3...4...5...6...7...8...9...10Writing leaf ambient...done
Ready to Finish

Object names       Objects/Maxobjs  Memory / Maxmem  Fullness 
------------       ---------------  ---------------  -------- 
models                   1/1024           48/49152    ( 0.1%) 
brushes                  7/8192           84/98304    ( 0.1%) 
brushsides              42/65536         336/524288   ( 0.1%) 
planes                  84/65536        1680/1310720  ( 0.1%) 
vertexes               589/65536        7068/786432   ( 0.9%) 
nodes                  226/65536        7232/2097152  ( 0.3%) 
texinfos                41/12288        2952/884736   ( 0.3%) 
texdata                  5/2048          160/65536    ( 0.2%) 
dispinfos               96/0           16896/0        ( 0.0%) 
disp_verts            7776/0          155520/0        ( 0.0%) 
disp_tris            12288/0           24576/0        ( 0.0%) 
disp_multiblend          0/0               0/0        ( 0.0%) 
disp_lmsamples       75264/0           75264/0        ( 0.0%) 
faces                  930/65536       52080/3670016  ( 1.4%) 
hdr faces              930/65536       52080/3670016  ( 1.4%) 
origfaces              114/65536        6384/3670016  ( 0.2%) 
leaves                 228/65536        7296/2097152  ( 0.3%) 
leaffaces              850/65536        1700/131072   ( 1.3%) 
leafbrushes            139/65536         278/131072   ( 0.2%) 
areas                    2/256            16/2048     ( 0.8%) 
surfedges             4602/512000      18408/2048000  ( 0.9%) 
edges                 2374/256000       9496/1024000  ( 0.9%) 
LDR worldlights          0/8192            0/819200   ( 0.0%) 
HDR worldlights          0/8192            0/819200   ( 0.0%) 
leafwaterdata            1/32768          12/393216   ( 0.0%) 
waterstrips             67/32768         670/327680   ( 0.2%) 
waterverts               0/65536           0/786432   ( 0.0%) 
waterindices          1248/65536        2496/131072   ( 1.9%) 
cubemapsamples           0/1024            0/16384    ( 0.0%) 
overlays                 0/512             0/180224   ( 0.0%) 
LDR lightdata         [variable]           0/0        ( 0.0%) 
HDR lightdata         [variable]     3426560/0        ( 0.0%) 
visdata               [variable]        3044/16777216 ( 0.0%) 
entdata               [variable]         812/0        ( 0.0%) 
LDR ambient table      228/65536         912/262144   ( 0.3%) 
HDR ambient table      228/65536         912/262144   ( 0.3%) 
LDR leaf ambient       228/65536        6384/1835008  ( 0.3%) 
HDR leaf ambient        95/65536        2660/1835008  ( 0.1%) 
occluders                0/0               0/0        ( 0.0%) 
occluder polygons        0/0               0/0        ( 0.0%) 
occluder vert ind        0/0               0/0        ( 0.0%) 
Prop Hull Verts          0/0               0/0        ( 0.0%) 
Prop Hull Blob        [variable]           0/0        ( 0.0%) 
Prop Hull Lists          0/0               0/0        ( 0.0%) 
Prop Hulls               0/0               0/0        ( 0.0%) 
Prop Hull trilist        0/0               0/0        ( 0.0%) 
detail props          [variable]           1/12       ( 8.3%) 
static props          [variable]           1/5724     ( 0.0%) 
pakfile               [variable]       74694/0        ( 0.0%) 
physics               [variable]        2924/4194304  ( 0.1%) 
physics terrain       [variable]       20126/1048576  ( 1.9%) 

Level flags = 10002

Total triangle count: 2286
Writing a:\#portal2remastered\p2asw\game\portal2asw\mapsrc\bliss.bsp
2 seconds elapsed



materialPath: C:\Program Files (x86)\Steam\steamapps\common\Portal 2\portal2\materials
Loading a:\#portal2remastered\p2asw\game\portal2asw\mapsrc\bliss.vmf
Error! Variable "$abovewater" is multiply defined in material "dev/dev_water2"!
Error! Variable "$abovewater" is multiply defined in material "dev/dev_water2"!
Error! Variable "$abovewater" is multiply defined in material "dev/dev_water2"!
Could not locate GameData file portal2.fgd
fixing up env_cubemap materials on brush sides...
0...1...2...3...4...5...6...7...8...9...100...1...2...3...4...5...6...7...8...9...10Processing areas...done (0)
Building Faces...done (0)
FixTjuncs...
PruneNodes...
WriteBSP...
done (0)
writing a:\#portal2remastered\p2asw\game\portal2asw\mapsrc\bliss.prt...Building visibility clusters...
done (0)
Finding displacement neighbors...
Found a displacement edge abutting multiple other edges.
Warning: overflowed 72 displacement corner-neighbor lists.Finding lightmap sample positions...
Displacement Alpha : 0...1...2...3...4...5...6...7...8...9...10
Building Physics collision data...
done (0) (2924 bytes)
Placing detail props : 0...1...2...3...4...5...6...7...8...9...10
Water found with no water_lod_control entity, creating a default one.
Compacting texture/material tables...
Reduced 41 texinfos to 35
Reduced 6 texdatas to 5 (141 bytes to 105)
Writing a:\#portal2remastered\p2asw\game\portal2asw\mapsrc\bliss.bsp
0 seconds elapsed



32 threads
reading a:\#portal2remastered\p2asw\game\portal2asw\mapsrc\bliss.bsp
reading a:\#portal2remastered\p2asw\game\portal2asw\mapsrc\bliss.prt
  95 portalclusters
 190 numportals
0...1...2...3...4...5...6...7...8...9...100...1...2...3...4...5...6...7...8...9...10Optimized: 0 visible clusters (0.00%)
Total clusters visible: 8425
Average clusters visible: 88
Building PAS...
Average clusters audible: 95
visdatasize:3044  compressed from 3040
writing a:\#portal2remastered\p2asw\game\portal2asw\mapsrc\bliss.bsp
0 seconds elapsed



[Reading texlights from 'lights.rad']
[59 texlights parsed from 'lights.rad']

Loading a:\#portal2remastered\p2asw\game\portal2asw\mapsrc\bliss.bsp
930 faces
994531 square feet [143212560.00 square inches]
96 Displacements
25778 Square Feet [3712041.00 Square Inches]
930 patches before subdivision
930 patches after subdivision
unsupported light entity: "light_deferred_global"
1 direct lights
0...1...2...3...4...5...6...7...8...9...100...1...2...3...4...5...6...7...8...9...10transfers 109424, max 336
transfer lists:   0.8 megs
0...1...2...3...4...5...6...7...8...9...10	Bounce #1 added RGB(0, 0, 0)
Build Patch/Sample Hash Table(s).....Done<0.0998 sec>
0...1...2...3...4...5...6...7...8...9...10FinalLightFace Done
0 of 0 (0% of) surface lights went in leaf ambient cubes.
0...1...2...3...4...5...6...7...8...9...10Writing leaf ambient...done
Ready to Finish

Object names       Objects/Maxobjs  Memory / Maxmem  Fullness 
------------       ---------------  ---------------  -------- 
models                   1/1024           48/49152    ( 0.1%) 
brushes                  7/8192           84/98304    ( 0.1%) 
brushsides              42/65536         336/524288   ( 0.1%) 
planes                  84/65536        1680/1310720  ( 0.1%) 
vertexes               589/65536        7068/786432   ( 0.9%) 
nodes                  226/65536        7232/2097152  ( 0.3%) 
texinfos                35/12288        2520/884736   ( 0.3%) 
texdata                  5/2048          160/65536    ( 0.2%) 
dispinfos               96/0           16896/0        ( 0.0%) 
disp_verts            7776/0          155520/0        ( 0.0%) 
disp_tris            12288/0           24576/0        ( 0.0%) 
disp_multiblend          0/0               0/0        ( 0.0%) 
disp_lmsamples       75264/0           75264/0        ( 0.0%) 
faces                  930/65536       52080/3670016  ( 1.4%) 
hdr faces              930/65536       52080/3670016  ( 1.4%) 
origfaces              114/65536        6384/3670016  ( 0.2%) 
leaves                 228/65536        7296/2097152  ( 0.3%) 
leaffaces              850/65536        1700/131072   ( 1.3%) 
leafbrushes            139/65536         278/131072   ( 0.2%) 
areas                    2/256            16/2048     ( 0.8%) 
surfedges             4602/512000      18408/2048000  ( 0.9%) 
edges                 2374/256000       9496/1024000  ( 0.9%) 
LDR worldlights          0/8192            0/819200   ( 0.0%) 
HDR worldlights          1/8192          100/819200   ( 0.0%) 
leafwaterdata            1/32768          12/393216   ( 0.0%) 
waterstrips             67/32768         670/327680   ( 0.2%) 
waterverts               0/65536           0/786432   ( 0.0%) 
waterindices          1248/65536        2496/131072   ( 1.9%) 
cubemapsamples           0/1024            0/16384    ( 0.0%) 
overlays                 0/512             0/180224   ( 0.0%) 
LDR lightdata         [variable]           0/0        ( 0.0%) 
HDR lightdata         [variable]     3426560/0        ( 0.0%) 
visdata               [variable]        3044/16777216 ( 0.0%) 
entdata               [variable]        1121/0        ( 0.0%) 
LDR ambient table      228/65536         912/262144   ( 0.3%) 
HDR ambient table      228/65536         912/262144   ( 0.3%) 
LDR leaf ambient       228/65536        6384/1835008  ( 0.3%) 
HDR leaf ambient        95/65536        2660/1835008  ( 0.1%) 
occluders                0/0               0/0        ( 0.0%) 
occluder polygons        0/0               0/0        ( 0.0%) 
occluder vert ind        0/0               0/0        ( 0.0%) 
Prop Hull Verts          0/0               0/0        ( 0.0%) 
Prop Hull Blob        [variable]           0/0        ( 0.0%) 
Prop Hull Lists          0/0               0/0        ( 0.0%) 
Prop Hulls               0/0               0/0        ( 0.0%) 
Prop Hull trilist        0/0               0/0        ( 0.0%) 
detail props          [variable]           1/12       ( 8.3%) 
static props          [variable]           1/5724     ( 0.0%) 
pakfile               [variable]       74694/0        ( 0.0%) 
physics               [variable]        2924/4194304  ( 0.1%) 
physics terrain       [variable]       20126/1048576  ( 1.9%) 

Level flags = 10002

Total triangle count: 2286
Writing a:\#portal2remastered\p2asw\game\portal2asw\mapsrc\bliss.bsp
2 seconds elapsed
