PRT1
95
190
4 0 3 (2048 2048 -24 ) (2048 2048 480 ) (2048 2128 480 ) (2048 2128 -24 ) 
4 0 4 (2048 2048 -448 ) (2048 2048 -24 ) (2048 2128 -24 ) (2048 2128 -448 ) 
4 0 2 (2048 2128 480 ) (2048 2216 480 ) (2048 2216 -448 ) (2048 2128 -448 ) 
4 0 1 (2048 2048 480 ) (2048 2048 -448 ) (2224 2048 -448 ) (2224 2048 480 ) 
4 1 16 (2224 1024 480 ) (2048 1024 480 ) (2048 1024 -448 ) (2224 1024 -448 ) 
4 1 10 (2048 1024 -24 ) (2048 1024 480 ) (2048 2048 480 ) (2048 2048 -24 ) 
4 1 11 (2048 1024 -448 ) (2048 1024 -24 ) (2048 2048 -24 ) (2048 2048 -448 ) 
4 2 6 (1024 2216 -448 ) (1024 2128 -448 ) (1024 2128 480 ) (1024 2216 480 ) 
4 2 3 (2048 2128 -24 ) (2048 2128 480 ) (1024 2128 480 ) (1024 2128 -24 ) 
4 2 4 (2048 2128 -448 ) (2048 2128 -24 ) (1024 2128 -24 ) (1024 2128 -448 ) 
4 3 10 (2048 2048 -24 ) (2048 2048 480 ) (1024 2048 480 ) (1024 2048 -24 ) 
4 3 7 (1024 2048 -24 ) (1024 2048 480 ) (1024 2128 480 ) (1024 2128 -24 ) 
4 3 4 (2048 2048 -24 ) (1024 2048 -24 ) (1024 2128 -24 ) (2048 2128 -24 ) 
4 4 11 (2048 2048 -447.892029 ) (2048 2048 -24 ) (1024 2048 -24 ) (1024 2048 -447.892029 ) 
4 4 8 (1024 2048 -447.892029 ) (1024 2048 -24 ) (1024 2128 -24 ) (1024 2128 -447.892029 ) 
4 4 5 (1024 2048 -447.892029 ) (1024 2128 -447.892029 ) (2048 2128 -447.892029 ) (2048 2048 -447.892029 ) 
4 6 39 (0 2128 -448 ) (0 2128 480 ) (0 2216 480 ) (0 2216 -448 ) 
4 6 7 (0 2128 480 ) (0 2128 -24 ) (1024 2128 -24 ) (1024 2128 480 ) 
4 6 8 (0 2128 -24 ) (0 2128 -448 ) (1024 2128 -448 ) (1024 2128 -24 ) 
4 7 40 (0 2048 -24 ) (0 2048 480 ) (0 2128 480 ) (0 2128 -24 ) 
4 7 13 (0 2048 480 ) (0 2048 -24 ) (1024 2048 -24 ) (1024 2048 480 ) 
4 7 8 (0 2128 -24 ) (1024 2128 -24 ) (1024 2048 -24 ) (0 2048 -24 ) 
4 8 41 (0 2048 -447.892029 ) (0 2048 -24 ) (0 2128 -24 ) (0 2128 -447.892029 ) 
4 8 14 (0 2048 -24 ) (0 2048 -447.892029 ) (1024 2048 -447.892029 ) (1024 2048 -24 ) 
4 8 9 (1024 2048 -447.892029 ) (0 2048 -447.892029 ) (0 2128 -447.892029 ) (1024 2128 -447.892029 ) 
4 10 18 (2048 1024 -24 ) (2048 1024 480 ) (1024 1024 480 ) (1024 1024 -24 ) 
4 10 13 (1024 2048 480 ) (1024 2048 -24 ) (1024 1024 -24 ) (1024 1024 480 ) 
4 10 11 (1024 1024 -24 ) (1024 2048 -24 ) (2048 2048 -24 ) (2048 1024 -24 ) 
4 11 19 (2048 1024 -447.892029 ) (2048 1024 -24 ) (1024 1024 -24 ) (1024 1024 -447.892029 ) 
4 11 14 (1024 2048 -24 ) (1024 2048 -447.892029 ) (1024 1024 -447.892029 ) (1024 1024 -24 ) 
4 11 12 (2048 1024 -447.892029 ) (1024 1024 -447.892029 ) (1024 2048 -447.892029 ) (2048 2048 -447.892029 ) 
4 13 47 (0 1024 -24 ) (0 1024 480 ) (0 2048 480 ) (0 2048 -24 ) 
4 13 21 (1024 1024 -24 ) (1024 1024 480 ) (0 1024 480 ) (0 1024 -24 ) 
4 13 14 (1024 1024 -24 ) (0 1024 -24 ) (0 2048 -24 ) (1024 2048 -24 ) 
4 14 48 (0 1024 -447.892029 ) (0 1024 -24 ) (0 2048 -24 ) (0 2048 -447.892029 ) 
4 14 22 (1024 1024 -447.892029 ) (1024 1024 -24 ) (0 1024 -24 ) (0 1024 -447.892029 ) 
4 14 15 (0 1024 -447.892029 ) (0 2048 -447.892029 ) (1024 2048 -447.892029 ) (1024 1024 -447.892029 ) 
4 16 18 (2048 0 -24 ) (2048 0 480 ) (2048 1024 480 ) (2048 1024 -24 ) 
4 16 19 (2048 0 -448 ) (2048 0 -24 ) (2048 1024 -24 ) (2048 1024 -448 ) 
4 16 17 (2224 0 480 ) (2048 0 480 ) (2048 0 -448 ) (2224 0 -448 ) 
4 17 30 (2224 -1024 480 ) (2048 -1024 480 ) (2048 -1024 -448 ) (2224 -1024 -448 ) 
4 17 24 (2048 -1024 -24 ) (2048 -1024 480 ) (2048 0 480 ) (2048 0 -24 ) 
4 17 25 (2048 -1024 -448 ) (2048 -1024 -24 ) (2048 0 -24 ) (2048 0 -448 ) 
4 18 24 (2048 0 -24 ) (2048 0 480 ) (1024 0 480 ) (1024 0 -24 ) 
4 18 21 (1024 0 -24 ) (1024 0 480 ) (1024 1024 480 ) (1024 1024 -24 ) 
4 18 19 (1024 0 -24 ) (1024 1024 -24 ) (2048 1024 -24 ) (2048 0 -24 ) 
4 19 25 (2048 0 -447.892029 ) (2048 0 -24 ) (1024 0 -24 ) (1024 0 -447.892029 ) 
4 19 22 (1024 0 -447.892029 ) (1024 0 -24 ) (1024 1024 -24 ) (1024 1024 -447.892029 ) 
4 19 20 (2048 0 -447.892029 ) (1024 0 -447.892029 ) (1024 1024 -447.892029 ) (2048 1024 -447.892029 ) 
4 21 62 (0 0 -24 ) (0 0 480 ) (0 1024 480 ) (0 1024 -24 ) 
4 21 27 (0 0 480 ) (0 0 -24 ) (1024 0 -24 ) (1024 0 480 ) 
4 21 22 (1024 0 -24 ) (0 0 -24 ) (0 1024 -24 ) (1024 1024 -24 ) 
4 22 63 (0 0 -447.892029 ) (0 0 -24 ) (0 1024 -24 ) (0 1024 -447.892029 ) 
4 22 28 (0 0 -24 ) (0 0 -447.892029 ) (1024 0 -447.892029 ) (1024 0 -24 ) 
4 22 23 (0 1024 -447.892029 ) (1024 1024 -447.892029 ) (1024 0 -447.892029 ) (0 0 -447.892029 ) 
4 24 31 (2048 -1024 -24 ) (2048 -1024 480 ) (1024 -1024 480 ) (1024 -1024 -24 ) 
4 24 27 (1024 0 480 ) (1024 0 -24 ) (1024 -1024 -24 ) (1024 -1024 480 ) 
4 24 25 (2048 -1024 -24 ) (1024 -1024 -24 ) (1024 0 -24 ) (2048 0 -24 ) 
4 25 32 (2048 -1024 -447.892029 ) (2048 -1024 -24 ) (1024 -1024 -24 ) (1024 -1024 -447.892029 ) 
4 25 28 (1024 0 -24 ) (1024 0 -447.892029 ) (1024 -1024 -447.892029 ) (1024 -1024 -24 ) 
4 25 26 (1024 0 -447.892029 ) (2048 0 -447.892029 ) (2048 -1024 -447.892029 ) (1024 -1024 -447.892029 ) 
4 27 68 (0 -1024 -24 ) (0 -1024 480 ) (0 0 480 ) (0 0 -24 ) 
4 27 35 (0 -1024 480 ) (0 -1024 -24 ) (1024 -1024 -24 ) (1024 -1024 480 ) 
4 27 28 (1024 -1024 -24 ) (0 -1024 -24 ) (0 0 -24 ) (1024 0 -24 ) 
4 28 69 (0 -1024 -447.892029 ) (0 -1024 -24 ) (0 0 -24 ) (0 0 -447.892029 ) 
4 28 36 (0 -1024 -24 ) (0 -1024 -447.892029 ) (1024 -1024 -447.892029 ) (1024 -1024 -24 ) 
4 28 29 (1024 0 -447.892029 ) (1024 -1024 -447.892029 ) (0 -1024 -447.892029 ) (0 0 -447.892029 ) 
4 30 34 (2048 -1832 -448 ) (2048 -1920 -448 ) (2048 -1920 480 ) (2048 -1832 480 ) 
4 30 31 (2048 -1024 480 ) (2048 -1024 -24 ) (2048 -1832 -24 ) (2048 -1832 480 ) 
4 30 32 (2048 -1024 -24 ) (2048 -1024 -448 ) (2048 -1832 -448 ) (2048 -1832 -24 ) 
4 31 35 (1024 -1024 480 ) (1024 -1024 -24 ) (1024 -1832 -24 ) (1024 -1832 480 ) 
4 31 34 (2048 -1832 -24 ) (2048 -1832 480 ) (1024 -1832 480 ) (1024 -1832 -24 ) 
4 31 32 (2048 -1832 -24 ) (1024 -1832 -24 ) (1024 -1024 -24 ) (2048 -1024 -24 ) 
4 32 36 (1024 -1024 -24 ) (1024 -1024 -447.892029 ) (1024 -1832 -447.892029 ) (1024 -1832 -24 ) 
4 32 34 (2048 -1832 -447.892029 ) (2048 -1832 -24 ) (1024 -1832 -24 ) (1024 -1832 -447.892029 ) 
4 32 33 (2048 -1832 -447.892029 ) (1024 -1832 -447.892029 ) (1024 -1024 -447.892029 ) (2048 -1024 -447.892029 ) 
4 34 38 (1024 -1920 480 ) (1024 -1832 480 ) (1024 -1832 -448 ) (1024 -1920 -448 ) 
4 35 82 (0 -1832 -24 ) (0 -1832 480 ) (0 -1024 480 ) (0 -1024 -24 ) 
4 35 38 (0 -1832 480 ) (0 -1832 -24 ) (1024 -1832 -24 ) (1024 -1832 480 ) 
4 35 36 (1024 -1832 -24 ) (0 -1832 -24 ) (0 -1024 -24 ) (1024 -1024 -24 ) 
4 36 83 (0 -1832 -447.892029 ) (0 -1832 -24 ) (0 -1024 -24 ) (0 -1024 -447.892029 ) 
4 36 38 (0 -1832 -24 ) (0 -1832 -447.892029 ) (1024 -1832 -447.892029 ) (1024 -1832 -24 ) 
4 36 37 (1024 -1832 -447.892029 ) (0 -1832 -447.892029 ) (0 -1024 -447.892029 ) (1024 -1024 -447.892029 ) 
4 38 85 (0 -1920 480 ) (0 -1832 480 ) (0 -1832 -448 ) (0 -1920 -448 ) 
4 39 43 (-1024 2216 -448 ) (-1024 2128 -448 ) (-1024 2128 480 ) (-1024 2216 480 ) 
4 39 40 (0 2128 -24 ) (0 2128 480 ) (-1024 2128 480 ) (-1024 2128 -24 ) 
4 39 41 (0 2128 -448 ) (0 2128 -24 ) (-1024 2128 -24 ) (-1024 2128 -448 ) 
4 40 47 (0 2048 -24 ) (0 2048 480 ) (-1024 2048 480 ) (-1024 2048 -24 ) 
4 40 44 (-1024 2048 -24 ) (-1024 2048 480 ) (-1024 2128 480 ) (-1024 2128 -24 ) 
4 40 41 (0 2048 -24 ) (-1024 2048 -24 ) (-1024 2128 -24 ) (0 2128 -24 ) 
4 41 48 (0 2048 -447.892029 ) (0 2048 -24 ) (-1024 2048 -24 ) (-1024 2048 -447.892029 ) 
4 41 45 (-1024 2048 -447.892029 ) (-1024 2048 -24 ) (-1024 2128 -24 ) (-1024 2128 -447.892029 ) 
4 41 42 (-1024 2048 -447.892029 ) (-1024 2128 -447.892029 ) (0 2128 -447.892029 ) (0 2048 -447.892029 ) 
4 43 53 (-2048 2128 -448 ) (-2048 2128 480 ) (-2048 2216 480 ) (-2048 2216 -448 ) 
4 43 44 (-2048 2128 480 ) (-2048 2128 -24 ) (-1024 2128 -24 ) (-1024 2128 480 ) 
4 43 45 (-2048 2128 -24 ) (-2048 2128 -448 ) (-1024 2128 -448 ) (-1024 2128 -24 ) 
4 44 54 (-2048 2048 -24 ) (-2048 2048 480 ) (-2048 2128 480 ) (-2048 2128 -24 ) 
4 44 50 (-2048 2048 480 ) (-2048 2048 -24 ) (-1024 2048 -24 ) (-1024 2048 480 ) 
4 44 45 (-2048 2128 -24 ) (-1024 2128 -24 ) (-1024 2048 -24 ) (-2048 2048 -24 ) 
4 45 55 (-2048 2048 -447.892029 ) (-2048 2048 -24 ) (-2048 2128 -24 ) (-2048 2128 -447.892029 ) 
4 45 51 (-2048 2048 -24 ) (-2048 2048 -447.892029 ) (-1024 2048 -447.892029 ) (-1024 2048 -24 ) 
4 45 46 (-1024 2048 -447.892029 ) (-2048 2048 -447.892029 ) (-2048 2128 -447.892029 ) (-1024 2128 -447.892029 ) 
4 47 62 (0 1024 -24 ) (0 1024 480 ) (-1024 1024 480 ) (-1024 1024 -24 ) 
4 47 50 (-1024 2048 480 ) (-1024 2048 -24 ) (-1024 1024 -24 ) (-1024 1024 480 ) 
4 47 48 (0 1024 -24 ) (-1024 1024 -24 ) (-1024 2048 -24 ) (0 2048 -24 ) 
4 48 63 (0 1024 -447.892029 ) (0 1024 -24 ) (-1024 1024 -24 ) (-1024 1024 -447.892029 ) 
4 48 51 (-1024 2048 -24 ) (-1024 2048 -447.892029 ) (-1024 1024 -447.892029 ) (-1024 1024 -24 ) 
4 48 49 (-1024 2048 -447.892029 ) (0 2048 -447.892029 ) (0 1024 -447.892029 ) (-1024 1024 -447.892029 ) 
4 50 65 (-1024 1024 -24 ) (-1024 1024 480 ) (-2048 1024 480 ) (-2048 1024 -24 ) 
4 50 58 (-2048 1024 -24 ) (-2048 1024 480 ) (-2048 2048 480 ) (-2048 2048 -24 ) 
4 50 51 (-1024 1024 -24 ) (-2048 1024 -24 ) (-2048 2048 -24 ) (-1024 2048 -24 ) 
4 51 66 (-1024 1024 -447.892029 ) (-1024 1024 -24 ) (-2048 1024 -24 ) (-2048 1024 -447.892029 ) 
4 51 59 (-2048 1024 -447.892029 ) (-2048 1024 -24 ) (-2048 2048 -24 ) (-2048 2048 -447.892029 ) 
4 51 52 (-2048 1024 -447.892029 ) (-2048 2048 -447.892029 ) (-1024 2048 -447.892029 ) (-1024 1024 -447.892029 ) 
4 53 57 (-2512 2128 -448 ) (-2512 2128 480 ) (-2512 2216 480 ) (-2512 2216 -448 ) 
4 53 54 (-2512 2128 480 ) (-2512 2128 -24 ) (-2048 2128 -24 ) (-2048 2128 480 ) 
4 53 55 (-2512 2128 -24 ) (-2512 2128 -448 ) (-2048 2128 -448 ) (-2048 2128 -24 ) 
4 54 58 (-2048 2048 -24 ) (-2048 2048 480 ) (-2512 2048 480 ) (-2512 2048 -24 ) 
4 54 57 (-2512 2048 -24 ) (-2512 2048 480 ) (-2512 2128 480 ) (-2512 2128 -24 ) 
4 54 55 (-2512 2048 -24 ) (-2512 2128 -24 ) (-2048 2128 -24 ) (-2048 2048 -24 ) 
4 55 59 (-2048 2048 -447.892029 ) (-2048 2048 -24 ) (-2512 2048 -24 ) (-2512 2048 -447.892029 ) 
4 55 57 (-2512 2048 -447.892029 ) (-2512 2048 -24 ) (-2512 2128 -24 ) (-2512 2128 -447.892029 ) 
4 55 56 (-2048 2048 -447.892029 ) (-2512 2048 -447.892029 ) (-2512 2128 -447.892029 ) (-2048 2128 -447.892029 ) 
4 57 61 (-2512 2048 -448 ) (-2512 2048 480 ) (-2600 2048 480 ) (-2600 2048 -448 ) 
4 58 74 (-2048 1024 -24 ) (-2048 1024 480 ) (-2512 1024 480 ) (-2512 1024 -24 ) 
4 58 61 (-2512 1024 -24 ) (-2512 1024 480 ) (-2512 2048 480 ) (-2512 2048 -24 ) 
4 58 59 (-2048 1024 -24 ) (-2512 1024 -24 ) (-2512 2048 -24 ) (-2048 2048 -24 ) 
4 59 75 (-2048 1024 -447.892029 ) (-2048 1024 -24 ) (-2512 1024 -24 ) (-2512 1024 -447.892029 ) 
4 59 61 (-2512 1024 -447.892029 ) (-2512 1024 -24 ) (-2512 2048 -24 ) (-2512 2048 -447.892029 ) 
4 59 60 (-2512 1024 -447.892029 ) (-2512 2048 -447.892029 ) (-2048 2048 -447.892029 ) (-2048 1024 -447.892029 ) 
4 61 77 (-2512 1024 -448 ) (-2512 1024 480 ) (-2600 1024 480 ) (-2600 1024 -448 ) 
4 62 68 (0 0 -24 ) (0 0 480 ) (-1024 0 480 ) (-1024 0 -24 ) 
4 62 65 (-1024 0 -24 ) (-1024 0 480 ) (-1024 1024 480 ) (-1024 1024 -24 ) 
4 62 63 (-1024 0 -24 ) (-1024 1024 -24 ) (0 1024 -24 ) (0 0 -24 ) 
4 63 69 (0 0 -447.892029 ) (0 0 -24 ) (-1024 0 -24 ) (-1024 0 -447.892029 ) 
4 63 66 (-1024 0 -447.892029 ) (-1024 0 -24 ) (-1024 1024 -24 ) (-1024 1024 -447.892029 ) 
4 63 64 (0 0 -447.892029 ) (-1024 0 -447.892029 ) (-1024 1024 -447.892029 ) (0 1024 -447.892029 ) 
4 65 74 (-2048 0 -24 ) (-2048 0 480 ) (-2048 1024 480 ) (-2048 1024 -24 ) 
4 65 71 (-1024 0 -24 ) (-1024 0 480 ) (-2048 0 480 ) (-2048 0 -24 ) 
4 65 66 (-1024 0 -24 ) (-2048 0 -24 ) (-2048 1024 -24 ) (-1024 1024 -24 ) 
4 66 75 (-2048 0 -447.892029 ) (-2048 0 -24 ) (-2048 1024 -24 ) (-2048 1024 -447.892029 ) 
4 66 72 (-1024 0 -447.892029 ) (-1024 0 -24 ) (-2048 0 -24 ) (-2048 0 -447.892029 ) 
4 66 67 (-2048 1024 -447.892029 ) (-1024 1024 -447.892029 ) (-1024 0 -447.892029 ) (-2048 0 -447.892029 ) 
4 68 82 (0 -1024 -24 ) (0 -1024 480 ) (-1024 -1024 480 ) (-1024 -1024 -24 ) 
4 68 71 (-1024 0 480 ) (-1024 0 -24 ) (-1024 -1024 -24 ) (-1024 -1024 480 ) 
4 68 69 (-1024 -1024 -24 ) (-1024 0 -24 ) (0 0 -24 ) (0 -1024 -24 ) 
4 69 83 (0 -1024 -447.892029 ) (0 -1024 -24 ) (-1024 -1024 -24 ) (-1024 -1024 -447.892029 ) 
4 69 72 (-1024 0 -24 ) (-1024 0 -447.892029 ) (-1024 -1024 -447.892029 ) (-1024 -1024 -24 ) 
4 69 70 (0 -1024 -447.892029 ) (-1024 -1024 -447.892029 ) (-1024 0 -447.892029 ) (0 0 -447.892029 ) 
4 71 86 (-1024 -1024 -24 ) (-1024 -1024 480 ) (-2048 -1024 480 ) (-2048 -1024 -24 ) 
4 71 78 (-2048 -1024 -24 ) (-2048 -1024 480 ) (-2048 0 480 ) (-2048 0 -24 ) 
4 71 72 (-1024 -1024 -24 ) (-2048 -1024 -24 ) (-2048 0 -24 ) (-1024 0 -24 ) 
4 72 87 (-1024 -1024 -447.892029 ) (-1024 -1024 -24 ) (-2048 -1024 -24 ) (-2048 -1024 -447.892029 ) 
4 72 79 (-2048 -1024 -447.892029 ) (-2048 -1024 -24 ) (-2048 0 -24 ) (-2048 0 -447.892029 ) 
4 72 73 (-1024 0 -447.892029 ) (-1024 -1024 -447.892029 ) (-2048 -1024 -447.892029 ) (-2048 0 -447.892029 ) 
4 74 78 (-2048 0 -24 ) (-2048 0 480 ) (-2512 0 480 ) (-2512 0 -24 ) 
4 74 77 (-2512 1024 480 ) (-2512 1024 -24 ) (-2512 0 -24 ) (-2512 0 480 ) 
4 74 75 (-2048 0 -24 ) (-2512 0 -24 ) (-2512 1024 -24 ) (-2048 1024 -24 ) 
4 75 79 (-2048 0 -447.892029 ) (-2048 0 -24 ) (-2512 0 -24 ) (-2512 0 -447.892029 ) 
4 75 77 (-2512 1024 -24 ) (-2512 1024 -447.892029 ) (-2512 0 -447.892029 ) (-2512 0 -24 ) 
4 75 76 (-2512 0 -447.892029 ) (-2512 1024 -447.892029 ) (-2048 1024 -447.892029 ) (-2048 0 -447.892029 ) 
4 77 81 (-2512 0 -448 ) (-2512 0 480 ) (-2600 0 480 ) (-2600 0 -448 ) 
4 78 90 (-2048 -1024 -24 ) (-2048 -1024 480 ) (-2512 -1024 480 ) (-2512 -1024 -24 ) 
4 78 81 (-2512 -1024 -24 ) (-2512 -1024 480 ) (-2512 0 480 ) (-2512 0 -24 ) 
4 78 79 (-2512 -1024 -24 ) (-2512 0 -24 ) (-2048 0 -24 ) (-2048 -1024 -24 ) 
4 79 91 (-2048 -1024 -447.892029 ) (-2048 -1024 -24 ) (-2512 -1024 -24 ) (-2512 -1024 -447.892029 ) 
4 79 81 (-2512 -1024 -447.892029 ) (-2512 -1024 -24 ) (-2512 0 -24 ) (-2512 0 -447.892029 ) 
4 79 80 (-2048 -1024 -447.892029 ) (-2512 -1024 -447.892029 ) (-2512 0 -447.892029 ) (-2048 0 -447.892029 ) 
4 81 94 (-2512 -1024 -448 ) (-2512 -1024 480 ) (-2600 -1024 480 ) (-2600 -1024 -448 ) 
4 82 86 (-1024 -1024 480 ) (-1024 -1024 -24 ) (-1024 -1832 -24 ) (-1024 -1832 480 ) 
4 82 85 (0 -1832 -24 ) (0 -1832 480 ) (-1024 -1832 480 ) (-1024 -1832 -24 ) 
4 82 83 (0 -1832 -24 ) (-1024 -1832 -24 ) (-1024 -1024 -24 ) (0 -1024 -24 ) 
4 83 87 (-1024 -1024 -24 ) (-1024 -1024 -447.892029 ) (-1024 -1832 -447.892029 ) (-1024 -1832 -24 ) 
4 83 85 (0 -1832 -447.892029 ) (0 -1832 -24 ) (-1024 -1832 -24 ) (-1024 -1832 -447.892029 ) 
4 83 84 (0 -1832 -447.892029 ) (-1024 -1832 -447.892029 ) (-1024 -1024 -447.892029 ) (0 -1024 -447.892029 ) 
4 85 89 (-1024 -1920 480 ) (-1024 -1832 480 ) (-1024 -1832 -448 ) (-1024 -1920 -448 ) 
4 86 90 (-2048 -1024 480 ) (-2048 -1024 -24 ) (-2048 -1832 -24 ) (-2048 -1832 480 ) 
4 86 89 (-1024 -1832 -24 ) (-1024 -1832 480 ) (-2048 -1832 480 ) (-2048 -1832 -24 ) 
4 86 87 (-1024 -1832 -24 ) (-2048 -1832 -24 ) (-2048 -1024 -24 ) (-1024 -1024 -24 ) 
4 87 91 (-2048 -1024 -24 ) (-2048 -1024 -447.892029 ) (-2048 -1832 -447.892029 ) (-2048 -1832 -24 ) 
4 87 89 (-1024 -1832 -447.892029 ) (-1024 -1832 -24 ) (-2048 -1832 -24 ) (-2048 -1832 -447.892029 ) 
4 87 88 (-1024 -1832 -447.892029 ) (-2048 -1832 -447.892029 ) (-2048 -1024 -447.892029 ) (-1024 -1024 -447.892029 ) 
4 89 93 (-2048 -1920 480 ) (-2048 -1832 480 ) (-2048 -1832 -448 ) (-2048 -1920 -448 ) 
4 90 94 (-2512 -1832 -24 ) (-2512 -1832 480 ) (-2512 -1024 480 ) (-2512 -1024 -24 ) 
4 90 93 (-2512 -1832 480 ) (-2512 -1832 -24 ) (-2048 -1832 -24 ) (-2048 -1832 480 ) 
4 90 91 (-2048 -1832 -24 ) (-2512 -1832 -24 ) (-2512 -1024 -24 ) (-2048 -1024 -24 ) 
4 91 94 (-2512 -1832 -447.892029 ) (-2512 -1832 -24 ) (-2512 -1024 -24 ) (-2512 -1024 -447.892029 ) 
4 91 93 (-2512 -1832 -24 ) (-2512 -1832 -447.892029 ) (-2048 -1832 -447.892029 ) (-2048 -1832 -24 ) 
4 91 92 (-2048 -1832 -447.892029 ) (-2512 -1832 -447.892029 ) (-2512 -1024 -447.892029 ) (-2048 -1024 -447.892029 ) 
4 93 94 (-2512 -1920 480 ) (-2512 -1832 480 ) (-2512 -1832 -448 ) (-2512 -1920 -448 ) 
