PRT1
102
312
4 0 9 (0 1024 -384 ) (0 1024 864 ) (0 1408 864 ) (0 1408 -384 ) 
4 0 7 (0 1024 -128 ) (0 1024 -384 ) (96 1024 -384 ) (96 1024 -128 ) 
4 0 6 (96 1024 -384 ) (816 1024 -384 ) (816 1024 -128 ) (96 1024 -128 ) 
4 0 2 (112 1024 864 ) (0 1024 864 ) (0 1024 -128 ) (112 1024 -128 ) 
4 0 1 (816 1024 864 ) (112 1024 864 ) (112 1024 -128 ) (816 1024 -128 ) 
4 1 55 (816 0 864 ) (112 0 864 ) (112 0 -128 ) (816 0 -128 ) 
4 1 6 (816 0 -128 ) (112 0 -128 ) (112 1024 -128 ) (816 1024 -128 ) 
4 1 4 (112 0 432 ) (112 0 864 ) (112 432 864 ) (112 432 432 ) 
4 1 3 (112 432 432 ) (112 432 864 ) (112 448 864 ) (112 448 432 ) 
4 1 2 (112 1024 -128 ) (112 448 -128 ) (112 448 864 ) (112 1024 864 ) 
4 2 12 (0 1024 432 ) (0 1024 -128 ) (0 448 -128 ) (0 448 432 ) 
4 2 11 (0 448 864 ) (0 1024 864 ) (0 1024 432 ) (0 448 432 ) 
4 2 7 (0 448 -128 ) (0 1024 -128 ) (96 1024 -128 ) (96 448 -128 ) 
4 2 6 (96 1024 -128 ) (112 1024 -128 ) (112 448 -128 ) (96 448 -128 ) 
4 2 3 (112 448 432 ) (112 448 864 ) (0 448 864 ) (0 448 432 ) 
4 3 11 (0 432 864 ) (0 448 864 ) (0 448 432 ) (0 432 432 ) 
4 3 4 (112 432 432 ) (112 432 864 ) (96 432 864 ) (96 432 432 ) 
4 3 5 (96 432 864 ) (0 432 864 ) (0 432 432 ) (96 432 432 ) 
4 4 56 (112 0 864 ) (96 0 864 ) (96 0 432 ) (112 0 432 ) 
4 4 5 (96 432 864 ) (96 432 432 ) (96 0 432 ) (96 0 864 ) 
4 5 58 (96 0 864 ) (0 0 864 ) (0 0 -128 ) (96 0 -128 ) 
4 5 13 (0 0 -128 ) (0 0 432 ) (0 432 432 ) (0 432 -128 ) 
4 5 11 (0 0 432 ) (0 0 864 ) (0 432 864 ) (0 432 432 ) 
4 6 57 (112 0 -128 ) (96 0 -128 ) (96 0 -384 ) (112 0 -384 ) 
4 6 55 (816 0 -128 ) (112 0 -128 ) (112 0 -384 ) (816 0 -384 ) 
4 6 8 (96 448 -384 ) (96 0 -384 ) (96 0 -144 ) (96 448 -144 ) 
4 6 7 (96 1024 -384 ) (96 448 -384 ) (96 448 -128 ) (96 1024 -128 ) 
4 7 20 (0 1024 -144 ) (0 1024 -384 ) (0 448 -384 ) (0 448 -144 ) 
4 7 18 (0 448 -128 ) (0 1024 -128 ) (0 1024 -144 ) (0 448 -144 ) 
4 7 8 (0 448 -384 ) (96 448 -384 ) (96 448 -144 ) (0 448 -144 ) 
4 8 59 (0 0 -144 ) (0 0 -384 ) (96 0 -384 ) (96 0 -144 ) 
4 8 20 (0 0 -384 ) (0 0 -144 ) (0 448 -144 ) (0 448 -384 ) 
4 9 20 (0 1024 -384 ) (0 1024 -144 ) (-1024 1024 -144 ) (-1024 1024 -384 ) 
4 9 19 (-928 1024 -128 ) (-1024 1024 -128 ) (-1024 1024 -144 ) (-928 1024 -144 ) 
4 9 18 (0 1024 -144 ) (0 1024 -128 ) (-928 1024 -128 ) (-928 1024 -144 ) 
4 9 16 (-944 1024 432 ) (-1024 1024 432 ) (-1024 1024 -128 ) (-944 1024 -128 ) 
4 9 14 (-928 1024 432 ) (-944 1024 432 ) (-944 1024 -128 ) (-928 1024 -128 ) 
4 9 12 (0 1024 -128 ) (0 1024 432 ) (-928 1024 432 ) (-928 1024 -128 ) 
4 9 11 (0 1024 432 ) (0 1024 864 ) (-1024 1024 864 ) (-1024 1024 432 ) 
4 9 10 (-1024 1408 -384 ) (-1024 1024 -384 ) (-1024 1024 864 ) (-1024 1408 864 ) 
4 10 54 (-1840 1024 -384 ) (-1536 1024 -384 ) (-1536 1024 -128 ) (-1840 1024 -128 ) 
4 10 52 (-1536 1024 -384 ) (-1024 1024 -384 ) (-1024 1024 -128 ) (-1536 1024 -128 ) 
4 10 49 (-1536 1024 864 ) (-1552 1024 864 ) (-1552 1024 -128 ) (-1536 1024 -128 ) 
4 10 51 (-1552 1024 864 ) (-1840 1024 864 ) (-1840 1024 -128 ) (-1552 1024 -128 ) 
4 10 22 (-1024 1024 -128 ) (-1024 1024 432 ) (-1536 1024 432 ) (-1536 1024 -128 ) 
4 10 21 (-1024 1024 432 ) (-1024 1024 864 ) (-1536 1024 864 ) (-1536 1024 432 ) 
4 11 80 (-944 0 864 ) (-1024 0 864 ) (-1024 0 432 ) (-944 0 432 ) 
4 11 78 (-928 0 864 ) (-944 0 864 ) (-944 0 432 ) (-928 0 432 ) 
4 11 64 (0 0 432 ) (0 0 864 ) (-928 0 864 ) (-928 0 432 ) 
4 11 21 (-1024 1024 864 ) (-1024 1024 432 ) (-1024 0 432 ) (-1024 0 864 ) 
4 11 16 (-1024 272 432 ) (-1024 1024 432 ) (-944 1024 432 ) (-944 272 432 ) 
4 11 17 (-1024 0 432 ) (-1024 256 432 ) (-944 256 432 ) (-944 0 432 ) 
4 11 14 (-944 1024 432 ) (-928 1024 432 ) (-928 448 432 ) (-944 448 432 ) 
4 11 15 (-928 256 432 ) (-928 0 432 ) (-944 0 432 ) (-944 256 432 ) 
4 11 12 (-928 1024 432 ) (0 1024 432 ) (0 448 432 ) (-928 448 432 ) 
4 11 13 (0 432 432 ) (0 0 432 ) (-928 0 432 ) (-928 432 432 ) 
4 12 18 (-928 448 -128 ) (-928 1024 -128 ) (0 1024 -128 ) (0 448 -128 ) 
4 12 14 (-928 1024 -128 ) (-928 448 -128 ) (-928 448 432 ) (-928 1024 432 ) 
4 13 76 (0 0 -128 ) (0 0 -127 ) (-928 0 -127 ) (-928 0 -128 ) 
4 13 72 (-928 0 0 ) (-928 0 -127 ) (-912 0 -127 ) (-912 0 0 ) 
4 13 71 (-912 0 65 ) (-928 0 65 ) (-928 0 0 ) (-912 0 0 ) 
4 13 70 (0 0 -127 ) (0 0 65 ) (-912 0 65 ) (-912 0 -127 ) 
4 13 66 (-912 0 192 ) (-928 0 192 ) (-928 0 65 ) (-912 0 65 ) 
4 13 65 (0 0 65 ) (0 0 192 ) (-912 0 192 ) (-912 0 65 ) 
4 13 64 (0 0 192 ) (0 0 432 ) (-928 0 432 ) (-928 0 192 ) 
4 13 15 (-928 256 -128 ) (-928 0 -128 ) (-928 0 432 ) (-928 256 432 ) 
4 14 19 (-944 448 -128 ) (-944 1024 -128 ) (-928 1024 -128 ) (-928 448 -128 ) 
4 14 16 (-944 1024 -128 ) (-944 448 -128 ) (-944 448 432 ) (-944 1024 432 ) 
4 15 78 (-928 0 432 ) (-944 0 432 ) (-944 0 -128 ) (-928 0 -128 ) 
4 15 17 (-944 256 -128 ) (-944 0 -128 ) (-944 0 432 ) (-944 256 432 ) 
4 16 22 (-1024 1024 432 ) (-1024 1024 -128 ) (-1024 272 -128 ) (-1024 272 432 ) 
4 16 19 (-1024 272 -128 ) (-1024 1024 -128 ) (-944 1024 -128 ) (-944 272 -128 ) 
4 17 81 (-1024 0 0 ) (-1024 0 -128 ) (-944 0 -128 ) (-944 0 0 ) 
4 17 80 (-944 0 432 ) (-1024 0 432 ) (-1024 0 0 ) (-944 0 0 ) 
4 17 43 (-1024 228.395294 -128 ) (-1024 162.160065 -128 ) (-1024 162.160065 -120 ) (-1024 228.395294 -120 ) 
4 17 41 (-1024 256 -128 ) (-1024 228.395294 -128 ) (-1024 228.395294 -120 ) (-1024 256 -120 ) 
4 17 40 (-1024 162.160065 -128 ) (-1024 0 -128 ) (-1024 0 -120 ) (-1024 162.160065 -120 ) 
4 17 24 (-1024 0 -120 ) (-1024 0 8 ) (-1024 256 8 ) (-1024 256 -120 ) 
4 17 23 (-1024 0 8 ) (-1024 0 432 ) (-1024 256 432 ) (-1024 256 8 ) 
4 18 20 (-928 1024 -144 ) (0 1024 -144 ) (0 448 -144 ) (-928 448 -144 ) 
4 18 19 (-928 1024 -144 ) (-928 448 -144 ) (-928 448 -128 ) (-928 1024 -128 ) 
4 19 52 (-1024 1024 -128 ) (-1024 1024 -144 ) (-1024 256 -144 ) (-1024 256 -128 ) 
4 19 20 (-1024 256 -144 ) (-1024 1024 -144 ) (-928 1024 -144 ) (-928 256 -144 ) 
4 20 85 (-928 0 -144 ) (-1024 0 -144 ) (-1024 0 -384 ) (-928 0 -384 ) 
4 20 77 (0 0 -384 ) (0 0 -144 ) (-928 0 -144 ) (-928 0 -384 ) 
4 20 53 (-1024 256 -384 ) (-1024 0 -384 ) (-1024 0 -144 ) (-1024 256 -144 ) 
4 20 52 (-1024 1024 -144 ) (-1024 1024 -384 ) (-1024 256 -384 ) (-1024 256 -144 ) 
4 21 86 (-1024 0 432 ) (-1024 0 864 ) (-1536 0 864 ) (-1536 0 432 ) 
4 21 50 (-1536 272 432 ) (-1536 0 432 ) (-1536 0 864 ) (-1536 272 864 ) 
4 21 49 (-1536 1024 864 ) (-1536 1024 432 ) (-1536 272 432 ) (-1536 272 864 ) 
4 21 38 (-1536 96 432 ) (-1536 256 432 ) (-1504 256 432 ) (-1504 96 432 ) 
4 21 39 (-1536 0 432 ) (-1536 64 432 ) (-1504 64 432 ) (-1504 0 432 ) 
4 21 23 (-1504 256 432 ) (-1024 256 432 ) (-1024 0 432 ) (-1504 0 432 ) 
4 21 22 (-1536 272 432 ) (-1536 1024 432 ) (-1024 1024 432 ) (-1024 272 432 ) 
4 22 52 (-1536 1024 -128 ) (-1024 1024 -128 ) (-1024 272 -128 ) (-1536 272 -128 ) 
4 22 49 (-1536 1024 432 ) (-1536 1024 -128 ) (-1536 272 -128 ) (-1536 272 432 ) 
4 23 86 (-1024 0 8 ) (-1024 0 432 ) (-1504 0 432 ) (-1504 0 8 ) 
4 23 38 (-1504 256 432 ) (-1504 256 8 ) (-1504 96 8 ) (-1504 96 432 ) 
4 23 39 (-1504 64 8 ) (-1504 0 8 ) (-1504 0 432 ) (-1504 64 432 ) 
4 23 37 (-1323.423706 256 8 ) (-1257.201416 256 8 ) (-1235.619995 175.532013 8 ) (-1297.430054 158.966965 8 ) 
4 23 36 (-1421.069824 125.839027 8 ) (-1297.431030 158.970673 8 ) (-1289.150024 128.057983 8 ) (-1412.790283 94.929977 8 ) 
4 23 35 (-1504 70.491356 8 ) (-1504 103.616135 8 ) (-1451.979980 117.556000 8 ) (-1443.700317 86.647980 8 ) 
4 23 34 (-1504 103.616135 8 ) (-1504 256 8 ) (-1323.423706 256 8 ) (-1297.431030 158.970673 8 ) 
4 23 33 (-1504 0 8 ) (-1504 70.491356 8 ) (-1227.329956 144.621994 8 ) (-1188.542480 0 8 ) 
4 23 26 (-1127.720581 101.232819 8 ) (-1100.602783 0 8 ) (-1188.542480 0 8 ) (-1209.796875 79.248489 8 ) 
4 23 25 (-1257.201416 256 8 ) (-1169.178955 256 8 ) (-1127.720581 101.232819 8 ) (-1209.796875 79.248489 8 ) 
4 23 24 (-1169.178955 256 8 ) (-1024 256 8 ) (-1024 0 8 ) (-1100.602783 0 8 ) 
4 24 86 (-1024 0 -120 ) (-1024 0 8 ) (-1100.602783 0 8 ) (-1100.602783 0 -120 ) 
4 24 43 (-1024 228.395294 -120 ) (-1024 162.160065 -120 ) (-1136 132.140991 -120 ) (-1152.559937 193.960037 -120 ) 
4 24 41 (-1169.178955 256 -120 ) (-1024 256 -120 ) (-1024 228.395294 -120 ) (-1152.559937 193.960037 -120 ) 
4 24 40 (-1024 162.160065 -120 ) (-1024 0 -120 ) (-1100.602783 0 -120 ) (-1136 132.140991 -120 ) 
4 24 31 (-1169.179810 256 -72 ) (-1169.179810 256 -120 ) (-1146.350830 170.777771 -120 ) (-1146.350830 170.777771 -72 ) 
4 24 30 (-1142.210815 155.322723 -120 ) (-1100.603760 0 -120 ) (-1100.603638 0 -72 ) (-1142.210815 155.322739 -72 ) 
3 24 29 (-1136 132.140778 -8 ) (-1144.280884 163.050751 -24 ) (-1136 132.140778 -39.998699 ) 
3 24 28 (-1152.560791 193.959808 -40 ) (-1169.120361 255.777908 -72 ) (-1152.560791 193.959778 -72 ) 
5 24 26 (-1100.603516 0 8 ) (-1127.721313 101.232628 8 ) (-1136 132.140778 -8 ) (-1136 132.140762 -72 ) (-1100.603638 0 -72 ) 
4 24 25 (-1127.721313 101.232628 8 ) (-1169.179688 256 8 ) (-1169.179810 256 -72 ) (-1169.120361 255.777908 -72 ) 
5 25 37 (-1235.619019 175.532227 8 ) (-1257.200195 256 8 ) (-1257.201538 256 -72 ) (-1251.242554 233.781281 -72 ) (-1235.619751 175.532028 -41.844944 ) 
3 25 33 (-1209.796143 79.248657 8 ) (-1227.329102 144.622223 8 ) (-1227.329590 144.622070 -25.843170 ) 
4 25 31 (-1251.240356 233.781799 -72 ) (-1257.199219 256 -72 ) (-1169.177734 256 -72 ) (-1169.118408 255.778427 -72 ) 
4 25 29 (-1144.280151 163.051346 -24 ) (-1136 132.141006 -8 ) (-1151.450073 128 -7.997872 ) (-1159.735596 158.911545 -24 ) 
4 25 28 (-1184.589355 251.635284 -72 ) (-1169.119629 255.778900 -72 ) (-1152.559814 193.960052 -40 ) (-1168.020020 189.818970 -40 ) 
4 25 27 (-1218.078125 110.141861 -7.992350 ) (-1251.238281 233.783203 -72 ) (-1184.589355 251.635284 -72 ) (-1151.450073 128 -7.997872 ) 
4 25 26 (-1209.792969 79.250000 8 ) (-1218.078125 110.141861 -7.992350 ) (-1136 132.141006 -8 ) (-1127.720703 101.233582 8 ) 
4 26 86 (-1100.602783 0 8 ) (-1188.542480 0 8 ) (-1188.542480 0 -72 ) (-1100.602783 0 -72 ) 
5 26 33 (-1188.541992 0 8 ) (-1209.796143 79.248657 8 ) (-1218.081665 110.140945 -7.992630 ) (-1218.082275 110.140724 -72 ) (-1188.542725 0 -72 ) 
4 26 30 (-1188.541016 0 -72 ) (-1218.080444 110.141235 -72 ) (-1136 132.141266 -72 ) (-1100.601685 0 -72 ) 
4 26 29 (-1151.449951 128 -40 ) (-1151.449707 127.998871 -7.998081 ) (-1136 132.139832 -8 ) (-1136.001831 132.140228 -39.998840 ) 
4 26 27 (-1151.450073 128 -72 ) (-1218.082031 110.140625 -72 ) (-1218.078125 110.140625 -7.992465 ) (-1151.449707 127.998871 -7.998081 ) 
3 27 37 (-1235.619873 175.531998 -41.844929 ) (-1251.242554 233.781281 -72 ) (-1235.620117 175.531952 -72 ) 
4 27 33 (-1218.081665 110.140945 -7.992630 ) (-1227.329712 144.622070 -25.843166 ) (-1227.330078 144.621948 -72 ) (-1218.082275 110.140724 -72 ) 
4 27 32 (-1224.300903 133.334885 -72 ) (-1228.445557 148.788574 -72 ) (-1161.806641 166.637909 -72 ) (-1157.664185 151.183578 -72 ) 
4 27 31 (-1228.445557 148.788574 -72 ) (-1251.240356 233.781799 -72 ) (-1184.589233 251.634506 -72 ) (-1161.806641 166.637909 -72 ) 
4 27 30 (-1218.080444 110.141235 -72 ) (-1224.300903 133.334885 -72 ) (-1157.664185 151.183578 -72 ) (-1151.449951 128 -72 ) 
3 27 29 (-1151.449219 128.001953 -8 ) (-1151.449219 128.001953 -40 ) (-1159.734009 158.911102 -24 ) 
3 27 28 (-1168.018555 189.819397 -72 ) (-1184.587891 251.636719 -72 ) (-1168.018555 189.819397 -40 ) 
4 28 31 (-1184.589233 251.634506 -72 ) (-1169.118408 255.778427 -72 ) (-1152.558838 193.960327 -72 ) (-1168.020020 189.818985 -72 ) 
4 30 86 (-1188.542480 0 -72 ) (-1188.542480 0 -120 ) (-1100.602783 0 -120 ) (-1100.602783 0 -72 ) 
4 30 44 (-1155.451538 0 -120 ) (-1188.542480 0 -120 ) (-1214.896118 98.261497 -120 ) (-1184 106.540009 -120 ) 
4 30 42 (-1151.449951 128 -120 ) (-1187.183960 118.422325 -120 ) (-1193.397949 141.612244 -120 ) (-1157.664185 151.183563 -120 ) 
4 30 40 (-1136 132.140945 -120 ) (-1100.602783 0 -120 ) (-1155.451538 0 -120 ) (-1187.183960 118.422325 -120 ) 
4 30 33 (-1224.303345 133.334198 -120 ) (-1188.543213 0 -120 ) (-1188.542725 0 -72 ) (-1224.302856 133.334366 -72 ) 
4 30 32 (-1224.300781 133.335938 -120 ) (-1224.300781 133.335938 -72 ) (-1157.670288 151.182953 -72 ) (-1157.670288 151.182953 -120 ) 
4 31 45 (-1257.201416 256 -120 ) (-1224.049316 256 -120 ) (-1217.130127 230.177948 -120 ) (-1248.053711 221.892181 -120 ) 
4 31 42 (-1161.806641 166.637924 -120 ) (-1197.539307 157.066879 -120 ) (-1203.750977 180.248337 -120 ) (-1168.020020 189.818970 -120 ) 
4 31 41 (-1224.049316 256 -120 ) (-1169.178955 256 -120 ) (-1152.559937 193.960022 -120 ) (-1203.750977 180.248337 -120 ) 
4 31 37 (-1257.201538 256 -72 ) (-1257.202271 256 -120 ) (-1235.620728 175.531799 -120 ) (-1235.620117 175.531952 -72 ) 
4 31 32 (-1161.810425 166.638580 -72 ) (-1228.449219 148.789063 -72 ) (-1228.449219 148.789063 -120 ) (-1161.810425 166.638580 -120 ) 
4 32 42 (-1157.669922 151.182053 -120 ) (-1193.398071 141.612244 -120 ) (-1197.539185 157.066895 -120 ) (-1161.809937 166.637024 -120 ) 
4 32 33 (-1227.330688 144.621811 -120 ) (-1224.303345 133.334198 -120 ) (-1224.302856 133.334366 -72 ) (-1227.330200 144.621948 -72 ) 
4 33 86 (-1188.542480 0 8 ) (-1504 0 8 ) (-1504 0 -120 ) (-1188.542480 0 -120 ) 
4 33 46 (-1462.189819 32 -120 ) (-1504 20.797131 -120 ) (-1504 70.491356 -120 ) (-1474.613770 78.365082 -120 ) 
4 33 44 (-1214.896118 98.261505 -120 ) (-1188.542480 0 -120 ) (-1504 0 -120 ) (-1504 20.797131 -120 ) 
4 33 39 (-1504 64 -120 ) (-1504 0 -120 ) (-1504 0 8 ) (-1504 64 8 ) 
4 33 36 (-1289.150269 128.058960 -120 ) (-1412.790527 94.930801 -120 ) (-1412.790649 94.930801 8 ) (-1289.150269 128.058960 8 ) 
4 33 35 (-1443.700439 86.648827 -120 ) (-1504 70.492188 -120 ) (-1504 70.492188 8 ) (-1443.700439 86.648827 8 ) 
4 34 46 (-1482.895386 109.271561 -120 ) (-1504 103.616135 -120 ) (-1504 153.313217 -120 ) (-1495.319824 155.638992 -120 ) 
4 34 45 (-1504 256 -120 ) (-1323.423706 256 -120 ) (-1309.851074 205.334045 -120 ) (-1504 153.313217 -120 ) 
4 34 38 (-1504 256 8 ) (-1504 256 -120 ) (-1504 103.616150 -120 ) (-1504 103.616135 8 ) 
4 34 37 (-1297.431274 158.970581 -120 ) (-1323.424072 256 -120 ) (-1323.424072 256 8 ) (-1297.431274 158.970581 8 ) 
4 34 36 (-1297.429688 158.971680 -120 ) (-1297.429688 158.971680 8 ) (-1421.070068 125.839622 8 ) (-1421.070068 125.839622 -120 ) 
4 34 35 (-1451.980103 117.556625 8 ) (-1504 103.616806 8 ) (-1504 103.616806 -120 ) (-1451.980103 117.556625 -120 ) 
4 35 46 (-1474.613770 78.365074 -120 ) (-1504 70.491356 -120 ) (-1504 103.616135 -120 ) (-1482.895386 109.271561 -120 ) 
4 35 38 (-1504 103.616150 -120 ) (-1504 96 -120 ) (-1504 96 8 ) (-1504 103.616135 8 ) 
4 37 45 (-1323.423706 256 -120 ) (-1257.201416 256 -120 ) (-1248.053711 221.892181 -120 ) (-1309.851074 205.334045 -120 ) 
4 38 47 (-1536 96 -120 ) (-1536 256 -120 ) (-1504 256 -120 ) (-1504 96 -120 ) 
4 39 86 (-1504 0 432 ) (-1536 0 432 ) (-1536 0 -120 ) (-1504 0 -120 ) 
4 39 48 (-1536 0 -120 ) (-1536 64 -120 ) (-1504 64 -120 ) (-1504 0 -120 ) 
4 40 86 (-1024 0 -128 ) (-1024 0 -120 ) (-1155.451660 0 -120 ) (-1155.451660 0 -128 ) 
4 40 44 (-1155.451050 0 -120 ) (-1184 106.540108 -120 ) (-1184 106.540123 -128 ) (-1155.451172 0 -128 ) 
4 40 43 (-1136 132.141327 -120 ) (-1024 162.160416 -120 ) (-1024 162.160416 -128 ) (-1136 132.141327 -128 ) 
4 40 42 (-1187.179688 118.423828 -128 ) (-1187.179688 118.423828 -120 ) (-1151.450073 128 -120 ) (-1151.450073 128 -128 ) 
4 41 45 (-1217.129639 230.178070 -120 ) (-1224.048828 256 -120 ) (-1224.048828 256 -128 ) (-1217.129639 230.178055 -128 ) 
4 41 43 (-1152.560303 193.961304 -128 ) (-1024 228.396515 -128 ) (-1024 228.396530 -120 ) (-1152.560303 193.961319 -120 ) 
4 41 42 (-1203.750000 180.250000 -120 ) (-1203.750000 180.250000 -128 ) (-1168.020386 189.820267 -128 ) (-1168.020386 189.820282 -120 ) 
4 44 86 (-1155.451660 0 -120 ) (-1504 0 -120 ) (-1504 0 -128 ) (-1155.451660 0 -128 ) 
4 44 48 (-1504 0 -120 ) (-1504 20.797129 -120 ) (-1504 20.797134 -128 ) (-1504 0 -128 ) 
4 44 46 (-1462.189819 32 -128 ) (-1504 20.797058 -128 ) (-1504 20.797058 -120 ) (-1462.189819 32 -120 ) 
4 45 47 (-1504 153.313217 -120 ) (-1504 256 -120 ) (-1504 256 -128 ) (-1504 153.313202 -128 ) 
4 45 46 (-1504 153.311615 -120 ) (-1504 153.311615 -128 ) (-1495.319458 155.637512 -128 ) (-1495.319458 155.637512 -120 ) 
4 46 47 (-1504 96 -120 ) (-1504 153.313217 -120 ) (-1504 153.313202 -128 ) (-1504 96 -128 ) 
4 46 48 (-1504 20.797129 -120 ) (-1504 64 -120 ) (-1504 64 -128 ) (-1504 20.797134 -128 ) 
4 48 86 (-1504 0 -120 ) (-1536 0 -120 ) (-1536 0 -128 ) (-1504 0 -128 ) 
4 49 54 (-1552 1024 -128 ) (-1536 1024 -128 ) (-1536 272 -128 ) (-1552 272 -128 ) 
4 49 50 (-1552 272 864 ) (-1552 272 432 ) (-1536 272 432 ) (-1536 272 864 ) 
4 49 51 (-1552 1024 -128 ) (-1552 272 -128 ) (-1552 272 864 ) (-1552 1024 864 ) 
4 50 88 (-1536 0 432 ) (-1536 0 864 ) (-1552 0 864 ) (-1552 0 432 ) 
4 50 51 (-1552 0 432 ) (-1552 0 864 ) (-1552 272 864 ) (-1552 272 432 ) 
4 51 89 (-1840 0 -128 ) (-1552 0 -128 ) (-1552 0 864 ) (-1840 0 864 ) 
4 51 54 (-1840 1024 -128 ) (-1552 1024 -128 ) (-1552 0 -128 ) (-1840 0 -128 ) 
4 52 54 (-1536 1024 -384 ) (-1536 256 -384 ) (-1536 256 -128 ) (-1536 1024 -128 ) 
4 52 53 (-1536 256 -144 ) (-1536 256 -384 ) (-1024 256 -384 ) (-1024 256 -144 ) 
4 53 94 (-1024 0 -384 ) (-1024 0 -144 ) (-1536 0 -144 ) (-1536 0 -384 ) 
4 53 54 (-1536 256 -384 ) (-1536 0 -384 ) (-1536 0 -144 ) (-1536 256 -144 ) 
4 54 96 (-1536 0 -128 ) (-1840 0 -128 ) (-1840 0 -384 ) (-1536 0 -384 ) 
4 55 60 (112 -1024 -384 ) (816 -1024 -384 ) (816 -1024 864 ) (112 -1024 864 ) 
4 55 56 (112 -1024 432 ) (112 -1024 864 ) (112 0 864 ) (112 0 432 ) 
4 55 57 (112 0 -384 ) (112 -1024 -384 ) (112 -1024 -128 ) (112 0 -128 ) 
4 56 60 (112 -1024 432 ) (112 -1024 864 ) (96 -1024 864 ) (96 -1024 432 ) 
4 56 58 (96 -1024 432 ) (96 -1024 864 ) (96 0 864 ) (96 0 432 ) 
4 57 60 (96 -1024 -384 ) (112 -1024 -384 ) (112 -1024 -128 ) (96 -1024 -128 ) 
4 57 59 (96 0 -384 ) (96 -1024 -384 ) (96 -1024 -144 ) (96 0 -144 ) 
4 58 76 (0 0 -127 ) (0 0 -128 ) (0 -1024 -128 ) (0 -1024 -127 ) 
4 58 70 (0 0 65 ) (0 0 -127 ) (0 -1024 -127 ) (0 -1024 65 ) 
4 58 65 (0 0 192 ) (0 0 65 ) (0 -1024 65 ) (0 -1024 192 ) 
4 58 64 (0 0 864 ) (0 0 192 ) (0 -1024 192 ) (0 -1024 864 ) 
4 58 61 (0 -1024 864 ) (0 -1024 432 ) (96 -1024 432 ) (96 -1024 864 ) 
4 59 77 (0 0 -144 ) (0 0 -384 ) (0 -1024 -384 ) (0 -1024 -144 ) 
4 59 62 (0 -1024 -144 ) (0 -1024 -384 ) (96 -1024 -384 ) (96 -1024 -144 ) 
4 60 61 (96 -1040 432 ) (96 -1040 864 ) (96 -1024 864 ) (96 -1024 432 ) 
4 60 62 (96 -1024 -384 ) (96 -1040 -384 ) (96 -1040 -128 ) (96 -1024 -128 ) 
4 60 63 (96 -1040 -384 ) (96 -1968 -384 ) (96 -1968 864 ) (96 -1040 864 ) 
4 61 97 (0 -1040 864 ) (0 -1024 864 ) (0 -1024 432 ) (0 -1040 432 ) 
4 61 63 (96 -1040 432 ) (96 -1040 864 ) (0 -1040 864 ) (0 -1040 432 ) 
4 62 98 (0 -1024 -128 ) (0 -1024 -384 ) (0 -1040 -384 ) (0 -1040 -128 ) 
4 62 63 (0 -1040 -384 ) (96 -1040 -384 ) (96 -1040 -128 ) (0 -1040 -128 ) 
4 63 100 (0 -1968 864 ) (0 -1040 864 ) (0 -1040 -384 ) (0 -1968 -384 ) 
4 64 97 (0 -1024 432 ) (0 -1024 864 ) (-928 -1024 864 ) (-928 -1024 432 ) 
4 64 79 (-928 -1024 432 ) (-928 -1024 864 ) (-928 -192 864 ) (-928 -192 432 ) 
4 64 78 (-928 -192 864 ) (-928 0 864 ) (-928 0 192 ) (-928 -192 192 ) 
4 64 69 (-928 -896 192 ) (-928 -832 192 ) (-912 -832 192 ) (-912 -896 192 ) 
4 64 68 (-928 -704 192 ) (-928 -640 192 ) (-912 -640 192 ) (-912 -704 192 ) 
4 64 66 (-928 -320 192 ) (-928 0 192 ) (-912 0 192 ) (-912 -320 192 ) 
4 64 67 (-928 -512 192 ) (-928 -448 192 ) (-912 -448 192 ) (-912 -512 192 ) 
4 64 65 (0 -1024 192 ) (-912 -1024 192 ) (-912 0 192 ) (0 0 192 ) 
4 65 70 (-912 0 65 ) (0 0 65 ) (0 -1024 65 ) (-912 -1024 65 ) 
4 65 69 (-912 -832 65 ) (-912 -896 65 ) (-912 -896 192 ) (-912 -832 192 ) 
4 65 68 (-912 -640 65 ) (-912 -704 65 ) (-912 -704 192 ) (-912 -640 192 ) 
4 65 66 (-912 0 65 ) (-912 -320 65 ) (-912 -320 192 ) (-912 0 192 ) 
4 65 67 (-912 -448 65 ) (-912 -512 65 ) (-912 -512 192 ) (-912 -448 192 ) 
4 66 78 (-928 -192 192 ) (-928 0 192 ) (-928 0 65 ) (-928 -192 65 ) 
4 66 71 (-928 -320 65 ) (-928 0 65 ) (-912 0 65 ) (-912 -320 65 ) 
4 67 71 (-928 -512 65 ) (-928 -448 65 ) (-912 -448 65 ) (-912 -512 65 ) 
4 68 71 (-928 -704 65 ) (-928 -640 65 ) (-912 -640 65 ) (-912 -704 65 ) 
4 69 71 (-928 -896 65 ) (-928 -832 65 ) (-912 -832 65 ) (-912 -896 65 ) 
4 70 76 (0 -1024 -127 ) (-912 -1024 -127 ) (-912 0 -127 ) (0 0 -127 ) 
4 70 74 (-912 -640 -127 ) (-912 -704 -127 ) (-912 -704 0 ) (-912 -640 0 ) 
4 70 75 (-912 -832 -127 ) (-912 -896 -127 ) (-912 -896 0 ) (-912 -832 0 ) 
4 70 72 (-912 0 -127 ) (-912 -320 -127 ) (-912 -320 0 ) (-912 0 0 ) 
4 70 73 (-912 -448 -127 ) (-912 -512 -127 ) (-912 -512 0 ) (-912 -448 0 ) 
4 70 71 (-912 -1024 0 ) (-912 -1024 65 ) (-912 0 65 ) (-912 0 0 ) 
4 71 78 (-928 -192 65 ) (-928 0 65 ) (-928 0 0 ) (-928 -192 0 ) 
4 71 74 (-928 -704 0 ) (-928 -640 0 ) (-912 -640 0 ) (-912 -704 0 ) 
4 71 75 (-928 -896 0 ) (-928 -832 0 ) (-912 -832 0 ) (-912 -896 0 ) 
4 71 72 (-928 -320 0 ) (-928 0 0 ) (-912 0 0 ) (-912 -320 0 ) 
4 71 73 (-928 -512 0 ) (-928 -448 0 ) (-912 -448 0 ) (-912 -512 0 ) 
4 72 78 (-928 -192 0 ) (-928 0 0 ) (-928 0 -127 ) (-928 -192 -127 ) 
4 72 76 (-928 -320 -127 ) (-928 0 -127 ) (-912 0 -127 ) (-912 -320 -127 ) 
4 73 76 (-928 -512 -127 ) (-928 -448 -127 ) (-912 -448 -127 ) (-912 -512 -127 ) 
4 74 76 (-928 -704 -127 ) (-928 -640 -127 ) (-912 -640 -127 ) (-912 -704 -127 ) 
4 75 76 (-928 -896 -127 ) (-928 -832 -127 ) (-912 -832 -127 ) (-912 -896 -127 ) 
4 76 78 (-928 -192 -127 ) (-928 0 -127 ) (-928 0 -128 ) (-928 -192 -128 ) 
4 77 98 (0 -1024 -384 ) (0 -1024 -144 ) (-928 -1024 -144 ) (-928 -1024 -384 ) 
4 77 85 (-928 -1024 -384 ) (-928 -1024 -144 ) (-928 0 -144 ) (-928 0 -384 ) 
4 78 81 (-944 0 -128 ) (-944 -192 -128 ) (-944 -192 0 ) (-944 0 0 ) 
4 78 80 (-944 -192 0 ) (-944 -192 864 ) (-944 0 864 ) (-944 0 0 ) 
4 78 79 (-928 -192 864 ) (-944 -192 864 ) (-944 -192 432 ) (-928 -192 432 ) 
4 79 97 (-928 -1024 432 ) (-928 -1024 864 ) (-944 -1024 864 ) (-944 -1024 432 ) 
4 79 82 (-944 -1024 432 ) (-944 -1024 864 ) (-944 -208 864 ) (-944 -208 432 ) 
4 79 80 (-944 -208 864 ) (-944 -192 864 ) (-944 -192 432 ) (-944 -208 432 ) 
4 80 87 (-1024 -192 0 ) (-1024 -208 0 ) (-1024 -208 864 ) (-1024 -192 864 ) 
4 80 86 (-1024 0 864 ) (-1024 0 0 ) (-1024 -192 0 ) (-1024 -192 864 ) 
4 80 82 (-1024 -208 864 ) (-1024 -208 432 ) (-944 -208 432 ) (-944 -208 864 ) 
4 80 81 (-1024 -192 0 ) (-1024 0 0 ) (-944 0 0 ) (-944 -192 0 ) 
4 81 86 (-1024 0 0 ) (-1024 0 -128 ) (-1024 -192 -128 ) (-1024 -192 0 ) 
4 82 99 (-1024 -1024 864 ) (-1024 -1024 432 ) (-944 -1024 432 ) (-944 -1024 864 ) 
4 82 90 (-1024 -1024 432 ) (-1024 -1024 864 ) (-1024 -208 864 ) (-1024 -208 432 ) 
4 82 83 (-944 -288 432 ) (-944 -1024 432 ) (-1024 -1024 432 ) (-1024 -288 432 ) 
4 83 99 (-1024 -1024 432 ) (-1024 -1024 -128 ) (-944 -1024 -128 ) (-944 -1024 432 ) 
4 83 90 (-1024 -288 -128 ) (-1024 -1024 -128 ) (-1024 -1024 432 ) (-1024 -288 432 ) 
4 83 84 (-1024 -1024 -128 ) (-1024 -288 -128 ) (-944 -288 -128 ) (-944 -1024 -128 ) 
4 84 98 (-928 -1024 -144 ) (-928 -1024 -128 ) (-944 -1024 -128 ) (-944 -1024 -144 ) 
4 84 99 (-944 -1024 -128 ) (-1024 -1024 -128 ) (-1024 -1024 -144 ) (-944 -1024 -144 ) 
4 84 95 (-1024 -192 -144 ) (-1024 -1024 -144 ) (-1024 -1024 -128 ) (-1024 -192 -128 ) 
4 84 85 (-928 -192 -144 ) (-928 -1024 -144 ) (-1024 -1024 -144 ) (-1024 -192 -144 ) 
4 85 98 (-928 -1024 -384 ) (-928 -1024 -144 ) (-944 -1024 -144 ) (-944 -1024 -384 ) 
4 85 99 (-944 -1024 -144 ) (-1024 -1024 -144 ) (-1024 -1024 -384 ) (-944 -1024 -384 ) 
4 85 94 (-1024 0 -144 ) (-1024 0 -384 ) (-1024 -192 -384 ) (-1024 -192 -144 ) 
4 85 95 (-1024 -192 -384 ) (-1024 -1024 -384 ) (-1024 -1024 -144 ) (-1024 -192 -144 ) 
4 86 88 (-1536 -192 432 ) (-1536 -192 864 ) (-1536 0 864 ) (-1536 0 432 ) 
4 86 87 (-1536 -192 864 ) (-1536 -192 0 ) (-1024 -192 0 ) (-1024 -192 864 ) 
4 87 91 (-1424 -208 864 ) (-1536 -208 864 ) (-1536 -208 432 ) (-1424 -208 432 ) 
4 87 90 (-1024 -208 0 ) (-1024 -208 864 ) (-1424 -208 864 ) (-1424 -208 0 ) 
4 87 88 (-1536 -208 432 ) (-1536 -208 864 ) (-1536 -192 864 ) (-1536 -192 432 ) 
4 88 91 (-1536 -208 432 ) (-1536 -208 864 ) (-1552 -208 864 ) (-1552 -208 432 ) 
4 88 89 (-1552 -208 432 ) (-1552 -208 864 ) (-1552 0 864 ) (-1552 0 432 ) 
4 89 96 (-1840 0 -128 ) (-1552 0 -128 ) (-1552 -208 -128 ) (-1840 -208 -128 ) 
4 89 93 (-1840 -208 -128 ) (-1552 -208 -128 ) (-1552 -208 864 ) (-1840 -208 864 ) 
4 90 101 (-1024 -1024 -128 ) (-1024 -1024 864 ) (-1424 -1024 864 ) (-1424 -1024 -128 ) 
4 90 95 (-1024 -208 -128 ) (-1024 -1024 -128 ) (-1424 -1024 -128 ) (-1424 -208 -128 ) 
4 90 91 (-1424 -208 864 ) (-1424 -208 432 ) (-1424 -336 432 ) (-1424 -336 864 ) 
4 90 92 (-1424 -336 -128 ) (-1424 -1024 -128 ) (-1424 -1024 864 ) (-1424 -336 864 ) 
4 91 92 (-1552 -336 864 ) (-1552 -336 432 ) (-1424 -336 432 ) (-1424 -336 864 ) 
4 91 93 (-1552 -208 864 ) (-1552 -208 432 ) (-1552 -336 432 ) (-1552 -336 864 ) 
4 92 101 (-1424 -1024 864 ) (-1552 -1024 864 ) (-1552 -1024 -128 ) (-1424 -1024 -128 ) 
4 92 96 (-1536 -1024 -128 ) (-1552 -1024 -128 ) (-1552 -336 -128 ) (-1536 -336 -128 ) 
4 92 95 (-1424 -1024 -128 ) (-1536 -1024 -128 ) (-1536 -336 -128 ) (-1424 -336 -128 ) 
4 92 93 (-1552 -336 -128 ) (-1552 -1024 -128 ) (-1552 -1024 864 ) (-1552 -336 864 ) 
4 93 101 (-1552 -1024 864 ) (-1840 -1024 864 ) (-1840 -1024 -128 ) (-1552 -1024 -128 ) 
4 93 96 (-1552 -1024 -128 ) (-1840 -1024 -128 ) (-1840 -208 -128 ) (-1552 -208 -128 ) 
4 94 96 (-1536 0 -384 ) (-1536 -192 -384 ) (-1536 -192 -144 ) (-1536 0 -144 ) 
4 94 95 (-1536 -192 -144 ) (-1536 -192 -384 ) (-1024 -192 -384 ) (-1024 -192 -144 ) 
4 95 101 (-1024 -1024 -384 ) (-1024 -1024 -128 ) (-1536 -1024 -128 ) (-1536 -1024 -384 ) 
4 95 96 (-1536 -192 -384 ) (-1536 -1024 -384 ) (-1536 -1024 -128 ) (-1536 -192 -128 ) 
4 96 101 (-1536 -1024 -128 ) (-1840 -1024 -128 ) (-1840 -1024 -384 ) (-1536 -1024 -384 ) 
4 97 100 (0 -1040 432 ) (0 -1040 864 ) (-944 -1040 864 ) (-944 -1040 432 ) 
4 97 99 (-944 -1040 432 ) (-944 -1040 864 ) (-944 -1024 864 ) (-944 -1024 432 ) 
4 98 100 (-944 -1040 -384 ) (0 -1040 -384 ) (0 -1040 -128 ) (-944 -1040 -128 ) 
4 98 99 (-944 -1024 -384 ) (-944 -1040 -384 ) (-944 -1040 -128 ) (-944 -1024 -128 ) 
4 99 101 (-1024 -1024 864 ) (-1024 -1024 -384 ) (-1024 -1040 -384 ) (-1024 -1040 864 ) 
4 99 100 (-1024 -1040 -384 ) (-944 -1040 -384 ) (-944 -1040 864 ) (-1024 -1040 864 ) 
4 100 101 (-1024 -1040 -384 ) (-1024 -1968 -384 ) (-1024 -1968 864 ) (-1024 -1040 864 ) 
