19:09:52.463 INFO  Loading C:\Program Files (x86)\Steam\steamapps\common\Portal 2\portal2\maps\e1912.bsp
19:09:52.814 INFO  Using 'DStaticPropV9' for sprp version 9
19:09:52.850 WARN  Lump LUMP_CLIPPORTALVERTS is empty
19:09:52.886 WARN  Lump LUMP_DISP_MULTIBLEND is empty
19:09:52.902 INFO  BSP version: 21
19:09:52.903 INFO  Game: Alien Swarm
19:09:52.924 INFO  No areaportals to reallocate...
19:09:52.925 INFO  No occluders to reallocate...
19:09:53.101 INFO  452 (26.7%) exact brushside->origface matches
19:09:53.142 INFO  0/77 (nondisp/disp) original faces left after exact brushside->origface matching
19:09:53.191 INFO  7 (0.4%) partial brushside->origface matches
19:09:53.200 INFO  Writing brushes and planes
19:09:53.485 INFO  Writing displacements
19:09:53.634 INFO  Writing entities
19:09:53.759 INFO  Writing func_details
19:09:53.765 INFO  Writing func_viscluster
19:09:53.774 INFO  Writing info_overlays
19:09:53.787 INFO  Writing prop_statics
19:09:53.820 INFO  Writing env_cubemaps
19:09:53.821 INFO  Writing func_ladders
19:09:53.827 INFO  Finished decompiling C:\Program Files (x86)\Steam\steamapps\common\Portal 2\portal2\maps\e1912.bsp.
