PRT1
116
334
4 0 44 (464 0 446.153992 ) (0 0 446.153992 ) (0 0 -426.153992 ) (464 0 -426.153992 ) 
4 0 1 (0 0 -426.153992 ) (0 0 446.153992 ) (0 688 446.153992 ) (0 688 -426.153992 ) 
4 1 46 (0 0 -426.153992 ) (0 0 446.153992 ) (-48 0 446.153992 ) (-48 0 -426.153992 ) 
4 1 42 (-48 0 -426.153992 ) (-48 0 -192 ) (-48 688 -192 ) (-48 688 -426.153992 ) 
4 1 34 (-48 64 -52 ) (-48 108 -52 ) (-48 108 -164 ) (-48 64 -164 ) 
4 1 35 (-48 0 -164 ) (-48 0 -52 ) (-48 56 -52 ) (-48 56 -164 ) 
4 1 31 (-48 128 -40 ) (-48 688 -40 ) (-48 688 -192 ) (-48 128 -192 ) 
4 1 29 (-48 128 -32 ) (-48 688 -32 ) (-48 688 -40 ) (-48 128 -40 ) 
4 1 24 (-48 0 -4 ) (-48 0 108 ) (-48 56 108 ) (-48 56 -4 ) 
4 1 21 (-48 64 108 ) (-48 108 108 ) (-48 108 -4 ) (-48 64 -4 ) 
4 1 18 (-48 128 120 ) (-48 688 120 ) (-48 688 -32 ) (-48 128 -32 ) 
4 1 16 (-48 128 128 ) (-48 688 128 ) (-48 688 120 ) (-48 128 120 ) 
4 1 7 (-48 64 268 ) (-48 108 268 ) (-48 108 156 ) (-48 64 156 ) 
4 1 8 (-48 0 156 ) (-48 0 268 ) (-48 56 268 ) (-48 56 156 ) 
4 1 5 (-48 128 280 ) (-48 688 280 ) (-48 688 128 ) (-48 128 128 ) 
4 1 3 (-48 0 288 ) (-48 0 446.153992 ) (-48 128 446.153992 ) (-48 128 288 ) 
4 1 2 (-48 128 446.153992 ) (-48 688 446.153992 ) (-48 688 280 ) (-48 128 280 ) 
4 2 43 (-1024 128 446.153992 ) (-1024 688 446.153992 ) (-1024 688 280 ) (-1024 128 280 ) 
4 2 5 (-640 688 280 ) (-48 688 280 ) (-48 128 280 ) (-640 128 280 ) 
4 2 6 (-1024 128 280 ) (-1024 688 280 ) (-640 688 280 ) (-640 128 280 ) 
4 2 3 (-48 128 288 ) (-48 128 446.153992 ) (-640 128 446.153992 ) (-640 128 288 ) 
4 2 4 (-1024 128 280 ) (-640 128 280 ) (-640 128 446.153992 ) (-1024 128 446.153992 ) 
4 3 47 (-48 0 288 ) (-48 0 446.153992 ) (-640 0 446.153992 ) (-640 0 288 ) 
4 3 4 (-640 128 446.153992 ) (-640 128 288 ) (-640 0 288 ) (-640 0 446.153992 ) 
4 4 49 (-640 0 446.153992 ) (-1024 0 446.153992 ) (-1024 0 280 ) (-640 0 280 ) 
4 4 43 (-1024 0 280 ) (-1024 0 446.153992 ) (-1024 128 446.153992 ) (-1024 128 280 ) 
4 4 15 (-1024 0 280 ) (-1024 120 280 ) (-640 120 280 ) (-640 0 280 ) 
4 4 6 (-1024 120 280 ) (-1024 128 280 ) (-640 128 280 ) (-640 120 280 ) 
4 5 16 (-48 688 128 ) (-48 128 128 ) (-640 128 128 ) (-640 688 128 ) 
4 5 6 (-640 688 280 ) (-640 688 128 ) (-640 128 128 ) (-640 128 280 ) 
4 6 43 (-1024 120 280 ) (-1024 688 280 ) (-1024 688 128 ) (-1024 120 128 ) 
4 6 17 (-640 120 128 ) (-1024 120 128 ) (-1024 688 128 ) (-640 688 128 ) 
4 6 15 (-1024 120 128 ) (-640 120 128 ) (-640 120 280 ) (-1024 120 280 ) 
4 7 9 (-51 108 156 ) (-51 64 156 ) (-51 64 268 ) (-51 108 268 ) 
4 8 50 (-48 0 156 ) (-48 0 268 ) (-51 0 268 ) (-51 0 156 ) 
4 8 11 (-51 56 156 ) (-51 0 156 ) (-51 0 268 ) (-51 56 268 ) 
4 9 10 (-53 108 156 ) (-53 64 156 ) (-53 64 268 ) (-53 108 268 ) 
4 10 13 (-56 64 268 ) (-56 108 268 ) (-56 108 156 ) (-56 64 156 ) 
4 11 51 (-51 0 268 ) (-53 0 268 ) (-53 0 156 ) (-51 0 156 ) 
4 11 12 (-53 56 268 ) (-53 56 156 ) (-53 0 156 ) (-53 0 268 ) 
4 12 52 (-53 0 268 ) (-56 0 268 ) (-56 0 156 ) (-53 0 156 ) 
4 12 13 (-56 0 156 ) (-56 0 268 ) (-56 56 268 ) (-56 56 156 ) 
4 13 53 (-72 0 272 ) (-72 0 152 ) (-56 0 152 ) (-56 0 272 ) 
4 13 14 (-72 0 152 ) (-72 0 272 ) (-72 112 272 ) (-72 112 152 ) 
4 14 59 (-240 0 280 ) (-292 0 280 ) (-292 0 148 ) (-240 0 148 ) 
4 14 58 (-232 0 280 ) (-240 0 280 ) (-240 0 148 ) (-232 0 148 ) 
4 14 61 (-292 0 280 ) (-640 0 280 ) (-640 0 148 ) (-292 0 148 ) 
4 14 57 (-200 0 280 ) (-232 0 280 ) (-232 0 148 ) (-200 0 148 ) 
4 14 55 (-88 0 280 ) (-200 0 280 ) (-200 0 148 ) (-88 0 148 ) 
4 14 54 (-72 0 280 ) (-88 0 280 ) (-88 0 148 ) (-72 0 148 ) 
4 14 15 (-640 120 280 ) (-640 120 148 ) (-640 0 148 ) (-640 0 280 ) 
4 15 80 (-1024 0 148 ) (-1024 0 128 ) (-640 0 128 ) (-640 0 148 ) 
4 15 61 (-640 0 280 ) (-1024 0 280 ) (-1024 0 148 ) (-640 0 148 ) 
4 15 43 (-1024 0 128 ) (-1024 0 280 ) (-1024 120 280 ) (-1024 120 128 ) 
4 15 17 (-640 0 128 ) (-1024 0 128 ) (-1024 120 128 ) (-640 120 128 ) 
4 16 18 (-48 688 120 ) (-48 128 120 ) (-640 128 120 ) (-640 688 120 ) 
4 16 17 (-640 688 128 ) (-640 688 120 ) (-640 128 120 ) (-640 128 128 ) 
4 17 83 (-640 0 128 ) (-1024 0 128 ) (-1024 0 120 ) (-640 0 120 ) 
4 17 43 (-1024 0 120 ) (-1024 0 128 ) (-1024 688 128 ) (-1024 688 120 ) 
4 17 28 (-640 0 120 ) (-1024 0 120 ) (-1024 112 120 ) (-640 112 120 ) 
4 17 20 (-1024 112 120 ) (-1024 120 120 ) (-640 120 120 ) (-640 112 120 ) 
4 17 19 (-1024 120 120 ) (-1024 688 120 ) (-640 688 120 ) (-640 120 120 ) 
4 18 29 (-640 688 -32 ) (-48 688 -32 ) (-48 128 -32 ) (-640 128 -32 ) 
4 18 19 (-640 688 120 ) (-640 688 -32 ) (-640 128 -32 ) (-640 128 120 ) 
4 19 43 (-1024 120 120 ) (-1024 688 120 ) (-1024 688 -32 ) (-1024 120 -32 ) 
4 19 30 (-1024 120 -32 ) (-1024 128 -32 ) (-640 128 -32 ) (-640 120 -32 ) 
4 19 29 (-1024 128 -32 ) (-1024 688 -32 ) (-640 688 -32 ) (-640 128 -32 ) 
4 19 20 (-1024 120 -32 ) (-640 120 -32 ) (-640 120 120 ) (-1024 120 120 ) 
4 20 43 (-1024 112 120 ) (-1024 120 120 ) (-1024 120 -32 ) (-1024 112 -32 ) 
4 20 30 (-1024 112 -32 ) (-1024 120 -32 ) (-640 120 -32 ) (-640 112 -32 ) 
4 20 28 (-1024 112 -32 ) (-72 112 -32 ) (-72 112 120 ) (-1024 112 120 ) 
4 21 22 (-51 108 -4 ) (-51 64 -4 ) (-51 64 108 ) (-51 108 108 ) 
4 22 23 (-53 108 -4 ) (-53 64 -4 ) (-53 64 108 ) (-53 108 108 ) 
4 23 27 (-56 64 108 ) (-56 108 108 ) (-56 108 -4 ) (-56 64 -4 ) 
4 24 86 (-48 0 -4 ) (-48 0 108 ) (-51 0 108 ) (-51 0 -4 ) 
4 24 25 (-51 56 108 ) (-51 56 -4 ) (-51 0 -4 ) (-51 0 108 ) 
4 25 87 (-51 0 108 ) (-53 0 108 ) (-53 0 -4 ) (-51 0 -4 ) 
4 25 26 (-53 56 108 ) (-53 56 -4 ) (-53 0 -4 ) (-53 0 108 ) 
4 26 88 (-53 0 108 ) (-56 0 108 ) (-56 0 -4 ) (-53 0 -4 ) 
4 26 27 (-56 0 -4 ) (-56 0 108 ) (-56 56 108 ) (-56 56 -4 ) 
4 27 90 (-72 0 -4 ) (-72 0 -8 ) (-56 0 -8 ) (-56 0 -4 ) 
4 27 88 (-72 0 108 ) (-72 0 -4 ) (-56 0 -4 ) (-56 0 108 ) 
4 27 85 (-72 0 112 ) (-72 0 108 ) (-56 0 108 ) (-56 0 112 ) 
4 27 28 (-72 112 112 ) (-72 112 -8 ) (-72 0 -8 ) (-72 0 112 ) 
4 28 91 (-1024 0 -4 ) (-1024 0 -32 ) (-72 0 -32 ) (-72 0 -4 ) 
4 28 88 (-1024 0 108 ) (-1024 0 -4 ) (-72 0 -4 ) (-72 0 108 ) 
4 28 85 (-1024 0 112 ) (-1024 0 108 ) (-72 0 108 ) (-72 0 112 ) 
4 28 84 (-72 0 120 ) (-1024 0 120 ) (-1024 0 112 ) (-72 0 112 ) 
4 28 43 (-1024 0 -32 ) (-1024 0 120 ) (-1024 112 120 ) (-1024 112 -32 ) 
4 28 30 (-1024 0 -32 ) (-1024 112 -32 ) (-640 112 -32 ) (-640 0 -32 ) 
4 29 43 (-1024 128 -32 ) (-1024 688 -32 ) (-1024 688 -40 ) (-1024 128 -40 ) 
4 29 31 (-1024 128 -40 ) (-1024 688 -40 ) (-48 688 -40 ) (-48 128 -40 ) 
4 29 30 (-1024 128 -40 ) (-640 128 -40 ) (-640 128 -32 ) (-1024 128 -32 ) 
4 30 98 (-640 0 -32 ) (-1024 0 -32 ) (-1024 0 -40 ) (-640 0 -40 ) 
4 30 43 (-1024 0 -40 ) (-1024 0 -32 ) (-1024 128 -32 ) (-1024 128 -40 ) 
4 30 41 (-1024 0 -40 ) (-1024 112 -40 ) (-640 112 -40 ) (-640 0 -40 ) 
4 30 33 (-1024 112 -40 ) (-1024 120 -40 ) (-640 120 -40 ) (-640 112 -40 ) 
4 30 32 (-1024 120 -40 ) (-1024 128 -40 ) (-640 128 -40 ) (-640 120 -40 ) 
4 31 43 (-1024 128 -40 ) (-1024 688 -40 ) (-1024 688 -192 ) (-1024 128 -192 ) 
4 31 42 (-48 688 -192 ) (-48 128 -192 ) (-1024 128 -192 ) (-1024 688 -192 ) 
4 31 32 (-1024 128 -192 ) (-640 128 -192 ) (-640 128 -40 ) (-1024 128 -40 ) 
4 32 43 (-1024 120 -40 ) (-1024 128 -40 ) (-1024 128 -192 ) (-1024 120 -192 ) 
4 32 42 (-640 120 -192 ) (-1024 120 -192 ) (-1024 128 -192 ) (-640 128 -192 ) 
4 32 33 (-1024 120 -192 ) (-640 120 -192 ) (-640 120 -40 ) (-1024 120 -40 ) 
4 33 43 (-1024 112 -40 ) (-1024 120 -40 ) (-1024 120 -192 ) (-1024 112 -192 ) 
4 33 42 (-72 112 -192 ) (-1024 112 -192 ) (-1024 120 -192 ) (-72 120 -192 ) 
4 33 41 (-1024 112 -192 ) (-72 112 -192 ) (-72 112 -40 ) (-1024 112 -40 ) 
4 34 36 (-51 108 -164 ) (-51 64 -164 ) (-51 64 -52 ) (-51 108 -52 ) 
4 35 101 (-48 0 -164 ) (-48 0 -52 ) (-51 0 -52 ) (-51 0 -164 ) 
4 35 38 (-51 56 -164 ) (-51 0 -164 ) (-51 0 -52 ) (-51 56 -52 ) 
4 36 37 (-53 108 -164 ) (-53 64 -164 ) (-53 64 -52 ) (-53 108 -52 ) 
4 37 40 (-56 64 -52 ) (-56 108 -52 ) (-56 108 -164 ) (-56 64 -164 ) 
4 38 102 (-51 0 -52 ) (-53 0 -52 ) (-53 0 -164 ) (-51 0 -164 ) 
4 38 39 (-53 56 -52 ) (-53 56 -164 ) (-53 0 -164 ) (-53 0 -52 ) 
4 39 103 (-53 0 -52 ) (-56 0 -52 ) (-56 0 -164 ) (-53 0 -164 ) 
4 39 40 (-56 0 -164 ) (-56 0 -52 ) (-56 56 -52 ) (-56 56 -164 ) 
4 40 106 (-72 0 -164 ) (-72 0 -168 ) (-56 0 -168 ) (-56 0 -164 ) 
4 40 103 (-72 0 -52 ) (-72 0 -164 ) (-56 0 -164 ) (-56 0 -52 ) 
4 40 100 (-72 0 -48 ) (-72 0 -52 ) (-56 0 -52 ) (-56 0 -48 ) 
4 40 41 (-72 112 -48 ) (-72 112 -168 ) (-72 0 -168 ) (-72 0 -48 ) 
4 41 107 (-1024 0 -164 ) (-1024 0 -192 ) (-72 0 -192 ) (-72 0 -164 ) 
4 41 103 (-1024 0 -52 ) (-1024 0 -164 ) (-72 0 -164 ) (-72 0 -52 ) 
4 41 100 (-1024 0 -48 ) (-1024 0 -52 ) (-72 0 -52 ) (-72 0 -48 ) 
4 41 99 (-72 0 -40 ) (-1024 0 -40 ) (-1024 0 -48 ) (-72 0 -48 ) 
4 41 43 (-1024 0 -192 ) (-1024 0 -40 ) (-1024 112 -40 ) (-1024 112 -192 ) 
4 41 42 (-72 0 -192 ) (-1024 0 -192 ) (-1024 112 -192 ) (-72 112 -192 ) 
4 42 108 (-56 0 -192 ) (-1024 0 -192 ) (-1024 0 -426.153992 ) (-56 0 -426.153992 ) 
4 42 105 (-48 0 -426.153992 ) (-48 0 -192 ) (-56 0 -192 ) (-56 0 -426.153992 ) 
4 42 43 (-1024 0 -426.153992 ) (-1024 0 -192 ) (-1024 688 -192 ) (-1024 688 -426.153992 ) 
4 43 113 (-1024 0 -426.153992 ) (-1024 0 446.153992 ) (-1648 0 446.153992 ) (-1648 0 -426.153992 ) 
4 44 46 (0 0 446.153992 ) (0 0 -426.153992 ) (0 -1024 -426.153992 ) (0 -1024 446.153992 ) 
4 44 45 (464 -1024 446.153992 ) (0 -1024 446.153992 ) (0 -1024 -426.153992 ) (464 -1024 -426.153992 ) 
4 45 114 (0 -1136 446.153992 ) (0 -1024 446.153992 ) (0 -1024 -426.153992 ) (0 -1136 -426.153992 ) 
4 46 114 (0 -1024 -426.153992 ) (0 -1024 446.153992 ) (-48 -1024 446.153992 ) (-48 -1024 -426.153992 ) 
4 46 112 (-48 -1024 -426.153992 ) (-48 -1024 -192 ) (-48 -56 -192 ) (-48 -56 -426.153992 ) 
4 46 110 (-48 -1024 -192 ) (-48 -1024 -40 ) (-48 -128 -40 ) (-48 -128 -192 ) 
4 46 105 (-48 0 -192 ) (-48 0 -426.153992 ) (-48 -56 -426.153992 ) (-48 -56 -192 ) 
4 46 101 (-48 0 -52 ) (-48 0 -164 ) (-48 -52 -164 ) (-48 -52 -52 ) 
4 46 97 (-48 -1024 -40 ) (-48 -1024 -32 ) (-48 -128 -32 ) (-48 -128 -40 ) 
4 46 95 (-48 -1024 -32 ) (-48 -1024 120 ) (-48 -128 120 ) (-48 -128 -32 ) 
4 46 92 (-48 -1024 120 ) (-48 -1024 128 ) (-48 -128 128 ) (-48 -128 120 ) 
4 46 86 (-48 0 108 ) (-48 0 -4 ) (-48 -52 -4 ) (-48 -52 108 ) 
4 46 82 (-48 -1024 128 ) (-48 -1024 280 ) (-48 -128 280 ) (-48 -128 128 ) 
4 46 50 (-48 0 268 ) (-48 0 156 ) (-48 -52 156 ) (-48 -52 268 ) 
4 46 47 (-48 -128 446.153992 ) (-48 0 446.153992 ) (-48 0 288 ) (-48 -128 288 ) 
4 46 48 (-48 -1024 280 ) (-48 -1024 446.153992 ) (-48 -128 446.153992 ) (-48 -128 280 ) 
4 47 48 (-640 -128 446.153992 ) (-640 -128 288 ) (-48 -128 288 ) (-48 -128 446.153992 ) 
4 47 49 (-640 -128 288 ) (-640 -128 446.153992 ) (-640 0 446.153992 ) (-640 0 288 ) 
4 48 114 (-48 -1024 280 ) (-48 -1024 446.153992 ) (-640 -1024 446.153992 ) (-640 -1024 280 ) 
4 48 82 (-48 -128 280 ) (-48 -1024 280 ) (-640 -1024 280 ) (-640 -128 280 ) 
4 48 49 (-640 -128 280 ) (-640 -1024 280 ) (-640 -1024 446.153992 ) (-640 -128 446.153992 ) 
4 49 114 (-640 -1024 446.153992 ) (-1024 -1024 446.153992 ) (-1024 -1024 280 ) (-640 -1024 280 ) 
4 49 113 (-1024 0 446.153992 ) (-1024 0 280 ) (-1024 -1024 280 ) (-1024 -1024 446.153992 ) 
4 49 81 (-640 -120 280 ) (-640 -128 280 ) (-1024 -128 280 ) (-1024 -120 280 ) 
4 49 82 (-640 -128 280 ) (-640 -1024 280 ) (-1024 -1024 280 ) (-1024 -128 280 ) 
4 49 73 (-640 -72 280 ) (-640 -120 280 ) (-1024 -120 280 ) (-1024 -72 280 ) 
4 49 61 (-1024 0 280 ) (-640 0 280 ) (-640 -72 280 ) (-1024 -72 280 ) 
4 50 51 (-51 0 156 ) (-51 -52 156 ) (-51 -52 268 ) (-51 0 268 ) 
4 51 52 (-53 0 156 ) (-53 -52 156 ) (-53 -52 268 ) (-53 0 268 ) 
4 52 53 (-56 -52 156 ) (-56 -52 268 ) (-56 0 268 ) (-56 0 156 ) 
4 53 54 (-72 -56 152 ) (-72 -56 272 ) (-72 0 272 ) (-72 0 152 ) 
4 54 55 (-88 0 148 ) (-88 -64 148 ) (-88 -64 280 ) (-88 0 280 ) 
4 55 57 (-200 0 148 ) (-200 -64 148 ) (-200 -64 280 ) (-200 0 280 ) 
4 55 56 (-200 -64 256 ) (-200 -64 148 ) (-88 -64 148 ) (-88 -64 256 ) 
4 56 62 (-200 -72 148 ) (-88 -72 148 ) (-88 -72 256 ) (-200 -72 256 ) 
4 57 58 (-232 0 148 ) (-232 -64 148 ) (-232 -64 280 ) (-232 0 280 ) 
4 58 65 (-240 -72 148 ) (-232 -72 148 ) (-232 -72 242 ) (-240 -72 242 ) 
4 58 63 (-232 -72 242 ) (-232 -72 280 ) (-240 -72 280 ) (-240 -72 242 ) 
4 58 60 (-240 -72 242 ) (-240 -72 280 ) (-240 -60 280 ) (-240 -60 242 ) 
4 58 59 (-240 0 148 ) (-240 -60 148 ) (-240 -60 280 ) (-240 0 280 ) 
4 59 60 (-292 -60 280 ) (-292 -60 242 ) (-240 -60 242 ) (-240 -60 280 ) 
4 59 61 (-292 0 148 ) (-292 -60 148 ) (-292 -60 280 ) (-292 0 280 ) 
4 60 63 (-240 -72 242 ) (-240 -72 280 ) (-292 -72 280 ) (-292 -72 242 ) 
4 60 61 (-292 -72 242 ) (-292 -72 280 ) (-292 -60 280 ) (-292 -60 242 ) 
4 61 113 (-1024 0 280 ) (-1024 0 148 ) (-1024 -72 148 ) (-1024 -72 280 ) 
4 61 80 (-1024 -72 148 ) (-1024 0 148 ) (-640 0 148 ) (-640 -72 148 ) 
4 61 76 (-369.765015 -72 184.689011 ) (-371.083008 -72 184.689011 ) (-371.083008 -72 153.649994 ) (-369.765015 -72 153.649994 ) 
4 61 77 (-402.065033 -72 184.689011 ) (-1024 -72 184.689011 ) (-1024 -72 153.649994 ) (-402.065033 -72 153.649994 ) 
4 61 78 (-1024 -72 148 ) (-338.783020 -72 148 ) (-338.783020 -72 153.649994 ) (-1024 -72 153.649994 ) 
4 61 74 (-338.783020 -72 184.689011 ) (-338.783020 -72 185.550995 ) (-460 -72 185.550995 ) (-460 -72 184.689011 ) 
4 61 75 (-460 -72 189 ) (-1024 -72 189 ) (-1024 -72 184.689011 ) (-460 -72 184.689011 ) 
4 61 71 (-335.217010 -72 189 ) (-335.217010 -72 280 ) (-480 -72 280 ) (-480 -72 189 ) 
4 61 73 (-480 -72 280 ) (-1024 -72 280 ) (-1024 -72 189 ) (-480 -72 189 ) 
4 61 70 (-335.217010 -72 148 ) (-299.565002 -72 148 ) (-299.565002 -72 185.550995 ) (-335.217010 -72 185.550995 ) 
4 61 69 (-299.565002 -72 189 ) (-299.565002 -72 247 ) (-335.217010 -72 247 ) (-335.217010 -72 189 ) 
4 61 68 (-299.565002 -72 247 ) (-299.565002 -72 280 ) (-335.217010 -72 280 ) (-335.217010 -72 247 ) 
4 61 67 (-296 -72 189 ) (-296 -72 242 ) (-299.565002 -72 242 ) (-299.565002 -72 189 ) 
4 61 66 (-296 -72 148 ) (-292 -72 148 ) (-292 -72 242 ) (-296 -72 242 ) 
4 61 63 (-292 -72 242 ) (-292 -72 280 ) (-299.565002 -72 280 ) (-299.565002 -72 242 ) 
4 63 69 (-299.565002 -72 247 ) (-299.565002 -72 242 ) (-299.565002 -96 242 ) (-299.565002 -96 247 ) 
4 63 68 (-299.565002 -72 280 ) (-299.565002 -72 247 ) (-299.565002 -96 247 ) (-299.565002 -96 280 ) 
4 63 67 (-299.565002 -96 242 ) (-299.565002 -72 242 ) (-296 -72 242 ) (-296 -96 242 ) 
4 63 65 (-240 -72 242 ) (-232 -72 242 ) (-232 -96 242 ) (-240 -96 242 ) 
4 63 66 (-296 -72 242 ) (-292 -72 242 ) (-292 -96 242 ) (-296 -96 242 ) 
4 63 64 (-299.565002 -96 247 ) (-299.565002 -96 242 ) (-232 -96 242 ) (-232 -96 247 ) 
4 64 69 (-299.565002 -96 242 ) (-299.565002 -120 242 ) (-299.565002 -120 247 ) (-299.565002 -96 247 ) 
4 64 67 (-299.565002 -120 242 ) (-299.565002 -96 242 ) (-296 -96 242 ) (-296 -120 242 ) 
4 64 65 (-240 -96 242 ) (-232 -96 242 ) (-232 -120 242 ) (-240 -120 242 ) 
4 64 66 (-296 -96 242 ) (-292 -96 242 ) (-292 -120 242 ) (-296 -120 242 ) 
4 66 67 (-296 -120 242 ) (-296 -72 242 ) (-296 -72 189 ) (-296 -120 189 ) 
4 67 69 (-299.565002 -72 242 ) (-299.565002 -72 189 ) (-299.565002 -120 189 ) (-299.565002 -120 242 ) 
4 68 71 (-335.217010 -72 280 ) (-335.217010 -72 247 ) (-335.217010 -96 247 ) (-335.217010 -96 280 ) 
4 68 69 (-335.217010 -96 247 ) (-335.217010 -72 247 ) (-299.565002 -72 247 ) (-299.565002 -96 247 ) 
4 69 72 (-335.217010 -96 189 ) (-335.217010 -120 189 ) (-335.217010 -120 247 ) (-335.217010 -96 247 ) 
4 69 71 (-335.217010 -72 247 ) (-335.217010 -72 189 ) (-335.217010 -96 189 ) (-335.217010 -96 247 ) 
4 71 75 (-480 -72 189 ) (-460 -72 189 ) (-460 -96 189 ) (-480 -96 189 ) 
4 71 72 (-480 -96 247 ) (-480 -96 189 ) (-335.217010 -96 189 ) (-335.217010 -96 247 ) 
4 71 73 (-480 -72 280 ) (-480 -72 189 ) (-480 -96 189 ) (-480 -96 280 ) 
4 72 81 (-480 -120 247 ) (-480 -120 189 ) (-440 -120 189 ) (-440 -120 247 ) 
4 72 75 (-460 -120 189 ) (-480 -120 189 ) (-480 -96 189 ) (-460 -96 189 ) 
4 72 73 (-480 -96 189 ) (-480 -120 189 ) (-480 -120 247 ) (-480 -96 247 ) 
4 73 113 (-1024 -120 189 ) (-1024 -120 280 ) (-1024 -72 280 ) (-1024 -72 189 ) 
4 73 81 (-480 -120 280 ) (-1024 -120 280 ) (-1024 -120 189 ) (-480 -120 189 ) 
4 73 75 (-1024 -72 189 ) (-480 -72 189 ) (-480 -120 189 ) (-1024 -120 189 ) 
4 74 81 (-460 -120 184.689011 ) (-440 -120 184.689011 ) (-440 -120 185.550995 ) (-460 -120 185.550995 ) 
4 74 76 (-371.083008 -72 184.689011 ) (-369.765015 -72 184.689011 ) (-369.765015 -76 184.689011 ) (-371.083008 -76 184.689011 ) 
4 74 77 (-460 -72 184.689011 ) (-402.065033 -72 184.689011 ) (-402.065033 -76 184.689011 ) (-460 -76 184.689011 ) 
4 74 79 (-338.783020 -76 184.689011 ) (-338.783020 -120 184.689011 ) (-460 -120 184.689011 ) (-460 -76 184.689011 ) 
4 74 75 (-460 -72 184.689011 ) (-460 -120 184.689011 ) (-460 -120 185.550995 ) (-460 -72 185.550995 ) 
4 75 113 (-1024 -120 184.689011 ) (-1024 -120 189 ) (-1024 -72 189 ) (-1024 -72 184.689011 ) 
4 75 81 (-1024 -120 189 ) (-1024 -120 184.689011 ) (-460 -120 184.689011 ) (-460 -120 189 ) 
4 75 77 (-1024 -72 184.689011 ) (-460 -72 184.689011 ) (-460 -76 184.689011 ) (-1024 -76 184.689011 ) 
4 75 79 (-460 -76 184.689011 ) (-460 -120 184.689011 ) (-1024 -120 184.689011 ) (-1024 -76 184.689011 ) 
4 76 78 (-369.765015 -76 153.649994 ) (-371.083008 -76 153.649994 ) (-371.083008 -72 153.649994 ) (-369.765015 -72 153.649994 ) 
4 76 79 (-369.765015 -76 184.689011 ) (-371.083008 -76 184.689011 ) (-371.083008 -76 153.649994 ) (-369.765015 -76 153.649994 ) 
4 77 113 (-1024 -76 153.649994 ) (-1024 -76 184.689011 ) (-1024 -72 184.689011 ) (-1024 -72 153.649994 ) 
4 77 79 (-402.065033 -76 184.689011 ) (-1024 -76 184.689011 ) (-1024 -76 153.649994 ) (-402.065033 -76 153.649994 ) 
4 77 78 (-402.065033 -76 153.649994 ) (-1024 -76 153.649994 ) (-1024 -72 153.649994 ) (-402.065033 -72 153.649994 ) 
4 78 113 (-1024 -72 148 ) (-1024 -76 148 ) (-1024 -76 153.649994 ) (-1024 -72 153.649994 ) 
4 78 80 (-1024 -76 148 ) (-1024 -72 148 ) (-640 -72 148 ) (-640 -76 148 ) 
4 78 79 (-1024 -76 148 ) (-338.783020 -76 148 ) (-338.783020 -76 153.649994 ) (-1024 -76 153.649994 ) 
4 79 113 (-1024 -76 148 ) (-1024 -120 148 ) (-1024 -120 184.689011 ) (-1024 -76 184.689011 ) 
4 79 81 (-1024 -120 184.689011 ) (-1024 -120 148 ) (-440 -120 148 ) (-440 -120 184.689011 ) 
4 79 80 (-640 -120 148 ) (-1024 -120 148 ) (-1024 -76 148 ) (-640 -76 148 ) 
4 80 113 (-1024 0 148 ) (-1024 0 128 ) (-1024 -120 128 ) (-1024 -120 148 ) 
4 80 93 (-1024 -120 128 ) (-1024 -56 128 ) (-640 -56 128 ) (-640 -120 128 ) 
4 80 83 (-1024 -56 128 ) (-1024 0 128 ) (-640 0 128 ) (-640 -56 128 ) 
4 80 81 (-1024 -120 128 ) (-640 -120 128 ) (-640 -120 148 ) (-1024 -120 148 ) 
4 81 113 (-1024 -120 128 ) (-1024 -128 128 ) (-1024 -128 280 ) (-1024 -120 280 ) 
4 81 93 (-1024 -128 128 ) (-1024 -120 128 ) (-640 -120 128 ) (-640 -128 128 ) 
4 81 82 (-1024 -128 128 ) (-440 -128 128 ) (-440 -128 280 ) (-1024 -128 280 ) 
4 82 114 (-48 -1024 128 ) (-48 -1024 280 ) (-1024 -1024 280 ) (-1024 -1024 128 ) 
4 82 113 (-1024 -128 128 ) (-1024 -1024 128 ) (-1024 -1024 280 ) (-1024 -128 280 ) 
4 82 92 (-640 -128 128 ) (-48 -128 128 ) (-48 -1024 128 ) (-640 -1024 128 ) 
4 82 93 (-1024 -1024 128 ) (-1024 -128 128 ) (-640 -128 128 ) (-640 -1024 128 ) 
4 83 113 (-1024 0 128 ) (-1024 0 120 ) (-1024 -56 120 ) (-1024 -56 128 ) 
4 83 93 (-640 -56 128 ) (-1024 -56 128 ) (-1024 -56 120 ) (-640 -56 120 ) 
4 83 84 (-640 -56 120 ) (-1024 -56 120 ) (-1024 0 120 ) (-640 0 120 ) 
4 84 113 (-1024 0 120 ) (-1024 0 112 ) (-1024 -56 112 ) (-1024 -56 120 ) 
4 84 94 (-72 -56 120 ) (-1024 -56 120 ) (-1024 -56 112 ) (-72 -56 112 ) 
4 84 89 (-72 -56 112 ) (-1024 -56 112 ) (-1024 -52 112 ) (-72 -52 112 ) 
4 84 85 (-1024 -52 112 ) (-1024 0 112 ) (-72 0 112 ) (-72 -52 112 ) 
4 85 113 (-1024 0 112 ) (-1024 0 108 ) (-1024 -52 108 ) (-1024 -52 112 ) 
4 85 89 (-56 -52 112 ) (-1024 -52 112 ) (-1024 -52 108 ) (-56 -52 108 ) 
4 85 88 (-56 -52 108 ) (-1024 -52 108 ) (-1024 0 108 ) (-56 0 108 ) 
4 86 87 (-51 0 -4 ) (-51 -52 -4 ) (-51 -52 108 ) (-51 0 108 ) 
4 87 88 (-53 0 -4 ) (-53 -52 -4 ) (-53 -52 108 ) (-53 0 108 ) 
4 88 113 (-1024 0 108 ) (-1024 0 -4 ) (-1024 -52 -4 ) (-1024 -52 108 ) 
4 88 90 (-72 0 -4 ) (-56 0 -4 ) (-56 -52 -4 ) (-72 -52 -4 ) 
4 88 91 (-1024 -52 -4 ) (-1024 0 -4 ) (-72 0 -4 ) (-72 -52 -4 ) 
4 88 89 (-1024 -52 -4 ) (-56 -52 -4 ) (-56 -52 108 ) (-1024 -52 108 ) 
4 89 113 (-1024 -52 -4 ) (-1024 -56 -4 ) (-1024 -56 112 ) (-1024 -52 112 ) 
4 89 94 (-72 -56 112 ) (-1024 -56 112 ) (-1024 -56 -4 ) (-72 -56 -4 ) 
4 89 90 (-56 -56 -4 ) (-72 -56 -4 ) (-72 -52 -4 ) (-56 -52 -4 ) 
4 89 91 (-72 -56 -4 ) (-1024 -56 -4 ) (-1024 -52 -4 ) (-72 -52 -4 ) 
4 90 91 (-72 -56 -8 ) (-72 -56 -4 ) (-72 0 -4 ) (-72 0 -8 ) 
4 91 113 (-1024 0 -4 ) (-1024 0 -32 ) (-1024 -56 -32 ) (-1024 -56 -4 ) 
4 91 98 (-1024 0 -32 ) (-640 0 -32 ) (-640 -56 -32 ) (-1024 -56 -32 ) 
4 91 94 (-1024 -56 -32 ) (-72 -56 -32 ) (-72 -56 -4 ) (-1024 -56 -4 ) 
4 92 114 (-48 -1024 120 ) (-48 -1024 128 ) (-640 -1024 128 ) (-640 -1024 120 ) 
4 92 95 (-48 -128 120 ) (-48 -1024 120 ) (-56 -1024 120 ) (-56 -128 120 ) 
4 92 96 (-56 -1024 120 ) (-640 -1024 120 ) (-640 -128 120 ) (-56 -128 120 ) 
4 92 93 (-640 -128 120 ) (-640 -1024 120 ) (-640 -1024 128 ) (-640 -128 128 ) 
4 93 114 (-640 -1024 128 ) (-1024 -1024 128 ) (-1024 -1024 120 ) (-640 -1024 120 ) 
4 93 113 (-1024 -1024 120 ) (-1024 -1024 128 ) (-1024 -56 128 ) (-1024 -56 120 ) 
4 93 96 (-640 -64 120 ) (-640 -1024 120 ) (-1024 -1024 120 ) (-1024 -64 120 ) 
4 93 94 (-1024 -56 120 ) (-640 -56 120 ) (-640 -64 120 ) (-1024 -64 120 ) 
4 94 113 (-1024 -56 -32 ) (-1024 -64 -32 ) (-1024 -64 120 ) (-1024 -56 120 ) 
4 94 98 (-640 -64 -32 ) (-1024 -64 -32 ) (-1024 -56 -32 ) (-640 -56 -32 ) 
4 94 96 (-1024 -64 -32 ) (-72 -64 -32 ) (-72 -64 120 ) (-1024 -64 120 ) 
4 95 114 (-48 -1024 -32 ) (-48 -1024 120 ) (-56 -1024 120 ) (-56 -1024 -32 ) 
4 95 97 (-48 -128 -32 ) (-48 -1024 -32 ) (-56 -1024 -32 ) (-56 -128 -32 ) 
4 95 96 (-56 -128 -32 ) (-56 -1024 -32 ) (-56 -1024 120 ) (-56 -128 120 ) 
4 96 114 (-56 -1024 120 ) (-1024 -1024 120 ) (-1024 -1024 -32 ) (-56 -1024 -32 ) 
4 96 113 (-1024 -64 -32 ) (-1024 -1024 -32 ) (-1024 -1024 120 ) (-1024 -64 120 ) 
4 96 97 (-56 -1024 -32 ) (-640 -1024 -32 ) (-640 -128 -32 ) (-56 -128 -32 ) 
4 96 98 (-640 -1024 -32 ) (-1024 -1024 -32 ) (-1024 -64 -32 ) (-640 -64 -32 ) 
4 97 114 (-48 -1024 -40 ) (-48 -1024 -32 ) (-640 -1024 -32 ) (-640 -1024 -40 ) 
4 97 110 (-48 -128 -40 ) (-48 -1024 -40 ) (-56 -1024 -40 ) (-56 -128 -40 ) 
4 97 111 (-56 -1024 -40 ) (-640 -1024 -40 ) (-640 -128 -40 ) (-56 -128 -40 ) 
4 97 98 (-640 -128 -40 ) (-640 -1024 -40 ) (-640 -1024 -32 ) (-640 -128 -32 ) 
4 98 114 (-640 -1024 -32 ) (-1024 -1024 -32 ) (-1024 -1024 -40 ) (-640 -1024 -40 ) 
4 98 113 (-1024 0 -32 ) (-1024 0 -40 ) (-1024 -1024 -40 ) (-1024 -1024 -32 ) 
4 98 111 (-1024 -1024 -40 ) (-1024 -64 -40 ) (-640 -64 -40 ) (-640 -1024 -40 ) 
4 98 109 (-1024 -64 -40 ) (-1024 -56 -40 ) (-640 -56 -40 ) (-640 -64 -40 ) 
4 98 99 (-1024 -56 -40 ) (-1024 0 -40 ) (-640 0 -40 ) (-640 -56 -40 ) 
4 99 113 (-1024 0 -40 ) (-1024 0 -48 ) (-1024 -56 -48 ) (-1024 -56 -40 ) 
4 99 109 (-72 -56 -40 ) (-1024 -56 -40 ) (-1024 -56 -48 ) (-72 -56 -48 ) 
4 99 104 (-72 -56 -48 ) (-1024 -56 -48 ) (-1024 -52 -48 ) (-72 -52 -48 ) 
4 99 100 (-1024 -52 -48 ) (-1024 0 -48 ) (-72 0 -48 ) (-72 -52 -48 ) 
4 100 113 (-1024 0 -48 ) (-1024 0 -52 ) (-1024 -52 -52 ) (-1024 -52 -48 ) 
4 100 104 (-56 -52 -48 ) (-1024 -52 -48 ) (-1024 -52 -52 ) (-56 -52 -52 ) 
4 100 103 (-56 -52 -52 ) (-1024 -52 -52 ) (-1024 0 -52 ) (-56 0 -52 ) 
4 101 102 (-51 0 -164 ) (-51 -52 -164 ) (-51 -52 -52 ) (-51 0 -52 ) 
4 102 103 (-53 0 -164 ) (-53 -52 -164 ) (-53 -52 -52 ) (-53 0 -52 ) 
4 103 113 (-1024 0 -52 ) (-1024 0 -164 ) (-1024 -52 -164 ) (-1024 -52 -52 ) 
4 103 106 (-72 0 -164 ) (-56 0 -164 ) (-56 -52 -164 ) (-72 -52 -164 ) 
4 103 107 (-1024 -52 -164 ) (-1024 0 -164 ) (-72 0 -164 ) (-72 -52 -164 ) 
4 103 104 (-1024 -52 -164 ) (-56 -52 -164 ) (-56 -52 -52 ) (-1024 -52 -52 ) 
4 104 113 (-1024 -52 -164 ) (-1024 -56 -164 ) (-1024 -56 -48 ) (-1024 -52 -48 ) 
4 104 109 (-72 -56 -48 ) (-1024 -56 -48 ) (-1024 -56 -164 ) (-72 -56 -164 ) 
4 104 106 (-56 -56 -164 ) (-72 -56 -164 ) (-72 -52 -164 ) (-56 -52 -164 ) 
4 104 107 (-72 -56 -164 ) (-1024 -56 -164 ) (-1024 -52 -164 ) (-72 -52 -164 ) 
4 105 112 (-48 -56 -426.153992 ) (-48 -56 -192 ) (-56 -56 -192 ) (-56 -56 -426.153992 ) 
4 105 108 (-56 -56 -426.153992 ) (-56 -56 -192 ) (-56 0 -192 ) (-56 0 -426.153992 ) 
4 106 107 (-72 -56 -168 ) (-72 -56 -164 ) (-72 0 -164 ) (-72 0 -168 ) 
4 107 113 (-1024 0 -164 ) (-1024 0 -192 ) (-1024 -56 -192 ) (-1024 -56 -164 ) 
4 107 109 (-72 -56 -164 ) (-1024 -56 -164 ) (-1024 -56 -192 ) (-72 -56 -192 ) 
4 107 108 (-72 -56 -192 ) (-1024 -56 -192 ) (-1024 0 -192 ) (-72 0 -192 ) 
4 108 113 (-1024 0 -192 ) (-1024 0 -426.153992 ) (-1024 -56 -426.153992 ) (-1024 -56 -192 ) 
4 108 112 (-56 -56 -426.153992 ) (-56 -56 -192 ) (-1024 -56 -192 ) (-1024 -56 -426.153992 ) 
4 109 113 (-1024 -64 -40 ) (-1024 -56 -40 ) (-1024 -56 -192 ) (-1024 -64 -192 ) 
4 109 112 (-1024 -64 -192 ) (-1024 -56 -192 ) (-72 -56 -192 ) (-72 -64 -192 ) 
4 109 111 (-1024 -64 -192 ) (-72 -64 -192 ) (-72 -64 -40 ) (-1024 -64 -40 ) 
4 110 114 (-48 -1024 -192 ) (-48 -1024 -40 ) (-56 -1024 -40 ) (-56 -1024 -192 ) 
4 110 112 (-48 -128 -192 ) (-48 -1024 -192 ) (-56 -1024 -192 ) (-56 -128 -192 ) 
4 110 111 (-56 -128 -192 ) (-56 -1024 -192 ) (-56 -1024 -40 ) (-56 -128 -40 ) 
4 111 114 (-56 -1024 -40 ) (-1024 -1024 -40 ) (-1024 -1024 -192 ) (-56 -1024 -192 ) 
4 111 113 (-1024 -1024 -192 ) (-1024 -1024 -40 ) (-1024 -64 -40 ) (-1024 -64 -192 ) 
4 111 112 (-1024 -1024 -192 ) (-1024 -64 -192 ) (-56 -64 -192 ) (-56 -1024 -192 ) 
4 112 114 (-48 -1024 -426.153992 ) (-48 -1024 -192 ) (-1024 -1024 -192 ) (-1024 -1024 -426.153992 ) 
4 112 113 (-1024 -1024 -426.153992 ) (-1024 -1024 -192 ) (-1024 -56 -192 ) (-1024 -56 -426.153992 ) 
4 113 115 (-1024 -1024 -426.153992 ) (-1024 -1024 446.153992 ) (-1648 -1024 446.153992 ) (-1648 -1024 -426.153992 ) 
4 114 115 (-1024 -1024 446.153992 ) (-1024 -1024 -426.153992 ) (-1024 -1136 -426.153992 ) (-1024 -1136 446.153992 ) 
