PRT1
35
90
4 0 21 (0 736 96 ) (0 736 64 ) (0 448 64 ) (0 448 96 ) 
4 0 13 (0 736 240 ) (0 736 96 ) (0 448 96 ) (0 448 240 ) 
4 0 10 (0 448 368 ) (0 736 368 ) (0 736 240 ) (0 448 240 ) 
4 0 6 (480 704 64 ) (480 448 64 ) (448 448 64 ) (448 704 64 ) 
4 0 5 (480 736 64 ) (480 704 64 ) (0 704 64 ) (0 736 64 ) 
4 0 2 (256 448 272 ) (256 448 368 ) (0 448 368 ) (0 448 272 ) 
4 0 3 (256 448 96 ) (256 448 240 ) (0 448 240 ) (0 448 96 ) 
4 0 1 (256 448 64 ) (480 448 64 ) (480 448 368 ) (256 448 368 ) 
4 1 8 (448 0 368 ) (256 0 368 ) (256 0 64 ) (448 0 64 ) 
4 1 7 (480 0 368 ) (448 0 368 ) (448 0 64 ) (480 0 64 ) 
4 1 6 (480 448 64 ) (480 0 64 ) (448 0 64 ) (448 448 64 ) 
4 1 2 (256 448 368 ) (256 448 272 ) (256 128 272 ) (256 128 368 ) 
4 1 3 (256 448 240 ) (256 448 96 ) (256 128 96 ) (256 128 240 ) 
4 1 4 (256 128 64 ) (256 0 64 ) (256 0 368 ) (256 128 368 ) 
4 2 11 (0 128 368 ) (0 448 368 ) (0 448 272 ) (0 128 272 ) 
4 2 4 (256 128 272 ) (256 128 368 ) (0 128 368 ) (0 128 272 ) 
4 3 19 (0 144 96 ) (0 128 96 ) (0 128 240 ) (0 144 240 ) 
4 3 15 (0 384 96 ) (0 192 96 ) (0 192 240 ) (0 384 240 ) 
4 3 13 (0 448 240 ) (0 448 96 ) (0 432 96 ) (0 432 240 ) 
4 3 4 (256 128 96 ) (256 128 240 ) (0 128 240 ) (0 128 96 ) 
4 4 22 (0 0 64 ) (0 0 96 ) (0 128 96 ) (0 128 64 ) 
4 4 19 (0 0 96 ) (0 0 240 ) (0 128 240 ) (0 128 96 ) 
4 4 12 (0 0 240 ) (0 0 368 ) (0 128 368 ) (0 128 240 ) 
4 4 8 (256 0 368 ) (0 0 368 ) (0 0 64 ) (256 0 64 ) 
4 5 27 (0 704 64 ) (0 736 64 ) (0 736 32 ) (0 704 32 ) 
4 5 6 (448 704 32 ) (480 704 32 ) (480 704 64 ) (448 704 64 ) 
4 6 7 (448 0 32 ) (480 0 32 ) (480 0 64 ) (448 0 64 ) 
4 7 8 (448 -576 64 ) (448 -576 368 ) (448 0 368 ) (448 0 64 ) 
4 7 9 (448 -576 32 ) (448 -608 32 ) (448 -608 368 ) (448 -576 368 ) 
4 8 29 (0 -576 368 ) (0 0 368 ) (0 0 64 ) (0 -576 64 ) 
4 8 9 (448 -576 64 ) (448 -576 368 ) (0 -576 368 ) (0 -576 64 ) 
4 9 33 (0 -576 64 ) (0 -576 32 ) (0 -608 32 ) (0 -608 64 ) 
4 9 29 (0 -608 368 ) (0 -576 368 ) (0 -576 64 ) (0 -608 64 ) 
4 10 24 (-64 448 368 ) (-64 544 368 ) (-64 544 240 ) (-64 448 240 ) 
4 10 23 (-64 544 368 ) (-64 736 368 ) (-64 736 240 ) (-64 544 240 ) 
4 10 13 (-48 736 240 ) (0 736 240 ) (0 448 240 ) (-48 448 240 ) 
4 10 14 (-64 448 240 ) (-64 736 240 ) (-48 736 240 ) (-48 448 240 ) 
4 10 11 (-64 448 368 ) (-64 448 272 ) (0 448 272 ) (0 448 368 ) 
4 11 24 (-64 128 368 ) (-64 448 368 ) (-64 448 272 ) (-64 128 272 ) 
4 11 12 (-64 128 368 ) (-64 128 272 ) (0 128 272 ) (0 128 368 ) 
4 12 29 (0 0 240 ) (0 0 368 ) (-64 0 368 ) (-64 0 240 ) 
4 12 24 (-64 0 240 ) (-64 0 368 ) (-64 128 368 ) (-64 128 240 ) 
4 12 19 (-48 128 240 ) (0 128 240 ) (0 0 240 ) (-48 0 240 ) 
4 12 20 (-64 0 240 ) (-64 128 240 ) (-48 128 240 ) (-48 0 240 ) 
4 13 21 (-48 736 96 ) (0 736 96 ) (0 448 96 ) (-48 448 96 ) 
4 13 14 (-48 736 240 ) (-48 736 96 ) (-48 432 96 ) (-48 432 240 ) 
4 14 24 (-64 384 240 ) (-64 544 240 ) (-64 544 96 ) (-64 384 96 ) 
4 14 23 (-64 544 240 ) (-64 736 240 ) (-64 736 96 ) (-64 544 96 ) 
4 14 21 (-64 448 96 ) (-64 736 96 ) (-48 736 96 ) (-48 448 96 ) 
4 14 18 (-64 384 96 ) (-48 384 96 ) (-48 384 240 ) (-64 384 240 ) 
4 15 16 (-16 384 240 ) (-16 384 224 ) (-16 192 224 ) (-16 192 240 ) 
4 15 17 (-16 384 208 ) (-16 384 96 ) (-16 192 96 ) (-16 192 208 ) 
4 16 18 (-32 384 240 ) (-32 384 224 ) (-32 192 224 ) (-32 192 240 ) 
4 17 18 (-32 384 208 ) (-32 384 96 ) (-32 192 96 ) (-32 192 208 ) 
4 18 24 (-64 192 240 ) (-64 384 240 ) (-64 384 96 ) (-64 192 96 ) 
4 18 20 (-64 192 96 ) (-48 192 96 ) (-48 192 240 ) (-64 192 240 ) 
4 19 29 (0 0 96 ) (0 0 240 ) (-48 0 240 ) (-48 0 96 ) 
4 19 22 (0 0 96 ) (-48 0 96 ) (-48 128 96 ) (0 128 96 ) 
4 19 20 (-48 144 96 ) (-48 0 96 ) (-48 0 240 ) (-48 144 240 ) 
4 20 29 (-48 0 240 ) (-64 0 240 ) (-64 0 96 ) (-48 0 96 ) 
4 20 24 (-64 0 96 ) (-64 0 240 ) (-64 192 240 ) (-64 192 96 ) 
4 20 22 (-48 0 96 ) (-64 0 96 ) (-64 128 96 ) (-48 128 96 ) 
4 21 27 (-64 704 64 ) (-64 736 64 ) (0 736 64 ) (0 704 64 ) 
4 21 24 (-64 544 64 ) (-64 448 64 ) (-64 448 96 ) (-64 544 96 ) 
4 21 23 (-64 736 64 ) (-64 544 64 ) (-64 544 96 ) (-64 736 96 ) 
4 22 29 (0 0 64 ) (0 0 96 ) (-64 0 96 ) (-64 0 64 ) 
4 22 24 (-64 128 64 ) (-64 0 64 ) (-64 0 96 ) (-64 128 96 ) 
4 23 28 (-1024 544 368 ) (-1024 736 368 ) (-1024 736 64 ) (-1024 544 64 ) 
4 23 27 (-1024 704 64 ) (-1024 736 64 ) (-64 736 64 ) (-64 704 64 ) 
4 23 25 (-672 544 256 ) (-672 544 368 ) (-992 544 368 ) (-992 544 256 ) 
4 23 24 (-672 544 64 ) (-64 544 64 ) (-64 544 368 ) (-672 544 368 ) 
4 23 26 (-1024 544 64 ) (-992 544 64 ) (-992 544 368 ) (-1024 544 368 ) 
4 24 29 (-64 0 368 ) (-672 0 368 ) (-672 0 64 ) (-64 0 64 ) 
4 24 25 (-672 544 368 ) (-672 544 256 ) (-672 0 256 ) (-672 0 368 ) 
4 25 30 (-672 0 368 ) (-992 0 368 ) (-992 0 256 ) (-672 0 256 ) 
4 25 26 (-992 544 368 ) (-992 544 256 ) (-992 0 256 ) (-992 0 368 ) 
4 26 32 (-992 0 368 ) (-1024 0 368 ) (-1024 0 64 ) (-992 0 64 ) 
4 26 28 (-1024 0 64 ) (-1024 0 368 ) (-1024 544 368 ) (-1024 544 64 ) 
4 27 28 (-1024 704 64 ) (-1024 736 64 ) (-1024 736 32 ) (-1024 704 32 ) 
4 28 34 (-1024 0 32 ) (-1024 0 368 ) (-1056 0 368 ) (-1056 0 32 ) 
4 29 33 (0 -576 64 ) (0 -608 64 ) (-672 -608 64 ) (-672 -576 64 ) 
4 29 30 (-672 -96 256 ) (-672 -96 368 ) (-672 0 368 ) (-672 0 256 ) 
4 29 31 (-672 -96 64 ) (-672 -608 64 ) (-672 -608 368 ) (-672 -96 368 ) 
4 30 31 (-992 -96 368 ) (-992 -96 256 ) (-672 -96 256 ) (-672 -96 368 ) 
4 30 32 (-992 -96 256 ) (-992 -96 368 ) (-992 0 368 ) (-992 0 256 ) 
4 31 33 (-672 -576 64 ) (-672 -608 64 ) (-992 -608 64 ) (-992 -576 64 ) 
4 31 32 (-992 -96 64 ) (-992 -608 64 ) (-992 -608 368 ) (-992 -96 368 ) 
4 32 34 (-1024 0 368 ) (-1024 0 64 ) (-1024 -608 64 ) (-1024 -608 368 ) 
4 32 33 (-1024 -608 64 ) (-1024 -576 64 ) (-992 -576 64 ) (-992 -608 64 ) 
4 33 34 (-1024 -576 32 ) (-1024 -608 32 ) (-1024 -608 64 ) (-1024 -576 64 ) 
