


materialPath: C:\Program Files (x86)\Steam\steamapps\common\Portal 2\portal2\materials
Loading a:\#portal2remastered\p2asw\game\portal2asw\mapsrc\home.vmf
Could not locate GameData file portal2.fgd
fixing up env_cubemap materials on brush sides...
0...1...2...3...4...5...6...7...8...9...100...1...2...3...4...5...6...7...8...9...10Processing areas...done (0)
Building Faces...done (0)
FixTjuncs...
PruneNodes...
WriteBSP...
done (0)
writing a:\#portal2remastered\p2asw\game\portal2asw\mapsrc\home.prt...Building visibility clusters...
done (0)
Finding displacement neighbors...
Finding lightmap sample positions...
Displacement Alpha : 0...1...2...3...4...5...6...7...8...9...10
Building Physics collision data...
done (0) (4669 bytes)
Placing detail props : 0...1...2...3...4...5...6...7...8...9...10
Compacting texture/material tables...
Reduced 31 texinfos to 19
Reduced 4 texdatas to 4 (92 bytes to 92)
Writing a:\#portal2remastered\p2asw\game\portal2asw\mapsrc\home.bsp
0 seconds elapsed



32 threads
reading a:\#portal2remastered\p2asw\game\portal2asw\mapsrc\home.bsp
reading a:\#portal2remastered\p2asw\game\portal2asw\mapsrc\home.prt
  30 portalclusters
  81 numportals
0...1...2...3...4...5...6...7...8...9...100...1...2...3...4...5...6...7...8...9...10Optimized: 0 visible clusters (0.00%)
Total clusters visible: 872
Average clusters visible: 29
Building PAS...
Average clusters audible: 30
visdatasize:484  compressed from 480
writing a:\#portal2remastered\p2asw\game\portal2asw\mapsrc\home.bsp
0 seconds elapsed



[Reading texlights from 'lights.rad']
[59 texlights parsed from 'lights.rad']

Loading a:\#portal2remastered\p2asw\game\portal2asw\mapsrc\home.bsp
105 faces
45728 square feet [6584832.00 square inches]
0 Displacements
0 Square Feet [0.00 Square Inches]
105 patches before subdivision
105 patches after subdivision
1 direct lights
0...1...2...3...4...5...6...7...8...9...100...1...2...3...4...5...6...7...8...9...10transfers 1459, max 48
transfer lists:   0.0 megs
0...1...2...3...4...5...6...7...8...9...10	Bounce #1 added RGB(69, 68, 68)
0...1...2...3...4...5...6...7...8...9...10	Bounce #2 added RGB(3, 2, 1)
Build Patch/Sample Hash Table(s).....Done<0.0025 sec>
0...1...2...3...4...5...6...7...8...9...10FinalLightFace Done
0 of 0 (0% of) surface lights went in leaf ambient cubes.
0...1...2...3...4...5...6...7...8...9...10Writing leaf ambient...done
Ready to Finish

Object names       Objects/Maxobjs  Memory / Maxmem  Fullness 
------------       ---------------  ---------------  -------- 
models                   1/1024           48/49152    ( 0.1%) 
brushes                 12/8192          144/98304    ( 0.1%) 
brushsides              72/65536         576/524288   ( 0.1%) 
planes                  82/65536        1640/1310720  ( 0.1%) 
vertexes               167/65536        2004/786432   ( 0.3%) 
nodes                   76/65536        2432/2097152  ( 0.1%) 
texinfos                19/12288        1368/884736   ( 0.2%) 
texdata                  4/2048          128/65536    ( 0.2%) 
dispinfos                0/0               0/0        ( 0.0%) 
disp_verts               0/0               0/0        ( 0.0%) 
disp_tris                0/0               0/0        ( 0.0%) 
disp_multiblend          0/0               0/0        ( 0.0%) 
disp_lmsamples           0/0               0/0        ( 0.0%) 
faces                  105/65536        5880/3670016  ( 0.2%) 
hdr faces              105/65536        5880/3670016  ( 0.2%) 
origfaces               34/65536        1904/3670016  ( 0.1%) 
leaves                  78/65536        2496/2097152  ( 0.1%) 
leaffaces              123/65536         246/131072   ( 0.2%) 
leafbrushes             37/65536          74/131072   ( 0.1%) 
areas                    2/256            16/2048     ( 0.8%) 
surfedges              634/512000       2536/2048000  ( 0.1%) 
edges                  346/256000       1384/1024000  ( 0.1%) 
LDR worldlights          0/8192            0/819200   ( 0.0%) 
HDR worldlights          1/8192          100/819200   ( 0.0%) 
leafwaterdata            0/32768           0/393216   ( 0.0%) 
waterstrips              3/32768          30/327680   ( 0.0%) 
waterverts               0/65536           0/786432   ( 0.0%) 
waterindices            66/65536         132/131072   ( 0.1%) 
cubemapsamples           0/1024            0/16384    ( 0.0%) 
overlays                 0/512             0/180224   ( 0.0%) 
LDR lightdata         [variable]           0/0        ( 0.0%) 
HDR lightdata         [variable]      204184/0        ( 0.0%) 
visdata               [variable]         484/16777216 ( 0.0%) 
entdata               [variable]         807/0        ( 0.0%) 
LDR ambient table       78/65536         312/262144   ( 0.1%) 
HDR ambient table       78/65536         312/262144   ( 0.1%) 
LDR leaf ambient        78/65536        2184/1835008  ( 0.1%) 
HDR leaf ambient       120/65536        3360/1835008  ( 0.2%) 
occluders                0/0               0/0        ( 0.0%) 
occluder polygons        0/0               0/0        ( 0.0%) 
occluder vert ind        0/0               0/0        ( 0.0%) 
Prop Hull Verts          0/0               0/0        ( 0.0%) 
Prop Hull Blob        [variable]           0/0        ( 0.0%) 
Prop Hull Lists          0/0               0/0        ( 0.0%) 
Prop Hulls               0/0               0/0        ( 0.0%) 
Prop Hull trilist        0/0               0/0        ( 0.0%) 
detail props          [variable]           1/12       ( 8.3%) 
static props          [variable]           1/12       ( 8.3%) 
pakfile               [variable]       74414/0        ( 0.0%) 
physics               [variable]        4669/4194304  ( 0.1%) 
physics terrain       [variable]           2/1048576  ( 0.0%) 

Level flags = 10002

Total triangle count: 288
Writing a:\#portal2remastered\p2asw\game\portal2asw\mapsrc\home.bsp
0 seconds elapsed



materialPath: C:\Program Files (x86)\Steam\steamapps\common\Portal 2\portal2\materials
Loading a:\#portal2remastered\p2asw\game\portal2asw\mapsrc\home.vmf
Could not locate GameData file portal2.fgd
fixing up env_cubemap materials on brush sides...
0...1...2...3...4...5...6...7...8...9...100...1...2...3...4...5...6...7...8...9...10Processing areas...done (0)
Building Faces...done (0)
FixTjuncs...
PruneNodes...
WriteBSP...
done (0)
writing a:\#portal2remastered\p2asw\game\portal2asw\mapsrc\home.prt...Building visibility clusters...
done (0)
Finding displacement neighbors...
Finding lightmap sample positions...
Displacement Alpha : 0...1...2...3...4...5...6...7...8...9...10
Building Physics collision data...
done (0) (4669 bytes)
Placing detail props : 0...1...2...3...4...5...6...7...8...9...10
Compacting texture/material tables...
Reduced 32 texinfos to 19
Reduced 5 texdatas to 5 (111 bytes to 111)
Writing a:\#portal2remastered\p2asw\game\portal2asw\mapsrc\home.bsp
0 seconds elapsed



32 threads
reading a:\#portal2remastered\p2asw\game\portal2asw\mapsrc\home.bsp
reading a:\#portal2remastered\p2asw\game\portal2asw\mapsrc\home.prt
  30 portalclusters
  81 numportals
0...1...2...3...4...5...6...7...8...9...100...1...2...3...4...5...6...7...8...9...10Optimized: 0 visible clusters (0.00%)
Total clusters visible: 872
Average clusters visible: 29
Building PAS...
Average clusters audible: 30
visdatasize:484  compressed from 480
writing a:\#portal2remastered\p2asw\game\portal2asw\mapsrc\home.bsp
0 seconds elapsed



[Reading texlights from 'lights.rad']
[59 texlights parsed from 'lights.rad']

Loading a:\#portal2remastered\p2asw\game\portal2asw\mapsrc\home.bsp
105 faces
45728 square feet [6584832.00 square inches]
0 Displacements
0 Square Feet [0.00 Square Inches]
105 patches before subdivision
105 patches after subdivision
1 direct lights
0...1...2...3...4...5...6...7...8...9...100...1...2...3...4...5...6...7...8...9...10transfers 1459, max 48
transfer lists:   0.0 megs
0...1...2...3...4...5...6...7...8...9...10	Bounce #1 added RGB(10, 5, 3)
0...1...2...3...4...5...6...7...8...9...10	Bounce #2 added RGB(1, 0, 0)
Build Patch/Sample Hash Table(s).....Done<0.0025 sec>
0...1...2...3...4...5...6...7...8...9...10FinalLightFace Done
0 of 0 (0% of) surface lights went in leaf ambient cubes.
0...1...2...3...4...5...6...7...8...9...10Writing leaf ambient...done
Ready to Finish

Object names       Objects/Maxobjs  Memory / Maxmem  Fullness 
------------       ---------------  ---------------  -------- 
models                   1/1024           48/49152    ( 0.1%) 
brushes                 12/8192          144/98304    ( 0.1%) 
brushsides              72/65536         576/524288   ( 0.1%) 
planes                  82/65536        1640/1310720  ( 0.1%) 
vertexes               167/65536        2004/786432   ( 0.3%) 
nodes                   76/65536        2432/2097152  ( 0.1%) 
texinfos                19/12288        1368/884736   ( 0.2%) 
texdata                  5/2048          160/65536    ( 0.2%) 
dispinfos                0/0               0/0        ( 0.0%) 
disp_verts               0/0               0/0        ( 0.0%) 
disp_tris                0/0               0/0        ( 0.0%) 
disp_multiblend          0/0               0/0        ( 0.0%) 
disp_lmsamples           0/0               0/0        ( 0.0%) 
faces                  105/65536        5880/3670016  ( 0.2%) 
hdr faces              105/65536        5880/3670016  ( 0.2%) 
origfaces               34/65536        1904/3670016  ( 0.1%) 
leaves                  78/65536        2496/2097152  ( 0.1%) 
leaffaces              123/65536         246/131072   ( 0.2%) 
leafbrushes             37/65536          74/131072   ( 0.1%) 
areas                    2/256            16/2048     ( 0.8%) 
surfedges              634/512000       2536/2048000  ( 0.1%) 
edges                  346/256000       1384/1024000  ( 0.1%) 
LDR worldlights          0/8192            0/819200   ( 0.0%) 
HDR worldlights          1/8192          100/819200   ( 0.0%) 
leafwaterdata            0/32768           0/393216   ( 0.0%) 
waterstrips              3/32768          30/327680   ( 0.0%) 
waterverts               0/65536           0/786432   ( 0.0%) 
waterindices            66/65536         132/131072   ( 0.1%) 
cubemapsamples           0/1024            0/16384    ( 0.0%) 
overlays                 0/512             0/180224   ( 0.0%) 
LDR lightdata         [variable]           0/0        ( 0.0%) 
HDR lightdata         [variable]      204184/0        ( 0.0%) 
visdata               [variable]         484/16777216 ( 0.0%) 
entdata               [variable]         807/0        ( 0.0%) 
LDR ambient table       78/65536         312/262144   ( 0.1%) 
HDR ambient table       78/65536         312/262144   ( 0.1%) 
LDR leaf ambient        78/65536        2184/1835008  ( 0.1%) 
HDR leaf ambient        64/65536        1792/1835008  ( 0.1%) 
occluders                0/0               0/0        ( 0.0%) 
occluder polygons        0/0               0/0        ( 0.0%) 
occluder vert ind        0/0               0/0        ( 0.0%) 
Prop Hull Verts          0/0               0/0        ( 0.0%) 
Prop Hull Blob        [variable]           0/0        ( 0.0%) 
Prop Hull Lists          0/0               0/0        ( 0.0%) 
Prop Hulls               0/0               0/0        ( 0.0%) 
Prop Hull trilist        0/0               0/0        ( 0.0%) 
detail props          [variable]           1/12       ( 8.3%) 
static props          [variable]           1/12       ( 8.3%) 
pakfile               [variable]       74414/0        ( 0.0%) 
physics               [variable]        4669/4194304  ( 0.1%) 
physics terrain       [variable]           2/1048576  ( 0.0%) 

Level flags = 10002

Total triangle count: 288
Writing a:\#portal2remastered\p2asw\game\portal2asw\mapsrc\home.bsp
0 seconds elapsed



materialPath: C:\Program Files (x86)\Steam\steamapps\common\Portal 2\portal2\materials
Loading a:\#portal2remastered\p2asw\game\portal2asw\mapsrc\home.vmf
Could not locate GameData file portal2.fgd
fixing up env_cubemap materials on brush sides...
0...1...2...3...4...5...6...7...8...9...100...1...2...3...4...5...6...7...8...9...10Processing areas...done (0)
Building Faces...done (0)
FixTjuncs...
PruneNodes...
WriteBSP...
done (0)
writing a:\#portal2remastered\p2asw\game\portal2asw\mapsrc\home.prt...Building visibility clusters...
done (0)
Finding displacement neighbors...
Finding lightmap sample positions...
Displacement Alpha : 0...1...2...3...4...5...6...7...8...9...10
Building Physics collision data...
done (0) (5061 bytes)
Placing detail props : 0...1...2...3...4...5...6...7...8...9...10
Compacting texture/material tables...
Reduced 38 texinfos to 24
Reduced 6 texdatas to 6 (125 bytes to 125)
Writing a:\#portal2remastered\p2asw\game\portal2asw\mapsrc\home.bsp
0 seconds elapsed



32 threads
reading a:\#portal2remastered\p2asw\game\portal2asw\mapsrc\home.bsp
reading a:\#portal2remastered\p2asw\game\portal2asw\mapsrc\home.prt
  35 portalclusters
  88 numportals
0...1...2...3...4...5...6...7...8...9...100...1...2...3...4...5...6...7...8...9...10Optimized: 0 visible clusters (0.00%)
Total clusters visible: 1179
Average clusters visible: 33
Building PAS...
Average clusters audible: 35
visdatasize:634  compressed from 560
writing a:\#portal2remastered\p2asw\game\portal2asw\mapsrc\home.bsp
0 seconds elapsed



[Reading texlights from 'lights.rad']
[59 texlights parsed from 'lights.rad']

Loading a:\#portal2remastered\p2asw\game\portal2asw\mapsrc\home.bsp
121 faces
48288 square feet [6953472.00 square inches]
0 Displacements
0 Square Feet [0.00 Square Inches]
121 patches before subdivision
121 patches after subdivision
1 direct lights
0...1...2...3...4...5...6...7...8...9...100...1...2...3...4...5...6...7...8...9...10transfers 1728, max 51
transfer lists:   0.0 megs
0...1...2...3...4...5...6...7...8...9...10	Bounce #1 added RGB(8, 4, 2)
0...1...2...3...4...5...6...7...8...9...10	Bounce #2 added RGB(1, 0, 0)
Build Patch/Sample Hash Table(s).....Done<0.0030 sec>
0...1...2...3...4...5...6...7...8...9...10FinalLightFace Done
0 of 0 (0% of) surface lights went in leaf ambient cubes.
0...1...2...3...4...5...6...7...8...9...10Writing leaf ambient...done
Ready to Finish

Object names       Objects/Maxobjs  Memory / Maxmem  Fullness 
------------       ---------------  ---------------  -------- 
models                   1/1024           48/49152    ( 0.1%) 
brushes                 13/8192          156/98304    ( 0.2%) 
brushsides              78/65536         624/524288   ( 0.1%) 
planes                  92/65536        1840/1310720  ( 0.1%) 
vertexes               198/65536        2376/786432   ( 0.3%) 
nodes                   85/65536        2720/2097152  ( 0.1%) 
texinfos                24/12288        1728/884736   ( 0.2%) 
texdata                  6/2048          192/65536    ( 0.3%) 
dispinfos                0/0               0/0        ( 0.0%) 
disp_verts               0/0               0/0        ( 0.0%) 
disp_tris                0/0               0/0        ( 0.0%) 
disp_multiblend          0/0               0/0        ( 0.0%) 
disp_lmsamples           0/0               0/0        ( 0.0%) 
faces                  121/65536        6776/3670016  ( 0.2%) 
hdr faces              121/65536        6776/3670016  ( 0.2%) 
origfaces               39/65536        2184/3670016  ( 0.1%) 
leaves                  87/65536        2784/2097152  ( 0.1%) 
leaffaces              146/65536         292/131072   ( 0.2%) 
leafbrushes             41/65536          82/131072   ( 0.1%) 
areas                    2/256            16/2048     ( 0.8%) 
surfedges              740/512000       2960/2048000  ( 0.1%) 
edges                  401/256000       1604/1024000  ( 0.2%) 
LDR worldlights          0/8192            0/819200   ( 0.0%) 
HDR worldlights          1/8192          100/819200   ( 0.0%) 
leafwaterdata            0/32768           0/393216   ( 0.0%) 
waterstrips              7/32768          70/327680   ( 0.0%) 
waterverts               0/65536           0/786432   ( 0.0%) 
waterindices           114/65536         228/131072   ( 0.2%) 
cubemapsamples           0/1024            0/16384    ( 0.0%) 
overlays                 0/512             0/180224   ( 0.0%) 
LDR lightdata         [variable]           0/0        ( 0.0%) 
HDR lightdata         [variable]      238408/0        ( 0.0%) 
visdata               [variable]         634/16777216 ( 0.0%) 
entdata               [variable]         807/0        ( 0.0%) 
LDR ambient table       87/65536         348/262144   ( 0.1%) 
HDR ambient table       87/65536         348/262144   ( 0.1%) 
LDR leaf ambient        87/65536        2436/1835008  ( 0.1%) 
HDR leaf ambient        72/65536        2016/1835008  ( 0.1%) 
occluders                0/0               0/0        ( 0.0%) 
occluder polygons        0/0               0/0        ( 0.0%) 
occluder vert ind        0/0               0/0        ( 0.0%) 
Prop Hull Verts          0/0               0/0        ( 0.0%) 
Prop Hull Blob        [variable]           0/0        ( 0.0%) 
Prop Hull Lists          0/0               0/0        ( 0.0%) 
Prop Hulls               0/0               0/0        ( 0.0%) 
Prop Hull trilist        0/0               0/0        ( 0.0%) 
detail props          [variable]           1/12       ( 8.3%) 
static props          [variable]           1/12       ( 8.3%) 
pakfile               [variable]       74414/0        ( 0.0%) 
physics               [variable]        5061/4194304  ( 0.1%) 
physics terrain       [variable]           2/1048576  ( 0.0%) 

Level flags = 10002

Total triangle count: 342
Writing a:\#portal2remastered\p2asw\game\portal2asw\mapsrc\home.bsp
0 seconds elapsed



materialPath: C:\Program Files (x86)\Steam\steamapps\common\Portal 2\portal2\materials
Loading a:\#portal2remastered\p2asw\game\portal2asw\mapsrc\home.vmf
Could not locate GameData file portal2.fgd
fixing up env_cubemap materials on brush sides...
0...1...2...3...4...5...6...7...8...9...100...1...2...3...4...5...6...7...8...9...10Processing areas...done (0)
Building Faces...done (0)
FixTjuncs...
PruneNodes...
WriteBSP...
done (0)
writing a:\#portal2remastered\p2asw\game\portal2asw\mapsrc\home.prt...Building visibility clusters...
done (0)
Finding displacement neighbors...
Finding lightmap sample positions...
Displacement Alpha : 0...1...2...3...4...5...6...7...8...9...10
Building Physics collision data...
done (0) (5061 bytes)
Placing detail props : 0...1...2...3...4...5...6...7...8...9...10
Compacting texture/material tables...
Reduced 38 texinfos to 24
Reduced 6 texdatas to 6 (125 bytes to 125)
Writing a:\#portal2remastered\p2asw\game\portal2asw\mapsrc\home.bsp
0 seconds elapsed



32 threads
reading a:\#portal2remastered\p2asw\game\portal2asw\mapsrc\home.bsp
reading a:\#portal2remastered\p2asw\game\portal2asw\mapsrc\home.prt
  35 portalclusters
  90 numportals
0...1...2...3...4...5...6...7...8...9...100...1...2...3...4...5...6...7...8...9...10Optimized: 0 visible clusters (0.00%)
Total clusters visible: 1179
Average clusters visible: 33
Building PAS...
Average clusters audible: 35
visdatasize:634  compressed from 560
writing a:\#portal2remastered\p2asw\game\portal2asw\mapsrc\home.bsp
0 seconds elapsed



[Reading texlights from 'lights.rad']
[59 texlights parsed from 'lights.rad']

Loading a:\#portal2remastered\p2asw\game\portal2asw\mapsrc\home.bsp
123 faces
48288 square feet [6953472.50 square inches]
0 Displacements
0 Square Feet [0.00 Square Inches]
123 patches before subdivision
123 patches after subdivision
unsupported light entity: "light_deferred_global"
1 direct lights
0...1...2...3...4...5...6...7...8...9...100...1...2...3...4...5...6...7...8...9...10transfers 1892, max 52
transfer lists:   0.0 megs
0...1...2...3...4...5...6...7...8...9...10	Bounce #1 added RGB(9, 5, 3)
0...1...2...3...4...5...6...7...8...9...10	Bounce #2 added RGB(1, 0, 0)
Build Patch/Sample Hash Table(s).....Done<0.0028 sec>
0...1...2...3...4...5...6...7...8...9...10FinalLightFace Done
0 of 0 (0% of) surface lights went in leaf ambient cubes.
0...1...2...3...4...5...6...7...8...9...10Writing leaf ambient...done
Ready to Finish

Object names       Objects/Maxobjs  Memory / Maxmem  Fullness 
------------       ---------------  ---------------  -------- 
models                   1/1024           48/49152    ( 0.1%) 
brushes                 13/8192          156/98304    ( 0.2%) 
brushsides              78/65536         624/524288   ( 0.1%) 
planes                  92/65536        1840/1310720  ( 0.1%) 
vertexes               200/65536        2400/786432   ( 0.3%) 
nodes                   85/65536        2720/2097152  ( 0.1%) 
texinfos                24/12288        1728/884736   ( 0.2%) 
texdata                  6/2048          192/65536    ( 0.3%) 
dispinfos                0/0               0/0        ( 0.0%) 
disp_verts               0/0               0/0        ( 0.0%) 
disp_tris                0/0               0/0        ( 0.0%) 
disp_multiblend          0/0               0/0        ( 0.0%) 
disp_lmsamples           0/0               0/0        ( 0.0%) 
faces                  123/65536        6888/3670016  ( 0.2%) 
hdr faces              123/65536        6888/3670016  ( 0.2%) 
origfaces               39/65536        2184/3670016  ( 0.1%) 
leaves                  87/65536        2784/2097152  ( 0.1%) 
leaffaces              148/65536         296/131072   ( 0.2%) 
leafbrushes             41/65536          82/131072   ( 0.1%) 
areas                    2/256            16/2048     ( 0.8%) 
surfedges              748/512000       2992/2048000  ( 0.1%) 
edges                  405/256000       1620/1024000  ( 0.2%) 
LDR worldlights          0/8192            0/819200   ( 0.0%) 
HDR worldlights          1/8192          100/819200   ( 0.0%) 
leafwaterdata            0/32768           0/393216   ( 0.0%) 
waterstrips              5/32768          50/327680   ( 0.0%) 
waterverts               0/65536           0/786432   ( 0.0%) 
waterindices            84/65536         168/131072   ( 0.1%) 
cubemapsamples           0/1024            0/16384    ( 0.0%) 
overlays                 0/512             0/180224   ( 0.0%) 
LDR lightdata         [variable]           0/0        ( 0.0%) 
HDR lightdata         [variable]      239816/0        ( 0.0%) 
visdata               [variable]         634/16777216 ( 0.0%) 
entdata               [variable]        1038/0        ( 0.0%) 
LDR ambient table       87/65536         348/262144   ( 0.1%) 
HDR ambient table       87/65536         348/262144   ( 0.1%) 
LDR leaf ambient        87/65536        2436/1835008  ( 0.1%) 
HDR leaf ambient        70/65536        1960/1835008  ( 0.1%) 
occluders                0/0               0/0        ( 0.0%) 
occluder polygons        0/0               0/0        ( 0.0%) 
occluder vert ind        0/0               0/0        ( 0.0%) 
Prop Hull Verts          0/0               0/0        ( 0.0%) 
Prop Hull Blob        [variable]           0/0        ( 0.0%) 
Prop Hull Lists          0/0               0/0        ( 0.0%) 
Prop Hulls               0/0               0/0        ( 0.0%) 
Prop Hull trilist        0/0               0/0        ( 0.0%) 
detail props          [variable]           1/12       ( 8.3%) 
static props          [variable]           1/12       ( 8.3%) 
pakfile               [variable]       74414/0        ( 0.0%) 
physics               [variable]        5061/4194304  ( 0.1%) 
physics terrain       [variable]           2/1048576  ( 0.0%) 

Level flags = 10002

Total triangle count: 346
Writing a:\#portal2remastered\p2asw\game\portal2asw\mapsrc\home.bsp
0 seconds elapsed
