19:09:53.631 INFO  Loading C:\Program Files (x86)\Steam\steamapps\common\Portal 2\portal2\maps\map01_d.bsp
19:09:53.638 INFO  Using 'DStaticPropV9' for sprp version 9
19:09:53.639 WARN  Lump LUMP_CLIPPORTALVERTS is empty
19:09:53.639 WARN  Lump LUMP_DISPINFO is empty
19:09:53.640 WARN  Lump LUMP_DISP_VERTS is empty
19:09:53.640 WARN  Lump LUMP_DISP_TRIS is empty
19:09:53.640 WARN  Lump LUMP_DISP_MULTIBLEND is empty
19:09:53.641 WARN  Lump LUMP_OVERLAYS is empty
19:09:53.641 WARN  Lump LUMP_OVERLAY_FADES is empty
19:09:53.641 WARN  Lump LUMP_OVERLAY_SYSTEM_LEVELS is empty
19:09:53.641 INFO  BSP version: 21
19:09:53.643 INFO  Game: Portal 2
19:09:53.646 INFO  No areaportals to reallocate...
19:09:53.647 INFO  No occluders to reallocate...
19:09:53.648 INFO  Map comment: Decompiled by BSPSource v1.4.6.1 from map01
19:09:53.651 INFO  142 (24.5%) exact brushside->origface matches
19:09:53.651 INFO  1/0 (nondisp/disp) original faces left after exact brushside->origface matching
19:09:53.653 INFO  10 (1.7%) partial brushside->origface matches
19:09:53.665 INFO  Writing brushes and planes
19:09:53.730 INFO  Writing displacements
19:09:53.731 INFO  Writing entities
19:09:53.734 INFO  Writing func_details
19:09:53.735 INFO  Writing func_viscluster
19:09:53.735 INFO  Writing info_overlays
19:09:53.735 INFO  Writing prop_statics
19:09:53.741 INFO  Writing env_cubemaps
19:09:53.750 INFO  Writing func_ladders
19:09:53.750 INFO  Finished decompiling C:\Program Files (x86)\Steam\steamapps\common\Portal 2\portal2\maps\map01_d.bsp.
