


materialPath: C:\Program Files (x86)\Steam\steamapps\common\Portal 2\portal2\materials
Loading a:\#portal2remastered\p2asw\game\portal2asw\mapsrc\mossy_turrets.vmf
Could not locate GameData file portal2.fgd
Patching WVT material: maps/mossy_turrets/pbr/concrete_dirty_floor02_pbr_wvt_patch
fixing up env_cubemap materials on brush sides...
0...1...2...3...4...5...6...7...8...9...100...1...2...3...4...5...6...7...8...9...10Processing areas...done (0)
Building Faces...done (0)
FixTjuncs...
PruneNodes...
WriteBSP...
done (0)
writing a:\#portal2remastered\p2asw\game\portal2asw\mapsrc\mossy_turrets.prt...Building visibility clusters...
done (0)
Finding displacement neighbors...
Found a displacement edge abutting multiple other edges.
Warning: overflowed 5 displacement corner-neighbor lists.Finding lightmap sample positions...
Displacement Alpha : 0...1...2...3...4...5...6...7...8...9...10
Building Physics collision data...
done (0) (3052 bytes)
Placing detail props : 0...1...2...3...4...5...6...7...8...9...10
Compacting texture/material tables...
Reduced 58 texinfos to 25
Reduced 3 texdatas to 3 (109 bytes to 109)
Writing a:\#portal2remastered\p2asw\game\portal2asw\mapsrc\mossy_turrets.bsp
0 seconds elapsed



materialPath: C:\Program Files (x86)\Steam\steamapps\common\Portal 2\portal2\materials
Loading a:\#portal2remastered\p2asw\game\portal2asw\mapsrc\mossy_turrets.vmf
Could not locate GameData file portal2.fgd
Patching WVT material: maps/mossy_turrets/pbr/concrete_dirty_floor02_pbr_wvt_patch
fixing up env_cubemap materials on brush sides...
0...1...2...3...4...5...6...7...8...9...100...1...2...3...4...5...6...7...8...9...10Processing areas...done (0)
Building Faces...done (0)
FixTjuncs...
PruneNodes...
WriteBSP...
done (0)
writing a:\#portal2remastered\p2asw\game\portal2asw\mapsrc\mossy_turrets.prt...Building visibility clusters...
done (0)
Finding displacement neighbors...
Found a displacement edge abutting multiple other edges.
Warning: overflowed 5 displacement corner-neighbor lists.Finding lightmap sample positions...
Displacement Alpha : 0...1...2...3...4...5...6...7...8...9...10
Building Physics collision data...
done (0) (3052 bytes)
Placing detail props : 0...1...2...3...4...5...6...7...8...9...10
Compacting texture/material tables...
Reduced 58 texinfos to 25
Reduced 3 texdatas to 3 (109 bytes to 109)
Writing a:\#portal2remastered\p2asw\game\portal2asw\mapsrc\mossy_turrets.bsp
0 seconds elapsed
