PRT1
15
39
4 0 3 (464 0 464 ) (0 0 464 ) (0 0 -96 ) (464 0 -96 ) 
4 0 1 (0 0 -96 ) (0 0 464 ) (0 688 464 ) (0 688 -96 ) 
4 1 11 (0 0 -96 ) (0 0 0 ) (-1024 0 0 ) (-1024 0 -96 ) 
4 1 6 (0 0 0 ) (0 0 320 ) (-319 0 320 ) (-319 0 0 ) 
4 1 7 (-320 0 320 ) (-1024 0 320 ) (-1024 0 0 ) (-320 0 0 ) 
4 1 5 (0 0 320 ) (0 0 464 ) (-1024 0 464 ) (-1024 0 320 ) 
4 1 2 (-1024 0 -96 ) (-1024 0 464 ) (-1024 688 464 ) (-1024 688 -96 ) 
4 2 12 (-1024 0 -96 ) (-1024 0 464 ) (-1648 0 464 ) (-1648 0 -96 ) 
4 3 11 (0 0 0 ) (0 0 -96 ) (0 -1024 -96 ) (0 -1024 0 ) 
4 3 8 (0 -16 0 ) (0 -1024 0 ) (0 -1024 320 ) (0 -16 320 ) 
4 3 6 (0 0 320 ) (0 0 0 ) (0 -16 0 ) (0 -16 320 ) 
4 3 5 (0 0 464 ) (0 0 320 ) (0 -1024 320 ) (0 -1024 464 ) 
4 3 4 (464 -1024 464 ) (0 -1024 464 ) (0 -1024 -96 ) (464 -1024 -96 ) 
4 4 13 (0 -1136 464 ) (0 -1024 464 ) (0 -1024 -96 ) (0 -1136 -96 ) 
4 5 13 (0 -1024 320 ) (0 -1024 464 ) (-1024 -1024 464 ) (-1024 -1024 320 ) 
4 5 12 (-1024 0 464 ) (-1024 0 320 ) (-1024 -1024 320 ) (-1024 -1024 464 ) 
4 5 9 (-256 -896 320 ) (-256 -1024 320 ) (-320 -1024 320 ) (-320 -896 320 ) 
4 5 8 (-256 -16 320 ) (0 -16 320 ) (0 -1024 320 ) (-256 -1024 320 ) 
4 5 10 (-1024 -1024 320 ) (-1024 -16 320 ) (-320 -16 320 ) (-320 -1024 320 ) 
4 5 6 (-319 0 320 ) (0 0 320 ) (0 -16 320 ) (-319 -16 320 ) 
4 5 7 (-1024 -16 320 ) (-1024 0 320 ) (-320 0 320 ) (-320 -16 320 ) 
4 6 11 (-319 0 0 ) (0 0 0 ) (0 -16 0 ) (-319 -16 0 ) 
4 6 8 (-256 -16 0 ) (0 -16 0 ) (0 -16 320 ) (-256 -16 320 ) 
4 7 12 (-1024 0 320 ) (-1024 0 0 ) (-1024 -16 0 ) (-1024 -16 320 ) 
4 7 11 (-1024 -16 0 ) (-1024 0 0 ) (-320 0 0 ) (-320 -16 0 ) 
4 7 10 (-1024 -16 0 ) (-320 -16 0 ) (-320 -16 320 ) (-1024 -16 320 ) 
4 8 13 (0 -1024 0 ) (0 -1024 320 ) (-256 -1024 320 ) (-256 -1024 0 ) 
4 8 11 (0 -1024 0 ) (-256 -1024 0 ) (-256 -16 0 ) (0 -16 0 ) 
4 8 9 (-256 -896 0 ) (-256 -1024 0 ) (-256 -1024 320 ) (-256 -896 320 ) 
4 9 13 (-256 -1024 320 ) (-320 -1024 320 ) (-320 -1024 0 ) (-256 -1024 0 ) 
4 9 11 (-256 -1024 0 ) (-320 -1024 0 ) (-320 -896 0 ) (-256 -896 0 ) 
4 9 10 (-320 -896 0 ) (-320 -1024 0 ) (-320 -1024 320 ) (-320 -896 320 ) 
4 10 13 (-320 -1024 320 ) (-1024 -1024 320 ) (-1024 -1024 0 ) (-320 -1024 0 ) 
4 10 12 (-1024 -16 0 ) (-1024 -1024 0 ) (-1024 -1024 320 ) (-1024 -16 320 ) 
4 10 11 (-320 -1024 0 ) (-1024 -1024 0 ) (-1024 -16 0 ) (-320 -16 0 ) 
4 11 13 (0 -1024 -96 ) (0 -1024 0 ) (-1024 -1024 0 ) (-1024 -1024 -96 ) 
4 11 12 (-1024 0 0 ) (-1024 0 -96 ) (-1024 -1024 -96 ) (-1024 -1024 0 ) 
4 12 14 (-1024 -1024 -96 ) (-1024 -1024 464 ) (-1648 -1024 464 ) (-1648 -1024 -96 ) 
4 13 14 (-1024 -1024 464 ) (-1024 -1024 -96 ) (-1024 -1136 -96 ) (-1024 -1136 464 ) 
