19:09:55.848 INFO  Loading C:\Program Files (x86)\Steam\steamapps\common\Portal 2\portal2\maps\mp_coop_wall_2.bsp
19:09:55.913 INFO  Using 'DStaticPropV9' for sprp version 9
19:09:55.915 WARN  Lump LUMP_CLIPPORTALVERTS is empty
19:09:55.915 WARN  Lump LUMP_DISPINFO is empty
19:09:55.915 WARN  Lump LUMP_DISP_VERTS is empty
19:09:55.915 WARN  Lump LUMP_DISP_TRIS is empty
19:09:55.915 WARN  Lump LUMP_DISP_MULTIBLEND is empty
19:09:55.916 INFO  BSP version: 21
19:09:55.916 INFO  Game: Portal 2
19:09:55.917 INFO  No areaportals to reallocate...
19:09:55.917 INFO  No occluders to reallocate...
19:09:55.947 INFO  1240 (25.3%) exact brushside->origface matches
19:09:55.947 INFO  1/0 (nondisp/disp) original faces left after exact brushside->origface matching
19:09:55.968 INFO  102 (2.1%) partial brushside->origface matches
19:09:55.969 INFO  Writing brushes and planes
19:09:56.012 INFO  Writing displacements
19:09:56.012 INFO  Writing entities
19:09:56.024 INFO  Writing func_details
19:09:56.092 INFO  Writing func_viscluster
19:09:56.092 INFO  Writing info_overlays
19:09:56.093 INFO  Writing prop_statics
19:09:56.098 INFO  Writing env_cubemaps
19:09:56.098 INFO  Writing func_ladders
19:09:56.098 INFO  Finished decompiling C:\Program Files (x86)\Steam\steamapps\common\Portal 2\portal2\maps\mp_coop_wall_2.bsp.
