19:09:53.934 INFO  Loading C:\Program Files (x86)\Steam\steamapps\common\Portal 2\portal2\maps\mp_coop_tbeam_laser_1.bsp
19:09:53.962 INFO  Using 'DStaticPropV9' for sprp version 9
19:09:53.965 WARN  Lump LUMP_CLIPPORTALVERTS is empty
19:09:53.965 WARN  Lump LUMP_DISPINFO is empty
19:09:53.966 WARN  Lump LUMP_DISP_VERTS is empty
19:09:53.966 WARN  Lump LUMP_DISP_TRIS is empty
19:09:53.966 WARN  Lump LUMP_DISP_MULTIBLEND is empty
19:09:53.968 INFO  BSP version: 21
19:09:53.968 INFO  Game: Portal 2
19:09:53.969 INFO  No areaportals to reallocate...
19:09:53.969 INFO  No occluders to reallocate...
19:09:54.011 INFO  1775 (22.9%) exact brushside->origface matches
19:09:54.011 INFO  0/0 (nondisp/disp) original faces left after exact brushside->origface matching
19:09:54.041 INFO  159 (2.1%) partial brushside->origface matches
19:09:54.041 INFO  Writing brushes and planes
19:09:54.143 INFO  Writing displacements
19:09:54.143 INFO  Writing entities
19:09:54.197 INFO  Writing func_details
19:09:54.254 INFO  Writing func_viscluster
19:09:54.255 INFO  Writing info_overlays
19:09:54.275 INFO  Writing prop_statics
19:09:54.287 INFO  Writing env_cubemaps
19:09:54.287 INFO  Writing func_ladders
19:09:54.288 INFO  Finished decompiling C:\Program Files (x86)\Steam\steamapps\common\Portal 2\portal2\maps\mp_coop_tbeam_laser_1.bsp.
