19:09:56.427 INFO  Loading C:\Program Files (x86)\Steam\steamapps\common\Portal 2\portal2\maps\mp_coop_start.bsp
19:09:56.587 INFO  Using 'DStaticPropV9' for sprp version 9
19:09:56.598 WARN  Lump LUMP_DISPINFO is empty
19:09:56.598 WARN  Lump LUMP_DISP_VERTS is empty
19:09:56.599 WARN  Lump LUMP_DISP_TRIS is empty
19:09:56.599 WARN  Lump LUMP_DISP_MULTIBLEND is empty
19:09:56.607 INFO  BSP version: 21
19:09:56.607 INFO  Game: Portal 2
19:09:56.608 INFO  Equal amount of areaporal entities and areaportal brushes. Using 'Ordered' method
19:09:56.609 INFO  No occluders to reallocate...
19:09:56.721 INFO  5376 (20.8%) exact brushside->origface matches
19:09:56.721 INFO  7/0 (nondisp/disp) original faces left after exact brushside->origface matching
19:09:56.781 INFO  439 (1.7%) partial brushside->origface matches
19:09:56.781 INFO  Writing brushes and planes
19:09:57.062 INFO  Writing displacements
19:09:57.062 INFO  Writing entities
19:09:57.297 INFO  Writing func_details
19:09:57.411 INFO  Writing func_viscluster
19:09:57.411 INFO  Writing info_overlays
19:09:57.413 INFO  Writing prop_statics
19:09:57.424 INFO  Writing env_cubemaps
19:09:57.425 INFO  Writing func_ladders
19:09:57.425 INFO  Finished decompiling C:\Program Files (x86)\Steam\steamapps\common\Portal 2\portal2\maps\mp_coop_start.bsp.
