19:09:56.117 INFO  Loading C:\Program Files (x86)\Steam\steamapps\common\Portal 2\portal2\maps\mp_coop_wall_intro.bsp
19:09:56.235 INFO  Using 'DStaticPropV9' for sprp version 9
19:09:56.239 WARN  Lump LUMP_DISPINFO is empty
19:09:56.239 WARN  Lump LUMP_DISP_VERTS is empty
19:09:56.239 WARN  Lump LUMP_DISP_TRIS is empty
19:09:56.239 WARN  Lump LUMP_DISP_MULTIBLEND is empty
19:09:56.240 INFO  BSP version: 21
19:09:56.240 INFO  Game: Portal 2
19:09:56.241 INFO  Equal amount of areaporal entities and areaportal brushes. Using 'Ordered' method
19:09:56.241 INFO  No occluders to reallocate...
19:09:56.274 INFO  2170 (20.0%) exact brushside->origface matches
19:09:56.275 INFO  6/0 (nondisp/disp) original faces left after exact brushside->origface matching
19:09:56.299 INFO  224 (2.1%) partial brushside->origface matches
19:09:56.299 INFO  Writing brushes and planes
19:09:56.403 INFO  Writing displacements
19:09:56.403 INFO  Writing entities
19:09:56.438 INFO  Writing func_details
19:09:56.505 INFO  Writing func_viscluster
19:09:56.505 INFO  Writing info_overlays
19:09:56.546 INFO  Writing prop_statics
19:09:56.558 INFO  Writing env_cubemaps
19:09:56.558 INFO  Writing func_ladders
19:09:56.559 INFO  Finished decompiling C:\Program Files (x86)\Steam\steamapps\common\Portal 2\portal2\maps\mp_coop_wall_intro.bsp.
