19:09:54.871 INFO  Loading C:\Program Files (x86)\Steam\steamapps\common\Portal 2\portal2\maps\mp_coop_tbeam_drill.bsp
19:09:54.948 INFO  Using 'DStaticPropV9' for sprp version 9
19:09:54.952 WARN  Lump LUMP_DISPINFO is empty
19:09:54.952 WARN  Lump LUMP_DISP_VERTS is empty
19:09:54.952 WARN  Lump LUMP_DISP_TRIS is empty
19:09:54.952 WARN  Lump LUMP_DISP_MULTIBLEND is empty
19:09:54.955 INFO  BSP version: 21
19:09:54.955 INFO  Game: Portal 2
19:09:54.962 INFO  Equal amount of areaporal entities and areaportal brushes. Using 'Ordered' method
19:09:54.965 INFO  No occluders to reallocate...
19:09:55.028 INFO  1802 (21.7%) exact brushside->origface matches
19:09:55.028 INFO  5/0 (nondisp/disp) original faces left after exact brushside->origface matching
19:09:55.049 INFO  231 (2.8%) partial brushside->origface matches
19:09:55.049 INFO  Writing brushes and planes
19:09:55.141 INFO  Writing displacements
19:09:55.141 INFO  Writing entities
19:09:55.233 INFO  Writing func_details
19:09:55.337 INFO  Writing func_viscluster
19:09:55.337 INFO  Writing info_overlays
19:09:55.338 INFO  Writing prop_statics
19:09:55.362 INFO  Writing env_cubemaps
19:09:55.362 INFO  Writing func_ladders
19:09:55.363 INFO  Finished decompiling C:\Program Files (x86)\Steam\steamapps\common\Portal 2\portal2\maps\mp_coop_tbeam_drill.bsp.
