19:09:55.012 INFO  Loading C:\Program Files (x86)\Steam\steamapps\common\Portal 2\portal2\maps\mp_coop_rat_maze.bsp
19:09:55.035 INFO  Using 'DStaticPropV9' for sprp version 9
19:09:55.037 WARN  Lump LUMP_CLIPPORTALVERTS is empty
19:09:55.037 WARN  Lump LUMP_DISPINFO is empty
19:09:55.038 WARN  Lump LUMP_DISP_VERTS is empty
19:09:55.038 WARN  Lump LUMP_DISP_TRIS is empty
19:09:55.038 WARN  Lump LUMP_DISP_MULTIBLEND is empty
19:09:55.039 INFO  BSP version: 21
19:09:55.039 INFO  Game: Portal 2
19:09:55.040 INFO  No areaportals to reallocate...
19:09:55.040 INFO  No occluders to reallocate...
19:09:55.072 INFO  1354 (22.8%) exact brushside->origface matches
19:09:55.072 INFO  0/0 (nondisp/disp) original faces left after exact brushside->origface matching
19:09:55.084 INFO  112 (1.9%) partial brushside->origface matches
19:09:55.084 INFO  Writing brushes and planes
19:09:55.165 INFO  Writing displacements
19:09:55.165 INFO  Writing entities
19:09:55.226 INFO  Writing func_details
19:09:55.320 INFO  Writing func_viscluster
19:09:55.320 INFO  Writing info_overlays
19:09:55.321 INFO  Writing prop_statics
19:09:55.327 INFO  Writing env_cubemaps
19:09:55.328 INFO  Writing func_ladders
19:09:55.328 INFO  Finished decompiling C:\Program Files (x86)\Steam\steamapps\common\Portal 2\portal2\maps\mp_coop_rat_maze.bsp.
