19:09:57.027 INFO  Loading C:\Program Files (x86)\Steam\steamapps\common\Portal 2\portal2\maps\mp_coop_come_along.bsp
19:09:57.073 INFO  Using 'DStaticPropV9' for sprp version 9
19:09:57.075 WARN  Lump LUMP_CLIPPORTALVERTS is empty
19:09:57.075 WARN  Lump LUMP_DISPINFO is empty
19:09:57.075 WARN  Lump LUMP_DISP_VERTS is empty
19:09:57.075 WARN  Lump LUMP_DISP_TRIS is empty
19:09:57.075 WARN  Lump LUMP_DISP_MULTIBLEND is empty
19:09:57.076 INFO  BSP version: 21
19:09:57.076 INFO  Game: Portal 2
19:09:57.077 INFO  No areaportals to reallocate...
19:09:57.077 INFO  No occluders to reallocate...
19:09:57.105 INFO  1318 (18.3%) exact brushside->origface matches
19:09:57.105 INFO  1/0 (nondisp/disp) original faces left after exact brushside->origface matching
19:09:57.120 INFO  112 (1.6%) partial brushside->origface matches
19:09:57.120 INFO  Writing brushes and planes
19:09:57.174 INFO  Writing displacements
19:09:57.174 INFO  Writing entities
19:09:57.258 INFO  Writing func_details
19:09:57.329 INFO  Writing func_viscluster
19:09:57.330 INFO  Writing info_overlays
19:09:57.330 INFO  Writing prop_statics
19:09:57.333 INFO  Writing env_cubemaps
19:09:57.333 INFO  Writing func_ladders
19:09:57.334 INFO  Finished decompiling C:\Program Files (x86)\Steam\steamapps\common\Portal 2\portal2\maps\mp_coop_come_along.bsp.
