19:09:54.333 INFO  Loading C:\Program Files (x86)\Steam\steamapps\common\Portal 2\portal2\maps\mp_coop_fling_3.bsp
19:09:54.364 INFO  Using 'DStaticPropV9' for sprp version 9
19:09:54.366 WARN  Lump LUMP_DISPINFO is empty
19:09:54.367 WARN  Lump LUMP_DISP_VERTS is empty
19:09:54.367 WARN  Lump LUMP_DISP_TRIS is empty
19:09:54.367 WARN  Lump LUMP_DISP_MULTIBLEND is empty
19:09:54.368 INFO  BSP version: 21
19:09:54.368 INFO  Game: Portal 2
19:09:54.369 INFO  Equal amount of areaporal entities and areaportal brushes. Using 'Ordered' method
19:09:54.369 INFO  No occluders to reallocate...
19:09:54.437 INFO  1629 (17.8%) exact brushside->origface matches
19:09:54.437 INFO  0/0 (nondisp/disp) original faces left after exact brushside->origface matching
19:09:54.460 INFO  137 (1.5%) partial brushside->origface matches
19:09:54.460 INFO  Writing brushes and planes
19:09:54.595 INFO  Writing displacements
19:09:54.595 INFO  Writing entities
19:09:54.637 INFO  Writing func_details
19:09:54.701 INFO  Writing func_viscluster
19:09:54.701 INFO  Writing info_overlays
19:09:54.702 INFO  Writing prop_statics
19:09:54.707 INFO  Writing env_cubemaps
19:09:54.707 INFO  Writing func_ladders
19:09:54.707 INFO  Finished decompiling C:\Program Files (x86)\Steam\steamapps\common\Portal 2\portal2\maps\mp_coop_fling_3.bsp.
