19:09:54.972 INFO  Loading C:\Program Files (x86)\Steam\steamapps\common\Portal 2\portal2\maps\mp_coop_teambts.bsp
19:09:55.004 INFO  Using 'DStaticPropV9' for sprp version 9
19:09:55.005 WARN  Lump LUMP_DISPINFO is empty
19:09:55.005 WARN  Lump LUMP_DISP_VERTS is empty
19:09:55.005 WARN  Lump LUMP_DISP_TRIS is empty
19:09:55.005 WARN  Lump LUMP_DISP_MULTIBLEND is empty
19:09:55.005 INFO  BSP version: 21
19:09:55.005 INFO  Game: Portal 2
19:09:55.007 INFO  Equal amount of areaporal entities and areaportal brushes. Using 'Ordered' method
19:09:55.007 INFO  No occluders to reallocate...
19:09:55.017 INFO  491 (30.1%) exact brushside->origface matches
19:09:55.018 INFO  0/0 (nondisp/disp) original faces left after exact brushside->origface matching
19:09:55.021 INFO  39 (2.4%) partial brushside->origface matches
19:09:55.021 INFO  Writing brushes and planes
19:09:55.059 INFO  Writing displacements
19:09:55.059 INFO  Writing entities
19:09:55.074 INFO  Writing func_details
19:09:55.101 INFO  Writing func_viscluster
19:09:55.101 INFO  Writing info_overlays
19:09:55.103 INFO  Writing prop_statics
19:09:55.115 INFO  Writing env_cubemaps
19:09:55.115 INFO  Writing func_ladders
19:09:55.115 INFO  Finished decompiling C:\Program Files (x86)\Steam\steamapps\common\Portal 2\portal2\maps\mp_coop_teambts.bsp.
