19:09:55.844 INFO  Loading C:\Program Files (x86)\Steam\steamapps\common\Portal 2\portal2\maps\mp_coop_turret_walls.bsp
19:09:55.922 INFO  Using 'DStaticPropV9' for sprp version 9
19:09:55.928 WARN  Lump LUMP_DISPINFO is empty
19:09:55.928 WARN  Lump LUMP_DISP_VERTS is empty
19:09:55.928 WARN  Lump LUMP_DISP_TRIS is empty
19:09:55.928 WARN  Lump LUMP_DISP_MULTIBLEND is empty
19:09:55.930 INFO  BSP version: 21
19:09:55.930 INFO  Game: Portal 2
19:09:55.931 INFO  Equal amount of areaporal entities and areaportal brushes. Using 'Ordered' method
19:09:55.931 INFO  No occluders to reallocate...
19:09:56.003 INFO  2089 (17.9%) exact brushside->origface matches
19:09:56.003 INFO  2/0 (nondisp/disp) original faces left after exact brushside->origface matching
19:09:56.034 INFO  181 (1.6%) partial brushside->origface matches
19:09:56.035 INFO  Writing brushes and planes
19:09:56.192 INFO  Writing displacements
19:09:56.192 INFO  Writing entities
19:09:56.235 INFO  Writing func_details
19:09:56.291 INFO  Writing func_viscluster
19:09:56.292 INFO  Writing info_overlays
19:09:56.293 INFO  Writing prop_statics
19:09:56.299 INFO  Writing env_cubemaps
19:09:56.299 INFO  Writing func_ladders
19:09:56.299 INFO  Finished decompiling C:\Program Files (x86)\Steam\steamapps\common\Portal 2\portal2\maps\mp_coop_turret_walls.bsp.
