19:09:54.697 INFO  Loading C:\Program Files (x86)\Steam\steamapps\common\Portal 2\portal2\maps\mp_coop_paint_red_racer.bsp
19:09:54.733 INFO  Using 'DStaticPropV9' for sprp version 9
19:09:54.736 WARN  Lump LUMP_CLIPPORTALVERTS is empty
19:09:54.736 WARN  Lump LUMP_DISPINFO is empty
19:09:54.737 WARN  Lump LUMP_DISP_VERTS is empty
19:09:54.737 WARN  Lump LUMP_DISP_TRIS is empty
19:09:54.737 WARN  Lump LUMP_DISP_MULTIBLEND is empty
19:09:54.738 INFO  BSP version: 21
19:09:54.738 INFO  Game: Portal 2
19:09:54.739 INFO  No areaportals to reallocate...
19:09:54.739 INFO  No occluders to reallocate...
19:09:54.778 INFO  1501 (29.8%) exact brushside->origface matches
19:09:54.778 INFO  6/0 (nondisp/disp) original faces left after exact brushside->origface matching
19:09:54.790 INFO  120 (2.4%) partial brushside->origface matches
19:09:54.790 INFO  Writing brushes and planes
19:09:54.822 INFO  Writing displacements
19:09:54.822 INFO  Writing entities
19:09:54.837 INFO  Writing func_details
19:09:54.963 INFO  Writing func_viscluster
19:09:54.963 INFO  Writing info_overlays
19:09:54.963 INFO  Writing prop_statics
19:09:54.971 INFO  Writing env_cubemaps
19:09:54.972 INFO  Writing func_ladders
19:09:54.972 INFO  Finished decompiling C:\Program Files (x86)\Steam\steamapps\common\Portal 2\portal2\maps\mp_coop_paint_red_racer.bsp.
