19:09:54.241 INFO  Loading C:\Program Files (x86)\Steam\steamapps\common\Portal 2\portal2\maps\mp_coop_tbeam_polarity2.bsp
19:09:54.302 INFO  Using 'DStaticPropV9' for sprp version 9
19:09:54.307 WARN  Lump LUMP_CLIPPORTALVERTS is empty
19:09:54.307 WARN  Lump LUMP_DISPINFO is empty
19:09:54.307 WARN  Lump LUMP_DISP_VERTS is empty
19:09:54.307 WARN  Lump LUMP_DISP_TRIS is empty
19:09:54.307 WARN  Lump LUMP_DISP_MULTIBLEND is empty
19:09:54.309 INFO  BSP version: 21
19:09:54.310 INFO  Game: Portal 2
19:09:54.319 INFO  No areaportals to reallocate...
19:09:54.319 INFO  No occluders to reallocate...
19:09:54.347 INFO  1312 (19.4%) exact brushside->origface matches
19:09:54.347 INFO  0/0 (nondisp/disp) original faces left after exact brushside->origface matching
19:09:54.379 INFO  108 (1.6%) partial brushside->origface matches
19:09:54.379 INFO  Writing brushes and planes
19:09:54.491 INFO  Writing displacements
19:09:54.491 INFO  Writing entities
19:09:54.511 INFO  Writing func_details
19:09:54.607 INFO  Writing func_viscluster
19:09:54.607 INFO  Writing info_overlays
19:09:54.608 INFO  Writing prop_statics
19:09:54.622 INFO  Writing env_cubemaps
19:09:54.623 INFO  Writing func_ladders
19:09:54.624 INFO  Finished decompiling C:\Program Files (x86)\Steam\steamapps\common\Portal 2\portal2\maps\mp_coop_tbeam_polarity2.bsp.
