19:09:54.624 INFO  Loading C:\Program Files (x86)\Steam\steamapps\common\Portal 2\portal2\maps\mp_coop_paint_speed_fling.bsp
19:09:54.701 INFO  Using 'DStaticPropV9' for sprp version 9
19:09:54.704 WARN  Lump LUMP_DISPINFO is empty
19:09:54.705 WARN  Lump LUMP_DISP_VERTS is empty
19:09:54.705 WARN  Lump LUMP_DISP_TRIS is empty
19:09:54.705 WARN  Lump LUMP_DISP_MULTIBLEND is empty
19:09:54.707 INFO  BSP version: 21
19:09:54.707 INFO  Game: Portal 2
19:09:54.719 INFO  Equal amount of areaporal entities and areaportal brushes. Using 'Ordered' method
19:09:54.719 INFO  No occluders to reallocate...
19:09:54.809 INFO  2273 (30.9%) exact brushside->origface matches
19:09:54.809 INFO  8/0 (nondisp/disp) original faces left after exact brushside->origface matching
19:09:54.824 INFO  199 (2.7%) partial brushside->origface matches
19:09:54.824 INFO  Writing brushes and planes
19:09:55.018 INFO  Writing displacements
19:09:55.018 INFO  Writing entities
19:09:55.053 INFO  Writing func_details
19:09:55.154 INFO  Writing func_viscluster
19:09:55.154 INFO  Writing info_overlays
19:09:55.155 INFO  Writing prop_statics
19:09:55.167 INFO  Writing env_cubemaps
19:09:55.167 INFO  Writing func_ladders
19:09:55.167 INFO  Finished decompiling C:\Program Files (x86)\Steam\steamapps\common\Portal 2\portal2\maps\mp_coop_paint_speed_fling.bsp.
