19:09:55.435 INFO  Loading C:\Program Files (x86)\Steam\steamapps\common\Portal 2\portal2\maps\mp_coop_turret_ball.bsp
19:09:55.501 INFO  Using 'DStaticPropV9' for sprp version 9
19:09:55.505 WARN  Lump LUMP_DISPINFO is empty
19:09:55.505 WARN  Lump LUMP_DISP_VERTS is empty
19:09:55.505 WARN  Lump LUMP_DISP_TRIS is empty
19:09:55.505 WARN  Lump LUMP_DISP_MULTIBLEND is empty
19:09:55.508 INFO  BSP version: 21
19:09:55.508 INFO  Game: Portal 2
19:09:55.509 INFO  Equal amount of areaporal entities and areaportal brushes. Using 'Ordered' method
19:09:55.509 INFO  No occluders to reallocate...
19:09:55.547 INFO  2177 (20.4%) exact brushside->origface matches
19:09:55.547 INFO  3/0 (nondisp/disp) original faces left after exact brushside->origface matching
19:09:55.566 INFO  176 (1.7%) partial brushside->origface matches
19:09:55.566 INFO  Writing brushes and planes
19:09:55.652 INFO  Writing displacements
19:09:55.652 INFO  Writing entities
19:09:55.693 INFO  Writing func_details
19:09:55.831 INFO  Writing func_viscluster
19:09:55.831 INFO  Writing info_overlays
19:09:55.833 INFO  Writing prop_statics
19:09:55.843 INFO  Writing env_cubemaps
19:09:55.843 INFO  Writing func_ladders
19:09:55.844 INFO  Finished decompiling C:\Program Files (x86)\Steam\steamapps\common\Portal 2\portal2\maps\mp_coop_turret_ball.bsp.
