19:09:56.092 INFO  Loading C:\Program Files (x86)\Steam\steamapps\common\Portal 2\portal2\maps\mp_coop_paint_speed_catch.bsp
19:09:56.120 INFO  Using 'DStaticPropV9' for sprp version 9
19:09:56.122 WARN  Lump LUMP_CLIPPORTALVERTS is empty
19:09:56.122 WARN  Lump LUMP_DISPINFO is empty
19:09:56.122 WARN  Lump LUMP_DISP_VERTS is empty
19:09:56.122 WARN  Lump LUMP_DISP_TRIS is empty
19:09:56.122 WARN  Lump LUMP_DISP_MULTIBLEND is empty
19:09:56.123 INFO  BSP version: 21
19:09:56.123 INFO  Game: Portal 2
19:09:56.124 INFO  No areaportals to reallocate...
19:09:56.124 INFO  No occluders to reallocate...
19:09:56.143 INFO  1599 (31.4%) exact brushside->origface matches
19:09:56.143 INFO  1/0 (nondisp/disp) original faces left after exact brushside->origface matching
19:09:56.187 INFO  115 (2.3%) partial brushside->origface matches
19:09:56.187 INFO  Writing brushes and planes
19:09:56.207 INFO  Writing displacements
19:09:56.208 INFO  Writing entities
19:09:56.227 INFO  Writing func_details
19:09:56.263 INFO  Writing func_viscluster
19:09:56.264 INFO  Writing info_overlays
19:09:56.264 INFO  Writing prop_statics
19:09:56.272 INFO  Writing env_cubemaps
19:09:56.272 INFO  Writing func_ladders
19:09:56.272 INFO  Finished decompiling C:\Program Files (x86)\Steam\steamapps\common\Portal 2\portal2\maps\mp_coop_paint_speed_catch.bsp.
