19:09:55.138 INFO  Loading C:\Program Files (x86)\Steam\steamapps\common\Portal 2\portal2\maps\mp_coop_wall_5.bsp
19:09:55.163 INFO  Using 'DStaticPropV9' for sprp version 9
19:09:55.165 WARN  Lump LUMP_DISPINFO is empty
19:09:55.166 WARN  Lump LUMP_DISP_VERTS is empty
19:09:55.166 WARN  Lump LUMP_DISP_TRIS is empty
19:09:55.166 WARN  Lump LUMP_DISP_MULTIBLEND is empty
19:09:55.167 INFO  BSP version: 21
19:09:55.167 INFO  Game: Portal 2
19:09:55.168 INFO  Equal amount of areaporal entities and areaportal brushes. Using 'Ordered' method
19:09:55.168 INFO  No occluders to reallocate...
19:09:55.228 INFO  1591 (32.8%) exact brushside->origface matches
19:09:55.228 INFO  0/0 (nondisp/disp) original faces left after exact brushside->origface matching
19:09:55.240 INFO  551 (11.3%) partial brushside->origface matches
19:09:55.240 INFO  Writing brushes and planes
19:09:55.292 INFO  Writing displacements
19:09:55.292 INFO  Writing entities
19:09:55.320 INFO  Writing func_details
19:09:55.371 INFO  Writing func_viscluster
19:09:55.371 INFO  Writing info_overlays
19:09:55.373 INFO  Writing prop_statics
19:09:55.396 INFO  Writing env_cubemaps
19:09:55.397 INFO  Writing func_ladders
19:09:55.397 INFO  Finished decompiling C:\Program Files (x86)\Steam\steamapps\common\Portal 2\portal2\maps\mp_coop_wall_5.bsp.
