19:09:56.213 INFO  Loading C:\Program Files (x86)\Steam\steamapps\common\Portal 2\portal2\maps\mp_coop_catapult_wall_intro.bsp
19:09:56.290 INFO  Using 'DStaticPropV9' for sprp version 9
19:09:56.293 WARN  Lump LUMP_DISPINFO is empty
19:09:56.293 WARN  Lump LUMP_DISP_VERTS is empty
19:09:56.294 WARN  Lump LUMP_DISP_TRIS is empty
19:09:56.294 WARN  Lump LUMP_DISP_MULTIBLEND is empty
19:09:56.295 INFO  BSP version: 21
19:09:56.295 INFO  Game: Portal 2
19:09:56.295 INFO  Equal amount of areaporal entities and areaportal brushes. Using 'Ordered' method
19:09:56.296 INFO  No occluders to reallocate...
19:09:56.332 INFO  1926 (21.2%) exact brushside->origface matches
19:09:56.332 INFO  4/0 (nondisp/disp) original faces left after exact brushside->origface matching
19:09:56.351 INFO  163 (1.8%) partial brushside->origface matches
19:09:56.351 INFO  Writing brushes and planes
19:09:56.463 INFO  Writing displacements
19:09:56.463 INFO  Writing entities
19:09:56.489 INFO  Writing func_details
19:09:56.587 INFO  Writing func_viscluster
19:09:56.587 INFO  Writing info_overlays
19:09:56.588 INFO  Writing prop_statics
19:09:56.593 INFO  Writing env_cubemaps
19:09:56.593 INFO  Writing func_ladders
19:09:56.594 INFO  Finished decompiling C:\Program Files (x86)\Steam\steamapps\common\Portal 2\portal2\maps\mp_coop_catapult_wall_intro.bsp.
