19:09:54.303 INFO  Loading C:\Program Files (x86)\Steam\steamapps\common\Portal 2\portal2\maps\mp_coop_doors.bsp
19:09:54.438 INFO  Using 'DStaticPropV9' for sprp version 9
19:09:54.440 WARN  Lump LUMP_CLIPPORTALVERTS is empty
19:09:54.440 WARN  Lump LUMP_DISPINFO is empty
19:09:54.440 WARN  Lump LUMP_DISP_VERTS is empty
19:09:54.440 WARN  Lump LUMP_DISP_TRIS is empty
19:09:54.440 WARN  Lump LUMP_DISP_MULTIBLEND is empty
19:09:54.441 INFO  BSP version: 21
19:09:54.441 INFO  Game: Portal 2
19:09:54.442 INFO  No areaportals to reallocate...
19:09:54.442 INFO  No occluders to reallocate...
19:09:54.468 INFO  1310 (18.1%) exact brushside->origface matches
19:09:54.468 INFO  1/0 (nondisp/disp) original faces left after exact brushside->origface matching
19:09:54.487 INFO  130 (1.8%) partial brushside->origface matches
19:09:54.489 INFO  Writing brushes and planes
19:09:54.569 INFO  Writing displacements
19:09:54.569 INFO  Writing entities
19:09:54.614 INFO  Writing func_details
19:09:54.721 INFO  Writing func_viscluster
19:09:54.721 INFO  Writing info_overlays
19:09:54.722 INFO  Writing prop_statics
19:09:54.727 INFO  Writing env_cubemaps
19:09:54.727 INFO  Writing func_ladders
19:09:54.728 INFO  Finished decompiling C:\Program Files (x86)\Steam\steamapps\common\Portal 2\portal2\maps\mp_coop_doors.bsp.
