19:09:52.463 INFO  Loading C:\Program Files (x86)\Steam\steamapps\common\Portal 2\portal2\maps\mp_coop_wall_block.bsp
19:09:52.814 INFO  Using 'DStaticPropV9' for sprp version 9
19:09:52.887 WARN  Lump LUMP_DISPINFO is empty
19:09:52.887 WARN  Lump LUMP_DISP_VERTS is empty
19:09:52.888 WARN  Lump LUMP_DISP_TRIS is empty
19:09:52.888 WARN  Lump LUMP_DISP_MULTIBLEND is empty
19:09:52.910 INFO  BSP version: 21
19:09:52.911 INFO  Game: Portal 2
19:09:52.925 INFO  Equal amount of areaporal entities and areaportal brushes. Using 'Ordered' method
19:09:52.929 INFO  No occluders to reallocate...
19:09:53.399 INFO  2288 (14.2%) exact brushside->origface matches
19:09:53.400 INFO  2/0 (nondisp/disp) original faces left after exact brushside->origface matching
19:09:53.525 INFO  358 (2.2%) partial brushside->origface matches
19:09:53.525 INFO  Writing brushes and planes
19:09:54.138 INFO  Writing displacements
19:09:54.138 INFO  Writing entities
19:09:54.307 INFO  Writing func_details
19:09:54.377 INFO  Writing func_viscluster
19:09:54.378 INFO  Writing info_overlays
19:09:54.379 INFO  Writing prop_statics
19:09:54.419 INFO  Writing env_cubemaps
19:09:54.419 INFO  Writing func_ladders
19:09:54.420 INFO  Finished decompiling C:\Program Files (x86)\Steam\steamapps\common\Portal 2\portal2\maps\mp_coop_wall_block.bsp.
