19:09:55.282 INFO  Loading C:\Program Files (x86)\Steam\steamapps\common\Portal 2\portal2\maps\mp_coop_tbeam_end.bsp
19:09:55.332 INFO  Using 'DStaticPropV9' for sprp version 9
19:09:55.338 WARN  Lump LUMP_DISPINFO is empty
19:09:55.338 WARN  Lump LUMP_DISP_VERTS is empty
19:09:55.339 WARN  Lump LUMP_DISP_TRIS is empty
19:09:55.339 WARN  Lump LUMP_DISP_MULTIBLEND is empty
19:09:55.340 INFO  BSP version: 21
19:09:55.340 INFO  Game: Portal 2
19:09:55.341 INFO  Equal amount of areaporal entities and areaportal brushes. Using 'Ordered' method
19:09:55.341 INFO  No occluders to reallocate...
19:09:55.382 INFO  2414 (22.5%) exact brushside->origface matches
19:09:55.382 INFO  0/0 (nondisp/disp) original faces left after exact brushside->origface matching
19:09:55.402 INFO  172 (1.6%) partial brushside->origface matches
19:09:55.402 INFO  Writing brushes and planes
19:09:55.552 INFO  Writing displacements
19:09:55.552 INFO  Writing entities
19:09:55.595 INFO  Writing func_details
19:09:55.632 INFO  Writing func_viscluster
19:09:55.633 INFO  Writing info_overlays
19:09:55.633 INFO  Writing prop_statics
19:09:55.648 INFO  Writing env_cubemaps
19:09:55.648 INFO  Writing func_ladders
19:09:55.648 INFO  Finished decompiling C:\Program Files (x86)\Steam\steamapps\common\Portal 2\portal2\maps\mp_coop_tbeam_end.bsp.
