19:09:54.808 INFO  Loading C:\Program Files (x86)\Steam\steamapps\common\Portal 2\portal2\maps\mp_coop_fan.bsp
19:09:54.917 INFO  Using 'DStaticPropV9' for sprp version 9
19:09:54.921 WARN  Lump LUMP_DISP_MULTIBLEND is empty
19:09:54.922 INFO  BSP version: 21
19:09:54.922 INFO  Game: Portal 2
19:09:54.923 INFO  Equal amount of areaporal entities and areaportal brushes. Using 'Ordered' method
19:09:54.923 INFO  No occluders to reallocate...
19:09:54.992 INFO  1878 (25.7%) exact brushside->origface matches
19:09:54.992 INFO  0/24 (nondisp/disp) original faces left after exact brushside->origface matching
19:09:55.020 INFO  394 (5.4%) partial brushside->origface matches
19:09:55.020 INFO  Writing brushes and planes
19:09:55.061 INFO  Writing displacements
19:09:55.066 INFO  Writing entities
19:09:55.090 INFO  Writing func_details
19:09:55.235 INFO  Writing func_viscluster
19:09:55.235 INFO  Writing info_overlays
19:09:55.239 INFO  Writing prop_statics
19:09:55.278 INFO  Writing env_cubemaps
19:09:55.278 INFO  Writing func_ladders
19:09:55.279 INFO  Finished decompiling C:\Program Files (x86)\Steam\steamapps\common\Portal 2\portal2\maps\mp_coop_fan.bsp.
