19:09:57.033 INFO  Loading C:\Program Files (x86)\Steam\steamapps\common\Portal 2\portal2\maps\mp_coop_race_2.bsp
19:09:57.080 INFO  Using 'DStaticPropV9' for sprp version 9
19:09:57.081 WARN  Lump LUMP_DISPINFO is empty
19:09:57.081 WARN  Lump LUMP_DISP_VERTS is empty
19:09:57.082 WARN  Lump LUMP_DISP_TRIS is empty
19:09:57.082 WARN  Lump LUMP_DISP_MULTIBLEND is empty
19:09:57.083 INFO  BSP version: 21
19:09:57.083 INFO  Game: Portal 2
19:09:57.084 INFO  Equal amount of areaporal entities and areaportal brushes. Using 'Ordered' method
19:09:57.084 INFO  No occluders to reallocate...
19:09:57.124 INFO  1760 (17.8%) exact brushside->origface matches
19:09:57.124 INFO  1/0 (nondisp/disp) original faces left after exact brushside->origface matching
19:09:57.141 INFO  173 (1.7%) partial brushside->origface matches
19:09:57.141 INFO  Writing brushes and planes
19:09:57.267 INFO  Writing displacements
19:09:57.267 INFO  Writing entities
19:09:57.316 INFO  Writing func_details
19:09:57.366 INFO  Writing func_viscluster
19:09:57.366 INFO  Writing info_overlays
19:09:57.367 INFO  Writing prop_statics
19:09:57.372 INFO  Writing env_cubemaps
19:09:57.372 INFO  Writing func_ladders
19:09:57.372 INFO  Finished decompiling C:\Program Files (x86)\Steam\steamapps\common\Portal 2\portal2\maps\mp_coop_race_2.bsp.
