19:09:55.945 INFO  Loading C:\Program Files (x86)\Steam\steamapps\common\Portal 2\portal2\maps\mp_coop_fling_crushers.bsp
19:09:56.051 INFO  Using 'DStaticPropV9' for sprp version 9
19:09:56.055 WARN  Lump LUMP_CLIPPORTALVERTS is empty
19:09:56.055 WARN  Lump LUMP_DISPINFO is empty
19:09:56.055 WARN  Lump LUMP_DISP_VERTS is empty
19:09:56.055 WARN  Lump LUMP_DISP_TRIS is empty
19:09:56.055 WARN  Lump LUMP_DISP_MULTIBLEND is empty
19:09:56.058 INFO  BSP version: 21
19:09:56.058 INFO  Game: Portal 2
19:09:56.060 INFO  No areaportals to reallocate...
19:09:56.060 INFO  No occluders to reallocate...
19:09:56.095 INFO  1619 (20.2%) exact brushside->origface matches
19:09:56.095 INFO  0/0 (nondisp/disp) original faces left after exact brushside->origface matching
19:09:56.113 INFO  196 (2.4%) partial brushside->origface matches
19:09:56.113 INFO  Writing brushes and planes
19:09:56.224 INFO  Writing displacements
19:09:56.224 INFO  Writing entities
19:09:56.251 INFO  Writing func_details
19:09:56.308 INFO  Writing func_viscluster
19:09:56.308 INFO  Writing info_overlays
19:09:56.310 INFO  Writing prop_statics
19:09:56.320 INFO  Writing env_cubemaps
19:09:56.320 INFO  Writing func_ladders
19:09:56.321 INFO  Finished decompiling C:\Program Files (x86)\Steam\steamapps\common\Portal 2\portal2\maps\mp_coop_fling_crushers.bsp.
