19:09:55.037 INFO  Loading C:\Program Files (x86)\Steam\steamapps\common\Portal 2\portal2\maps\mp_coop_fling_1.bsp
19:09:55.058 INFO  Using 'DStaticPropV9' for sprp version 9
19:09:55.060 WARN  Lump LUMP_DISPINFO is empty
19:09:55.060 WARN  Lump LUMP_DISP_VERTS is empty
19:09:55.060 WARN  Lump LUMP_DISP_TRIS is empty
19:09:55.060 WARN  Lump LUMP_DISP_MULTIBLEND is empty
19:09:55.061 INFO  BSP version: 21
19:09:55.061 INFO  Game: Portal 2
19:09:55.062 INFO  Equal amount of areaporal entities and areaportal brushes. Using 'Ordered' method
19:09:55.062 INFO  No occluders to reallocate...
19:09:55.091 INFO  1172 (19.4%) exact brushside->origface matches
19:09:55.091 INFO  0/0 (nondisp/disp) original faces left after exact brushside->origface matching
19:09:55.104 INFO  112 (1.9%) partial brushside->origface matches
19:09:55.105 INFO  Writing brushes and planes
19:09:55.260 INFO  Writing displacements
19:09:55.260 INFO  Writing entities
19:09:55.288 INFO  Writing func_details
19:09:55.339 INFO  Writing func_viscluster
19:09:55.339 INFO  Writing info_overlays
19:09:55.340 INFO  Writing prop_statics
19:09:55.345 INFO  Writing env_cubemaps
19:09:55.345 INFO  Writing func_ladders
19:09:55.345 INFO  Finished decompiling C:\Program Files (x86)\Steam\steamapps\common\Portal 2\portal2\maps\mp_coop_fling_1.bsp.
