19:09:53.832 INFO  Loading C:\Program Files (x86)\Steam\steamapps\common\Portal 2\portal2\maps\mp_coop_credits.bsp
19:09:53.895 INFO  Using 'DStaticPropV9' for sprp version 9
19:09:53.895 WARN  Lump LUMP_CLIPPORTALVERTS is empty
19:09:53.895 WARN  Lump LUMP_DISPINFO is empty
19:09:53.895 WARN  Lump LUMP_DISP_VERTS is empty
19:09:53.896 WARN  Lump LUMP_DISP_TRIS is empty
19:09:53.896 WARN  Lump LUMP_DISP_MULTIBLEND is empty
19:09:53.896 WARN  Lump LUMP_OVERLAYS is empty
19:09:53.896 WARN  Lump LUMP_OVERLAY_FADES is empty
19:09:53.897 WARN  Lump LUMP_OVERLAY_SYSTEM_LEVELS is empty
19:09:53.898 INFO  BSP version: 21
19:09:53.898 INFO  Game: Portal 2
19:09:53.899 INFO  No areaportals to reallocate...
19:09:53.899 INFO  No occluders to reallocate...
19:09:53.904 INFO  212 (33.7%) exact brushside->origface matches
19:09:53.904 INFO  0/0 (nondisp/disp) original faces left after exact brushside->origface matching
19:09:53.908 INFO  6 (1.0%) partial brushside->origface matches
19:09:53.908 INFO  Writing brushes and planes
19:09:53.918 INFO  Writing displacements
19:09:53.918 INFO  Writing entities
19:09:53.955 INFO  Writing func_details
19:09:53.962 INFO  Writing func_viscluster
19:09:53.963 INFO  Writing info_overlays
19:09:53.963 INFO  Writing prop_statics
19:09:53.968 INFO  Writing env_cubemaps
19:09:53.968 INFO  Writing func_ladders
19:09:53.969 INFO  Finished decompiling C:\Program Files (x86)\Steam\steamapps\common\Portal 2\portal2\maps\mp_coop_credits.bsp.
