19:09:56.113 INFO  Loading C:\Program Files (x86)\Steam\steamapps\common\Portal 2\portal2\maps\mp_coop_paint_bridge.bsp
19:09:56.228 INFO  Using 'DStaticPropV9' for sprp version 9
19:09:56.232 WARN  Lump LUMP_DISPINFO is empty
19:09:56.232 WARN  Lump LUMP_DISP_VERTS is empty
19:09:56.232 WARN  Lump LUMP_DISP_TRIS is empty
19:09:56.232 WARN  Lump LUMP_DISP_MULTIBLEND is empty
19:09:56.233 INFO  BSP version: 21
19:09:56.233 INFO  Game: Portal 2
19:09:56.234 INFO  Equal amount of areaporal entities and areaportal brushes. Using 'Ordered' method
19:09:56.235 INFO  No occluders to reallocate...
19:09:56.260 INFO  2072 (31.3%) exact brushside->origface matches
19:09:56.260 INFO  1/0 (nondisp/disp) original faces left after exact brushside->origface matching
19:09:56.273 INFO  216 (3.3%) partial brushside->origface matches
19:09:56.273 INFO  Writing brushes and planes
19:09:56.330 INFO  Writing displacements
19:09:56.331 INFO  Writing entities
19:09:56.349 INFO  Writing func_details
19:09:56.401 INFO  Writing func_viscluster
19:09:56.401 INFO  Writing info_overlays
19:09:56.402 INFO  Writing prop_statics
19:09:56.426 INFO  Writing env_cubemaps
19:09:56.426 INFO  Writing func_ladders
19:09:56.427 INFO  Finished decompiling C:\Program Files (x86)\Steam\steamapps\common\Portal 2\portal2\maps\mp_coop_paint_bridge.bsp.
