19:09:55.335 INFO  Loading C:\Program Files (x86)\Steam\steamapps\common\Portal 2\portal2\maps\mp_coop_tbeam_redirect.bsp
19:09:55.553 INFO  Using 'DStaticPropV9' for sprp version 9
19:09:55.555 WARN  Lump LUMP_CLIPPORTALVERTS is empty
19:09:55.555 WARN  Lump LUMP_DISPINFO is empty
19:09:55.555 WARN  Lump LUMP_DISP_VERTS is empty
19:09:55.555 WARN  Lump LUMP_DISP_TRIS is empty
19:09:55.555 WARN  Lump LUMP_DISP_MULTIBLEND is empty
19:09:55.558 INFO  BSP version: 21
19:09:55.558 INFO  Game: Portal 2
19:09:55.558 INFO  No areaportals to reallocate...
19:09:55.559 INFO  No occluders to reallocate...
19:09:55.601 INFO  2320 (23.9%) exact brushside->origface matches
19:09:55.601 INFO  0/0 (nondisp/disp) original faces left after exact brushside->origface matching
19:09:55.620 INFO  243 (2.5%) partial brushside->origface matches
19:09:55.620 INFO  Writing brushes and planes
19:09:55.692 INFO  Writing displacements
19:09:55.692 INFO  Writing entities
19:09:55.792 INFO  Writing func_details
19:09:55.912 INFO  Writing func_viscluster
19:09:55.913 INFO  Writing info_overlays
19:09:55.914 INFO  Writing prop_statics
19:09:55.944 INFO  Writing env_cubemaps
19:09:55.944 INFO  Writing func_ladders
19:09:55.944 INFO  Finished decompiling C:\Program Files (x86)\Steam\steamapps\common\Portal 2\portal2\maps\mp_coop_tbeam_redirect.bsp.
