19:09:54.630 INFO  Loading C:\Program Files (x86)\Steam\steamapps\common\Portal 2\portal2\maps\mp_coop_paint_redirect.bsp
19:09:54.709 INFO  Using 'DStaticPropV9' for sprp version 9
19:09:54.712 WARN  Lump LUMP_CLIPPORTALVERTS is empty
19:09:54.712 WARN  Lump LUMP_DISPINFO is empty
19:09:54.712 WARN  Lump LUMP_DISP_VERTS is empty
19:09:54.712 WARN  Lump LUMP_DISP_TRIS is empty
19:09:54.712 WARN  Lump LUMP_DISP_MULTIBLEND is empty
19:09:54.714 INFO  BSP version: 21
19:09:54.714 INFO  Game: Portal 2
19:09:54.715 INFO  No areaportals to reallocate...
19:09:54.715 INFO  No occluders to reallocate...
19:09:54.754 INFO  1874 (30.7%) exact brushside->origface matches
19:09:54.755 INFO  14/0 (nondisp/disp) original faces left after exact brushside->origface matching
19:09:54.770 INFO  149 (2.4%) partial brushside->origface matches
19:09:54.770 INFO  Writing brushes and planes
19:09:54.807 INFO  Writing displacements
19:09:54.807 INFO  Writing entities
19:09:54.830 INFO  Writing func_details
19:09:54.985 INFO  Writing func_viscluster
19:09:54.985 INFO  Writing info_overlays
19:09:54.987 INFO  Writing prop_statics
19:09:55.002 INFO  Writing env_cubemaps
19:09:55.002 INFO  Writing func_ladders
19:09:55.003 INFO  Finished decompiling C:\Program Files (x86)\Steam\steamapps\common\Portal 2\portal2\maps\mp_coop_paint_redirect.bsp.
