


materialPath: C:\Program Files (x86)\Steam\steamapps\common\Portal 2\portal2\materials
Loading a:\#portal2remastered\p2asw\game\portal2asw\mapsrc\paradise.vmf
Could not locate GameData file portal2.fgd
fixing up env_cubemap materials on brush sides...
0...1...2...3...4...5...6...7...8...9...100...1...2...3...4...5...6...7...8...9...10Processing areas...done (0)
Building Faces...done (0)
FixTjuncs...
PruneNodes...
WriteBSP...
done (0)
writing a:\#portal2remastered\p2asw\game\portal2asw\mapsrc\paradise.prt...Building visibility clusters...
done (0)
Finding displacement neighbors...
Finding lightmap sample positions...
Displacement Alpha : 0...1...2...3...4...5...6...7...8...9...10
Building Physics collision data...
done (0) (3341 bytes)
Placing detail props : 0...1...2...3...4...5...6...7...8...9...10
Water found with no water_lod_control entity, creating a default one.
Compacting texture/material tables...
Reduced 22 texinfos to 9
Reduced 6 texdatas to 5 (151 bytes to 109)
Writing a:\#portal2remastered\p2asw\game\portal2asw\mapsrc\paradise.bsp
0 seconds elapsed



32 threads
reading a:\#portal2remastered\p2asw\game\portal2asw\mapsrc\paradise.bsp
reading a:\#portal2remastered\p2asw\game\portal2asw\mapsrc\paradise.prt
  58 portalclusters
 145 numportals
0...1...2...3...4...5...6...7...8...9...100...1...2...3...4...5...6...7...8...9...10Optimized: 0 visible clusters (0.00%)
Total clusters visible: 3362
Average clusters visible: 57
Building PAS...
Average clusters audible: 58
visdatasize:1396  compressed from 928
writing a:\#portal2remastered\p2asw\game\portal2asw\mapsrc\paradise.bsp
0 seconds elapsed



[Reading texlights from 'lights.rad']
[59 texlights parsed from 'lights.rad']

Loading a:\#portal2remastered\p2asw\game\portal2asw\mapsrc\paradise.bsp
500 faces
712035 square feet [102533112.00 square inches]
0 Displacements
0 Square Feet [0.00 Square Inches]
500 patches before subdivision
35736 patches after subdivision
0 direct lights
0...1...2...3...4...5...6...7...8...9...100...1...2...3...4...5...6...7...8...9...10transfers 2645110, max 474
transfer lists:  20.2 megs
0...1...2...3...4...5...6...7...8...9...10	Bounce #1 added RGB(0, 0, 0)
Build Patch/Sample Hash Table(s).....Done<0.0072 sec>
0...1...2...3...4...5...6...7...8...9...10FinalLightFace Done
0 of 0 (0% of) surface lights went in leaf ambient cubes.
0...1...2...3...4...5...6...7...8...9...10Writing leaf ambient...done
Computing static prop lighting : 00...1...2...3...4...5...6...7...8...9...10
Ready to Finish

Object names       Objects/Maxobjs  Memory / Maxmem  Fullness 
------------       ---------------  ---------------  -------- 
models                   1/1024           48/49152    ( 0.1%) 
brushes                  8/8192           96/98304    ( 0.1%) 
brushsides              48/65536         384/524288   ( 0.1%) 
planes                  74/65536        1480/1310720  ( 0.1%) 
vertexes               355/65536        4260/786432   ( 0.5%) 
nodes                  156/65536        4992/2097152  ( 0.2%) 
texinfos                 9/12288         648/884736   ( 0.1%) 
texdata                  5/2048          160/65536    ( 0.2%) 
dispinfos                0/0               0/0        ( 0.0%) 
disp_verts               0/0               0/0        ( 0.0%) 
disp_tris                0/0               0/0        ( 0.0%) 
disp_multiblend          0/0               0/0        ( 0.0%) 
disp_lmsamples           0/0               0/0        ( 0.0%) 
faces                  500/65536       28000/3670016  ( 0.8%) 
hdr faces              500/65536       28000/3670016  ( 0.8%) 
origfaces               13/65536         728/3670016  ( 0.0%) 
leaves                 158/65536        5056/2097152  ( 0.2%) 
leaffaces              500/65536        1000/131072   ( 0.8%) 
leafbrushes            120/65536         240/131072   ( 0.2%) 
areas                    2/256            16/2048     ( 0.8%) 
surfedges             2212/512000       8848/2048000  ( 0.4%) 
edges                 1140/256000       4560/1024000  ( 0.4%) 
LDR worldlights          0/8192            0/819200   ( 0.0%) 
HDR worldlights          0/8192            0/819200   ( 0.0%) 
leafwaterdata            1/32768          12/393216   ( 0.0%) 
waterstrips             29/32768         290/327680   ( 0.1%) 
waterverts               0/65536           0/786432   ( 0.0%) 
waterindices           390/65536         780/131072   ( 0.6%) 
cubemapsamples           0/1024            0/16384    ( 0.0%) 
overlays                 0/512             0/180224   ( 0.0%) 
LDR lightdata         [variable]           0/0        ( 0.0%) 
HDR lightdata         [variable]     1933808/0        ( 0.0%) 
visdata               [variable]        1396/16777216 ( 0.0%) 
entdata               [variable]         429/0        ( 0.0%) 
LDR ambient table      158/65536         632/262144   ( 0.2%) 
HDR ambient table      158/65536         632/262144   ( 0.2%) 
LDR leaf ambient       158/65536        4424/1835008  ( 0.2%) 
HDR leaf ambient        58/65536        1624/1835008  ( 0.1%) 
occluders                0/0               0/0        ( 0.0%) 
occluder polygons        0/0               0/0        ( 0.0%) 
occluder vert ind        0/0               0/0        ( 0.0%) 
Prop Hull Verts          0/0               0/0        ( 0.0%) 
Prop Hull Blob        [variable]           0/0        ( 0.0%) 
Prop Hull Lists          0/0               0/0        ( 0.0%) 
Prop Hulls               0/0               0/0        ( 0.0%) 
Prop Hull trilist        0/0               0/0        ( 0.0%) 
detail props          [variable]           1/12       ( 8.3%) 
static props          [variable]           1/276      ( 0.4%) 
pakfile               [variable]      382021/0        ( 0.0%) 
physics               [variable]        3341/4194304  ( 0.1%) 
physics terrain       [variable]           2/1048576  ( 0.0%) 

Level flags = 2

Total triangle count: 1160
Writing a:\#portal2remastered\p2asw\game\portal2asw\mapsrc\paradise.bsp
3 seconds elapsed
