PRT1
58
145
4 0 4 (1968 1024 360 ) (1856 1024 360 ) (1856 1024 -936 ) (1968 1024 -936 ) 
4 0 3 (1856 1776 -936 ) (1856 1024 -936 ) (1856 1024 -128 ) (1856 1776 -128 ) 
4 0 2 (1856 1024 -128 ) (1856 1024 0 ) (1856 1776 0 ) (1856 1776 -128 ) 
4 0 1 (1856 1024 0 ) (1856 1024 360 ) (1856 1776 360 ) (1856 1776 0 ) 
4 1 8 (1024 1024 0 ) (1024 1024 360 ) (1024 1776 360 ) (1024 1776 0 ) 
4 1 5 (1856 1024 0 ) (1856 1024 360 ) (1024 1024 360 ) (1024 1024 0 ) 
4 1 2 (1856 1776 0 ) (1856 1024 0 ) (1024 1024 0 ) (1024 1776 0 ) 
4 2 9 (1024 1024 -128 ) (1024 1024 0 ) (1024 1776 0 ) (1024 1776 -128 ) 
4 2 6 (1856 1024 -128 ) (1856 1024 0 ) (1024 1024 0 ) (1024 1024 -128 ) 
4 2 3 (1024 1024 -128 ) (1024 1776 -128 ) (1856 1776 -128 ) (1856 1024 -128 ) 
4 3 10 (1024 1024 -936 ) (1024 1024 -128 ) (1024 1776 -128 ) (1024 1776 -936 ) 
4 3 7 (1856 1024 -936 ) (1856 1024 -128 ) (1024 1024 -128 ) (1024 1024 -936 ) 
4 4 29 (1968 0 360 ) (1856 0 360 ) (1856 0 -936 ) (1968 0 -936 ) 
4 4 7 (1856 0 -936 ) (1856 0 -128 ) (1856 1024 -128 ) (1856 1024 -936 ) 
4 4 5 (1856 0 0 ) (1856 0 360 ) (1856 1024 360 ) (1856 1024 0 ) 
4 4 6 (1856 0 -128 ) (1856 0 0 ) (1856 1024 0 ) (1856 1024 -128 ) 
4 5 30 (1856 0 0 ) (1856 0 360 ) (1024 0 360 ) (1024 0 0 ) 
4 5 14 (1024 0 0 ) (1024 0 360 ) (1024 1024 360 ) (1024 1024 0 ) 
4 5 6 (1856 1024 0 ) (1856 0 0 ) (1024 0 0 ) (1024 1024 0 ) 
4 6 31 (1856 0 -128 ) (1856 0 0 ) (1024 0 0 ) (1024 0 -128 ) 
4 6 15 (1024 0 -128 ) (1024 0 0 ) (1024 1024 0 ) (1024 1024 -128 ) 
4 6 7 (1024 0 -128 ) (1024 1024 -128 ) (1856 1024 -128 ) (1856 0 -128 ) 
4 7 32 (1856 0 -936 ) (1856 0 -128 ) (1024 0 -128 ) (1024 0 -936 ) 
4 7 16 (1024 0 -936 ) (1024 0 -128 ) (1024 1024 -128 ) (1024 1024 -936 ) 
4 8 14 (1024 1024 0 ) (1024 1024 360 ) (0 1024 360 ) (0 1024 0 ) 
4 8 11 (0 1776 0 ) (0 1024 0 ) (0 1024 360 ) (0 1776 360 ) 
4 8 9 (0 1024 0 ) (0 1776 0 ) (1024 1776 0 ) (1024 1024 0 ) 
4 9 15 (1024 1024 -128 ) (1024 1024 0 ) (0 1024 0 ) (0 1024 -128 ) 
4 9 12 (0 1776 -128 ) (0 1024 -128 ) (0 1024 0 ) (0 1776 0 ) 
4 9 10 (1024 1024 -128 ) (0 1024 -128 ) (0 1776 -128 ) (1024 1776 -128 ) 
4 10 16 (1024 1024 -936 ) (1024 1024 -128 ) (0 1024 -128 ) (0 1024 -936 ) 
4 10 13 (0 1776 -936 ) (0 1024 -936 ) (0 1024 -128 ) (0 1776 -128 ) 
4 11 23 (-1024 1024 0 ) (-1024 1024 360 ) (-1024 1776 360 ) (-1024 1776 0 ) 
4 11 19 (-960 1024 0 ) (-448 1024 0 ) (-448 1024 64 ) (-960 1024 64 ) 
4 11 18 (-448 1024 0 ) (0 1024 0 ) (0 1024 64 ) (-448 1024 64 ) 
4 11 20 (-1024 1024 64 ) (-1024 1024 0 ) (-960 1024 0 ) (-960 1024 64 ) 
4 11 17 (-1024 1024 360 ) (-1024 1024 64 ) (0 1024 64 ) (0 1024 360 ) 
4 11 12 (0 1024 0 ) (-1024 1024 0 ) (-1024 1776 0 ) (0 1776 0 ) 
4 12 24 (-1024 1024 -128 ) (-1024 1024 0 ) (-1024 1776 0 ) (-1024 1776 -128 ) 
4 12 21 (-1024 1024 0 ) (-1024 1024 -128 ) (0 1024 -128 ) (0 1024 0 ) 
4 12 13 (0 1776 -128 ) (0 1024 -128 ) (-1024 1024 -128 ) (-1024 1776 -128 ) 
4 13 25 (-1024 1024 -936 ) (-1024 1024 -128 ) (-1024 1776 -128 ) (-1024 1776 -936 ) 
4 13 22 (-1024 1024 -128 ) (-1024 1024 -936 ) (0 1024 -936 ) (0 1024 -128 ) 
4 14 37 (1024 0 0 ) (1024 0 360 ) (0 0 360 ) (0 0 0 ) 
4 14 18 (0 1024 64 ) (0 1024 0 ) (0 0 0 ) (0 0 64 ) 
4 14 17 (0 1024 360 ) (0 1024 64 ) (0 0 64 ) (0 0 360 ) 
4 14 15 (1024 0 0 ) (0 0 0 ) (0 1024 0 ) (1024 1024 0 ) 
4 15 38 (1024 0 -128 ) (1024 0 0 ) (0 0 0 ) (0 0 -128 ) 
4 15 21 (0 1024 0 ) (0 1024 -128 ) (0 0 -128 ) (0 0 0 ) 
4 15 16 (0 1024 -128 ) (1024 1024 -128 ) (1024 0 -128 ) (0 0 -128 ) 
4 16 39 (1024 0 -936 ) (1024 0 -128 ) (0 0 -128 ) (0 0 -936 ) 
4 16 22 (0 1024 -128 ) (0 1024 -936 ) (0 0 -936 ) (0 0 -128 ) 
4 17 40 (0 0 64 ) (0 0 360 ) (-1024 0 360 ) (-1024 0 64 ) 
4 17 26 (-1024 0 64 ) (-1024 0 360 ) (-1024 1024 360 ) (-1024 1024 64 ) 
4 17 19 (-960 1024 64 ) (-448 1024 64 ) (-448 192 64 ) (-960 192 64 ) 
4 17 18 (-448 1024 64 ) (0 1024 64 ) (0 0 64 ) (-448 0 64 ) 
4 17 20 (-1024 0 64 ) (-1024 1024 64 ) (-960 1024 64 ) (-960 0 64 ) 
4 18 41 (0 0 0 ) (0 0 64 ) (-448 0 64 ) (-448 0 0 ) 
4 18 19 (-448 1024 0 ) (-448 192 0 ) (-448 192 64 ) (-448 1024 64 ) 
4 18 21 (0 0 0 ) (-448 0 0 ) (-448 1024 0 ) (0 1024 0 ) 
4 19 21 (-960 192 0 ) (-960 1024 0 ) (-448 1024 0 ) (-448 192 0 ) 
4 19 20 (-960 1024 0 ) (-960 192 0 ) (-960 192 64 ) (-960 1024 64 ) 
4 20 43 (-960 0 64 ) (-1024 0 64 ) (-1024 0 0 ) (-960 0 0 ) 
4 20 26 (-1024 0 0 ) (-1024 0 64 ) (-1024 1024 64 ) (-1024 1024 0 ) 
4 20 21 (-960 0 0 ) (-1024 0 0 ) (-1024 1024 0 ) (-960 1024 0 ) 
4 21 44 (0 0 -128 ) (0 0 0 ) (-1024 0 0 ) (-1024 0 -128 ) 
4 21 27 (-1024 0 -128 ) (-1024 0 0 ) (-1024 1024 0 ) (-1024 1024 -128 ) 
4 21 22 (-1024 0 -128 ) (-1024 1024 -128 ) (0 1024 -128 ) (0 0 -128 ) 
4 22 45 (0 0 -936 ) (0 0 -128 ) (-1024 0 -128 ) (-1024 0 -936 ) 
4 22 28 (-1024 0 -936 ) (-1024 0 -128 ) (-1024 1024 -128 ) (-1024 1024 -936 ) 
4 23 26 (-1024 1024 0 ) (-1024 1024 360 ) (-1776 1024 360 ) (-1776 1024 0 ) 
4 23 24 (-1024 1776 0 ) (-1024 1024 0 ) (-1776 1024 0 ) (-1776 1776 0 ) 
4 24 27 (-1024 1024 -128 ) (-1024 1024 0 ) (-1776 1024 0 ) (-1776 1024 -128 ) 
4 24 25 (-1024 1024 -128 ) (-1776 1024 -128 ) (-1776 1776 -128 ) (-1024 1776 -128 ) 
4 25 28 (-1024 1024 -936 ) (-1024 1024 -128 ) (-1776 1024 -128 ) (-1776 1024 -936 ) 
4 26 52 (-1024 0 0 ) (-1024 0 360 ) (-1776 0 360 ) (-1776 0 0 ) 
4 26 27 (-1776 1024 0 ) (-1024 1024 0 ) (-1024 0 0 ) (-1776 0 0 ) 
4 27 53 (-1024 0 -128 ) (-1024 0 0 ) (-1776 0 0 ) (-1776 0 -128 ) 
4 27 28 (-1024 0 -128 ) (-1776 0 -128 ) (-1776 1024 -128 ) (-1024 1024 -128 ) 
4 28 54 (-1024 0 -936 ) (-1024 0 -128 ) (-1776 0 -128 ) (-1776 0 -936 ) 
4 29 33 (1968 -1024 360 ) (1856 -1024 360 ) (1856 -1024 -936 ) (1968 -1024 -936 ) 
4 29 32 (1856 -1024 -936 ) (1856 -1024 -128 ) (1856 0 -128 ) (1856 0 -936 ) 
4 29 30 (1856 -1024 0 ) (1856 -1024 360 ) (1856 0 360 ) (1856 0 0 ) 
4 29 31 (1856 -1024 -128 ) (1856 -1024 0 ) (1856 0 0 ) (1856 0 -128 ) 
4 30 37 (1024 0 360 ) (1024 0 0 ) (1024 -1024 0 ) (1024 -1024 360 ) 
4 30 34 (1856 -1024 0 ) (1856 -1024 360 ) (1024 -1024 360 ) (1024 -1024 0 ) 
4 30 31 (1024 0 0 ) (1856 0 0 ) (1856 -1024 0 ) (1024 -1024 0 ) 
4 31 38 (1024 0 0 ) (1024 0 -128 ) (1024 -1024 -128 ) (1024 -1024 0 ) 
4 31 35 (1856 -1024 -128 ) (1856 -1024 0 ) (1024 -1024 0 ) (1024 -1024 -128 ) 
4 31 32 (1024 -1024 -128 ) (1024 0 -128 ) (1856 0 -128 ) (1856 -1024 -128 ) 
4 32 39 (1024 0 -128 ) (1024 0 -936 ) (1024 -1024 -936 ) (1024 -1024 -128 ) 
4 32 36 (1856 -1024 -936 ) (1856 -1024 -128 ) (1024 -1024 -128 ) (1024 -1024 -936 ) 
4 33 36 (1856 -1024 -128 ) (1856 -1024 -936 ) (1856 -1968 -936 ) (1856 -1968 -128 ) 
4 33 35 (1856 -1024 0 ) (1856 -1024 -128 ) (1856 -1968 -128 ) (1856 -1968 0 ) 
4 33 34 (1856 -1968 360 ) (1856 -1024 360 ) (1856 -1024 0 ) (1856 -1968 0 ) 
4 34 46 (1024 -1968 360 ) (1024 -1024 360 ) (1024 -1024 0 ) (1024 -1968 0 ) 
4 34 35 (1856 -1024 0 ) (1856 -1968 0 ) (1024 -1968 0 ) (1024 -1024 0 ) 
4 35 47 (1024 -1968 0 ) (1024 -1024 0 ) (1024 -1024 -128 ) (1024 -1968 -128 ) 
4 35 36 (1024 -1968 -128 ) (1024 -1024 -128 ) (1856 -1024 -128 ) (1856 -1968 -128 ) 
4 36 48 (1024 -1968 -128 ) (1024 -1024 -128 ) (1024 -1024 -936 ) (1024 -1968 -936 ) 
4 37 46 (1024 -1024 0 ) (1024 -1024 360 ) (0 -1024 360 ) (0 -1024 0 ) 
4 37 41 (0 0 64 ) (0 0 0 ) (0 -1024 0 ) (0 -1024 64 ) 
4 37 40 (0 0 360 ) (0 0 64 ) (0 -1024 64 ) (0 -1024 360 ) 
4 37 38 (0 -1024 0 ) (0 0 0 ) (1024 0 0 ) (1024 -1024 0 ) 
4 38 47 (1024 -1024 -128 ) (1024 -1024 0 ) (0 -1024 0 ) (0 -1024 -128 ) 
4 38 44 (0 0 0 ) (0 0 -128 ) (0 -1024 -128 ) (0 -1024 0 ) 
4 38 39 (1024 -1024 -128 ) (0 -1024 -128 ) (0 0 -128 ) (1024 0 -128 ) 
4 39 48 (1024 -1024 -936 ) (1024 -1024 -128 ) (0 -1024 -128 ) (0 -1024 -936 ) 
4 39 45 (0 0 -128 ) (0 0 -936 ) (0 -1024 -936 ) (0 -1024 -128 ) 
4 40 52 (-1024 0 360 ) (-1024 0 64 ) (-1024 -1024 64 ) (-1024 -1024 360 ) 
4 40 49 (0 -1024 64 ) (0 -1024 360 ) (-1024 -1024 360 ) (-1024 -1024 64 ) 
4 40 42 (-448 -320 64 ) (-448 -1024 64 ) (-960 -1024 64 ) (-960 -320 64 ) 
4 40 41 (-448 0 64 ) (0 0 64 ) (0 -1024 64 ) (-448 -1024 64 ) 
4 40 43 (-1024 0 64 ) (-960 0 64 ) (-960 -1024 64 ) (-1024 -1024 64 ) 
4 41 49 (0 -1024 0 ) (0 -1024 64 ) (-448 -1024 64 ) (-448 -1024 0 ) 
4 41 42 (-448 -320 0 ) (-448 -1024 0 ) (-448 -1024 64 ) (-448 -320 64 ) 
4 41 44 (0 -1024 0 ) (-448 -1024 0 ) (-448 0 0 ) (0 0 0 ) 
4 42 49 (-448 -1024 64 ) (-960 -1024 64 ) (-960 -1024 0 ) (-448 -1024 0 ) 
4 42 44 (-448 -1024 0 ) (-960 -1024 0 ) (-960 -320 0 ) (-448 -320 0 ) 
4 42 43 (-960 -320 0 ) (-960 -1024 0 ) (-960 -1024 64 ) (-960 -320 64 ) 
4 43 52 (-1024 0 64 ) (-1024 0 0 ) (-1024 -1024 0 ) (-1024 -1024 64 ) 
4 43 49 (-960 -1024 64 ) (-1024 -1024 64 ) (-1024 -1024 0 ) (-960 -1024 0 ) 
4 43 44 (-960 -1024 0 ) (-1024 -1024 0 ) (-1024 0 0 ) (-960 0 0 ) 
4 44 53 (-1024 0 0 ) (-1024 0 -128 ) (-1024 -1024 -128 ) (-1024 -1024 0 ) 
4 44 50 (0 -1024 -128 ) (0 -1024 0 ) (-1024 -1024 0 ) (-1024 -1024 -128 ) 
4 44 45 (-1024 0 -128 ) (0 0 -128 ) (0 -1024 -128 ) (-1024 -1024 -128 ) 
4 45 54 (-1024 0 -128 ) (-1024 0 -936 ) (-1024 -1024 -936 ) (-1024 -1024 -128 ) 
4 45 51 (0 -1024 -936 ) (0 -1024 -128 ) (-1024 -1024 -128 ) (-1024 -1024 -936 ) 
4 46 49 (0 -1024 360 ) (0 -1024 0 ) (0 -1968 0 ) (0 -1968 360 ) 
4 46 47 (0 -1968 0 ) (0 -1024 0 ) (1024 -1024 0 ) (1024 -1968 0 ) 
4 47 50 (0 -1024 0 ) (0 -1024 -128 ) (0 -1968 -128 ) (0 -1968 0 ) 
4 47 48 (0 -1968 -128 ) (0 -1024 -128 ) (1024 -1024 -128 ) (1024 -1968 -128 ) 
4 48 51 (0 -1024 -128 ) (0 -1024 -936 ) (0 -1968 -936 ) (0 -1968 -128 ) 
4 49 55 (-1024 -1968 360 ) (-1024 -1024 360 ) (-1024 -1024 0 ) (-1024 -1968 0 ) 
4 49 50 (-1024 -1968 0 ) (-1024 -1024 0 ) (0 -1024 0 ) (0 -1968 0 ) 
4 50 56 (-1024 -1968 0 ) (-1024 -1024 0 ) (-1024 -1024 -128 ) (-1024 -1968 -128 ) 
4 50 51 (0 -1024 -128 ) (0 -1968 -128 ) (-1024 -1968 -128 ) (-1024 -1024 -128 ) 
4 51 57 (-1024 -1968 -128 ) (-1024 -1024 -128 ) (-1024 -1024 -936 ) (-1024 -1968 -936 ) 
4 52 55 (-1024 -1024 0 ) (-1024 -1024 360 ) (-1776 -1024 360 ) (-1776 -1024 0 ) 
4 52 53 (-1776 0 0 ) (-1024 0 0 ) (-1024 -1024 0 ) (-1776 -1024 0 ) 
4 53 56 (-1024 -1024 -128 ) (-1024 -1024 0 ) (-1776 -1024 0 ) (-1776 -1024 -128 ) 
4 53 54 (-1024 -1024 -128 ) (-1776 -1024 -128 ) (-1776 0 -128 ) (-1024 0 -128 ) 
4 54 57 (-1024 -1024 -936 ) (-1024 -1024 -128 ) (-1776 -1024 -128 ) (-1776 -1024 -936 ) 
4 55 56 (-1776 -1968 0 ) (-1776 -1024 0 ) (-1024 -1024 0 ) (-1024 -1968 0 ) 
4 56 57 (-1776 -1024 -128 ) (-1024 -1024 -128 ) (-1024 -1968 -128 ) (-1776 -1968 -128 ) 
