


materialPath: C:\Program Files (x86)\Steam\steamapps\common\Portal 2\portal2\materials
Loading a:\#portal2remastered\p2asw\game\portal2asw\mapsrc\shadow2.vmf
Could not locate GameData file portal2.fgd
fixing up env_cubemap materials on brush sides...
0...1...2...3...4...5...6...7...8...9...100...1...2...3...4...5...6...7...8...9...10Processing areas...done (0)
Building Faces...done (0)
FixTjuncs...
PruneNodes...
WriteBSP...
done (0)
writing a:\#portal2remastered\p2asw\game\portal2asw\mapsrc\shadow2.prt...Building visibility clusters...
done (0)
Finding displacement neighbors...
Finding lightmap sample positions...
Displacement Alpha : 0...1...2...3...4...5...6...7...8...9...10
Building Physics collision data...
done (0) (12643 bytes)
Error loading studio model "models/props_underground/truss_32_64.mdl"!
Placing detail props : 0...1...2...3...4...5...6...7...8...9...10
Compacting texture/material tables...
Reduced 55 texinfos to 46
Reduced 7 texdatas to 7 (225 bytes to 225)
Writing a:\#portal2remastered\p2asw\game\portal2asw\mapsrc\shadow2.bsp
0 seconds elapsed



32 threads
reading a:\#portal2remastered\p2asw\game\portal2asw\mapsrc\shadow2.bsp
reading a:\#portal2remastered\p2asw\game\portal2asw\mapsrc\shadow2.prt
 102 portalclusters
 312 numportals
0...1...2...3...4...5...6...7...8...9...100...1...2...3...4...5...6...7...8...9...10Optimized: 1 visible clusters (0.00%)
Total clusters visible: 7381
Average clusters visible: 72
Building PAS...
Average clusters audible: 102
visdatasize:3471  compressed from 3264
writing a:\#portal2remastered\p2asw\game\portal2asw\mapsrc\shadow2.bsp
0 seconds elapsed
