


materialPath: C:\Program Files (x86)\Steam\steamapps\common\Portal 2\portal2\materials
Loading a:\#portal2remastered\p2asw\game\portal2asw\mapsrc\sky.vmf
Could not locate GameData file portal2.fgd
fixing up env_cubemap materials on brush sides...
0...1...2...3...4...5...6...7...8...9...100...1...2...3...4...5...6...7...8...9...10Processing areas...done (0)
Building Faces...done (0)
FixTjuncs...
PruneNodes...
WriteBSP...
done (0)
writing a:\#portal2remastered\p2asw\game\portal2asw\mapsrc\sky.prt...Building visibility clusters...
done (0)
Finding displacement neighbors...
Finding lightmap sample positions...
Displacement Alpha : 0...1...2...3...4...5...6...7...8...9...10
Building Physics collision data...
done (0) (2695 bytes)
Placing detail props : 0...1...2...3...4...5...6...7...8...9...10
Compacting texture/material tables...
Reduced 17 texinfos to 8
Reduced 2 texdatas to 2 (66 bytes to 66)
Writing a:\#portal2remastered\p2asw\game\portal2asw\mapsrc\sky.bsp
0 seconds elapsed



32 threads
reading a:\#portal2remastered\p2asw\game\portal2asw\mapsrc\sky.bsp
reading a:\#portal2remastered\p2asw\game\portal2asw\mapsrc\sky.prt
  12 portalclusters
  25 numportals
0...1...2...3...4...5...6...7...8...9...100...1...2...3...4...5...6...7...8...9...10Optimized: 0 visible clusters (0.00%)
Total clusters visible: 136
Average clusters visible: 11
Building PAS...
Average clusters audible: 12
visdatasize:148  compressed from 192
writing a:\#portal2remastered\p2asw\game\portal2asw\mapsrc\sky.bsp
0 seconds elapsed



[Reading texlights from 'lights.rad']
[59 texlights parsed from 'lights.rad']

Loading a:\#portal2remastered\p2asw\game\portal2asw\mapsrc\sky.bsp
34 faces
27971 square feet [4027893.50 square inches]
0 Displacements
0 Square Feet [0.00 Square Inches]
34 patches before subdivision
1066 patches after subdivision
unsupported light entity: "light_deferred_global"
0 direct lights
0...1...2...3...4...5...6...7...8...9...100...1...2...3...4...5...6...7...8...9...10transfers 10993, max 202
transfer lists:   0.1 megs
0...1...2...3...4...5...6...7...8...9...10	Bounce #1 added RGB(0, 0, 0)
Build Patch/Sample Hash Table(s).....Done<0.0002 sec>
0...1...2...3...4...5...6...7...8...9...10FinalLightFace Done
0 of 0 (0% of) surface lights went in leaf ambient cubes.
0...1...2...3...4...5...6...7...8...9...10Writing leaf ambient...done
Ready to Finish

Object names       Objects/Maxobjs  Memory / Maxmem  Fullness 
------------       ---------------  ---------------  -------- 
models                   1/1024           48/49152    ( 0.1%) 
brushes                  7/8192           84/98304    ( 0.1%) 
brushsides              42/65536         336/524288   ( 0.1%) 
planes                  54/65536        1080/1310720  ( 0.1%) 
vertexes                58/65536         696/786432   ( 0.1%) 
nodes                   37/65536        1184/2097152  ( 0.1%) 
texinfos                 8/12288         576/884736   ( 0.1%) 
texdata                  2/2048           64/65536    ( 0.1%) 
dispinfos                0/0               0/0        ( 0.0%) 
disp_verts               0/0               0/0        ( 0.0%) 
disp_tris                0/0               0/0        ( 0.0%) 
disp_multiblend          0/0               0/0        ( 0.0%) 
disp_lmsamples           0/0               0/0        ( 0.0%) 
faces                   34/65536        1904/3670016  ( 0.1%) 
hdr faces               34/65536        1904/3670016  ( 0.1%) 
origfaces               12/65536         672/3670016  ( 0.0%) 
leaves                  39/65536        1248/2097152  ( 0.1%) 
leaffaces               66/65536         132/131072   ( 0.1%) 
leafbrushes             26/65536          52/131072   ( 0.0%) 
areas                    2/256            16/2048     ( 0.8%) 
surfedges              190/512000        760/2048000  ( 0.0%) 
edges                  108/256000        432/1024000  ( 0.0%) 
LDR worldlights          0/8192            0/819200   ( 0.0%) 
HDR worldlights          0/8192            0/819200   ( 0.0%) 
leafwaterdata            0/32768           0/393216   ( 0.0%) 
waterstrips              0/32768           0/327680   ( 0.0%) 
waterverts               0/65536           0/786432   ( 0.0%) 
waterindices             0/65536           0/131072   ( 0.0%) 
cubemapsamples           0/1024            0/16384    ( 0.0%) 
overlays                 0/512             0/180224   ( 0.0%) 
LDR lightdata         [variable]           0/0        ( 0.0%) 
HDR lightdata         [variable]       27160/0        ( 0.0%) 
visdata               [variable]         148/16777216 ( 0.0%) 
entdata               [variable]        1040/393216   ( 0.3%) 
LDR ambient table       39/65536         156/262144   ( 0.1%) 
HDR ambient table       39/65536         156/262144   ( 0.1%) 
LDR leaf ambient        39/65536        1092/1835008  ( 0.1%) 
HDR leaf ambient        12/65536         336/1835008  ( 0.0%) 
occluders                0/0               0/0        ( 0.0%) 
occluder polygons        0/0               0/0        ( 0.0%) 
occluder vert ind        0/0               0/0        ( 0.0%) 
Prop Hull Verts          0/0               0/0        ( 0.0%) 
Prop Hull Blob           0/0               0/0        ( 0.0%) 
Prop Hull Lists          0/0               0/0        ( 0.0%) 
Prop Hulls               0/0               0/0        ( 0.0%) 
Prop Hull trilist        0/0               0/0        ( 0.0%) 
detail props          [variable]           1/12       ( 8.3%) 
static props          [variable]           1/12       ( 8.3%) 
pakfile               [variable]       74410/0        ( 0.0%) 
physics               [variable]        2695/4194304  ( 0.1%) 
physics terrain       [variable]           2/1048576  ( 0.0%) 

Level flags = 2

Total triangle count: 74
Writing a:\#portal2remastered\p2asw\game\portal2asw\mapsrc\sky.bsp
0 seconds elapsed



materialPath: C:\Program Files (x86)\Steam\steamapps\common\Portal 2\portal2\materials
Loading a:\#portal2remastered\p2asw\game\portal2asw\mapsrc\sky.vmf
Could not locate GameData file portal2.fgd
fixing up env_cubemap materials on brush sides...
0...1...2...3...4...5...6...7...8...9...100...1...2...3...4...5...6...7...8...9...10Processing areas...done (0)
Building Faces...done (0)
FixTjuncs...
PruneNodes...
WriteBSP...
done (0)
writing a:\#portal2remastered\p2asw\game\portal2asw\mapsrc\sky.prt...Building visibility clusters...
done (0)
Finding displacement neighbors...
Finding lightmap sample positions...
Displacement Alpha : 0...1...2...3...4...5...6...7...8...9...10
Building Physics collision data...
done (0) (2695 bytes)
Placing detail props : 0...1...2...3...4...5...6...7...8...9...10
Compacting texture/material tables...
Reduced 17 texinfos to 8
Reduced 2 texdatas to 2 (66 bytes to 66)
Writing a:\#portal2remastered\p2asw\game\portal2asw\mapsrc\sky.bsp
0 seconds elapsed



32 threads
reading a:\#portal2remastered\p2asw\game\portal2asw\mapsrc\sky.bsp
reading a:\#portal2remastered\p2asw\game\portal2asw\mapsrc\sky.prt
  12 portalclusters
  25 numportals
0...1...2...3...4...5...6...7...8...9...100...1...2...3...4...5...6...7...8...9...10Optimized: 0 visible clusters (0.00%)
Total clusters visible: 136
Average clusters visible: 11
Building PAS...
Average clusters audible: 12
visdatasize:148  compressed from 192
writing a:\#portal2remastered\p2asw\game\portal2asw\mapsrc\sky.bsp
0 seconds elapsed



[Reading texlights from 'lights.rad']
[59 texlights parsed from 'lights.rad']

Loading a:\#portal2remastered\p2asw\game\portal2asw\mapsrc\sky.bsp
34 faces
27971 square feet [4027893.50 square inches]
0 Displacements
0 Square Feet [0.00 Square Inches]
34 patches before subdivision
1066 patches after subdivision
unsupported light entity: "light_deferred_global"
0 direct lights
0...1...2...3...4...5...6...7...8...9...100...1...2...3...4...5...6...7...8...9...10transfers 10993, max 202
transfer lists:   0.1 megs
0...1...2...3...4...5...6...7...8...9...10	Bounce #1 added RGB(0, 0, 0)
Build Patch/Sample Hash Table(s).....Done<0.0002 sec>
0...1...2...3...4...5...6...7...8...9...10FinalLightFace Done
0 of 0 (0% of) surface lights went in leaf ambient cubes.
0...1...2...3...4...5...6...7...8...9...10Writing leaf ambient...done
Ready to Finish

Object names       Objects/Maxobjs  Memory / Maxmem  Fullness 
------------       ---------------  ---------------  -------- 
models                   1/1024           48/49152    ( 0.1%) 
brushes                  7/8192           84/98304    ( 0.1%) 
brushsides              42/65536         336/524288   ( 0.1%) 
planes                  54/65536        1080/1310720  ( 0.1%) 
vertexes                58/65536         696/786432   ( 0.1%) 
nodes                   37/65536        1184/2097152  ( 0.1%) 
texinfos                 8/12288         576/884736   ( 0.1%) 
texdata                  2/2048           64/65536    ( 0.1%) 
dispinfos                0/0               0/0        ( 0.0%) 
disp_verts               0/0               0/0        ( 0.0%) 
disp_tris                0/0               0/0        ( 0.0%) 
disp_multiblend          0/0               0/0        ( 0.0%) 
disp_lmsamples           0/0               0/0        ( 0.0%) 
faces                   34/65536        1904/3670016  ( 0.1%) 
hdr faces               34/65536        1904/3670016  ( 0.1%) 
origfaces               12/65536         672/3670016  ( 0.0%) 
leaves                  39/65536        1248/2097152  ( 0.1%) 
leaffaces               66/65536         132/131072   ( 0.1%) 
leafbrushes             26/65536          52/131072   ( 0.0%) 
areas                    2/256            16/2048     ( 0.8%) 
surfedges              190/512000        760/2048000  ( 0.0%) 
edges                  108/256000        432/1024000  ( 0.0%) 
LDR worldlights          0/8192            0/819200   ( 0.0%) 
HDR worldlights          0/8192            0/819200   ( 0.0%) 
leafwaterdata            0/32768           0/393216   ( 0.0%) 
waterstrips              0/32768           0/327680   ( 0.0%) 
waterverts               0/65536           0/786432   ( 0.0%) 
waterindices             0/65536           0/131072   ( 0.0%) 
cubemapsamples           0/1024            0/16384    ( 0.0%) 
overlays                 0/512             0/180224   ( 0.0%) 
LDR lightdata         [variable]           0/0        ( 0.0%) 
HDR lightdata         [variable]       27160/0        ( 0.0%) 
visdata               [variable]         148/16777216 ( 0.0%) 
entdata               [variable]        1040/393216   ( 0.3%) 
LDR ambient table       39/65536         156/262144   ( 0.1%) 
HDR ambient table       39/65536         156/262144   ( 0.1%) 
LDR leaf ambient        39/65536        1092/1835008  ( 0.1%) 
HDR leaf ambient        12/65536         336/1835008  ( 0.0%) 
occluders                0/0               0/0        ( 0.0%) 
occluder polygons        0/0               0/0        ( 0.0%) 
occluder vert ind        0/0               0/0        ( 0.0%) 
Prop Hull Verts          0/0               0/0        ( 0.0%) 
Prop Hull Blob           0/0               0/0        ( 0.0%) 
Prop Hull Lists          0/0               0/0        ( 0.0%) 
Prop Hulls               0/0               0/0        ( 0.0%) 
Prop Hull trilist        0/0               0/0        ( 0.0%) 
detail props          [variable]           1/12       ( 8.3%) 
static props          [variable]           1/12       ( 8.3%) 
pakfile               [variable]       74410/0        ( 0.0%) 
physics               [variable]        2695/4194304  ( 0.1%) 
physics terrain       [variable]           2/1048576  ( 0.0%) 

Level flags = 2

Total triangle count: 74
Writing a:\#portal2remastered\p2asw\game\portal2asw\mapsrc\sky.bsp
0 seconds elapsed
