PRT1
12
25
4 0 3 (16 1024 -106 ) (0 1024 -106 ) (0 1024 -398 ) (16 1024 -398 ) 
4 0 2 (633.333008 1024 -106 ) (16 1024 -106 ) (16 1024 -398 ) (633.333008 1024 -398 ) 
4 0 1 (0 1024 -398 ) (0 1024 -106 ) (0 1190.260010 -106 ) (0 1190.260010 -398 ) 
4 1 7 (0 1024 -398 ) (0 1024 -106 ) (-144 1024 -106 ) (-144 1024 -398 ) 
4 1 11 (-144 1024 -106 ) (-673.333008 1024 -106 ) (-673.333008 1024 -398 ) (-144 1024 -398 ) 
4 2 4 (16 632 -328 ) (16 632 -106 ) (16 784 -106 ) (16 784 -328 ) 
4 2 5 (16 784 -398 ) (16 632 -398 ) (16 632 -376 ) (16 784 -376 ) 
4 2 3 (16 1024 -398 ) (16 784 -398 ) (16 784 -106 ) (16 1024 -106 ) 
4 2 6 (16 632 -398 ) (16 193.738998 -398 ) (16 193.738998 -106 ) (16 632 -106 ) 
4 3 7 (0 1024 -106 ) (0 1024 -398 ) (0 784 -398 ) (0 784 -106 ) 
4 3 4 (16 784 -328 ) (16 784 -106 ) (0 784 -106 ) (0 784 -328 ) 
4 3 5 (0 784 -398 ) (16 784 -398 ) (16 784 -376 ) (0 784 -376 ) 
4 4 8 (0 632 -328 ) (0 632 -106 ) (0 784 -106 ) (0 784 -328 ) 
4 4 6 (16 632 -328 ) (16 632 -106 ) (0 632 -106 ) (0 632 -328 ) 
4 5 9 (0 784 -398 ) (0 632 -398 ) (0 632 -376 ) (0 784 -376 ) 
4 5 6 (0 632 -398 ) (16 632 -398 ) (16 632 -376 ) (0 632 -376 ) 
4 6 10 (0 632 -398 ) (0 193.738998 -398 ) (0 193.738998 -106 ) (0 632 -106 ) 
4 7 8 (-144 784 -106 ) (-144 784 -328 ) (0 784 -328 ) (0 784 -106 ) 
4 7 9 (-144 784 -376 ) (-144 784 -398 ) (0 784 -398 ) (0 784 -376 ) 
4 7 11 (-144 1024 -398 ) (-144 784 -398 ) (-144 784 -106 ) (-144 1024 -106 ) 
4 8 10 (-144 632 -106 ) (-144 632 -328 ) (0 632 -328 ) (0 632 -106 ) 
4 8 11 (-144 632 -328 ) (-144 632 -106 ) (-144 784 -106 ) (-144 784 -328 ) 
4 9 11 (-144 784 -398 ) (-144 632 -398 ) (-144 632 -376 ) (-144 784 -376 ) 
4 9 10 (-144 632 -376 ) (-144 632 -398 ) (0 632 -398 ) (0 632 -376 ) 
4 10 11 (-144 632 -398 ) (-144 193.738998 -398 ) (-144 193.738998 -106 ) (-144 632 -106 ) 
