19:09:55.014 INFO  Loading C:\Program Files (x86)\Steam\steamapps\common\Portal 2\portal2\maps\sleep.bsp
19:09:55.041 INFO  Using 'DStaticPropV9' for sprp version 9
19:09:55.050 WARN  Lump LUMP_DISP_MULTIBLEND is empty
19:09:55.052 INFO  BSP version: 21
19:09:55.052 INFO  Game: Portal 2
19:09:55.053 INFO  Unequal amount of areaporal entities and areaportal brushes. Falling back to 'Manual' method
19:09:55.069 WARN  Could not reallocate brush for portalKey 1.
19:09:55.069 INFO  No occluders to reallocate...
19:09:55.070 INFO  Map comment: Decompiled by BSPSource v1.4.6.1 from sp_a1_wakeup
19:09:55.152 INFO  2303 (16.9%) exact brushside->origface matches
19:09:55.153 INFO  12/22 (nondisp/disp) original faces left after exact brushside->origface matching
19:09:55.223 INFO  150 (1.1%) partial brushside->origface matches
19:09:55.223 INFO  Writing brushes and planes
19:09:55.315 INFO  Writing displacements
19:09:55.324 INFO  Writing entities
19:09:55.324 WARN  func_areaportal entity links to a non existing areaportal, skipping...
19:09:55.349 INFO  Writing func_details
19:09:55.404 INFO  Writing func_viscluster
19:09:55.404 INFO  Writing info_overlays
19:09:55.406 INFO  Writing prop_statics
19:09:55.418 INFO  Writing env_cubemaps
19:09:55.418 INFO  Writing func_ladders
19:09:55.419 INFO  Finished decompiling C:\Program Files (x86)\Steam\steamapps\common\Portal 2\portal2\maps\sleep.bsp.
