19:09:56.964 INFO  Loading C:\Program Files (x86)\Steam\steamapps\common\Portal 2\portal2\maps\sp_a4_tb_trust_drop.bsp
19:09:56.986 INFO  Using 'DStaticPropV9' for sprp version 9
19:09:56.989 WARN  Lump LUMP_DISPINFO is empty
19:09:56.989 WARN  Lump LUMP_DISP_VERTS is empty
19:09:56.989 WARN  Lump LUMP_DISP_TRIS is empty
19:09:56.989 WARN  Lump LUMP_DISP_MULTIBLEND is empty
19:09:56.990 INFO  BSP version: 21
19:09:56.990 INFO  Game: Portal 2
19:09:56.991 INFO  Equal amount of areaporal entities and areaportal brushes. Using 'Ordered' method
19:09:56.991 INFO  No occluders to reallocate...
19:09:57.027 INFO  2323 (19.6%) exact brushside->origface matches
19:09:57.027 INFO  0/0 (nondisp/disp) original faces left after exact brushside->origface matching
19:09:57.051 INFO  106 (0.9%) partial brushside->origface matches
19:09:57.051 INFO  Writing brushes and planes
19:09:57.126 INFO  Writing displacements
19:09:57.126 INFO  Writing entities
19:09:57.175 INFO  Writing func_details
19:09:57.308 INFO  Writing func_viscluster
19:09:57.311 INFO  Writing info_overlays
19:09:57.312 INFO  Writing prop_statics
19:09:57.324 INFO  Writing env_cubemaps
19:09:57.324 INFO  Writing func_ladders
19:09:57.325 INFO  Finished decompiling C:\Program Files (x86)\Steam\steamapps\common\Portal 2\portal2\maps\sp_a4_tb_trust_drop.bsp.
