19:09:53.770 INFO  Loading C:\Program Files (x86)\Steam\steamapps\common\Portal 2\portal2\maps\sp_a2_dual_lasers.bsp
19:09:53.824 INFO  Using 'DStaticPropV9' for sprp version 9
19:09:53.836 WARN  Lump LUMP_DISP_MULTIBLEND is empty
19:09:53.838 INFO  BSP version: 21
19:09:53.838 INFO  Game: Portal 2
19:09:53.839 INFO  Equal amount of areaporal entities and areaportal brushes. Using 'Ordered' method
19:09:53.839 INFO  No occluders to reallocate...
19:09:53.883 INFO  1994 (20.5%) exact brushside->origface matches
19:09:53.883 INFO  1/8 (nondisp/disp) original faces left after exact brushside->origface matching
19:09:53.930 INFO  103 (1.1%) partial brushside->origface matches
19:09:53.931 INFO  Writing brushes and planes
19:09:54.073 INFO  Writing displacements
19:09:54.076 INFO  Writing entities
19:09:54.109 INFO  Writing func_details
19:09:54.224 INFO  Writing func_viscluster
19:09:54.225 INFO  Writing info_overlays
19:09:54.230 INFO  Writing prop_statics
19:09:54.240 INFO  Writing env_cubemaps
19:09:54.240 INFO  Writing func_ladders
19:09:54.241 INFO  Finished decompiling C:\Program Files (x86)\Steam\steamapps\common\Portal 2\portal2\maps\sp_a2_dual_lasers.bsp.
