19:09:56.247 INFO  Loading C:\Program Files (x86)\Steam\steamapps\common\Portal 2\portal2\maps\sp_a3_crazy_box.bsp
19:09:56.303 INFO  Using 'DStaticPropV9' for sprp version 9
19:09:56.305 WARN  Lump LUMP_DISP_MULTIBLEND is empty
19:09:56.307 INFO  BSP version: 21
19:09:56.307 INFO  Game: Portal 2
19:09:56.308 INFO  Equal amount of areaporal entities and areaportal brushes. Using 'Ordered' method
19:09:56.308 INFO  No occluders to reallocate...
19:09:56.337 INFO  1845 (32.1%) exact brushside->origface matches
19:09:56.337 INFO  18/8 (nondisp/disp) original faces left after exact brushside->origface matching
19:09:56.353 INFO  156 (2.7%) partial brushside->origface matches
19:09:56.353 INFO  Writing brushes and planes
19:09:56.390 INFO  Writing displacements
19:09:56.391 INFO  Writing entities
19:09:56.429 INFO  Writing func_details
19:09:56.463 INFO  Writing func_viscluster
19:09:56.464 INFO  Writing info_overlays
19:09:56.466 INFO  Writing prop_statics
19:09:56.475 INFO  Writing env_cubemaps
19:09:56.475 INFO  Writing func_ladders
19:09:56.475 INFO  Finished decompiling C:\Program Files (x86)\Steam\steamapps\common\Portal 2\portal2\maps\sp_a3_crazy_box.bsp.
