19:09:56.253 INFO  Loading C:\Program Files (x86)\Steam\steamapps\common\Portal 2\portal2\maps\sp_a1_wakeup_d - copy.bsp
19:09:56.304 INFO  Using 'DStaticPropV9' for sprp version 9
19:09:56.312 WARN  Lump LUMP_DISP_MULTIBLEND is empty
19:09:56.314 INFO  BSP version: 21
19:09:56.314 INFO  Game: Portal 2
19:09:56.314 INFO  Unequal amount of areaporal entities and areaportal brushes. Falling back to 'Manual' method
19:09:56.322 WARN  Could not reallocate brush for portalKey 1.
19:09:56.323 INFO  No occluders to reallocate...
19:09:56.323 INFO  Map comment: Decompiled by BSPSource v1.4.6.1 from sp_a1_wakeup
19:09:56.391 INFO  2303 (16.9%) exact brushside->origface matches
19:09:56.392 INFO  12/22 (nondisp/disp) original faces left after exact brushside->origface matching
19:09:56.435 INFO  150 (1.1%) partial brushside->origface matches
19:09:56.435 INFO  Writing brushes and planes
19:09:56.494 INFO  Writing displacements
19:09:56.500 INFO  Writing entities
19:09:56.502 WARN  func_areaportal entity links to a non existing areaportal, skipping...
19:09:56.571 INFO  Writing func_details
19:09:56.630 INFO  Writing func_viscluster
19:09:56.631 INFO  Writing info_overlays
19:09:56.632 INFO  Writing prop_statics
19:09:56.652 INFO  Writing env_cubemaps
19:09:56.652 INFO  Writing func_ladders
19:09:56.652 INFO  Finished decompiling C:\Program Files (x86)\Steam\steamapps\common\Portal 2\portal2\maps\sp_a1_wakeup_d - copy.bsp.
