19:09:54.223 INFO  Loading C:\Program Files (x86)\Steam\steamapps\common\Portal 2\portal2\maps\sp_a2_laser_vs_turret.bsp
19:09:54.288 INFO  Using 'DStaticPropV9' for sprp version 9
19:09:54.291 WARN  Lump LUMP_DISPINFO is empty
19:09:54.291 WARN  Lump LUMP_DISP_VERTS is empty
19:09:54.291 WARN  Lump LUMP_DISP_TRIS is empty
19:09:54.292 WARN  Lump LUMP_DISP_MULTIBLEND is empty
19:09:54.294 INFO  BSP version: 21
19:09:54.294 INFO  Game: Portal 2
19:09:54.295 INFO  Equal amount of areaporal entities and areaportal brushes. Using 'Ordered' method
19:09:54.295 INFO  No occluders to reallocate...
19:09:54.326 INFO  1786 (18.4%) exact brushside->origface matches
19:09:54.327 INFO  0/0 (nondisp/disp) original faces left after exact brushside->origface matching
19:09:54.347 INFO  59 (0.6%) partial brushside->origface matches
19:09:54.347 INFO  Writing brushes and planes
19:09:54.452 INFO  Writing displacements
19:09:54.452 INFO  Writing entities
19:09:54.496 INFO  Writing func_details
19:09:54.694 INFO  Writing func_viscluster
19:09:54.694 INFO  Writing info_overlays
19:09:54.706 INFO  Writing prop_statics
19:09:54.715 INFO  Writing env_cubemaps
19:09:54.715 INFO  Writing func_ladders
19:09:54.719 INFO  Finished decompiling C:\Program Files (x86)\Steam\steamapps\common\Portal 2\portal2\maps\sp_a2_laser_vs_turret.bsp.
