19:09:54.289 INFO  Loading C:\Program Files (x86)\Steam\steamapps\common\Portal 2\portal2\maps\sp_a2_column_blocker.bsp
19:09:54.360 INFO  Using 'DStaticPropV9' for sprp version 9
19:09:54.364 WARN  Lump LUMP_DISPINFO is empty
19:09:54.364 WARN  Lump LUMP_DISP_VERTS is empty
19:09:54.364 WARN  Lump LUMP_DISP_TRIS is empty
19:09:54.365 WARN  Lump LUMP_DISP_MULTIBLEND is empty
19:09:54.367 INFO  BSP version: 21
19:09:54.367 INFO  Game: Portal 2
19:09:54.368 INFO  Equal amount of areaporal entities and areaportal brushes. Using 'Ordered' method
19:09:54.368 INFO  No occluders to reallocate...
19:09:54.439 INFO  2333 (18.8%) exact brushside->origface matches
19:09:54.439 INFO  1/0 (nondisp/disp) original faces left after exact brushside->origface matching
19:09:54.467 INFO  115 (0.9%) partial brushside->origface matches
19:09:54.467 INFO  Writing brushes and planes
19:09:54.614 INFO  Writing displacements
19:09:54.614 INFO  Writing entities
19:09:54.683 INFO  Writing func_details
19:09:54.793 INFO  Writing func_viscluster
19:09:54.793 INFO  Writing info_overlays
19:09:54.795 INFO  Writing prop_statics
19:09:54.807 INFO  Writing env_cubemaps
19:09:54.807 INFO  Writing func_ladders
19:09:54.807 INFO  Finished decompiling C:\Program Files (x86)\Steam\steamapps\common\Portal 2\portal2\maps\sp_a2_column_blocker.bsp.
