19:09:56.753 INFO  Loading C:\Program Files (x86)\Steam\steamapps\common\Portal 2\portal2\maps\sp_a3_portal_intro.bsp
19:09:56.851 INFO  Using 'DStaticPropV9' for sprp version 9
19:09:56.857 WARN  Lump LUMP_DISP_MULTIBLEND is empty
19:09:56.862 INFO  BSP version: 21
19:09:56.862 INFO  Game: Portal 2
19:09:56.903 INFO  Equal amount of areaporal entities and areaportal brushes. Using 'Ordered' method
19:09:56.903 INFO  No occluders to reallocate...
19:09:56.959 INFO  4745 (30.4%) exact brushside->origface matches
19:09:56.959 INFO  0/137 (nondisp/disp) original faces left after exact brushside->origface matching
19:09:56.978 INFO  167 (1.1%) partial brushside->origface matches
19:09:56.979 INFO  Writing brushes and planes
19:09:57.052 INFO  Writing displacements
19:09:57.084 INFO  Writing entities
19:09:57.127 INFO  Writing func_details
19:09:57.317 INFO  Writing func_viscluster
19:09:57.317 INFO  Writing info_overlays
19:09:57.321 INFO  Writing prop_statics
19:09:57.351 INFO  Writing env_cubemaps
19:09:57.351 INFO  Writing func_ladders
19:09:57.352 INFO  Finished decompiling C:\Program Files (x86)\Steam\steamapps\common\Portal 2\portal2\maps\sp_a3_portal_intro.bsp.
