19:09:56.231 INFO  Loading C:\Program Files (x86)\Steam\steamapps\common\Portal 2\portal2\maps\sp_a2_fizzler_intro.bsp
19:09:56.285 INFO  Using 'DStaticPropV9' for sprp version 9
19:09:56.288 WARN  Lump LUMP_DISP_MULTIBLEND is empty
19:09:56.290 INFO  BSP version: 21
19:09:56.290 INFO  Game: Portal 2
19:09:56.291 INFO  Equal amount of areaporal entities and areaportal brushes. Using 'Ordered' method
19:09:56.291 INFO  No occluders to reallocate...
19:09:56.322 INFO  1720 (20.2%) exact brushside->origface matches
19:09:56.323 INFO  3/1 (nondisp/disp) original faces left after exact brushside->origface matching
19:09:56.339 INFO  85 (1.0%) partial brushside->origface matches
19:09:56.340 INFO  Writing brushes and planes
19:09:56.399 INFO  Writing displacements
19:09:56.400 INFO  Writing entities
19:09:56.428 INFO  Writing func_details
19:09:56.553 INFO  Writing func_viscluster
19:09:56.553 INFO  Writing info_overlays
19:09:56.554 INFO  Writing prop_statics
19:09:56.558 INFO  Writing env_cubemaps
19:09:56.558 INFO  Writing func_ladders
19:09:56.559 INFO  Finished decompiling C:\Program Files (x86)\Steam\steamapps\common\Portal 2\portal2\maps\sp_a2_fizzler_intro.bsp.
