19:09:52.463 INFO  Loading C:\Program Files (x86)\Steam\steamapps\common\Portal 2\portal2\maps\sp_a4_finale2.bsp
19:09:52.814 INFO  Using 'DStaticPropV9' for sprp version 9
19:09:52.877 WARN  Lump LUMP_DISPINFO is empty
19:09:52.878 WARN  Lump LUMP_DISP_VERTS is empty
19:09:52.878 WARN  Lump LUMP_DISP_TRIS is empty
19:09:52.878 WARN  Lump LUMP_DISP_MULTIBLEND is empty
19:09:52.909 INFO  BSP version: 21
19:09:52.910 INFO  Game: Portal 2
19:09:52.925 INFO  Equal amount of areaporal entities and areaportal brushes. Using 'Ordered' method
19:09:52.929 INFO  No occluders to reallocate...
19:09:53.368 INFO  3189 (29.8%) exact brushside->origface matches
19:09:53.368 INFO  1/0 (nondisp/disp) original faces left after exact brushside->origface matching
19:09:53.500 INFO  317 (3.0%) partial brushside->origface matches
19:09:53.500 INFO  Writing brushes and planes
19:09:53.982 INFO  Writing displacements
19:09:53.983 INFO  Writing entities
19:09:54.108 INFO  Writing func_details
19:09:54.171 INFO  Writing func_viscluster
19:09:54.172 INFO  Writing info_overlays
19:09:54.173 INFO  Writing prop_statics
19:09:54.209 INFO  Writing env_cubemaps
19:09:54.209 INFO  Writing func_ladders
19:09:54.210 INFO  Finished decompiling C:\Program Files (x86)\Steam\steamapps\common\Portal 2\portal2\maps\sp_a4_finale2.bsp.



materialPath: C:\Program Files (x86)\Steam\steamapps\common\Portal 2\portal2\materials
Loading a:\#portal2remastered\p2asw\game\portal2asw\mapsrc\sp_a4_finale2_d.vmf
unrecognized conditional test SonyPS3?$outputintensity in effects/fizzler
unrecognized conditional test srgb_pc?$outputintensity in effects/fizzler
unrecognized conditional test !srgb_pc?$outputintensity in effects/fizzler
Could not locate GameData file portal2.fgd
fixing up env_cubemap materials on brush sides...
0...1...2...3...4...5...6...7...8...9...100...1...2...3...4...5...6...7...8...9...10Processing areas...done (0)
Building Faces...done (0)
Chop Details...done (0)
Find Visible Detail Sides...
Merged 166 detail faces...done (0)
Merging details...done (1)
FixTjuncs...
PruneNodes...
WriteBSP...
done (0)
writing a:\#portal2remastered\p2asw\game\portal2asw\mapsrc\sp_a4_finale2_d.prt...Building visibility clusters...
done (0)
Finding displacement neighbors...
Finding lightmap sample positions...
Displacement Alpha : 0...1...2...3...4...5...6...7...8...9...10
Error! Variable "%keywords" is multiply defined in material "signage/signage_overlay_catapult1"!
Error! Variable "%keywords" is multiply defined in material "signage/signage_overlay_catapult2"!
Building Physics collision data...
done (0) (573780 bytes)
Encountered obsolete static prop option to do its fade in screen space @ 80.00 512.00 320.00
Encountered obsolete static prop option to do its fade in screen space @ 432.00 192.00 384.00
Encountered obsolete static prop option to do its fade in screen space @ 80.00 512.00 -64.00
Encountered obsolete static prop option to do its fade in screen space @ -1264.00 448.00 380.00
Static prop models/props_lab/glass_lightcover.mdl outside the map (-1264.00, 448.00, 380.00)
Encountered obsolete static prop option to do its fade in screen space @ 80.00 -128.00 64.00
Encountered obsolete static prop option to do its fade in screen space @ 80.00 -128.00 -64.00
Encountered obsolete static prop option to do its fade in screen space @ 80.00 -128.00 192.00
Encountered obsolete static prop option to do its fade in screen space @ 80.00 -128.00 -192.00
Encountered obsolete static prop option to do its fade in screen space @ -1264.00 320.00 380.00
Static prop models/props_lab/glass_lightcover.mdl outside the map (-1264.00, 320.00, 380.00)
Encountered obsolete static prop option to do its fade in screen space @ 80.00 -128.00 320.00
Encountered obsolete static prop option to do its fade in screen space @ -1264.00 192.00 380.00
Static prop models/props_lab/glass_lightcover.mdl outside the map (-1264.00, 192.00, 380.00)
Encountered obsolete static prop option to do its fade in screen space @ -1264.00 64.00 380.00
Static prop models/props_lab/glass_lightcover.mdl outside the map (-1264.00, 64.00, 380.00)
Encountered obsolete static prop option to do its fade in screen space @ -1264.00 -64.00 380.00
Static prop models/props_lab/glass_lightcover.mdl outside the map (-1264.00, -64.00, 380.00)
Encountered obsolete static prop option to do its fade in screen space @ 80.00 512.00 192.00
Encountered obsolete static prop option to do its fade in screen space @ 80.00 512.00 64.00
Encountered obsolete static prop option to do its fade in screen space @ 80.00 512.00 -192.00
Encountered obsolete static prop option to do its fade in screen space @ 80.00 512.00 -320.00
Encountered obsolete static prop option to do its fade in screen space @ 400.00 192.00 384.00
Encountered obsolete static prop option to do its fade in screen space @ 368.00 192.00 384.00
Encountered obsolete static prop option to do its fade in screen space @ 336.00 192.00 384.00
Encountered obsolete static prop option to do its fade in screen space @ 80.00 -128.00 -320.00
Encountered obsolete static prop option to do its fade in screen space @ 11904.00 11792.00 8607.00
Encountered obsolete static prop option to do its fade in screen space @ 11904.00 11760.00 8607.00
Encountered obsolete static prop option to do its fade in screen space @ 11904.00 11824.00 8607.00
Encountered obsolete static prop option to do its fade in screen space @ 11904.00 11728.00 8607.00
Encountered obsolete static prop option to do its fade in screen space @ -2096.00 -448.00 384.00
Encountered obsolete static prop option to do its fade in screen space @ -2128.00 -448.00 384.00
Encountered obsolete static prop option to do its fade in screen space @ -2064.00 -448.00 384.00
Encountered obsolete static prop option to do its fade in screen space @ -2160.00 -448.00 384.00
Placing detail props : 0...1...2...3...4...5...6...7...8...9...10
Compacting texture/material tables...
Reduced 2286 texinfos to 1144
Reduced 115 texdatas to 97 (4343 bytes to 3575)
Writing a:\#portal2remastered\p2asw\game\portal2asw\mapsrc\sp_a4_finale2_d.bsp
7 seconds elapsed



32 threads
reading a:\#portal2remastered\p2asw\game\portal2asw\mapsrc\sp_a4_finale2_d.bsp
reading a:\#portal2remastered\p2asw\game\portal2asw\mapsrc\sp_a4_finale2_d.prt
 589 portalclusters
1415 numportals
0...1...2...3...4...5...6...7...8...9...100...1...2...3...4...5...6...7...8...9...10Optimized: 299 visible clusters (0.00%)
Total clusters visible: 52518
Average clusters visible: 89
Building PAS...
Average clusters audible: 209
visdatasize:47731  compressed from 94240
writing a:\#portal2remastered\p2asw\game\portal2asw\mapsrc\sp_a4_finale2_d.bsp
0 seconds elapsed
