19:09:54.720 INFO  Loading C:\Program Files (x86)\Steam\steamapps\common\Portal 2\portal2\maps\sp_a3_03.bsp
19:09:54.811 INFO  Using 'DStaticPropV9' for sprp version 9
19:09:54.825 WARN  Lump LUMP_DISP_MULTIBLEND is empty
19:09:54.832 INFO  BSP version: 21
19:09:54.832 INFO  Game: Portal 2
19:09:54.835 INFO  Unequal amount of areaporal entities and areaportal brushes. Falling back to 'Manual' method
19:09:55.072 INFO  No occluders to reallocate...
19:09:55.127 INFO  2228 (23.5%) exact brushside->origface matches
19:09:55.127 INFO  1/188 (nondisp/disp) original faces left after exact brushside->origface matching
19:09:55.148 INFO  75 (0.8%) partial brushside->origface matches
19:09:55.148 INFO  Writing brushes and planes
19:09:55.257 INFO  Writing displacements
19:09:55.313 INFO  Writing entities
19:09:55.314 WARN  func_areaportal entity links to a non existing areaportal, skipping...
19:09:55.368 INFO  Writing func_details
19:09:55.482 INFO  Writing func_viscluster
19:09:55.483 INFO  Writing info_overlays
19:09:55.487 INFO  Writing prop_statics
19:09:55.515 INFO  Writing env_cubemaps
19:09:55.515 INFO  Writing func_ladders
19:09:55.517 INFO  Finished decompiling C:\Program Files (x86)\Steam\steamapps\common\Portal 2\portal2\maps\sp_a3_03.bsp.



materialPath: C:\Program Files (x86)\Steam\steamapps\common\Portal 2\portal2\materials
Loading a:\#portal2remastered\p2asw\game\portal2asw\mapsrc\sp_a3_03_d.vmf
"materials/dev/dev_windowportal.vtf": cached version doesn't exist
Could not locate GameData file portal2.fgd
Patching WVT material: maps/sp_a3_03_d/nature/blendrockdirt_tunnel03a_wvt_patch
Patching WVT material: maps/sp_a3_03_d/nature/blendrockdirt_tunnel03b_wvt_patch
fixing up env_cubemap materials on brush sides...
0...1...2...3...4...5...6...7...8...9...100...1...2...3...4...5...6...7...8...9...10Processing areas...done (0)
Building Faces...done (0)
Chop Details...done (0)
Find Visible Detail Sides...
Merged 332 detail faces...done (0)
Merging details...done (0)
FixTjuncs...
PruneNodes...
WriteBSP...
done (0)
writing a:\#portal2remastered\p2asw\game\portal2asw\mapsrc\sp_a3_03_d.prt...Building visibility clusters...
done (0)
Finding displacement neighbors...
Finding lightmap sample positions...
Displacement Alpha : 0...1...2...3...4...5...6...7...8...9...10
Building Physics collision data...
done (1) (453781 bytes)
Encountered obsolete static prop option to do its fade in screen space @ -8951.00 740.00 -4424.00
Encountered obsolete static prop option to do its fade in screen space @ -9376.00 -320.00 -4480.00
Encountered obsolete static prop option to do its fade in screen space @ -3584.00 -4032.00 -5248.00
Encountered obsolete static prop option to do its fade in screen space @ -4768.00 -16.00 -5312.00
Encountered obsolete static prop option to do its fade in screen space @ -4865.04 -1167.76 -5408.15
Encountered obsolete static prop option to do its fade in screen space @ -2848.24 14.96 -5424.15
Encountered obsolete static prop option to do its fade in screen space @ -5432.00 -512.00 -5448.00
Encountered obsolete static prop option to do its fade in screen space @ -10146.00 1065.00 -3296.00
Encountered obsolete static prop option to do its fade in screen space @ -5438.00 -202.00 -5255.00
Encountered obsolete static prop option to do its fade in screen space @ -5560.00 -1824.00 -5256.00
Encountered obsolete static prop option to do its fade in screen space @ -4096.00 -1728.00 -5248.00
Encountered obsolete static prop option to do its fade in screen space @ -7539.28 -381.96 -4684.05
Encountered obsolete static prop option to do its fade in screen space @ -7605.53 -143.10 -4620.05
Encountered obsolete static prop option to do its fade in screen space @ -7572.40 -262.53 -4652.05
Encountered obsolete static prop option to do its fade in screen space @ -7671.79 95.75 -4556.05
Encountered obsolete static prop option to do its fade in screen space @ -7638.66 -23.68 -4588.05
Encountered obsolete static prop option to do its fade in screen space @ -7738.05 334.60 -4492.05
Encountered obsolete static prop option to do its fade in screen space @ -7936.82 1051.15 -4300.05
Encountered obsolete static prop option to do its fade in screen space @ -7704.92 215.17 -4524.05
Encountered obsolete static prop option to do its fade in screen space @ -7837.44 692.87 -4396.05
Encountered obsolete static prop option to do its fade in screen space @ -7771.18 454.02 -4460.05
Encountered obsolete static prop option to do its fade in screen space @ -7903.69 931.73 -4332.05
Encountered obsolete static prop option to do its fade in screen space @ -7804.31 573.45 -4428.05
Encountered obsolete static prop option to do its fade in screen space @ -7870.56 812.30 -4364.05
Encountered obsolete static prop option to do its fade in screen space @ -1885.00 -986.00 -5248.00
Encountered obsolete static prop option to do its fade in screen space @ -9376.00 196.37 -3843.35
Encountered obsolete static prop option to do its fade in screen space @ -9376.00 -320.00 -4223.25
Encountered obsolete static prop option to do its fade in screen space @ -10144.00 434.56 -3749.53
Encountered obsolete static prop option to do its fade in screen space @ -8952.00 1018.00 -4191.00
Encountered obsolete static prop option to do its fade in screen space @ -8253.00 1226.00 -4248.00
Encountered obsolete static prop option to do its fade in screen space @ -9944.00 169.00 -4987.75
Encountered obsolete static prop option to do its fade in screen space @ -6784.00 640.00 -4999.75
Encountered obsolete static prop option to do its fade in screen space @ -7040.00 640.00 -4999.75
Encountered obsolete static prop option to do its fade in screen space @ -9376.00 -280.00 -4031.00
Encountered obsolete static prop option to do its fade in screen space @ -10144.00 -320.00 -3968.00
Encountered obsolete static prop option to do its fade in screen space @ -8253.00 1226.00 -4504.00
Encountered obsolete static prop option to do its fade in screen space @ -8064.00 640.00 -4999.75
Encountered obsolete static prop option to do its fade in screen space @ -10078.00 -68.00 -4152.00
Encountered obsolete static prop option to do its fade in screen space @ -10144.00 -320.00 -4736.00
Encountered obsolete static prop option to do its fade in screen space @ -10144.00 -280.00 -4031.00
Encountered obsolete static prop option to do its fade in screen space @ -10144.00 -320.00 -4992.75
Encountered obsolete static prop option to do its fade in screen space @ -9312.00 -68.00 -4152.00
Encountered obsolete static prop option to do its fade in screen space @ -3584.00 -3520.00 -5248.00
Encountered obsolete static prop option to do its fade in screen space @ -9376.00 910.93 -3561.88
Encountered obsolete static prop option to do its fade in screen space @ -10144.00 -320.00 -4480.00
Encountered obsolete static prop option to do its fade in screen space @ -10144.00 -320.00 -4223.25
Encountered obsolete static prop option to do its fade in screen space @ -9376.00 434.56 -3749.53
Encountered obsolete static prop option to do its fade in screen space @ -8381.00 868.00 -4408.00
Encountered obsolete static prop option to do its fade in screen space @ -9376.00 -320.00 -4736.00
Encountered obsolete static prop option to do its fade in screen space @ -8380.00 868.00 -4536.00
Encountered obsolete static prop option to do its fade in screen space @ -8476.00 1172.00 -4584.00
Encountered obsolete static prop option to do its fade in screen space @ -9376.00 -320.00 -3968.00
Encountered obsolete static prop option to do its fade in screen space @ -3584.00 -3350.31 -5247.03
Encountered obsolete static prop option to do its fade in screen space @ -8671.00 339.00 -4191.00
Encountered obsolete static prop option to do its fade in screen space @ -2592.00 -1360.00 -5794.53
Encountered obsolete static prop option to do its fade in screen space @ -9376.00 -320.00 -4992.75
Encountered obsolete static prop option to do its fade in screen space @ -10144.00 -41.12 -3936.90
Encountered obsolete static prop option to do its fade in screen space @ -10206.00 -67.00 -4152.00
Encountered obsolete static prop option to do its fade in screen space @ -9440.00 -67.00 -4152.00
Encountered obsolete static prop option to do its fade in screen space @ -9376.00 673.45 -3655.43
Encountered obsolete static prop option to do its fade in screen space @ -4112.00 -3424.00 -5634.53
Encountered obsolete static prop option to do its fade in screen space @ -3622.00 1918.00 -4649.00
Encountered obsolete static prop option to do its fade in screen space @ -3793.86 -1536.00 -5247.38
Encountered obsolete static prop option to do its fade in screen space @ -9376.00 -41.12 -3936.90
Encountered obsolete static prop option to do its fade in screen space @ -8476.00 1044.00 -4584.00
Encountered obsolete static prop option to do its fade in screen space @ -10144.00 196.37 -3843.35
Encountered obsolete static prop option to do its fade in screen space @ -9945.00 482.00 -4987.75
Encountered obsolete static prop option to do its fade in screen space @ -8476.00 916.00 -4584.00
Encountered obsolete static prop option to do its fade in screen space @ -7680.00 640.00 -4992.75
Placing detail props : 0...1...2...3...4...5...6...7...8...9...10
Compacting texture/material tables...
Reduced 2756 texinfos to 1228
Reduced 165 texdatas to 149 (6307 bytes to 5740)
Writing a:\#portal2remastered\p2asw\game\portal2asw\mapsrc\sp_a3_03_d.bsp
17 seconds elapsed



32 threads
reading a:\#portal2remastered\p2asw\game\portal2asw\mapsrc\sp_a3_03_d.bsp
reading a:\#portal2remastered\p2asw\game\portal2asw\mapsrc\sp_a3_03_d.prt
 756 portalclusters
2025 numportals
0...1...2...3...4...5...6...7...8...9...100...1...2...3...4...5...6...7...8...9...10Optimized: 491 visible clusters (0.00%)
Total clusters visible: 272968
Average clusters visible: 361
Building PAS...
Average clusters audible: 700
visdatasize:138777  compressed from 145152
writing a:\#portal2remastered\p2asw\game\portal2asw\mapsrc\sp_a3_03_d.bsp
4 seconds elapsed



[Reading texlights from 'lights.rad']
[59 texlights parsed from 'lights.rad']

Loading a:\#portal2remastered\p2asw\game\portal2asw\mapsrc\sp_a3_03_d.bsp
Patch Sample Radius Clamped!
Patch Sample Radius Clamped!
Patch Sample Radius Clamped!
Patch Sample Radius Clamped!
Patch Sample Radius Clamped!
Patch Sample Radius Clamped!
Patch Sample Radius Clamped!
Patch Sample Radius Clamped!
Patch Sample Radius Clamped!
Patch Sample Radius Clamped!
Patch Sample Radius Clamped!
Patch Sample Radius Clamped!
Patch Sample Radius Clamped!
Patch Sample Radius Clamped!
Patch Sample Radius Clamped!
Patch Sample Radius Clamped!
Patch Sample Radius Clamped!
Patch Sample Radius Clamped!
Patch Sample Radius Clamped!
Patch Sample Radius Clamped!
Patch Sample Radius Clamped!
Patch Sample Radius Clamped!
Patch Sample Radius Clamped!
Patch Sample Radius Clamped!
Patch Sample Radius Clamped!
Patch Sample Radius Clamped!
Patch Sample Radius Clamped!
Patch Sample Radius Clamped!
Patch Sample Radius Clamped!
Patch Sample Radius Clamped!
Patch Sample Radius Clamped!
Patch Sample Radius Clamped!
Patch Sample Radius Clamped!
Patch Sample Radius Clamped!
Patch Sample Radius Clamped!
Patch Sample Radius Clamped!
Patch Sample Radius Clamped!
Patch Sample Radius Clamped!
Patch Sample Radius Clamped!
Patch Sample Radius Clamped!
Patch Sample Radius Clamped!
Patch Sample Radius Clamped!
3623 faces
1 degenerate faces
3294008 square feet [474337248.00 square inches]
188 Displacements
1900891 Square Feet [273728384.00 Square Inches]
3622 patches before subdivision
3622 patches after subdivision
105 direct lights
0...1...2...3...4...5...6...7...8...9...100...1...2...3...4...5...6...7...8...9...10transfers 232479, max 319
transfer lists:   1.8 megs
0...1...2...3...4...5...6...7...8...9...10	Bounce #1 added RGB(1554, 1233, 680)
0...1...2...3...4...5...6...7...8...9...10	Bounce #2 added RGB(93, 66, 32)
Build Patch/Sample Hash Table(s).....Done<0.0330 sec>
0...1...2...3...4...5...6...7...8...9...10FinalLightFace Done
0 of 3 (0% of) surface lights went in leaf ambient cubes.
0...1...2...3...4...5...6...7...8...9...10Writing leaf ambient...done
Ready to Finish

Object names       Objects/Maxobjs  Memory / Maxmem  Fullness 
------------       ---------------  ---------------  -------- 
models                 173/1024         8304/49152    (16.9%) 
brushes               1151/8192        13812/98304    (14.1%) 
brushsides           10007/65536       80056/524288   (15.3%) 
planes                9046/65536      180920/1310720  (13.8%) 
vertexes              8341/65536      100092/786432   (12.7%) 
nodes                 2689/65536       86048/2097152  ( 4.1%) 
texinfos              1228/12288       88416/884736   (10.0%) 
texdata                149/2048         4768/65536    ( 7.3%) 
dispinfos              188/0           33088/0        ( 0.0%) 
disp_verts            5876/0          117520/0        ( 0.0%) 
disp_tris             8032/0           16064/0        ( 0.0%) 
disp_multiblend          0/0               0/0        ( 0.0%) 
disp_lmsamples      556884/0          556884/0        ( 0.0%) 
faces                 3623/65536      202888/3670016  ( 5.5%) 
hdr faces             3623/65536      202888/3670016  ( 5.5%) 
origfaces             2419/65536      135464/3670016  ( 3.7%) 
leaves                2863/65536       91616/2097152  ( 4.4%) 
leaffaces             4399/65536        8798/131072   ( 6.7%) 
leafbrushes           2960/65536        5920/131072   ( 4.5%) 
areas                   12/256            96/2048     ( 4.7%) 
surfedges            26841/512000     107364/2048000  ( 5.2%) 
edges                17131/256000      68524/1024000  ( 6.7%) 
LDR worldlights          0/8192            0/819200   ( 0.0%) 
HDR worldlights        105/8192        10500/819200   ( 1.3%) 
leafwaterdata            1/32768          12/393216   ( 0.0%) 
waterstrips            523/32768        5230/327680   ( 1.6%) 
waterverts               0/65536           0/786432   ( 0.0%) 
waterindices          9237/65536       18474/131072   (14.1%) 
cubemapsamples          31/1024          496/16384    ( 3.0%) 
overlays               103/512         36256/180224   (20.1%) 
LDR lightdata         [variable]           0/0        ( 0.0%) 
HDR lightdata         [variable]    12898256/0        ( 0.0%) 
visdata               [variable]      138777/16777216 ( 0.8%) 
entdata               [variable]      237461/0        ( 0.0%) 
LDR ambient table     2863/65536       11452/262144   ( 4.4%) 
HDR ambient table     2863/65536       11452/262144   ( 4.4%) 
LDR leaf ambient      2863/65536       80164/1835008  ( 4.4%) 
HDR leaf ambient      6161/65536      172508/1835008  ( 9.4%) 
occluders                0/0               0/0        ( 0.0%) 
occluder polygons        0/0               0/0        ( 0.0%) 
occluder vert ind        0/0               0/0        ( 0.0%) 
Prop Hull Verts          0/0               0/0        ( 0.0%) 
Prop Hull Blob        [variable]           0/0        ( 0.0%) 
Prop Hull Lists          0/0               0/0        ( 0.0%) 
Prop Hulls               0/0               0/0        ( 0.0%) 
Prop Hull trilist        0/0               0/0        ( 0.0%) 
detail props          [variable]           1/12       ( 8.3%) 
static props          [variable]           1/105104   ( 0.0%) 
pakfile               [variable]     2398509/0        ( 0.0%) 
physics               [variable]      453781/4194304  (10.8%) 
physics terrain       [variable]       41018/1048576  ( 3.9%) 

Level flags = 2

Total triangle count: 9814
Writing a:\#portal2remastered\p2asw\game\portal2asw\mapsrc\sp_a3_03_d.bsp
39 seconds elapsed



materialPath: C:\Program Files (x86)\Steam\steamapps\common\Portal 2\portal2\materials
Loading a:\#portal2remastered\p2asw\game\portal2asw\mapsrc\sp_a3_03_d.vmf
"materials/dev/dev_windowportal.vtf": cached version doesn't exist
Could not locate GameData file portal2.fgd
Patching WVT material: maps/sp_a3_03_d/nature/blendrockdirt_tunnel03a_wvt_patch
Patching WVT material: maps/sp_a3_03_d/nature/blendrockdirt_tunnel03b_wvt_patch
fixing up env_cubemap materials on brush sides...
0...1...2...3...4...5...6...7...8...9...100...1...2...3...4...5...6...7...8...9...10Processing areas...done (0)
Building Faces...done (0)
Chop Details...done (0)
Find Visible Detail Sides...
Merged 332 detail faces...done (0)
Merging details...done (0)
FixTjuncs...
PruneNodes...
WriteBSP...
done (0)
writing a:\#portal2remastered\p2asw\game\portal2asw\mapsrc\sp_a3_03_d.prt...Building visibility clusters...
done (0)
Finding displacement neighbors...
Finding lightmap sample positions...
Displacement Alpha : 0...1...2...3...4...5...6...7...8...9...10
Building Physics collision data...
done (1) (453781 bytes)
Encountered obsolete static prop option to do its fade in screen space @ -8951.00 740.00 -4424.00
Encountered obsolete static prop option to do its fade in screen space @ -9376.00 -320.00 -4480.00
Encountered obsolete static prop option to do its fade in screen space @ -3584.00 -4032.00 -5248.00
Encountered obsolete static prop option to do its fade in screen space @ -4768.00 -16.00 -5312.00
Encountered obsolete static prop option to do its fade in screen space @ -4865.04 -1167.76 -5408.15
Encountered obsolete static prop option to do its fade in screen space @ -2848.24 14.96 -5424.15
Encountered obsolete static prop option to do its fade in screen space @ -5432.00 -512.00 -5448.00
Encountered obsolete static prop option to do its fade in screen space @ -10146.00 1065.00 -3296.00
Encountered obsolete static prop option to do its fade in screen space @ -5438.00 -202.00 -5255.00
Encountered obsolete static prop option to do its fade in screen space @ -5560.00 -1824.00 -5256.00
Encountered obsolete static prop option to do its fade in screen space @ -4096.00 -1728.00 -5248.00
Encountered obsolete static prop option to do its fade in screen space @ -7539.28 -381.96 -4684.05
Encountered obsolete static prop option to do its fade in screen space @ -7605.53 -143.10 -4620.05
Encountered obsolete static prop option to do its fade in screen space @ -7572.40 -262.53 -4652.05
Encountered obsolete static prop option to do its fade in screen space @ -7671.79 95.75 -4556.05
Encountered obsolete static prop option to do its fade in screen space @ -7638.66 -23.68 -4588.05
Encountered obsolete static prop option to do its fade in screen space @ -7738.05 334.60 -4492.05
Encountered obsolete static prop option to do its fade in screen space @ -7936.82 1051.15 -4300.05
Encountered obsolete static prop option to do its fade in screen space @ -7704.92 215.17 -4524.05
Encountered obsolete static prop option to do its fade in screen space @ -7837.44 692.87 -4396.05
Encountered obsolete static prop option to do its fade in screen space @ -7771.18 454.02 -4460.05
Encountered obsolete static prop option to do its fade in screen space @ -7903.69 931.73 -4332.05
Encountered obsolete static prop option to do its fade in screen space @ -7804.31 573.45 -4428.05
Encountered obsolete static prop option to do its fade in screen space @ -7870.56 812.30 -4364.05
Encountered obsolete static prop option to do its fade in screen space @ -1885.00 -986.00 -5248.00
Encountered obsolete static prop option to do its fade in screen space @ -9376.00 196.37 -3843.35
Encountered obsolete static prop option to do its fade in screen space @ -9376.00 -320.00 -4223.25
Encountered obsolete static prop option to do its fade in screen space @ -10144.00 434.56 -3749.53
Encountered obsolete static prop option to do its fade in screen space @ -8952.00 1018.00 -4191.00
Encountered obsolete static prop option to do its fade in screen space @ -8253.00 1226.00 -4248.00
Encountered obsolete static prop option to do its fade in screen space @ -9944.00 169.00 -4987.75
Encountered obsolete static prop option to do its fade in screen space @ -6784.00 640.00 -4999.75
Encountered obsolete static prop option to do its fade in screen space @ -7040.00 640.00 -4999.75
Encountered obsolete static prop option to do its fade in screen space @ -9376.00 -280.00 -4031.00
Encountered obsolete static prop option to do its fade in screen space @ -10144.00 -320.00 -3968.00
Encountered obsolete static prop option to do its fade in screen space @ -8253.00 1226.00 -4504.00
Encountered obsolete static prop option to do its fade in screen space @ -8064.00 640.00 -4999.75
Encountered obsolete static prop option to do its fade in screen space @ -10078.00 -68.00 -4152.00
Encountered obsolete static prop option to do its fade in screen space @ -10144.00 -320.00 -4736.00
Encountered obsolete static prop option to do its fade in screen space @ -10144.00 -280.00 -4031.00
Encountered obsolete static prop option to do its fade in screen space @ -10144.00 -320.00 -4992.75
Encountered obsolete static prop option to do its fade in screen space @ -9312.00 -68.00 -4152.00
Encountered obsolete static prop option to do its fade in screen space @ -3584.00 -3520.00 -5248.00
Encountered obsolete static prop option to do its fade in screen space @ -9376.00 910.93 -3561.88
Encountered obsolete static prop option to do its fade in screen space @ -10144.00 -320.00 -4480.00
Encountered obsolete static prop option to do its fade in screen space @ -10144.00 -320.00 -4223.25
Encountered obsolete static prop option to do its fade in screen space @ -9376.00 434.56 -3749.53
Encountered obsolete static prop option to do its fade in screen space @ -8381.00 868.00 -4408.00
Encountered obsolete static prop option to do its fade in screen space @ -9376.00 -320.00 -4736.00
Encountered obsolete static prop option to do its fade in screen space @ -8380.00 868.00 -4536.00
Encountered obsolete static prop option to do its fade in screen space @ -8476.00 1172.00 -4584.00
Encountered obsolete static prop option to do its fade in screen space @ -9376.00 -320.00 -3968.00
Encountered obsolete static prop option to do its fade in screen space @ -3584.00 -3350.31 -5247.03
Encountered obsolete static prop option to do its fade in screen space @ -8671.00 339.00 -4191.00
Encountered obsolete static prop option to do its fade in screen space @ -2592.00 -1360.00 -5794.53
Encountered obsolete static prop option to do its fade in screen space @ -9376.00 -320.00 -4992.75
Encountered obsolete static prop option to do its fade in screen space @ -10144.00 -41.12 -3936.90
Encountered obsolete static prop option to do its fade in screen space @ -10206.00 -67.00 -4152.00
Encountered obsolete static prop option to do its fade in screen space @ -9440.00 -67.00 -4152.00
Encountered obsolete static prop option to do its fade in screen space @ -9376.00 673.45 -3655.43
Encountered obsolete static prop option to do its fade in screen space @ -4112.00 -3424.00 -5634.53
Encountered obsolete static prop option to do its fade in screen space @ -3622.00 1918.00 -4649.00
Encountered obsolete static prop option to do its fade in screen space @ -3793.86 -1536.00 -5247.38
Encountered obsolete static prop option to do its fade in screen space @ -9376.00 -41.12 -3936.90
Encountered obsolete static prop option to do its fade in screen space @ -8476.00 1044.00 -4584.00
Encountered obsolete static prop option to do its fade in screen space @ -10144.00 196.37 -3843.35
Encountered obsolete static prop option to do its fade in screen space @ -9945.00 482.00 -4987.75
Encountered obsolete static prop option to do its fade in screen space @ -8476.00 916.00 -4584.00
Encountered obsolete static prop option to do its fade in screen space @ -7680.00 640.00 -4992.75
Placing detail props : 0...1...2...3...4...5...6...7...8...9...10
Compacting texture/material tables...
Reduced 2756 texinfos to 1228
Reduced 165 texdatas to 149 (6307 bytes to 5740)
Writing a:\#portal2remastered\p2asw\game\portal2asw\mapsrc\sp_a3_03_d.bsp
17 seconds elapsed



32 threads
reading a:\#portal2remastered\p2asw\game\portal2asw\mapsrc\sp_a3_03_d.bsp
reading a:\#portal2remastered\p2asw\game\portal2asw\mapsrc\sp_a3_03_d.prt
 756 portalclusters
2025 numportals
0...1...2...3...4...5...6...7...8...9...100...1...2...3...4...5...6...7...8...9...10Optimized: 507 visible clusters (0.00%)
Total clusters visible: 272984
Average clusters visible: 361
Building PAS...
Average clusters audible: 700
visdatasize:138777  compressed from 145152
writing a:\#portal2remastered\p2asw\game\portal2asw\mapsrc\sp_a3_03_d.bsp
4 seconds elapsed



[Reading texlights from 'lights.rad']
[59 texlights parsed from 'lights.rad']

Loading a:\#portal2remastered\p2asw\game\portal2asw\mapsrc\sp_a3_03_d.bsp
Patch Sample Radius Clamped!
Patch Sample Radius Clamped!
Patch Sample Radius Clamped!
Patch Sample Radius Clamped!
Patch Sample Radius Clamped!
Patch Sample Radius Clamped!
Patch Sample Radius Clamped!
Patch Sample Radius Clamped!
Patch Sample Radius Clamped!
Patch Sample Radius Clamped!
Patch Sample Radius Clamped!
Patch Sample Radius Clamped!
Patch Sample Radius Clamped!
Patch Sample Radius Clamped!
Patch Sample Radius Clamped!
Patch Sample Radius Clamped!
Patch Sample Radius Clamped!
Patch Sample Radius Clamped!
Patch Sample Radius Clamped!
Patch Sample Radius Clamped!
Patch Sample Radius Clamped!
Patch Sample Radius Clamped!
Patch Sample Radius Clamped!
Patch Sample Radius Clamped!
Patch Sample Radius Clamped!
Patch Sample Radius Clamped!
Patch Sample Radius Clamped!
Patch Sample Radius Clamped!
Patch Sample Radius Clamped!
Patch Sample Radius Clamped!
Patch Sample Radius Clamped!
Patch Sample Radius Clamped!
Patch Sample Radius Clamped!
Patch Sample Radius Clamped!
Patch Sample Radius Clamped!
Patch Sample Radius Clamped!
Patch Sample Radius Clamped!
Patch Sample Radius Clamped!
Patch Sample Radius Clamped!
Patch Sample Radius Clamped!
Patch Sample Radius Clamped!
Patch Sample Radius Clamped!
3623 faces
1 degenerate faces
3294008 square feet [474337248.00 square inches]
188 Displacements
1900891 Square Feet [273728384.00 Square Inches]
3622 patches before subdivision
3622 patches after subdivision
105 direct lights
0...1...2...3...4...5...6...7...8...9...100...1...2...3...4...5...6...7...8...9...10transfers 232479, max 319
transfer lists:   1.8 megs
0...1...2...3...4...5...6...7...8...9...10	Bounce #1 added RGB(1554, 1233, 680)
0...1...2...3...4...5...6...7...8...9...10	Bounce #2 added RGB(93, 66, 32)
Build Patch/Sample Hash Table(s).....Done<0.0292 sec>
0...1...2...3...4...5...6...7...8...9...10FinalLightFace Done
0 of 3 (0% of) surface lights went in leaf ambient cubes.
0...1...2...3...4...5...6...7...8...9...10Writing leaf ambient...done
Ready to Finish

Object names       Objects/Maxobjs  Memory / Maxmem  Fullness 
------------       ---------------  ---------------  -------- 
models                 173/1024         8304/49152    (16.9%) 
brushes               1151/8192        13812/98304    (14.1%) 
brushsides           10007/65536       80056/524288   (15.3%) 
planes                9046/65536      180920/1310720  (13.8%) 
vertexes              8341/65536      100092/786432   (12.7%) 
nodes                 2689/65536       86048/2097152  ( 4.1%) 
texinfos              1228/12288       88416/884736   (10.0%) 
texdata                149/2048         4768/65536    ( 7.3%) 
dispinfos              188/0           33088/0        ( 0.0%) 
disp_verts            5876/0          117520/0        ( 0.0%) 
disp_tris             8032/0           16064/0        ( 0.0%) 
disp_multiblend          0/0               0/0        ( 0.0%) 
disp_lmsamples      556884/0          556884/0        ( 0.0%) 
faces                 3623/65536      202888/3670016  ( 5.5%) 
hdr faces             3623/65536      202888/3670016  ( 5.5%) 
origfaces             2419/65536      135464/3670016  ( 3.7%) 
leaves                2863/65536       91616/2097152  ( 4.4%) 
leaffaces             4399/65536        8798/131072   ( 6.7%) 
leafbrushes           2960/65536        5920/131072   ( 4.5%) 
areas                   12/256            96/2048     ( 4.7%) 
surfedges            26841/512000     107364/2048000  ( 5.2%) 
edges                17131/256000      68524/1024000  ( 6.7%) 
LDR worldlights          0/8192            0/819200   ( 0.0%) 
HDR worldlights        105/8192        10500/819200   ( 1.3%) 
leafwaterdata            1/32768          12/393216   ( 0.0%) 
waterstrips            523/32768        5230/327680   ( 1.6%) 
waterverts               0/65536           0/786432   ( 0.0%) 
waterindices          9237/65536       18474/131072   (14.1%) 
cubemapsamples          31/1024          496/16384    ( 3.0%) 
overlays               103/512         36256/180224   (20.1%) 
LDR lightdata         [variable]           0/0        ( 0.0%) 
HDR lightdata         [variable]    12898256/0        ( 0.0%) 
visdata               [variable]      138777/16777216 ( 0.8%) 
entdata               [variable]      237461/0        ( 0.0%) 
LDR ambient table     2863/65536       11452/262144   ( 4.4%) 
HDR ambient table     2863/65536       11452/262144   ( 4.4%) 
LDR leaf ambient      2863/65536       80164/1835008  ( 4.4%) 
HDR leaf ambient      6161/65536      172508/1835008  ( 9.4%) 
occluders                0/0               0/0        ( 0.0%) 
occluder polygons        0/0               0/0        ( 0.0%) 
occluder vert ind        0/0               0/0        ( 0.0%) 
Prop Hull Verts          0/0               0/0        ( 0.0%) 
Prop Hull Blob        [variable]           0/0        ( 0.0%) 
Prop Hull Lists          0/0               0/0        ( 0.0%) 
Prop Hulls               0/0               0/0        ( 0.0%) 
Prop Hull trilist        0/0               0/0        ( 0.0%) 
detail props          [variable]           1/12       ( 8.3%) 
static props          [variable]           1/105104   ( 0.0%) 
pakfile               [variable]     2398509/0        ( 0.0%) 
physics               [variable]      453781/4194304  (10.8%) 
physics terrain       [variable]       41018/1048576  ( 3.9%) 

Level flags = 2

Total triangle count: 9814
Writing a:\#portal2remastered\p2asw\game\portal2asw\mapsrc\sp_a3_03_d.bsp
38 seconds elapsed
