PRT1
320
962
4 3 101 (1744 0 -944 ) (1744 0 720 ) (1376 0 720 ) (1376 0 -944 ) 
4 3 5 (1376 0 -352 ) (1376 0 720 ) (1376 144 720 ) (1376 144 -352 ) 
4 3 4 (1376 144 720 ) (1376 512 720 ) (1376 512 -944 ) (1376 144 -944 ) 
4 4 6 (1360 144 -944 ) (1360 144 720 ) (1360 512 720 ) (1360 512 -944 ) 
4 4 5 (1360 144 720 ) (1360 144 -352 ) (1376 144 -352 ) (1376 144 720 ) 
4 5 102 (1376 0 -352 ) (1376 0 720 ) (1360 0 720 ) (1360 0 -352 ) 
4 5 8 (1360 0 -352 ) (1360 0 720 ) (1360 128 720 ) (1360 128 -352 ) 
4 5 7 (1360 128 720 ) (1360 144 720 ) (1360 144 -352 ) (1360 128 -352 ) 
4 6 9 (1104 144 -944 ) (1104 144 720 ) (1104 512 720 ) (1104 512 -944 ) 
4 6 7 (1104 144 720 ) (1104 144 -352 ) (1360 144 -352 ) (1360 144 720 ) 
4 7 10 (1104 128 -352 ) (1104 128 720 ) (1104 144 720 ) (1104 144 -352 ) 
4 7 8 (1104 128 720 ) (1104 128 -352 ) (1360 128 -352 ) (1360 128 720 ) 
4 8 103 (1360 0 -4624 ) (1360 0 720 ) (1104 0 720 ) (1104 0 -4624 ) 
4 8 10 (1104 0 -352 ) (1104 0 720 ) (1104 128 720 ) (1104 128 -352 ) 
4 9 11 (1088 144 -944 ) (1088 144 720 ) (1088 512 720 ) (1088 512 -944 ) 
4 9 10 (1088 144 720 ) (1088 144 -352 ) (1104 144 -352 ) (1104 144 720 ) 
4 10 104 (1104 0 -352 ) (1104 0 720 ) (1088 0 720 ) (1088 0 -352 ) 
4 10 11 (1088 0 -352 ) (1088 0 720 ) (1088 144 720 ) (1088 144 -352 ) 
4 11 105 (1088 0 -944 ) (1088 0 720 ) (1024 0 720 ) (1024 0 -944 ) 
4 11 79 (1024 512 -944 ) (1024 0 -944 ) (1024 0 -143 ) (1024 512 -143 ) 
4 11 24 (1024 0 -143 ) (1024 0 80 ) (1024 96 80 ) (1024 96 -143 ) 
4 11 16 (1024 0 80 ) (1024 0 720 ) (1024 96 720 ) (1024 96 80 ) 
4 11 12 (1024 96 720 ) (1024 512 720 ) (1024 512 -143 ) (1024 96 -143 ) 
4 12 79 (1024 512 -143 ) (1024 96 -143 ) (912 96 -143 ) (912 512 -143 ) 
4 12 24 (912 96 -143 ) (1024 96 -143 ) (1024 96 80 ) (912 96 80 ) 
4 12 16 (1024 96 80 ) (1024 96 720 ) (912 96 720 ) (912 96 80 ) 
4 13 42 (512 225.951691 206.539825 ) (512 512 244.198730 ) (512 512 120 ) (512 237.344299 120 ) 
4 13 41 (512 96 189.431396 ) (512 96 448 ) (512 512 448 ) (512 512 244.198730 ) 
4 13 20 (512 96 448 ) (512 96 160 ) (576 96 160 ) (576 96 448 ) 
4 13 14 (512 512 120 ) (576 512 120 ) (576 128 120 ) (512 128 120 ) 
4 14 82 (512 272 -143 ) (512 512 -143 ) (576 512 -143 ) (576 272 -143 ) 
4 14 83 (512 128 -143 ) (512 272 -143 ) (576 272 -143 ) (576 128 -143 ) 
4 14 42 (512 237.344299 120 ) (512 512 120 ) (512 512 18.265892 ) (512 255.188080 -15.543812 ) 
4 14 39 (512 255.190964 -15.543434 ) (512 512 18.265892 ) (512 512 -62.424133 ) (512 265.632935 -94.858971 ) 
4 14 38 (512 512 -143 ) (512 128 -143 ) (512 128 -112.978691 ) (512 512 -62.424133 ) 
4 14 15 (576 128 -143 ) (576 128 -72 ) (512 128 -72 ) (512 128 -143 ) 
4 15 83 (576 96 -143 ) (512 96 -143 ) (512 128 -143 ) (576 128 -143 ) 
4 15 38 (512 128 -143 ) (512 96 -143 ) (512 96 -117.191574 ) (512 128 -112.978691 ) 
4 15 34 (512 96 -72 ) (512 96 -143 ) (576 96 -143 ) (576 96 -72 ) 
4 16 112 (1024 0 80 ) (1024 0 720 ) (912 0 720 ) (912 0 80 ) 
4 16 24 (1024 0 80 ) (912 0 80 ) (912 96 80 ) (1024 96 80 ) 
4 17 28 (656 64 80 ) (656 96 80 ) (720 96 80 ) (720 64 80 ) 
4 17 19 (656 64 142 ) (656 64 80 ) (720 64 80 ) (720 64 142 ) 
4 17 18 (656 64 144 ) (656 64 142 ) (720 64 142 ) (720 64 144 ) 
4 18 114 (656 0 152 ) (656 0 142 ) (720 0 142 ) (720 0 152 ) 
4 18 19 (656 0 142 ) (656 64 142 ) (720 64 142 ) (720 0 142 ) 
4 19 115 (656 0 142 ) (656 0 80 ) (720 0 80 ) (720 0 142 ) 
4 19 30 (720 0 80 ) (656 0 80 ) (656 64 80 ) (720 64 80 ) 
4 20 119 (512 0 448 ) (512 0 160 ) (576 0 160 ) (576 0 448 ) 
4 20 46 (512 0 176.792770 ) (512 0 448 ) (512 0.509266 448 ) (512 35.596329 181.479095 ) 
4 20 43 (512 0.509266 448 ) (512 16.645355 448 ) (512 51.458542 183.567383 ) (512 35.596329 181.479111 ) 
4 20 41 (512 16.645355 448 ) (512 96 448 ) (512 96 189.431396 ) (512 51.458538 183.567413 ) 
4 21 120 (575 0 80 ) (592 0 80 ) (592 0 88 ) (575 0 88 ) 
4 21 31 (592 0 80 ) (575 0 80 ) (575 96 80 ) (592 96 80 ) 
4 21 22 (575 96 80 ) (575 0 80 ) (575 0 88 ) (575 96 88 ) 
4 22 121 (574 0 80 ) (575 0 80 ) (575 0 88 ) (574 0 88 ) 
4 22 32 (575 0 80 ) (574 0 80 ) (574 96 80 ) (575 96 80 ) 
4 22 23 (574 96 80 ) (574 0 80 ) (574 0 88 ) (574 96 88 ) 
4 23 122 (512 0 88 ) (512 0 80 ) (574 0 80 ) (574 0 88 ) 
4 23 48 (512 0 80 ) (512 0 88 ) (512 47.902706 88 ) (512 48.955894 80 ) 
4 23 33 (574 0 80 ) (512 0 80 ) (512 96 80 ) (574 96 80 ) 
4 24 112 (912 0 -143 ) (1024 0 -143 ) (1024 0 80 ) (912 0 80 ) 
4 24 79 (1024 96 -143 ) (1024 0 -143 ) (912 0 -143 ) (912 96 -143 ) 
4 24 25 (912 0 80 ) (912 64 80 ) (912 64 -143 ) (912 0 -143 ) 
4 25 113 (848 0 -143 ) (912 0 -143 ) (912 0 80 ) (848 0 80 ) 
4 25 80 (912 0 -143 ) (848 0 -143 ) (848 64 -143 ) (912 64 -143 ) 
4 25 27 (848 61.921261 -143 ) (848 0 -143 ) (848 0 72 ) (848 48 78 ) 
3 25 26 (848 0 80 ) (848 64 80 ) (848 0 72 ) 
4 26 113 (848 0 72 ) (848 0 80 ) (720 0 80 ) (720 0 72 ) 
3 26 30 (720 0 80 ) (720 63.998051 80 ) (720 0 72 ) 
4 26 27 (720 0 72.001175 ) (720 48 78.001030 ) (848 48 78 ) (848 0 72 ) 
4 27 113 (720 0 -143 ) (848 0 -143 ) (848 0 72 ) (720 0 72 ) 
4 27 81 (848 0 -143 ) (720 0 -143 ) (720 61.921360 -143 ) (848 61.921261 -143 ) 
4 27 30 (720 0 -48 ) (720 0 72 ) (720 48 78 ) (720 55.937107 -48 ) 
4 28 30 (656 64 -48 ) (720 64 -48 ) (720 64 80 ) (656 64 80 ) 
4 29 30 (632 64 -48 ) (648 64 -48 ) (648 64 80 ) (632 64 80 ) 
4 30 117 (656 0 80 ) (592 0 80 ) (592 0 -48 ) (656 0 -48 ) 
4 30 115 (720 0 -48 ) (720 0 80 ) (656 0 80 ) (656 0 -48 ) 
4 30 31 (592 0 80 ) (592 64 80 ) (592 64 -40 ) (592 0 -40 ) 
4 31 120 (592 0 -40 ) (592 0 80 ) (575 0 80 ) (575 0 -40 ) 
4 31 32 (575 96 -40 ) (575 0 -40 ) (575 0 80 ) (575 96 80 ) 
4 32 121 (575 0 80 ) (574 0 80 ) (574 0 -40 ) (575 0 -40 ) 
4 32 33 (574 96 -40 ) (574 0 -40 ) (574 0 80 ) (574 96 80 ) 
4 33 122 (574 0 80 ) (512 0 80 ) (512 0 -40 ) (574 0 -40 ) 
4 33 48 (512 0 -33.001217 ) (512 0 80 ) (512 48.955891 80 ) (512 62.744846 -24.740776 ) 
4 34 123 (512 0 -143 ) (576 0 -143 ) (576 0 -72 ) (512 0 -72 ) 
4 34 83 (576 0 -143 ) (512 0 -143 ) (512 96 -143 ) (576 96 -143 ) 
4 34 38 (512 96 -143 ) (512 0 -143 ) (512 0 -129.830215 ) (512 96 -117.191574 ) 
4 35 190 (0 320 748 ) (0 320 512 ) (0 240 512 ) (0 240 748 ) 
4 35 37 (0 240 748 ) (0 240 512 ) (48 240 512 ) (48 240 748 ) 
4 36 139 (256 0 448 ) (384 0 448 ) (384 0 768 ) (256 0 768 ) 
4 36 137 (384 0 448 ) (400 0 448 ) (400 0 768 ) (384 0 768 ) 
4 36 130 (496 0 448 ) (512 0 448 ) (512 0 768 ) (496 0 768 ) 
4 36 131 (400 0 448 ) (496 0 448 ) (496 0 768 ) (400 0 768 ) 
4 36 54 (400 0 448 ) (256 0 448 ) (256 64 448 ) (400 64 448 ) 
4 36 46 (512 0.509266 448 ) (512 0 448 ) (496 0 448 ) (496 0.509276 448 ) 
4 36 47 (496 0 448 ) (400 0 448 ) (400 0.509335 448 ) (496 0.509276 448 ) 
4 36 45 (496 0.509276 448 ) (400 0.509335 448 ) (400 16.645353 448 ) (496 16.645355 448 ) 
4 36 44 (400 16.645353 448 ) (400 64 448 ) (496 64 448 ) (496 16.645355 448 ) 
4 36 43 (512 16.645355 448 ) (512 0.509266 448 ) (496 0.509276 448 ) (496 16.645355 448 ) 
4 36 41 (512 64 448 ) (512 16.645355 448 ) (496 16.645355 448 ) (496 64 448 ) 
4 37 206 (0 96 448 ) (0 16 448 ) (0 16 816 ) (0 96 816 ) 
4 37 194 (0 240 816 ) (0 240 448 ) (0 96 448 ) (0 96 816 ) 
4 37 62 (64 160 448 ) (112 160 448 ) (112 16 448 ) (64 16 448 ) 
4 37 63 (0 16 448 ) (0 160 448 ) (64 160 448 ) (64 16 448 ) 
4 37 60 (96 172 448 ) (112 172 448 ) (112 160 448 ) (96 160 448 ) 
4 37 61 (0 160 448 ) (0 172 448 ) (96 172 448 ) (96 160 448 ) 
4 37 59 (0 172 448 ) (0 173 448 ) (96 173 448 ) (96 172 448 ) 
4 37 58 (0 173 448 ) (0 240 448 ) (96 240 448 ) (96 173 448 ) 
4 37 57 (112 173 448 ) (112 172 448 ) (96 172 448 ) (96 173 448 ) 
4 37 56 (96 240 448 ) (112 240 448 ) (112 173 448 ) (96 173 448 ) 
4 38 127 (496 0 -143 ) (512 0 -143 ) (512 0 -129.830215 ) (496 0 -129.830154 ) 
4 38 82 (512 512 -143 ) (512 272 -143 ) (496 272 -143 ) (496 512 -143 ) 
4 38 83 (512 272 -143 ) (512 0 -143 ) (496 0 -143 ) (496 272 -143 ) 
4 38 39 (512 512 -62.423889 ) (496 512 -62.423828 ) (496 265.631958 -94.858795 ) (512 265.632904 -94.858795 ) 
4 38 40 (496 512 -62.424065 ) (496 512 -143 ) (496 0 -143 ) (496 0 -129.830154 ) 
4 39 42 (512 255.190887 -15.542908 ) (512 512 18.266396 ) (496 512 18.266329 ) (496 255.189972 -15.543097 ) 
4 39 40 (496 512 18.265625 ) (496 512 -62.424065 ) (496 265.632019 -94.859032 ) (496 255.190094 -15.543835 ) 
4 40 129 (400 0 -143 ) (496 0 -143 ) (496 0 -49.139736 ) (400 0 -49.139709 ) 
4 40 82 (400 272 -143 ) (400 512 -143 ) (496 512 -143 ) (496 272 -143 ) 
4 40 83 (496 0 -143 ) (400 0 -143 ) (400 272 -143 ) (496 272 -143 ) 
4 40 65 (400 255.190521 -15.543499 ) (400 512 18.265884 ) (400 512 -94.700699 ) (400 269.809845 -126.585030 ) 
3 40 64 (400 512 -143 ) (400 145.123352 -143 ) (400 512 -94.700699 ) 
4 40 44 (400 512 18.265930 ) (400 80.696350 -38.515903 ) (496 80.696274 -38.515457 ) (496 512 18.266329 ) 
4 41 44 (496 512 448 ) (496 512 244.198669 ) (496 51.458534 183.567352 ) (496 16.645355 448 ) 
4 41 43 (496 16.645508 448 ) (496 51.458363 183.567322 ) (512 51.458355 183.567383 ) (512 16.645508 448 ) 
4 41 42 (496 225.952026 206.539230 ) (496 512 244.198090 ) (512 512 244.198151 ) (512 225.951782 206.539261 ) 
4 42 44 (496 512 244.198669 ) (496 512 18.265625 ) (496 255.188354 -15.543747 ) (496 225.951935 206.539795 ) 
4 43 46 (512 35.596214 181.479095 ) (512 0.508722 448 ) (496 0.508731 448 ) (496 35.596230 181.479034 ) 
4 43 45 (496 35.598820 181.479385 ) (496 0.511787 448 ) (496 16.645355 448 ) (496 51.458534 183.567352 ) 
4 44 68 (400 512 179.633911 ) (400 512 18.265884 ) (400 255.189880 -15.543579 ) (400 234.307404 143.082779 ) 
4 44 67 (400 45.193264 231.156952 ) (400 41.922619 256 ) (400 219.440811 256 ) (400 219.687088 254.129410 ) 
4 44 66 (400 512 256 ) (400 512 179.633911 ) (400 234.307404 143.082794 ) (400 219.440811 256 ) 
4 44 54 (400 16.645353 448 ) (400 172 448 ) (400 172 256 ) (400 41.922619 256 ) 
4 44 51 (400 172 448 ) (400 173 448 ) (400 173 256 ) (400 172 256 ) 
4 44 50 (400 173 448 ) (400 256 448 ) (400 256 256 ) (400 173 256 ) 
4 44 49 (400 256 448 ) (400 512 448 ) (400 512 256 ) (400 256 256 ) 
4 44 45 (400 16.645508 448 ) (400 59.812019 120.114929 ) (496 59.811855 120.114914 ) (496 16.644997 448 ) 
4 45 67 (400 41.922615 256 ) (400 45.193260 231.156952 ) (400 29.331291 229.068695 ) (400 25.785828 256 ) 
4 45 54 (400 0.509335 448 ) (400 16.645353 448 ) (400 41.922615 256 ) (400 25.785828 256 ) 
4 45 47 (400 0.508789 448 ) (400 43.949741 118.027100 ) (496 43.949684 118.027054 ) (496 0.508731 448 ) 
4 46 130 (512 0 176.792770 ) (512 0 448 ) (496 0 448 ) (496 0 176.792725 ) 
4 46 47 (496 0.508789 448 ) (496 35.596001 181.479004 ) (496 0 176.792709 ) (496 0 448 ) 
4 47 131 (496 0 448 ) (400 0 448 ) (400 0 112.240143 ) (496 0 112.240166 ) 
4 47 73 (400 0 225.207733 ) (400 0 256 ) (400 25.785824 256 ) (400 29.331259 229.068909 ) 
4 47 54 (400 0 256 ) (400 0 448 ) (400 0.509335 448 ) (400 25.785824 256 ) 
4 48 132 (512 0 -33.001221 ) (512 0 96.104218 ) (400 0 96.103699 ) (400 0 -33.001312 ) 
4 48 72 (400 0 -33.001308 ) (400 0 96.103699 ) (400 46.037971 102.164886 ) (400 62.744911 -24.740860 ) 
4 49 191 (0 256 448 ) (0 320 448 ) (0 320 256 ) (0 256 256 ) 
4 49 189 (0 320 448 ) (0 512 448 ) (0 512 256 ) (0 320 256 ) 
4 49 69 (0 256 256 ) (0 512 256 ) (384 512 256 ) (384 256 256 ) 
4 49 66 (384 512 256 ) (400 512 256 ) (400 256 256 ) (384 256 256 ) 
4 49 58 (0 256 256 ) (96 256 256 ) (96 256 448 ) (0 256 448 ) 
4 49 56 (192 256 264 ) (192 256 448 ) (96 256 448 ) (96 256 264 ) 
4 49 52 (256 256 264 ) (256 256 448 ) (192 256 448 ) (192 256 264 ) 
4 49 50 (256 256 256 ) (400 256 256 ) (400 256 448 ) (256 256 448 ) 
4 50 69 (256 256 256 ) (384 256 256 ) (384 173 256 ) (256 173 256 ) 
4 50 67 (400 219.440796 256 ) (400 173 256 ) (384 173 256 ) (384 219.441132 256 ) 
4 50 66 (384 256 256 ) (400 256 256 ) (400 219.440796 256 ) (384 219.441132 256 ) 
4 50 52 (256 256 448 ) (256 256 264 ) (256 173 264 ) (256 173 448 ) 
4 50 51 (256 173 448 ) (256 173 256 ) (400 173 256 ) (400 173 448 ) 
4 51 70 (384 172 256 ) (256 172 256 ) (256 173 256 ) (384 173 256 ) 
4 51 67 (400 173 256 ) (400 172 256 ) (384 172 256 ) (384 173 256 ) 
4 51 54 (256 172 256 ) (400 172 256 ) (400 172 448 ) (256 172 448 ) 
4 51 53 (256 172 264 ) (256 172 448 ) (256 173 448 ) (256 173 264 ) 
4 52 56 (192 256 448 ) (192 256 264 ) (192 173 264 ) (192 173 448 ) 
4 52 53 (192 173 448 ) (192 173 264 ) (256 173 264 ) (256 173 448 ) 
4 53 57 (192 172 264 ) (192 172 448 ) (192 173 448 ) (192 173 264 ) 
4 53 55 (192 172 448 ) (192 172 264 ) (256 172 264 ) (256 172 448 ) 
4 54 139 (256 0 256 ) (384 0 256 ) (384 0 448 ) (256 0 448 ) 
4 54 137 (384 0 256 ) (400 0 256 ) (400 0 448 ) (384 0 448 ) 
4 54 73 (400 25.785828 256 ) (400 0 256 ) (384 0 256 ) (384 25.785837 256 ) 
4 54 74 (384 0 256 ) (256 0 256 ) (256 25.785919 256 ) (384 25.785837 256 ) 
4 54 71 (384 25.785837 256 ) (256 25.785919 256 ) (256 172 256 ) (384 172 256 ) 
4 54 67 (400 172 256 ) (400 25.785828 256 ) (384 25.785837 256 ) (384 172 256 ) 
4 54 55 (256 172 448 ) (256 172 264 ) (256 0 264 ) (256 0 448 ) 
4 55 149 (256 0 264 ) (256 0 448 ) (192 0 448 ) (192 0 264 ) 
4 55 62 (192 0 264 ) (192 0 448 ) (192 160 448 ) (192 160 264 ) 
4 55 60 (192 160 448 ) (192 172 448 ) (192 172 264 ) (192 160 264 ) 
4 56 58 (96 256 448 ) (96 256 264 ) (96 173 264 ) (96 173 448 ) 
4 56 57 (96 173 448 ) (96 173 264 ) (192 173 264 ) (192 173 448 ) 
4 57 60 (192 172 264 ) (192 172 448 ) (96 172 448 ) (96 172 264 ) 
4 57 59 (96 172 264 ) (96 172 448 ) (96 173 448 ) (96 173 264 ) 
4 58 196 (0 173 448 ) (0 240 448 ) (0 240 256 ) (0 173 256 ) 
4 58 191 (0 240 448 ) (0 256 448 ) (0 256 256 ) (0 240 256 ) 
4 58 69 (0 173 256 ) (0 256 256 ) (96 256 256 ) (96 173 256 ) 
4 58 59 (0 173 256 ) (96 173 256 ) (96 173 448 ) (0 173 448 ) 
4 59 197 (0 172 448 ) (0 173 448 ) (0 173 256 ) (0 172 256 ) 
4 59 70 (0 172 256 ) (0 173 256 ) (96 173 256 ) (96 172 256 ) 
4 59 61 (0 172 256 ) (96 172 256 ) (96 172 448 ) (0 172 448 ) 
4 60 62 (192 160 264 ) (192 160 448 ) (96 160 448 ) (96 160 264 ) 
4 60 61 (96 172 448 ) (96 172 264 ) (96 160 264 ) (96 160 448 ) 
4 61 198 (0 160 448 ) (0 172 448 ) (0 172 256 ) (0 160 256 ) 
4 61 71 (0 160 256 ) (0 172 256 ) (96 172 256 ) (96 160 256 ) 
4 61 62 (96 160 264 ) (96 160 448 ) (64 160 448 ) (64 160 264 ) 
4 61 63 (0 160 256 ) (64 160 256 ) (64 160 448 ) (0 160 448 ) 
4 62 151 (192 0 264 ) (192 0 448 ) (64 0 448 ) (64 0 264 ) 
4 62 63 (64 160 448 ) (64 160 264 ) (64 0 264 ) (64 0 448 ) 
4 63 212 (0 0 256 ) (0 0 448 ) (0 64 448 ) (0 64 256 ) 
4 63 209 (0 64 448 ) (0 96 448 ) (0 96 256 ) (0 64 256 ) 
4 63 198 (0 96 448 ) (0 160 448 ) (0 160 256 ) (0 96 256 ) 
4 63 152 (0 0 448 ) (0 0 256 ) (32 0 256 ) (32 0 448 ) 
4 63 151 (32 0 256 ) (64 0 256 ) (64 0 448 ) (32 0 448 ) 
4 63 77 (0 0 256 ) (0 25.786074 256 ) (32 25.786057 256 ) (32 0 256 ) 
4 63 74 (32 25.786057 256 ) (64 25.786041 256 ) (64 0 256 ) (32 0 256 ) 
4 63 71 (0 25.786074 256 ) (0 160 256 ) (64 160 256 ) (64 25.786041 256 ) 
4 64 87 (400 172 -143 ) (400 145.123322 -143 ) (384 145.125397 -143 ) (384 172 -143 ) 
4 64 85 (400 272 -143 ) (400 173 -143 ) (384 173 -143 ) (384 272 -143 ) 
4 64 84 (400 512 -143 ) (400 272 -143 ) (384 272 -143 ) (384 512 -143 ) 
4 64 86 (400 173 -143 ) (400 172 -143 ) (384 172 -143 ) (384 173 -143 ) 
4 64 70 (384 173 -143 ) (384 172 -143 ) (384 172 -139.461945 ) (384 173 -139.330292 ) 
4 64 69 (384 512 -143 ) (384 173 -143 ) (384 173 -139.330292 ) (384 512 -94.700958 ) 
3 64 71 (384 172 -143 ) (384 145.125336 -143 ) (384 172 -139.461945 ) 
4 64 65 (400 512 -94.700912 ) (384 512 -94.701180 ) (384 269.809906 -126.585503 ) (400 269.809875 -126.585243 ) 
4 65 69 (384 255.190521 -15.543501 ) (384 512 18.265869 ) (384 512 -94.700958 ) (384 269.809875 -126.585281 ) 
4 65 68 (400 512 18.265625 ) (384 512 18.265625 ) (384 255.190582 -15.543751 ) (400 255.190521 -15.543753 ) 
4 66 69 (384 219.441162 256 ) (384 512 256 ) (384 512 179.633896 ) (384 234.307770 143.082825 ) 
4 66 68 (384 234.307755 143.083191 ) (384 512 179.634277 ) (400 512 179.634277 ) (400 234.307373 143.083130 ) 
4 66 67 (384 219.441406 256 ) (384 219.687744 254.128967 ) (400 219.687332 254.129440 ) (400 219.441055 256 ) 
4 67 73 (400 29.331343 229.068695 ) (400 25.785889 256 ) (384 25.785898 256 ) (384 29.331419 229.068192 ) 
4 67 70 (384 172 256 ) (384 173 256 ) (384 173 247.982437 ) (384 172 247.850784 ) 
4 67 69 (384 173 256 ) (384 219.441162 256 ) (384 219.687500 254.128937 ) (384 173 247.982437 ) 
4 67 71 (384 29.333618 229.068481 ) (384 25.788086 256 ) (384 172 256 ) (384 172 247.850784 ) 
4 68 69 (384 234.307648 143.082809 ) (384 512 179.633896 ) (384 512 18.265869 ) (384 255.190155 -15.543549 ) 
4 69 196 (0 173 256 ) (0 240 256 ) (0 240 -143 ) (0 173 -143 ) 
4 69 191 (0 240 256 ) (0 320 256 ) (0 320 -143 ) (0 240 -143 ) 
4 69 189 (0 320 256 ) (0 512 256 ) (0 512 -143 ) (0 320 -143 ) 
4 69 85 (0 173 -143 ) (0 272 -143 ) (384 272 -143 ) (384 173 -143 ) 
4 69 84 (0 272 -143 ) (0 512 -143 ) (384 512 -143 ) (384 272 -143 ) 
4 69 70 (0 173 -143 ) (384 173 -143 ) (384 173 256 ) (0 173 256 ) 
4 70 197 (0 172 256 ) (0 173 256 ) (0 173 -143 ) (0 172 -143 ) 
4 70 86 (0 172 -143 ) (0 173 -143 ) (384 173 -143 ) (384 172 -143 ) 
4 70 71 (0 172 -143 ) (384 172 -143 ) (384 172 256 ) (0 172 256 ) 
3 71 219 (0 64 -34.272629 ) (0 40.530697 144 ) (0 64 144 ) 
4 71 218 (0 96 -128 ) (0 96 -143 ) (0 78.313782 -143 ) (0 76.339058 -128 ) 
5 71 216 (0 96 144 ) (0 96 -128 ) (0 76.339058 -128 ) (0 64 -34.272629 ) (0 64 144 ) 
4 71 212 (0 25.786076 256 ) (0 64 256 ) (0 64 144 ) (0 40.530697 144 ) 
4 71 209 (0 64 256 ) (0 96 256 ) (0 96 144 ) (0 64 144 ) 
4 71 198 (0 96 256 ) (0 172 256 ) (0 172 -143 ) (0 96 -143 ) 
4 71 91 (0 78.313805 -143 ) (0 172 -143 ) (256 172 -143 ) (256 78.313629 -143 ) 
4 71 89 (256 172 -143 ) (384 172 -143 ) (384 78.313545 -143 ) (256 78.313629 -143 ) 
4 71 77 (32 32 208.799255 ) (32 25.786114 256 ) (0 25.786133 256 ) (0 32 208.799408 ) 
4 71 76 (0 78.313721 -143 ) (32 78.313698 -143 ) (32 32 208.799255 ) (0 32 208.799408 ) 
4 71 75 (32 78.313698 -143 ) (384 78.313484 -143 ) (384 62.744896 -24.740868 ) (32 62.745140 -24.741119 ) 
4 71 74 (384 62.744896 -24.740868 ) (384 25.785898 256 ) (32 25.786114 256 ) (32 62.745140 -24.741119 ) 
4 72 138 (400 0 -33.001297 ) (400 0 96.103683 ) (384 0 96.103607 ) (384 0 -33.001308 ) 
4 72 74 (384 46.031555 102.163956 ) (384 62.738281 -24.740234 ) (384 0 -33 ) (384 0 96.103622 ) 
4 73 137 (400 0 225.207733 ) (400 0 256 ) (384 0 256 ) (384 0 225.207230 ) 
4 73 74 (384 25.779297 256 ) (384 29.324907 229.067566 ) (384 0 225.207214 ) (384 0 256 ) 
4 74 151 (192 0 256 ) (32 0 256 ) (32 0 -33.001587 ) (192 0 -33.001461 ) 
4 74 150 (256 0 256 ) (192 0 256 ) (192 0 -33.001461 ) (256 0 -33.001411 ) 
4 74 139 (384 0 256 ) (256 0 256 ) (256 0 -33.001411 ) (384 0 -33.001308 ) 
5 74 77 (32 25.788086 256 ) (32 32 208.814392 ) (32 32 -28.788750 ) (32 0 -33.001587 ) (32 0 256 ) 
3 74 76 (32 32 208.814392 ) (32 62.747189 -24.740845 ) (32 32 -28.788750 ) 
4 74 75 (32 0 -33.001381 ) (32 62.750000 -24.740234 ) (384 62.749725 -24.739988 ) (384 0 -33.001076 ) 
4 75 151 (32 0 -143 ) (192 0 -143 ) (192 0 -33.001461 ) (32 0 -33.001587 ) 
4 75 150 (192 0 -143 ) (256 0 -143 ) (256 0 -33.001411 ) (192 0 -33.001461 ) 
4 75 148 (384 0 -49.139740 ) (384 0 -33.001308 ) (256 0 -33.001411 ) (256 0 -49.139740 ) 
4 75 146 (256 0 -143 ) (384 0 -143 ) (384 0 -49.139740 ) (256 0 -49.139740 ) 
4 75 91 (32 78.313782 -143 ) (256 78.313629 -143 ) (256 0 -143 ) (32 0 -143 ) 
4 75 89 (256 78.313629 -143 ) (384 78.313545 -143 ) (384 64 -143 ) (256 64 -143 ) 
4 75 90 (384 64 -143 ) (384 0 -143 ) (256 0 -143 ) (256 64 -143 ) 
4 75 77 (32 0 -129 ) (32 0 -33.001587 ) (32 32 -28.788750 ) (32 32 -129 ) 
4 75 78 (32 32 -143 ) (32 0 -143 ) (32 0 -130 ) (32 32 -130 ) 
4 75 76 (32 62.747189 -24.740845 ) (32 78.315826 -143 ) (32 32 -143 ) (32 32 -28.788750 ) 
4 76 223 (0 64 -128 ) (0 64 -143 ) (0 32 -143 ) (0 32 -128 ) 
5 76 219 (0 40.530697 144 ) (0 64 -34.272644 ) (0 64 -128 ) (0 32 -128 ) (0 32 144 ) 
4 76 218 (0 76.339058 -128 ) (0 78.313782 -143 ) (0 64 -143 ) (0 64 -128 ) 
3 76 216 (0 64 -34.272644 ) (0 76.339058 -128 ) (0 64 -128 ) 
3 76 212 (0 32 208.799088 ) (0 40.530697 144 ) (0 32 144 ) 
4 76 91 (0 32 -143 ) (0 78.313805 -143 ) (32 78.313782 -143 ) (32 32 -143 ) 
4 76 77 (32 32 -129 ) (32 32 208.796875 ) (0 32 208.797028 ) (0 32 -129 ) 
4 76 78 (0 32 -143 ) (32 32 -143 ) (32 32 -130 ) (0 32 -130 ) 
4 77 219 (0 0 -128 ) (0 0 144 ) (0 32 144 ) (0 32 -128 ) 
5 77 212 (0 0 144 ) (0 0 256 ) (0 25.786076 256 ) (0 32 208.799088 ) (0 32 144 ) 
4 77 152 (0 0 256 ) (0 0 -129 ) (32 0 -129 ) (32 0 256 ) 
4 78 224 (0 0 -143 ) (0 0 -130 ) (0 32 -130 ) (0 32 -143 ) 
4 78 153 (0 0 -130 ) (0 0 -143 ) (32 0 -143 ) (32 0 -130 ) 
4 78 91 (0 0 -143 ) (0 32 -143 ) (32 32 -143 ) (32 0 -143 ) 
4 79 166 (1024 0 -944 ) (1024 0 -143 ) (912 0 -143 ) (912 0 -944 ) 
4 79 80 (912 0 -176 ) (912 0 -143 ) (912 64 -143 ) (912 64 -176 ) 
4 80 167 (912 0 -176 ) (912 0 -143 ) (848 0 -143 ) (848 0 -176 ) 
4 80 81 (848 64 -176 ) (848 0 -176 ) (848 0 -143 ) (848 61.921261 -143 ) 
4 81 167 (848 0 -143 ) (720 0 -143 ) (720 0 -176 ) (848 0 -176 ) 
4 82 93 (400 512 -480 ) (400 272 -480 ) (400 272 -176 ) (400 512 -176 ) 
4 82 84 (400 272 -176 ) (400 272 -143 ) (400 512 -143 ) (400 512 -176 ) 
4 82 83 (400 272 -143 ) (400 272 -480 ) (576 272 -480 ) (576 272 -143 ) 
4 83 169 (496 0 -480 ) (512 0 -480 ) (512 0 -143 ) (496 0 -143 ) 
4 83 168 (512 0 -480 ) (576 0 -480 ) (576 0 -143 ) (512 0 -143 ) 
4 83 171 (400 0 -480 ) (496 0 -480 ) (496 0 -143 ) (400 0 -143 ) 
4 83 96 (400 172 -480 ) (400 80 -480 ) (400 80 -176 ) (400 172 -176 ) 
4 83 94 (400 272 -480 ) (400 173 -480 ) (400 173 -176 ) (400 272 -176 ) 
4 83 95 (400 173 -480 ) (400 172 -480 ) (400 172 -176 ) (400 173 -176 ) 
4 83 88 (400 0 -176 ) (400 0 -162.106491 ) (400 58.413902 -154.415924 ) (400 79.998100 -176 ) 
5 83 87 (400 145.123352 -143 ) (400 172 -143 ) (400 172 -176 ) (400 79.998100 -176 ) (400 58.413345 -154.415375 ) 
4 83 85 (400 173 -143 ) (400 272 -143 ) (400 272 -176 ) (400 173 -176 ) 
4 83 86 (400 172 -143 ) (400 173 -143 ) (400 173 -176 ) (400 172 -176 ) 
4 84 239 (0 272 -143 ) (0 512 -143 ) (0 512 -176 ) (0 272 -176 ) 
4 84 93 (0 272 -176 ) (0 512 -176 ) (400 512 -176 ) (400 272 -176 ) 
4 84 85 (0 272 -176 ) (400 272 -176 ) (400 272 -143 ) (0 272 -143 ) 
4 85 240 (0 173 -143 ) (0 272 -143 ) (0 272 -176 ) (0 173 -176 ) 
4 85 94 (0 173 -176 ) (0 272 -176 ) (400 272 -176 ) (400 173 -176 ) 
4 85 86 (0 173 -176 ) (400 173 -176 ) (400 173 -143 ) (0 173 -143 ) 
4 86 242 (0 172 -143 ) (0 173 -143 ) (0 173 -176 ) (0 172 -176 ) 
4 86 95 (0 172 -176 ) (0 173 -176 ) (400 173 -176 ) (400 172 -176 ) 
3 86 92 (239.996094 172 -176 ) (256 172 -176 ) (256 172 -159.996109 ) 
5 86 91 (0 172 -176 ) (239.996094 172 -176 ) (256 172 -159.996109 ) (256 172 -143 ) (0 172 -143 ) 
4 86 89 (256 172 -176 ) (384 172 -176 ) (384 172 -143 ) (256 172 -143 ) 
4 86 87 (384 172 -176 ) (400 172 -176 ) (400 172 -143 ) (384 172 -143 ) 
4 87 96 (384 172 -176 ) (400 172 -176 ) (400 79.998100 -176 ) (384 79.998100 -176 ) 
6 87 89 (384 172 -143 ) (384 172 -176 ) (384 79.998100 -176 ) (384 64 -160.001999 ) (384 64 -153.680145 ) (384 145.125351 -143 ) 
3 87 90 (384 64 -160.001999 ) (384 58.413578 -154.415604 ) (384 64 -153.680145 ) 
4 87 88 (384 58.418816 -154.414917 ) (384 64 -159.996094 ) (400 80 -175.996094 ) (400 58.418468 -154.414703 ) 
4 88 177 (384 0 -176 ) (400 0 -176 ) (400 0 -162.106491 ) (384 0 -162.106491 ) 
5 88 90 (384 64 -176 ) (384 0 -176 ) (384 0 -162.106491 ) (384 58.413906 -154.415939 ) (384 64 -160.001968 ) 
4 89 96 (256 172 -176 ) (384 172 -176 ) (384 79.998108 -176 ) (256 79.998100 -176 ) 
5 89 92 (256 172 -159.996109 ) (256 172 -176 ) (256 79.998108 -176 ) (256 64 -160.001999 ) (256 64 -159.996094 ) 
4 89 91 (256 172 -143 ) (256 172 -159.996109 ) (256 64 -159.996094 ) (256 64 -143 ) 
4 89 90 (256 64 -143 ) (256 64 -160.001999 ) (384 64 -160.001999 ) (384 64 -143 ) 
4 90 178 (256 0 -176 ) (384 0 -176 ) (384 0 -143 ) (256 0 -143 ) 
4 90 98 (384 64 -176 ) (384 0 -176 ) (256 0 -176 ) (256 64 -176 ) 
4 90 91 (256 0 -159.996109 ) (256 0 -143 ) (256 64 -143 ) (256 64 -159.996109 ) 
4 91 244 (0 0 -176 ) (0 0 -143 ) (0 172 -143 ) (0 172 -176 ) 
5 91 180 (0 0 -143 ) (0 0 -176 ) (239.996094 0 -176 ) (256 0 -159.996109 ) (256 0 -143 ) 
4 91 100 (0 0 -176 ) (0 64 -176 ) (239.996094 64 -176 ) (239.996094 0 -176 ) 
4 91 97 (0 64 -176 ) (0 172 -176 ) (239.996094 172 -176 ) (239.996094 64 -176 ) 
4 91 92 (239.988297 79.998100 -176 ) (239.988281 172 -176 ) (256 172 -159.990234 ) (256 63.988243 -159.990234 ) 
4 92 96 (239.996094 172 -176 ) (256 172 -176 ) (256 79.998100 -176 ) (239.996094 79.998100 -176 ) 
4 93 239 (0 272 -176 ) (0 512 -176 ) (0 512 -480 ) (0 272 -480 ) 
4 93 94 (0 272 -480 ) (400 272 -480 ) (400 272 -176 ) (0 272 -176 ) 
4 94 240 (0 173 -176 ) (0 272 -176 ) (0 272 -480 ) (0 173 -480 ) 
4 94 95 (0 173 -480 ) (400 173 -480 ) (400 173 -176 ) (0 173 -176 ) 
4 95 242 (0 172 -176 ) (0 173 -176 ) (0 173 -480 ) (0 172 -480 ) 
4 95 96 (240 172 -480 ) (400 172 -480 ) (400 172 -176 ) (240 172 -176 ) 
4 95 97 (0 172 -480 ) (240 172 -480 ) (240 172 -176 ) (0 172 -176 ) 
4 96 97 (240 172 -176 ) (240 172 -480 ) (240 80 -480 ) (240 80 -176 ) 
4 97 244 (0 64 -176 ) (0 172 -176 ) (0 172 -480 ) (0 64 -480 ) 
4 97 100 (0 64 -480 ) (240 64 -480 ) (240 64 -176 ) (0 64 -176 ) 
4 98 178 (384 0 -180 ) (384 0 -176 ) (256 0 -176 ) (256 0 -180 ) 
4 98 99 (256 0 -180 ) (256 64 -180 ) (384 64 -180 ) (384 0 -180 ) 
4 99 179 (256 0 -480 ) (384 0 -480 ) (384 0 -180 ) (256 0 -180 ) 
4 100 244 (0 0 -480 ) (0 0 -176 ) (0 64 -176 ) (0 64 -480 ) 
5 100 181 (0 0 -415.996094 ) (0 0 -480 ) (240 0 -480 ) (240 0 -176 ) (239.996078 0 -176 ) 
3 100 180 (0 0 -176 ) (0 0 -415.996094 ) (239.996078 0 -176 ) 
4 101 106 (1744 -128 -944 ) (1744 -128 720 ) (1376 -128 720 ) (1376 -128 -944 ) 
4 101 102 (1376 -128 -352 ) (1376 -128 720 ) (1376 0 720 ) (1376 0 -352 ) 
4 102 107 (1376 -128 -352 ) (1376 -128 720 ) (1360 -128 720 ) (1360 -128 -352 ) 
4 102 103 (1360 0 720 ) (1360 0 -352 ) (1360 -128 -352 ) (1360 -128 720 ) 
4 103 108 (1360 -128 -352 ) (1360 -128 720 ) (1104 -128 720 ) (1104 -128 -352 ) 
4 103 104 (1104 -128 -352 ) (1104 -128 720 ) (1104 0 720 ) (1104 0 -352 ) 
4 104 109 (1104 -128 -352 ) (1104 -128 720 ) (1088 -128 720 ) (1088 -128 -352 ) 
4 104 105 (1088 0 720 ) (1088 0 -352 ) (1088 -128 -352 ) (1088 -128 720 ) 
4 105 166 (1024 0 -143 ) (1024 0 -944 ) (1024 -128 -944 ) (1024 -128 -143 ) 
4 105 112 (1024 0 720 ) (1024 0 -143 ) (1024 -128 -143 ) (1024 -128 720 ) 
4 105 110 (1088 -128 -944 ) (1088 -128 720 ) (1024 -128 720 ) (1024 -128 -944 ) 
4 106 111 (1744 -144 -944 ) (1744 -144 720 ) (1376 -144 720 ) (1376 -144 -944 ) 
4 106 107 (1376 -128 720 ) (1376 -128 -352 ) (1376 -144 -352 ) (1376 -144 720 ) 
4 107 111 (1376 -144 -352 ) (1376 -144 720 ) (1360 -144 720 ) (1360 -144 -352 ) 
4 107 108 (1360 -128 720 ) (1360 -128 -352 ) (1360 -144 -352 ) (1360 -144 720 ) 
4 108 111 (1360 -144 -352 ) (1360 -144 720 ) (1104 -144 720 ) (1104 -144 -352 ) 
4 108 109 (1104 -128 720 ) (1104 -128 -352 ) (1104 -144 -352 ) (1104 -144 720 ) 
4 109 111 (1104 -144 -352 ) (1104 -144 720 ) (1088 -144 720 ) (1088 -144 -352 ) 
4 109 110 (1088 -128 720 ) (1088 -128 -352 ) (1088 -144 -352 ) (1088 -144 720 ) 
4 110 166 (1024 -144 -944 ) (1024 -144 -143 ) (1024 -128 -143 ) (1024 -128 -944 ) 
4 110 112 (1024 -144 -143 ) (1024 -144 720 ) (1024 -128 720 ) (1024 -128 -143 ) 
4 110 111 (1024 -144 720 ) (1024 -144 -944 ) (1088 -144 -944 ) (1088 -144 720 ) 
4 111 166 (1024 -256 -944 ) (1024 -256 -143 ) (1024 -144 -143 ) (1024 -144 -944 ) 
4 111 112 (1024 -256 -143 ) (1024 -256 720 ) (1024 -144 720 ) (1024 -144 -143 ) 
4 112 166 (1024 0 -143 ) (1024 -256 -143 ) (912 -256 -143 ) (912 0 -143 ) 
4 112 113 (912 0 -143 ) (912 -64 -143 ) (912 -64 80 ) (912 0 80 ) 
4 113 167 (720 -64 -143 ) (720 0 -143 ) (912 0 -143 ) (912 -64 -143 ) 
4 113 115 (720 0 80 ) (720 0 -48 ) (720 -64 -48 ) (720 -64 80 ) 
4 114 116 (656 -64 144 ) (656 -64 142 ) (720 -64 142 ) (720 -64 144 ) 
4 114 115 (720 -64 142 ) (656 -64 142 ) (656 0 142 ) (720 0 142 ) 
4 115 117 (656 -64 -48 ) (656 -64 80 ) (656 0 80 ) (656 0 -48 ) 
4 115 116 (656 -64 142 ) (656 -64 -48 ) (720 -64 -48 ) (720 -64 142 ) 
4 117 120 (592 0 80 ) (592 0 -40 ) (592 -64 -40 ) (592 -64 80 ) 
4 117 118 (632 -64 -48 ) (648 -64 -48 ) (648 -64 80 ) (632 -64 80 ) 
3 119 133 (512 -96 164.154160 ) (512 -96 200.364502 ) (512 -91.314171 164.771057 ) 
5 119 130 (512 0 448 ) (512 0 176.792786 ) (512 -91.314171 164.771057 ) (512 -96 200.364502 ) (512 -96 448 ) 
4 119 124 (576 -96 448 ) (512 -96 448 ) (512 -96 160 ) (576 -96 160 ) 
4 120 121 (575 0 -40 ) (575 -96 -40 ) (575 -96 88 ) (575 0 88 ) 
4 121 122 (574 0 -40 ) (574 -96 -40 ) (574 -96 88 ) (574 0 88 ) 
6 122 132 (512 0 88 ) (512 0 -33.001213 ) (512 -53.161499 -40 ) (512 -64.356346 -40 ) (512 -80.872566 85.456856 ) (512 -61.555965 88 ) 
4 123 168 (512 -96 -143 ) (512 0 -143 ) (576 0 -143 ) (576 -96 -143 ) 
4 123 127 (512 0 -129.830215 ) (512 0 -143 ) (512 -96 -143 ) (512 -96 -142.468842 ) 
4 123 125 (576 -96 -72 ) (512 -96 -72 ) (512 -96 -143 ) (576 -96 -143 ) 
5 124 133 (512 -128 160 ) (512 -128 443.435822 ) (512 -96 200.364502 ) (512 -96 164.154160 ) (512 -127.554016 160 ) 
4 124 130 (512 -128 443.435822 ) (512 -128 448 ) (512 -96 448 ) (512 -96 200.364502 ) 
4 124 126 (576 -128 448 ) (512 -128 448 ) (512 -128 160 ) (576 -128 160 ) 
4 125 168 (512 -128 -143 ) (512 -96 -143 ) (576 -96 -143 ) (576 -128 -143 ) 
3 125 127 (512 -96 -143 ) (512 -100.034523 -143 ) (512 -96 -142.468842 ) 
4 125 126 (576 -128 -72 ) (512 -128 -72 ) (512 -128 -143 ) (576 -128 -143 ) 
4 126 172 (512 -512 -143 ) (512 -272 -143 ) (576 -272 -143 ) (576 -512 -143 ) 
4 126 168 (512 -272 -143 ) (512 -128 -143 ) (576 -128 -143 ) (576 -272 -143 ) 
4 126 134 (512 -512 -116.545364 ) (512 -512 109.386810 ) (512 -281.666962 139.710678 ) (512 -252.430069 -82.372566 ) 
5 126 133 (512 -512 109.386810 ) (512 -512 448 ) (512 -128.600891 448 ) (512 -128 443.435822 ) (512 -128 159.941284 ) 
3 126 130 (512 -128.600891 448 ) (512 -128 448 ) (512 -128 443.435822 ) 
4 126 128 (512 -244.450043 -143 ) (512 -512 -143 ) (512 -512 -116.545364 ) (512 -252.431732 -82.372787 ) 
4 127 169 (496 0 -143 ) (512 0 -143 ) (512 -100.034447 -143 ) (496 -100.034912 -143 ) 
3 127 129 (496 0 -143 ) (496 -100.034920 -143 ) (496 0 -129.830154 ) 
4 128 172 (512 -272 -143 ) (512 -512 -143 ) (496 -512 -143 ) (496 -272 -143 ) 
4 128 170 (512 -244.450043 -143 ) (512 -272 -143 ) (496 -272 -143 ) (496 -244.449280 -143 ) 
4 128 134 (496 -512 -116.545898 ) (512 -512 -116.545898 ) (512 -252.431671 -82.373306 ) (496 -252.430939 -82.373169 ) 
4 128 129 (496 -244.449280 -143 ) (496 -512 -143 ) (496 -512 -116.543945 ) (496 -252.431183 -82.371292 ) 
4 129 172 (400 -512 -143 ) (400 -272 -143 ) (496 -272 -143 ) (496 -512 -143 ) 
4 129 171 (400 -272 -143 ) (400 0 -143 ) (496 0 -143 ) (496 -272 -143 ) 
4 129 145 (400 -244.447296 -143 ) (400 -512 -143 ) (400 -512 -116.545364 ) (400 -252.429413 -82.372467 ) 
4 129 135 (400 -77.934906 -59.399998 ) (400 -512 -116.545898 ) (496 -512 -116.545898 ) (496 -77.934845 -59.400444 ) 
4 130 133 (512 -91.314400 164.771027 ) (512 -170.728516 768 ) (496 -170.728516 768 ) (496 -91.314392 164.770996 ) 
4 130 131 (496 -91.314133 164.770996 ) (496 -170.728424 768 ) (496 0 768 ) (496 0 176.792725 ) 
4 131 137 (400 0 768 ) (400 0 225.206482 ) (400 -97.579193 212.360046 ) (400 -170.728424 768 ) 
4 131 136 (496 -170.728516 768 ) (400 -170.728516 768 ) (400 -82.960976 101.318481 ) (496 -82.960976 101.318481 ) 
4 132 138 (400 0 96.103699 ) (400 0 -33.001312 ) (400 -64.165611 -41.448799 ) (400 -80.872498 85.456337 ) 
4 133 136 (496 -170.727539 768 ) (496 -91.313248 164.771057 ) (496 -107.172394 162.683167 ) (496 -186.863007 768 ) 
4 133 135 (496 -107.172394 162.683167 ) (496 -512 109.386726 ) (496 -512 768 ) (496 -186.863007 768 ) 
4 133 134 (512 -512 109.386780 ) (496 -512 109.386719 ) (496 -281.666962 139.710510 ) (512 -281.666931 139.710571 ) 
4 134 135 (496 -252.430054 -82.372574 ) (496 -512 -116.545372 ) (496 -512 109.386726 ) (496 -281.666962 139.710571 ) 
4 135 145 (400 -252.429413 -82.372467 ) (400 -512 -116.545364 ) (400 -512 -100.406784 ) (400 -254.518005 -66.508949 ) 
4 135 143 (400 -235.280426 768 ) (400 -186.863037 768 ) (400 -113.437653 210.272949 ) (400 -161.027832 204.007599 ) 
4 135 142 (400 -144.320175 77.103050 ) (400 -127.612503 -49.801674 ) (400 -254.517639 -66.508896 ) (400 -271.224976 60.395233 ) 
4 135 141 (400 -512 -100.406784 ) (400 -512 157.800797 ) (400 -287.932373 187.299683 ) (400 -254.517639 -66.508896 ) 
4 135 140 (400 -512 157.800797 ) (400 -512 768 ) (400 -235.280426 768 ) (400 -161.027740 204.006897 ) 
4 135 136 (496 -186.863281 768 ) (496 -98.819641 99.235107 ) (400 -98.819641 99.235130 ) (400 -186.863281 768 ) 
4 136 143 (400 -113.437645 210.272949 ) (400 -186.863037 768 ) (400 -170.728424 768 ) (400 -97.579277 212.360718 ) 
4 137 143 (400 -97.579132 212.360046 ) (400 -170.728302 768 ) (384 -170.728317 768 ) (384 -97.579193 212.360474 ) 
4 137 139 (384 0 768 ) (384 0 225.206970 ) (384 -97.578255 212.360626 ) (384 -170.727448 768 ) 
4 138 139 (384 0 96.103622 ) (384 0 -32.998047 ) (384 -64.165039 -41.445313 ) (384 -80.871475 85.456383 ) 
4 139 154 (256 -64 -41.427090 ) (256 -64.165596 -41.448891 ) (256 -170.728424 768 ) (256 -64 768 ) 
4 139 149 (256 0 768 ) (256 0 264 ) (256 -64 264 ) (256 -64 768 ) 
4 139 150 (256 0 256 ) (256 0 -33.001404 ) (256 -64 -41.427090 ) (256 -64 256 ) 
4 139 148 (256 -64.165558 -41.449017 ) (256 0 -33.001534 ) (384 0 -33.001907 ) (384 -64.165535 -41.449326 ) 
4 139 144 (256 -64.165550 -41.449020 ) (384 -64.165565 -41.448921 ) (384 -170.728302 768 ) (256 -170.728317 768 ) 
4 140 144 (384 -512 157.801270 ) (384 -512 768 ) (384 -235.280304 768 ) (384 -161.027679 204.007446 ) 
4 140 143 (384 -161.027878 204.007355 ) (384 -235.280212 768 ) (400 -235.280334 768 ) (400 -161.027939 204.006897 ) 
4 140 141 (400 -512 157.801285 ) (384 -512 157.801758 ) (384 -287.932068 187.300491 ) (400 -287.932404 187.299988 ) 
4 141 145 (400 -512 -100.406906 ) (384 -512 -100.406921 ) (384 -254.517212 -66.509201 ) (400 -254.517593 -66.509270 ) 
4 141 144 (384 -254.517700 -66.505501 ) (384 -512 -100.403404 ) (384 -512 157.801270 ) (384 -287.932007 187.300247 ) 
4 141 142 (400 -254.517975 -66.511757 ) (384 -254.517578 -66.511719 ) (384 -271.224884 60.395172 ) (400 -271.225281 60.395187 ) 
4 142 144 (384 -127.612823 -49.798302 ) (384 -254.517700 -66.505501 ) (384 -271.224579 60.395218 ) (384 -144.320038 77.102997 ) 
4 143 144 (384 -170.727478 768 ) (384 -97.578293 212.360901 ) (384 -161.027710 204.007629 ) (384 -235.280304 768 ) 
4 144 162 (256 -512 -100.406891 ) (256 -512 128 ) (256 -192 128 ) (256 -192 -58.278461 ) 
4 144 159 (256 -512 128 ) (256 -512 256 ) (256 -192 256 ) (256 -192 128 ) 
4 144 158 (256 -512 256 ) (256 -512 448 ) (256 -192 448 ) (256 -192 256 ) 
4 144 154 (256 -192 768 ) (256 -170.728424 768 ) (256 -64.165596 -41.448891 ) (256 -192 -58.278461 ) 
4 144 148 (256 -80.023331 -43.536713 ) (256 -64.165558 -41.449017 ) (384 -64.165535 -41.449326 ) (384 -80.023285 -43.537006 ) 
4 144 147 (256 -254.519135 -66.509323 ) (256 -80.023331 -43.536713 ) (384 -80.023285 -43.537006 ) (384 -254.518066 -66.509315 ) 
4 144 145 (384 -512 -100.406921 ) (256 -512 -100.407021 ) (256 -254.519135 -66.509323 ) (384 -254.518066 -66.509315 ) 
4 145 186 (256 -512 -143 ) (256 -272 -143 ) (384 -272 -143 ) (384 -512 -143 ) 
4 145 185 (272.996094 -244.448318 -143 ) (384 -244.447418 -143 ) (384 -272 -143 ) (272.996094 -272 -143 ) 
4 145 182 (256 -272 -143 ) (256 -244.448456 -143 ) (272.996094 -244.448318 -143 ) (272.996094 -272 -143 ) 
4 145 176 (400 -272 -143 ) (400 -512 -143 ) (384 -512 -143 ) (384 -272 -143 ) 
4 145 175 (384 -244.447418 -143 ) (400 -244.447296 -143 ) (400 -272 -143 ) (384 -272 -143 ) 
4 145 162 (256 -244.448486 -143 ) (256 -512 -143 ) (256 -512 -100.406891 ) (256 -254.519135 -66.509186 ) 
4 145 147 (256 -252.430222 -82.372574 ) (256 -254.518463 -66.511261 ) (384 -254.517426 -66.511032 ) (384 -252.429153 -82.372437 ) 
4 145 146 (256 -244.448242 -143 ) (256 -252.430222 -82.372574 ) (384 -252.429153 -82.372437 ) (384 -244.447021 -143 ) 
4 146 183 (272.996094 -64 -143 ) (384 -64 -143 ) (384 -80 -143 ) (272.996094 -80 -143 ) 
4 146 185 (384 -80 -143 ) (384 -244.447418 -143 ) (272.996094 -244.448318 -143 ) (272.996094 -80 -143 ) 
4 146 182 (256 -244.448456 -143 ) (256 -64 -143 ) (272.996094 -64 -143 ) (272.996094 -244.448318 -143 ) 
4 146 178 (256 -64 -143 ) (256 0 -143 ) (384 0 -143 ) (384 -64 -143 ) 
4 146 162 (256 -192 -143 ) (256 -244.448486 -143 ) (256 -252.430588 -82.372635 ) (256 -192 -74.416847 ) 
4 146 154 (256 -64 -143 ) (256 -192 -143 ) (256 -192 -74.416847 ) (256 -64 -57.565441 ) 
4 146 150 (256 0 -143 ) (256 -64 -143 ) (256 -64 -57.565441 ) (256 0 -49.139740 ) 
4 146 148 (256 0 -49.140625 ) (256 -77.934814 -59.400681 ) (384 -77.934860 -59.400314 ) (384 0 -49.140083 ) 
4 146 147 (256 -77.934814 -59.400681 ) (256 -252.429565 -82.372772 ) (384 -252.428528 -82.372635 ) (384 -77.934860 -59.400314 ) 
4 147 162 (256 -252.430588 -82.372635 ) (256 -254.519135 -66.509186 ) (256 -192 -58.278458 ) (256 -192 -74.416855 ) 
4 147 154 (256 -192 -58.278458 ) (256 -80.023346 -43.536583 ) (256 -77.934914 -59.399998 ) (256 -192 -74.416855 ) 
4 147 148 (384 -77.934570 -59.400379 ) (256 -77.934570 -59.400383 ) (256 -80.022919 -43.538162 ) (384 -80.022934 -43.538063 ) 
4 148 154 (256 -80.023346 -43.536583 ) (256 -64 -41.427090 ) (256 -64 -57.565445 ) (256 -77.934914 -59.399998 ) 
4 148 150 (256 -64 -41.427090 ) (256 0 -33.001404 ) (256 0 -49.139740 ) (256 -64 -57.565445 ) 
4 149 154 (256 -64 264 ) (256 -64 768 ) (192 -64 768 ) (192 -64 264 ) 
4 149 151 (192 -64 264 ) (192 -64 768 ) (192 0 768 ) (192 0 264 ) 
4 150 180 (192 0 -143 ) (256 0 -143 ) (256 -64 -143 ) (192 -64 -143 ) 
4 150 154 (192 -64 -143 ) (256 -64 -143 ) (256 -64 256 ) (192 -64 256 ) 
4 150 151 (192 0 -143 ) (192 -64 -143 ) (192 -64 256 ) (192 0 256 ) 
4 151 180 (32 0 -143 ) (192 0 -143 ) (192 -64 -143 ) (32 -64 -143 ) 
4 151 155 (64 -64 264 ) (64 -64 768 ) (32 -64 768 ) (32 -64 264 ) 
4 151 156 (32 -64 -143 ) (64 -64 -143 ) (64 -64 256 ) (32 -64 256 ) 
4 151 154 (64 -64 -143 ) (192 -64 -143 ) (192 -64 768 ) (64 -64 768 ) 
4 151 152 (32 -64 -129 ) (32 -64 768 ) (32 0 768 ) (32 0 -129 ) 
4 151 153 (32 0 -143 ) (32 -64 -143 ) (32 -64 -130 ) (32 0 -130 ) 
4 152 270 (0 -32 -129 ) (0 -64 -129 ) (0 -64 -128 ) (0 -32 -128 ) 
4 152 268 (0 0 128 ) (0 0 -128 ) (0 -64 -128 ) (0 -64 128 ) 
4 152 258 (0 0 264 ) (0 0 128 ) (0 -64 128 ) (0 -64 264 ) 
4 152 255 (0 0 768 ) (0 0 264 ) (0 -64 264 ) (0 -64 768 ) 
4 152 155 (0 -64 768 ) (0 -64 264 ) (32 -64 264 ) (32 -64 768 ) 
4 152 156 (0 -64 256 ) (0 -64 -129 ) (32 -64 -129 ) (32 -64 256 ) 
4 153 269 (0 0 -130 ) (0 0 -143 ) (0 -32 -143 ) (0 -32 -130 ) 
4 153 270 (0 -32 -143 ) (0 -64 -143 ) (0 -64 -130 ) (0 -32 -130 ) 
4 153 180 (0 -64 -143 ) (0 0 -143 ) (32 0 -143 ) (32 -64 -143 ) 
4 153 156 (0 -64 -130 ) (0 -64 -143 ) (32 -64 -143 ) (32 -64 -130 ) 
4 154 182 (64 -64 -143 ) (256 -64 -143 ) (256 -192 -143 ) (64 -192 -143 ) 
4 154 162 (64 -192 -143 ) (256 -192 -143 ) (256 -192 128 ) (64 -192 128 ) 
4 154 160 (128 -192 256 ) (64 -192 256 ) (64 -192 128 ) (128 -192 128 ) 
4 154 159 (256 -192 128 ) (256 -192 256 ) (128 -192 256 ) (128 -192 128 ) 
4 154 158 (256 -192 256 ) (256 -192 448 ) (64 -192 448 ) (64 -192 256 ) 
4 154 155 (64 -128 768 ) (64 -64 768 ) (64 -64 264 ) (64 -128 264 ) 
4 154 156 (64 -64 256 ) (64 -64 -143 ) (64 -128 -143 ) (64 -128 256 ) 
4 154 157 (64 -192 -143 ) (64 -192 768 ) (64 -128 768 ) (64 -128 -143 ) 
4 155 255 (0 -64 768 ) (0 -64 264 ) (0 -128 264 ) (0 -128 768 ) 
4 155 157 (64 -128 264 ) (64 -128 768 ) (0 -128 768 ) (0 -128 264 ) 
4 156 270 (0 -64 -128 ) (0 -64 -143 ) (0 -128 -143 ) (0 -128 -128 ) 
4 156 268 (0 -64 128 ) (0 -64 -128 ) (0 -128 -128 ) (0 -128 128 ) 
4 156 259 (0 -64 256 ) (0 -64 128 ) (0 -128 128 ) (0 -128 256 ) 
4 156 182 (0 -128 -143 ) (0 -64 -143 ) (64 -64 -143 ) (64 -128 -143 ) 
4 156 157 (0 -128 -143 ) (64 -128 -143 ) (64 -128 256 ) (0 -128 256 ) 
4 157 270 (0 -128 -143 ) (0 -192 -143 ) (0 -192 -128 ) (0 -128 -128 ) 
4 157 268 (0 -192 -128 ) (0 -192 128 ) (0 -128 128 ) (0 -128 -128 ) 
4 157 263 (0 -192 128 ) (0 -192 264 ) (0 -128 264 ) (0 -128 128 ) 
4 157 255 (0 -192 264 ) (0 -192 768 ) (0 -128 768 ) (0 -128 264 ) 
4 157 182 (0 -192 -143 ) (0 -128 -143 ) (64 -128 -143 ) (64 -192 -143 ) 
4 157 163 (0 -192 -143 ) (64 -192 -143 ) (64 -192 128 ) (0 -192 128 ) 
4 157 160 (64 -192 128 ) (64 -192 256 ) (0 -192 256 ) (0 -192 128 ) 
4 157 158 (64 -192 256 ) (64 -192 448 ) (0 -192 448 ) (0 -192 256 ) 
4 158 265 (0 -272 256 ) (0 -512 256 ) (0 -512 448 ) (0 -272 448 ) 
4 158 264 (0 -256 256 ) (0 -272 256 ) (0 -272 448 ) (0 -256 448 ) 
4 158 263 (0 -192 264 ) (0 -192 256 ) (0 -256 256 ) (0 -256 264 ) 
4 158 256 (0 -192 448 ) (0 -192 264 ) (0 -256 264 ) (0 -256 448 ) 
4 158 160 (0 -256 256 ) (0 -192 256 ) (128 -192 256 ) (128 -256 256 ) 
4 158 161 (128 -512 256 ) (0 -512 256 ) (0 -272 256 ) (128 -272 256 ) 
4 158 159 (256 -512 256 ) (128 -512 256 ) (128 -192 256 ) (256 -192 256 ) 
4 159 162 (256 -512 128 ) (128 -512 128 ) (128 -192 128 ) (256 -192 128 ) 
4 159 160 (128 -192 128 ) (128 -256 128 ) (128 -256 256 ) (128 -192 256 ) 
4 159 161 (128 -272 128 ) (128 -512 128 ) (128 -512 256 ) (128 -272 256 ) 
4 160 263 (0 -192 256 ) (0 -192 128 ) (0 -256 128 ) (0 -256 256 ) 
4 160 163 (0 -256 128 ) (0 -192 128 ) (64 -192 128 ) (64 -256 128 ) 
4 160 162 (64 -192 128 ) (128 -192 128 ) (128 -256 128 ) (64 -256 128 ) 
4 161 265 (0 -272 128 ) (0 -512 128 ) (0 -512 256 ) (0 -272 256 ) 
4 161 165 (64 -512 128 ) (0 -512 128 ) (0 -272 128 ) (64 -272 128 ) 
4 161 162 (128 -512 128 ) (64 -512 128 ) (64 -272 128 ) (128 -272 128 ) 
4 162 186 (256 -272 -143 ) (256 -512 -143 ) (64 -512 -143 ) (64 -272 -143 ) 
4 162 182 (64 -192 -143 ) (256 -192 -143 ) (256 -272 -143 ) (64 -272 -143 ) 
4 162 164 (64 -256 64 ) (64 -256 -143 ) (64 -272 -143 ) (64 -272 64 ) 
4 162 163 (64 -256 128 ) (64 -192 128 ) (64 -192 -143 ) (64 -256 -143 ) 
4 162 165 (64 -512 -143 ) (64 -512 128 ) (64 -272 128 ) (64 -272 -143 ) 
4 163 270 (0 -192 -128 ) (0 -192 -143 ) (0 -256 -143 ) (0 -256 -128 ) 
4 163 268 (0 -192 128 ) (0 -192 -128 ) (0 -256 -128 ) (0 -256 128 ) 
4 163 182 (0 -256 -143 ) (0 -192 -143 ) (64 -192 -143 ) (64 -256 -143 ) 
4 163 164 (0 -256 -143 ) (64 -256 -143 ) (64 -256 64 ) (0 -256 64 ) 
4 164 276 (0 -256 -143 ) (0 -272 -143 ) (0 -272 -64 ) (0 -256 -64 ) 
4 164 182 (0 -272 -143 ) (0 -256 -143 ) (64 -256 -143 ) (64 -272 -143 ) 
4 164 165 (0 -272 -143 ) (64 -272 -143 ) (64 -272 64 ) (0 -272 64 ) 
4 165 279 (0 -272 -143 ) (0 -512 -143 ) (0 -512 128 ) (0 -272 128 ) 
4 165 186 (0 -512 -143 ) (0 -272 -143 ) (64 -272 -143 ) (64 -512 -143 ) 
4 166 167 (912 -64 -143 ) (912 0 -143 ) (912 0 -176 ) (912 -64 -176 ) 
4 168 172 (512 -272 -480 ) (576 -272 -480 ) (576 -272 -143 ) (512 -272 -143 ) 
4 168 170 (512 -272 -165.639679 ) (512 -272 -143 ) (512 -244.450043 -143 ) (512 -241.989624 -161.688736 ) 
5 168 169 (512 0 -480 ) (512 -272 -480 ) (512 -272 -165.639679 ) (512 -100.034470 -143 ) (512 0 -143 ) 
4 169 172 (496 -272 -480 ) (512 -272 -480 ) (512 -272 -165.639679 ) (496 -272 -165.639618 ) 
4 169 170 (496 -241.988998 -161.687714 ) (496 -272 -165.638672 ) (512 -272 -165.639648 ) (512 -241.989639 -161.688705 ) 
5 169 171 (496 0 -480 ) (496 -272 -480 ) (496 -272 -165.639618 ) (496 -100.034943 -143 ) (496 0 -143 ) 
4 170 172 (512 -272 -165.639679 ) (512 -272 -143 ) (496 -272 -143 ) (496 -272 -165.639618 ) 
4 170 171 (496 -272 -165.639618 ) (496 -272 -143 ) (496 -244.449265 -143 ) (496 -241.988876 -161.688583 ) 
4 171 177 (400 -80 -176 ) (400 -80 -172.638992 ) (400 0 -162.106491 ) (400 0 -176 ) 
4 171 175 (400 -272 -197.917023 ) (400 -272 -143 ) (400 -244.447281 -143 ) (400 -237.809631 -193.415649 ) 
4 171 174 (400 -80 -480 ) (400 -272 -480 ) (400 -272 -197.917023 ) (400 -80 -172.639008 ) 
4 171 172 (400 -272 -143 ) (400 -272 -480 ) (496 -272 -480 ) (496 -272 -143 ) 
4 172 176 (400 -272 -480 ) (400 -512 -480 ) (400 -512 -143 ) (400 -272 -143 ) 
3 173 183 (384 -80 -176.002014 ) (384 -80 -172.638977 ) (384 -76.127083 -172.129089 ) 
3 173 177 (400 -80 -172.639008 ) (400 -80 -176.001999 ) (396.127106 -76.127106 -172.129120 ) 
4 173 174 (384 -80 -172.639008 ) (384 -80 -176.001999 ) (400 -80 -176.002014 ) (400 -80 -172.638977 ) 
4 174 185 (384 -80 -480 ) (384 -272 -480 ) (384 -272 -197.917023 ) (384 -80 -172.639008 ) 
4 174 176 (384 -272 -197.917023 ) (384 -272 -480 ) (400 -272 -480 ) (400 -272 -197.917023 ) 
4 174 175 (384 -237.809647 -193.416412 ) (384 -272 -197.917816 ) (400 -272 -197.917816 ) (400 -237.809525 -193.416397 ) 
4 175 185 (384 -272 -197.917023 ) (384 -272 -143 ) (384 -244.447403 -143 ) (384 -237.809753 -193.415665 ) 
4 175 176 (384 -272 -143 ) (384 -272 -197.917023 ) (400 -272 -197.917023 ) (400 -272 -143 ) 
4 176 186 (384 -272 -480 ) (384 -512 -480 ) (384 -512 -143 ) (384 -272 -143 ) 
4 177 178 (384 -64 -176 ) (384 -64 -170.532486 ) (384 0 -162.106491 ) (384 0 -176 ) 
5 178 183 (384 -64 -160.002014 ) (384 -64 -143 ) (272.996094 -64 -143 ) (256 -64 -159.996109 ) (256 -64 -160.001999 ) 
3 178 182 (272.996094 -64 -143 ) (256 -64 -143 ) (256 -64 -159.996109 ) 
4 178 180 (256 -64 -159.996109 ) (256 -64 -143 ) (256 0 -143 ) (256 0 -159.996109 ) 
4 178 179 (384 -64 -180 ) (256 -64 -180 ) (256 0 -180 ) (384 0 -180 ) 
4 180 311 (0 -64 -143 ) (0 0 -143 ) (0 0 -415.996094 ) (0 -64 -415.996094 ) 
4 180 182 (256 -64 -159.996124 ) (256 -64 -143 ) (0 -64 -143 ) (0 -64 -415.996094 ) 
4 180 181 (240 -64 -175.990250 ) (0 -64 -415.990387 ) (0 0 -415.990387 ) (240 0 -175.990250 ) 
4 181 311 (0 0 -415.996094 ) (0 0 -480 ) (0 -64 -480 ) (0 -64 -415.996094 ) 
4 181 184 (0 -64 -480 ) (240 -64 -480 ) (240 -64 -175.996124 ) (0 -64 -415.996094 ) 
4 182 311 (0 -272 -143 ) (0 -64 -143 ) (0 -64 -415.996094 ) (0 -272 -415.996094 ) 
3 182 186 (272.996033 -272 -143 ) (0 -272 -143 ) (0 -272 -415.996094 ) 
5 182 183 (255.990173 -64 -160.002014 ) (272.992188 -64 -143 ) (272.992188 -80 -143 ) (240 -80 -175.992188 ) (240 -79.990181 -175.992188 ) 
4 182 184 (0 -80 -415.992188 ) (0 -64 -415.992188 ) (240 -64 -175.992188 ) (240 -80 -175.992188 ) 
4 182 185 (272.992249 -272 -143 ) (0 -272 -415.992371 ) (0 -80 -415.992188 ) (272.992188 -80 -143 ) 
5 183 185 (384 -80 -176.001984 ) (384 -80 -143 ) (273 -80 -143 ) (240 -80 -176 ) (240 -80 -176.002014 ) 
4 184 311 (0 -64 -415.996094 ) (0 -64 -480 ) (0 -80 -480 ) (0 -80 -415.996094 ) 
4 184 185 (240 -80 -176 ) (0 -80 -416 ) (0 -80 -480 ) (240 -80 -480 ) 
4 185 311 (0 -80 -480 ) (0 -272 -480 ) (0 -272 -415.996094 ) (0 -80 -415.996094 ) 
5 185 186 (0 -272 -480 ) (384 -272 -480 ) (384 -272 -143 ) (272.996033 -272 -143 ) (0 -272 -415.996094 ) 
4 186 312 (0 -512 -143 ) (0 -272 -143 ) (0 -272 -480 ) (0 -512 -480 ) 
4 189 239 (0 512 -143 ) (0 320 -143 ) (-320 320 -143 ) (-320 512 -143 ) 
4 189 199 (-320 512 -143 ) (-320 320 -143 ) (-320 320 448 ) (-320 512 448 ) 
4 189 193 (-320 320 448 ) (-320 320 -143 ) (-128 320 -143 ) (-128 320 448 ) 
4 189 192 (-128 320 -143 ) (-48 320 -143 ) (-48 320 448 ) (-128 320 448 ) 
4 189 191 (-48 320 -143 ) (0 320 -143 ) (0 320 448 ) (-48 320 448 ) 
4 190 194 (0 240 512 ) (0 240 748 ) (-48 240 748 ) (-48 240 512 ) 
4 191 240 (0 272 -143 ) (0 240 -143 ) (-48 240 -143 ) (-48 272 -143 ) 
4 191 239 (0 320 -143 ) (0 272 -143 ) (-48 272 -143 ) (-48 320 -143 ) 
4 191 196 (-48 240 -143 ) (0 240 -143 ) (0 240 448 ) (-48 240 448 ) 
4 191 192 (-48 320 448 ) (-48 320 -143 ) (-48 240 -143 ) (-48 240 448 ) 
4 192 241 (-80 240 -143 ) (-128 240 -143 ) (-128 272 -143 ) (-80 272 -143 ) 
4 192 240 (-48 240 -143 ) (-80 240 -143 ) (-80 272 -143 ) (-48 272 -143 ) 
4 192 239 (-128 272 -143 ) (-128 320 -143 ) (-48 320 -143 ) (-48 272 -143 ) 
4 192 196 (-128 240 -143 ) (-48 240 -143 ) (-48 240 448 ) (-128 240 448 ) 
4 192 193 (-128 320 448 ) (-128 320 -143 ) (-128 240 -143 ) (-128 240 448 ) 
4 193 241 (-128 240 -143 ) (-320 240 -143 ) (-320 272 -143 ) (-128 272 -143 ) 
4 193 239 (-320 272 -143 ) (-320 320 -143 ) (-128 320 -143 ) (-128 272 -143 ) 
4 193 202 (-320 256 -143 ) (-320 240 -143 ) (-320 240 -128 ) (-320 256 -128 ) 
4 193 200 (-320 240 256 ) (-320 240 768 ) (-320 256 768 ) (-320 256 256 ) 
4 193 199 (-320 320 -143 ) (-320 256 -143 ) (-320 256 448 ) (-320 320 448 ) 
4 193 196 (-320 240 448 ) (-320 240 -143 ) (-128 240 -143 ) (-128 240 448 ) 
4 193 195 (-320 240 768 ) (-320 240 448 ) (-128 240 448 ) (-128 240 768 ) 
4 194 206 (0 96 448 ) (0 96 816 ) (-112 96 816 ) (-112 96 448 ) 
4 194 197 (-112 172 448 ) (-112 173 448 ) (0 173 448 ) (0 172 448 ) 
4 194 196 (-112 173 448 ) (-112 240 448 ) (0 240 448 ) (0 173 448 ) 
4 194 198 (0 96 448 ) (-112 96 448 ) (-112 172 448 ) (0 172 448 ) 
4 195 207 (-320 96 768 ) (-320 96 448 ) (-128 96 448 ) (-128 96 768 ) 
4 195 200 (-320 96 448 ) (-320 96 768 ) (-320 240 768 ) (-320 240 448 ) 
4 195 197 (-320 172 448 ) (-320 173 448 ) (-128 173 448 ) (-128 172 448 ) 
4 195 196 (-320 173 448 ) (-320 240 448 ) (-128 240 448 ) (-128 173 448 ) 
4 195 198 (-128 96 448 ) (-320 96 448 ) (-320 172 448 ) (-128 172 448 ) 
4 196 241 (-80 173 -143 ) (-320 173 -143 ) (-320 240 -143 ) (-80 240 -143 ) 
4 196 240 (0 240 -143 ) (0 173 -143 ) (-80 173 -143 ) (-80 240 -143 ) 
4 196 202 (-320 240 -143 ) (-320 173 -143 ) (-320 173 -128 ) (-320 240 -128 ) 
4 196 200 (-320 173 256 ) (-320 173 448 ) (-320 240 448 ) (-320 240 256 ) 
4 196 197 (0 173 448 ) (-320 173 448 ) (-320 173 -143 ) (0 173 -143 ) 
4 197 243 (-80 172 -143 ) (-320 172 -143 ) (-320 173 -143 ) (-80 173 -143 ) 
4 197 242 (0 173 -143 ) (0 172 -143 ) (-80 172 -143 ) (-80 173 -143 ) 
4 197 202 (-320 173 -143 ) (-320 172 -143 ) (-320 172 -128 ) (-320 173 -128 ) 
4 197 200 (-320 172 256 ) (-320 172 448 ) (-320 173 448 ) (-320 173 256 ) 
4 197 198 (0 172 448 ) (-320 172 448 ) (-320 172 -143 ) (0 172 -143 ) 
4 198 245 (-80 96 -143 ) (-320 96 -143 ) (-320 172 -143 ) (-80 172 -143 ) 
4 198 244 (0 172 -143 ) (0 96 -143 ) (-80 96 -143 ) (-80 172 -143 ) 
4 198 218 (-320 96 -143 ) (0 96 -143 ) (0 96 -128 ) (-320 96 -128 ) 
4 198 216 (0 96 -128 ) (0 96 144 ) (-320 96 144 ) (-320 96 -128 ) 
4 198 209 (0 96 144 ) (0 96 448 ) (-320 96 448 ) (-320 96 144 ) 
4 198 202 (-320 172 -143 ) (-320 96 -143 ) (-320 96 -128 ) (-320 172 -128 ) 
4 198 200 (-320 96 256 ) (-320 96 448 ) (-320 172 448 ) (-320 172 256 ) 
4 199 246 (-320 512 -143 ) (-320 256 -143 ) (-384 256 -143 ) (-384 512 -143 ) 
4 199 203 (-384 256 128 ) (-384 256 -143 ) (-336 256 -143 ) (-336 256 128 ) 
4 199 202 (-336 256 -143 ) (-320 256 -143 ) (-320 256 -128 ) (-336 256 -128 ) 
4 199 201 (-384 256 256 ) (-384 256 128 ) (-336 256 128 ) (-336 256 256 ) 
4 199 200 (-384 256 448 ) (-384 256 256 ) (-320 256 256 ) (-320 256 448 ) 
4 200 211 (-336 96 448 ) (-384 96 448 ) (-384 96 256 ) (-336 96 256 ) 
4 200 210 (-320 96 256 ) (-320 96 448 ) (-336 96 448 ) (-336 96 256 ) 
4 200 208 (-320 96 448 ) (-320 96 768 ) (-384 96 768 ) (-384 96 448 ) 
4 200 201 (-384 96 256 ) (-384 256 256 ) (-336 256 256 ) (-336 96 256 ) 
4 201 211 (-336 96 256 ) (-384 96 256 ) (-384 96 144 ) (-336 96 144 ) 
4 201 203 (-384 112 128 ) (-384 256 128 ) (-336 256 128 ) (-336 112 128 ) 
4 202 247 (-320 112 -143 ) (-320 96 -143 ) (-336 96 -143 ) (-336 112 -143 ) 
4 202 246 (-320 256 -143 ) (-320 112 -143 ) (-336 112 -143 ) (-336 256 -143 ) 
4 202 203 (-336 112 -128 ) (-336 256 -128 ) (-336 256 -143 ) (-336 112 -143 ) 
4 203 246 (-384 112 -143 ) (-384 256 -143 ) (-336 256 -143 ) (-336 112 -143 ) 
4 204 217 (-448 96 -128 ) (-448 96 0 ) (-576 96 0 ) (-576 96 -128 ) 
4 205 254 (-1024 384 -143 ) (-1024 96 -143 ) (-1024 96 640 ) (-1024 384 640 ) 
4 205 252 (-1024 96 -143 ) (-1024 384 -143 ) (-992 384 -143 ) (-992 96 -143 ) 
4 205 238 (-1024 96 0 ) (-1024 96 -143 ) (-992 96 -143 ) (-992 96 0 ) 
4 205 231 (-1024 96 64 ) (-1024 96 0 ) (-992 96 0 ) (-992 96 64 ) 
4 205 227 (-1024 96 640 ) (-1024 96 64 ) (-992 96 64 ) (-992 96 640 ) 
4 206 212 (0 64 448 ) (0 16 448 ) (-112 16 448 ) (-112 64 448 ) 
4 206 209 (-112 96 448 ) (0 96 448 ) (0 64 448 ) (-112 64 448 ) 
4 207 257 (-320 0 768 ) (-320 0 448 ) (-128 0 448 ) (-128 0 768 ) 
4 207 212 (-128 0 448 ) (-320 0 448 ) (-320 64 448 ) (-128 64 448 ) 
4 207 209 (-320 64 448 ) (-320 96 448 ) (-128 96 448 ) (-128 64 448 ) 
4 207 208 (-320 96 768 ) (-320 96 448 ) (-320 64 448 ) (-320 64 768 ) 
4 208 211 (-384 64 448 ) (-384 96 448 ) (-336 96 448 ) (-336 64 448 ) 
4 208 210 (-336 96 448 ) (-320 96 448 ) (-320 64 448 ) (-336 64 448 ) 
4 209 216 (-320 96 144 ) (0 96 144 ) (0 64 144 ) (-320 64 144 ) 
4 209 212 (-320 64 144 ) (0 64 144 ) (0 64 448 ) (-320 64 448 ) 
4 209 210 (-320 64 256 ) (-320 64 448 ) (-320 96 448 ) (-320 96 256 ) 
4 210 213 (-320 64 256 ) (-320 64 448 ) (-336 64 448 ) (-336 64 256 ) 
4 210 211 (-336 64 256 ) (-336 64 448 ) (-336 96 448 ) (-336 96 256 ) 
4 211 214 (-384 64 144 ) (-336 64 144 ) (-336 64 448 ) (-384 64 448 ) 
4 212 261 (-312 0 264 ) (-320 0 264 ) (-320 0 144 ) (-312 0 144 ) 
4 212 260 (-192 0 264 ) (-312 0 264 ) (-312 0 144 ) (-192 0 144 ) 
4 212 258 (0 0 144 ) (0 0 264 ) (-192 0 264 ) (-192 0 144 ) 
4 212 257 (-128 0 448 ) (-320 0 448 ) (-320 0 264 ) (-128 0 264 ) 
4 212 255 (0 0 264 ) (0 0 448 ) (-128 0 448 ) (-128 0 264 ) 
4 212 219 (-320 64 144 ) (0 64 144 ) (0 0 144 ) (-320 0 144 ) 
4 212 213 (-320 64 448 ) (-320 64 256 ) (-320 0 256 ) (-320 0 448 ) 
4 213 280 (-320 0 448 ) (-336 0 448 ) (-336 0 256 ) (-320 0 256 ) 
4 213 214 (-336 64 448 ) (-336 64 256 ) (-336 0 256 ) (-336 0 448 ) 
4 214 281 (-336 0 448 ) (-384 0 448 ) (-384 0 144 ) (-336 0 144 ) 
4 215 221 (-512 64 144 ) (-448 64 144 ) (-448 0 144 ) (-512 0 144 ) 
4 216 219 (0 64 144 ) (-320 64 144 ) (-320 64 -128 ) (0 64 -128 ) 
4 216 218 (0 64 -128 ) (-320 64 -128 ) (-320 96 -128 ) (0 96 -128 ) 
4 216 217 (-320 96 -128 ) (-320 64 -128 ) (-320 64 128 ) (-320 96 128 ) 
4 217 232 (-640 96 0 ) (-640 96 -128 ) (-640 64 -128 ) (-640 64 0 ) 
4 217 222 (-640 64 128 ) (-640 64 -128 ) (-512 64 -128 ) (-512 64 128 ) 
4 217 220 (-448 64 -128 ) (-320 64 -128 ) (-320 64 128 ) (-448 64 128 ) 
4 217 221 (-512 64 -128 ) (-448 64 -128 ) (-448 64 128 ) (-512 64 128 ) 
4 218 245 (-320 96 -143 ) (-80 96 -143 ) (-80 64 -143 ) (-320 64 -143 ) 
4 218 244 (-80 96 -143 ) (0 96 -143 ) (0 64 -143 ) (-80 64 -143 ) 
4 218 223 (-32 64 -143 ) (0 64 -143 ) (0 64 -128 ) (-32 64 -128 ) 
4 218 225 (-320 64 -143 ) (-32 64 -143 ) (-32 64 -128 ) (-320 64 -128 ) 
4 219 277 (-128 0 128 ) (-320 0 128 ) (-320 0 -128 ) (-128 0 -128 ) 
4 219 268 (0 0 -128 ) (0 0 128 ) (-128 0 128 ) (-128 0 -128 ) 
4 219 261 (-312 0 144 ) (-320 0 144 ) (-320 0 128 ) (-312 0 128 ) 
4 219 260 (-192 0 144 ) (-312 0 144 ) (-312 0 128 ) (-192 0 128 ) 
4 219 258 (0 0 128 ) (0 0 144 ) (-192 0 144 ) (-192 0 128 ) 
4 219 223 (-32 64 -128 ) (0 64 -128 ) (0 32 -128 ) (-32 32 -128 ) 
4 219 225 (-320 64 -128 ) (-32 64 -128 ) (-32 0 -128 ) (-320 0 -128 ) 
4 219 220 (-320 64 128 ) (-320 64 -128 ) (-320 0 -128 ) (-320 0 128 ) 
4 220 295 (-448 0 0 ) (-448 0 -128 ) (-320 0 -128 ) (-320 0 0 ) 
4 220 292 (-448 0 64 ) (-448 0 0 ) (-320 0 0 ) (-320 0 64 ) 
4 220 283 (-448 0 128 ) (-448 0 64 ) (-320 0 64 ) (-320 0 128 ) 
4 220 226 (-384 32 -128 ) (-384 0 -128 ) (-448 0 -128 ) (-448 32 -128 ) 
4 220 221 (-448 64 128 ) (-448 64 -128 ) (-448 0 -128 ) (-448 0 128 ) 
4 221 295 (-512 0 0 ) (-512 0 -128 ) (-448 0 -128 ) (-448 0 0 ) 
4 221 292 (-512 0 64 ) (-512 0 0 ) (-448 0 0 ) (-448 0 64 ) 
4 221 283 (-512 0 128 ) (-512 0 64 ) (-448 0 64 ) (-448 0 128 ) 
4 221 226 (-448 32 -128 ) (-448 0 -128 ) (-512 0 -128 ) (-512 32 -128 ) 
4 221 222 (-512 64 128 ) (-512 64 -128 ) (-512 0 -128 ) (-512 0 128 ) 
4 222 295 (-640 0 0 ) (-640 0 -128 ) (-512 0 -128 ) (-512 0 0 ) 
4 222 292 (-640 0 64 ) (-640 0 0 ) (-512 0 0 ) (-512 0 64 ) 
4 222 283 (-640 0 128 ) (-640 0 64 ) (-512 0 64 ) (-512 0 128 ) 
4 222 232 (-640 0 -128 ) (-640 0 0 ) (-640 64 0 ) (-640 64 -128 ) 
4 222 226 (-640 0 -128 ) (-640 32 -128 ) (-512 32 -128 ) (-512 0 -128 ) 
4 223 244 (-32 32 -143 ) (-32 64 -143 ) (0 64 -143 ) (0 32 -143 ) 
4 223 224 (-32 32 -130 ) (-32 32 -143 ) (0 32 -143 ) (0 32 -130 ) 
4 223 225 (-32 32 -128 ) (-32 64 -128 ) (-32 64 -143 ) (-32 32 -143 ) 
4 224 269 (0 0 -143 ) (0 0 -130 ) (-32 0 -130 ) (-32 0 -143 ) 
4 224 244 (0 0 -143 ) (-32 0 -143 ) (-32 32 -143 ) (0 32 -143 ) 
4 224 225 (-32 32 -130 ) (-32 32 -143 ) (-32 0 -143 ) (-32 0 -130 ) 
4 225 277 (-128 0 -128 ) (-320 0 -128 ) (-320 0 -143 ) (-128 0 -143 ) 
4 225 272 (-64 0 -128 ) (-96 0 -128 ) (-96 0 -143 ) (-64 0 -143 ) 
4 225 271 (-32 0 -128 ) (-64 0 -128 ) (-64 0 -143 ) (-32 0 -143 ) 
4 225 275 (-96 0 -128 ) (-128 0 -128 ) (-128 0 -143 ) (-96 0 -143 ) 
4 225 245 (-80 0 -143 ) (-320 0 -143 ) (-320 64 -143 ) (-80 64 -143 ) 
4 225 244 (-32 0 -143 ) (-80 0 -143 ) (-80 64 -143 ) (-32 64 -143 ) 
4 226 298 (-384 0 -128 ) (-640 0 -128 ) (-640 0 -143 ) (-384 0 -143 ) 
4 226 250 (-384 0 -143 ) (-640 0 -143 ) (-640 32 -143 ) (-384 32 -143 ) 
4 227 254 (-1024 96 640 ) (-1024 96 64 ) (-1024 64 64 ) (-1024 64 640 ) 
4 227 231 (-1024 96 64 ) (-992 96 64 ) (-992 64 64 ) (-1024 64 64 ) 
4 227 229 (-1024 64 640 ) (-1024 64 64 ) (-992 64 64 ) (-992 64 640 ) 
4 228 284 (-800 0 72 ) (-800 0 64 ) (-736 0 64 ) (-736 0 72 ) 
4 228 230 (-736 0 64 ) (-800 0 64 ) (-800 64 64 ) (-736 64 64 ) 
4 229 285 (-1024 0 128 ) (-1024 0 64 ) (-992 0 64 ) (-992 0 128 ) 
4 229 282 (-1024 0 640 ) (-1024 0 128 ) (-992 0 128 ) (-992 0 640 ) 
4 229 254 (-1024 0 64 ) (-1024 0 640 ) (-1024 64 640 ) (-1024 64 64 ) 
4 229 231 (-992 0 64 ) (-1024 0 64 ) (-1024 64 64 ) (-992 64 64 ) 
4 230 293 (-800 0 0 ) (-736 0 0 ) (-736 0 64 ) (-800 0 64 ) 
4 230 235 (-800 96 0 ) (-736 96 0 ) (-736 64 0 ) (-800 64 0 ) 
4 230 236 (-736 64 0 ) (-736 0 0 ) (-800 0 0 ) (-800 64 0 ) 
4 231 294 (-1024 0 64 ) (-1024 0 0 ) (-992 0 0 ) (-992 0 64 ) 
4 231 254 (-1024 0 0 ) (-1024 0 64 ) (-1024 96 64 ) (-1024 96 0 ) 
4 231 238 (-1024 0 0 ) (-1024 96 0 ) (-992 96 0 ) (-992 0 0 ) 
4 232 295 (-640 0 -128 ) (-640 0 0 ) (-657 0 0 ) (-657 0 -128 ) 
4 232 233 (-657 96 -128 ) (-657 0 -128 ) (-657 0 0 ) (-657 96 0 ) 
4 233 296 (-657 0 0 ) (-658 0 0 ) (-658 0 -128 ) (-657 0 -128 ) 
4 233 234 (-658 96 -128 ) (-658 0 -128 ) (-658 0 0 ) (-658 96 0 ) 
4 234 297 (-658 0 0 ) (-672 0 0 ) (-672 0 -128 ) (-658 0 -128 ) 
4 234 236 (-672 0 0 ) (-672 64 0 ) (-672 64 -128 ) (-672 0 -128 ) 
4 235 236 (-800 64 0 ) (-800 64 -128 ) (-736 64 -128 ) (-736 64 0 ) 
4 236 299 (-672 0 -128 ) (-672 0 0 ) (-800 0 0 ) (-800 0 -128 ) 
4 236 237 (-800 0 0 ) (-800 64 0 ) (-800 64 -128 ) (-800 0 -128 ) 
4 237 301 (-992 0 -143 ) (-800 0 -143 ) (-800 0 0 ) (-992 0 0 ) 
4 237 251 (-800 0 -143 ) (-992 0 -143 ) (-992 64 -143 ) (-800 64 -143 ) 
4 237 238 (-992 0 0 ) (-992 64 0 ) (-992 64 -143 ) (-992 0 -143 ) 
4 238 301 (-1024 0 0 ) (-1024 0 -143 ) (-992 0 -143 ) (-992 0 0 ) 
4 238 254 (-1024 96 -143 ) (-1024 0 -143 ) (-1024 0 0 ) (-1024 96 0 ) 
4 238 252 (-992 0 -143 ) (-1024 0 -143 ) (-1024 96 -143 ) (-992 96 -143 ) 
4 239 246 (-320 512 -480 ) (-320 272 -480 ) (-320 272 -143 ) (-320 512 -143 ) 
4 239 241 (-320 272 -143 ) (-320 272 -480 ) (-80 272 -480 ) (-80 272 -143 ) 
4 239 240 (-80 272 -480 ) (0 272 -480 ) (0 272 -143 ) (-80 272 -143 ) 
4 240 242 (-80 173 -480 ) (0 173 -480 ) (0 173 -143 ) (-80 173 -143 ) 
4 240 241 (-80 272 -143 ) (-80 272 -480 ) (-80 173 -480 ) (-80 173 -143 ) 
4 241 246 (-320 272 -480 ) (-320 173 -480 ) (-320 173 -143 ) (-320 272 -143 ) 
4 241 243 (-320 173 -143 ) (-320 173 -480 ) (-80 173 -480 ) (-80 173 -143 ) 
4 242 244 (-80 172 -480 ) (0 172 -480 ) (0 172 -143 ) (-80 172 -143 ) 
4 242 243 (-80 173 -143 ) (-80 173 -480 ) (-80 172 -480 ) (-80 172 -143 ) 
4 243 246 (-320 173 -480 ) (-320 172 -480 ) (-320 172 -143 ) (-320 173 -143 ) 
4 243 245 (-320 172 -143 ) (-320 172 -480 ) (-80 172 -480 ) (-80 172 -143 ) 
4 244 311 (0 0 -480 ) (0 0 -143 ) (-80 0 -143 ) (-80 0 -480 ) 
4 244 245 (-80 172 -143 ) (-80 172 -480 ) (-80 0 -480 ) (-80 0 -143 ) 
4 245 313 (-80 0 -143 ) (-320 0 -143 ) (-320 0 -480 ) (-80 0 -480 ) 
4 245 249 (-320 96 -480 ) (-320 0 -480 ) (-320 0 -144 ) (-320 96 -144 ) 
4 245 247 (-320 112 -480 ) (-320 96 -480 ) (-320 96 -143 ) (-320 112 -143 ) 
4 245 246 (-320 172 -480 ) (-320 112 -480 ) (-320 112 -143 ) (-320 172 -143 ) 
4 246 248 (-384 112 -144 ) (-384 112 -480 ) (-336 112 -480 ) (-336 112 -144 ) 
4 246 247 (-336 112 -480 ) (-320 112 -480 ) (-320 112 -143 ) (-336 112 -143 ) 
4 247 249 (-336 96 -480 ) (-320 96 -480 ) (-320 96 -144 ) (-336 96 -144 ) 
4 247 248 (-336 112 -144 ) (-336 112 -480 ) (-336 96 -480 ) (-336 96 -144 ) 
4 248 249 (-384 96 -144 ) (-384 96 -480 ) (-336 96 -480 ) (-336 96 -144 ) 
4 249 314 (-384 0 -144 ) (-384 0 -480 ) (-320 0 -480 ) (-320 0 -144 ) 
4 250 316 (-384 0 -144 ) (-384 0 -143 ) (-640 0 -143 ) (-640 0 -144 ) 
4 251 317 (-800 0 -143 ) (-992 0 -143 ) (-992 0 -256 ) (-800 0 -256 ) 
4 251 252 (-992 64 -256 ) (-992 0 -256 ) (-992 0 -143 ) (-992 64 -143 ) 
4 252 318 (-992 0 -143 ) (-1024 0 -143 ) (-1024 0 -256 ) (-992 0 -256 ) 
4 252 254 (-1024 384 -256 ) (-1024 0 -256 ) (-1024 0 -143 ) (-1024 384 -143 ) 
4 252 253 (-992 384 -256 ) (-992 0 -256 ) (-1024 0 -256 ) (-1024 384 -256 ) 
4 253 318 (-992 0 -1024 ) (-992 0 -256 ) (-1024 0 -256 ) (-1024 0 -1024 ) 
4 253 254 (-1024 0 -1024 ) (-1024 0 -256 ) (-1024 384 -256 ) (-1024 384 -1024 ) 
4 254 319 (-1024 0 -1024 ) (-1024 0 640 ) (-1824 0 640 ) (-1824 0 -1024 ) 
4 255 258 (-128 -64 264 ) (-128 0 264 ) (0 0 264 ) (0 -64 264 ) 
4 255 263 (-128 -192 264 ) (-128 -128 264 ) (0 -128 264 ) (0 -192 264 ) 
4 255 257 (-128 0 264 ) (-128 -192 264 ) (-128 -192 768 ) (-128 0 768 ) 
4 255 256 (-128 -192 448 ) (-128 -192 264 ) (0 -192 264 ) (0 -192 448 ) 
4 256 264 (-128 -256 264 ) (0 -256 264 ) (0 -256 448 ) (-128 -256 448 ) 
4 256 263 (0 -256 264 ) (-128 -256 264 ) (-128 -192 264 ) (0 -192 264 ) 
4 256 257 (-128 -192 264 ) (-128 -256 264 ) (-128 -256 448 ) (-128 -192 448 ) 
4 257 303 (-320 -96 264 ) (-320 -256 264 ) (-320 -256 448 ) (-320 -96 448 ) 
4 257 286 (-320 -64 264 ) (-320 -96 264 ) (-320 -96 448 ) (-320 -64 448 ) 
4 257 280 (-320 0 448 ) (-320 0 264 ) (-320 -64 264 ) (-320 -64 448 ) 
4 257 266 (-320 -256 448 ) (-320 -256 264 ) (-128 -256 264 ) (-128 -256 448 ) 
4 257 262 (-320 -128 264 ) (-320 -96 264 ) (-312 -96 264 ) (-312 -128 264 ) 
4 257 261 (-320 -96 264 ) (-320 0 264 ) (-312 0 264 ) (-312 -96 264 ) 
4 257 260 (-312 0 264 ) (-192 0 264 ) (-192 -128 264 ) (-312 -128 264 ) 
4 257 258 (-192 0 264 ) (-128 0 264 ) (-128 -64 264 ) (-192 -64 264 ) 
4 257 263 (-128 -256 264 ) (-320 -256 264 ) (-320 -128 264 ) (-128 -128 264 ) 
4 258 277 (-192 0 128 ) (-128 0 128 ) (-128 -64 128 ) (-192 -64 128 ) 
4 258 268 (-128 0 128 ) (0 0 128 ) (0 -64 128 ) (-128 -64 128 ) 
4 258 260 (-192 0 128 ) (-192 -64 128 ) (-192 -64 264 ) (-192 0 264 ) 
4 258 259 (-192 -64 256 ) (-192 -64 128 ) (0 -64 128 ) (0 -64 256 ) 
4 259 277 (-128 -128 128 ) (-192 -128 128 ) (-192 -64 128 ) (-128 -64 128 ) 
4 259 268 (0 -64 128 ) (0 -128 128 ) (-128 -128 128 ) (-128 -64 128 ) 
4 259 260 (-192 -64 128 ) (-192 -128 128 ) (-192 -128 256 ) (-192 -64 256 ) 
4 259 263 (-192 -128 128 ) (0 -128 128 ) (0 -128 256 ) (-192 -128 256 ) 
4 260 277 (-312 0 128 ) (-192 0 128 ) (-192 -128 128 ) (-312 -128 128 ) 
4 260 262 (-312 -128 160 ) (-312 -128 264 ) (-312 -96 264 ) (-312 -96 160 ) 
4 260 261 (-312 0 128 ) (-312 -96 128 ) (-312 -96 264 ) (-312 0 264 ) 
4 260 263 (-312 -128 128 ) (-192 -128 128 ) (-192 -128 264 ) (-312 -128 264 ) 
4 261 286 (-320 -96 256 ) (-320 -96 264 ) (-320 -64 264 ) (-320 -64 256 ) 
4 261 280 (-320 0 264 ) (-320 0 256 ) (-320 -64 256 ) (-320 -64 264 ) 
4 261 277 (-320 -96 128 ) (-320 0 128 ) (-312 0 128 ) (-312 -96 128 ) 
4 261 262 (-312 -96 160 ) (-312 -96 264 ) (-320 -96 264 ) (-320 -96 160 ) 
4 262 303 (-320 -128 256 ) (-320 -128 264 ) (-320 -96 264 ) (-320 -96 256 ) 
4 262 263 (-312 -128 160 ) (-312 -128 264 ) (-320 -128 264 ) (-320 -128 160 ) 
4 263 303 (-320 -256 256 ) (-320 -256 264 ) (-320 -128 264 ) (-320 -128 256 ) 
4 263 277 (-320 -256 128 ) (-320 -128 128 ) (-128 -128 128 ) (-128 -256 128 ) 
4 263 268 (-128 -128 128 ) (0 -128 128 ) (0 -256 128 ) (-128 -256 128 ) 
4 263 266 (-320 -256 264 ) (-320 -256 256 ) (-128 -256 256 ) (-128 -256 264 ) 
4 263 264 (0 -256 256 ) (0 -256 264 ) (-128 -256 264 ) (-128 -256 256 ) 
4 264 266 (-128 -256 448 ) (-128 -256 256 ) (-128 -272 256 ) (-128 -272 448 ) 
4 264 265 (0 -272 448 ) (-128 -272 448 ) (-128 -272 256 ) (0 -272 256 ) 
4 265 279 (-128 -512 128 ) (-128 -272 128 ) (0 -272 128 ) (0 -512 128 ) 
4 265 267 (-128 -272 128 ) (-128 -512 128 ) (-128 -512 448 ) (-128 -272 448 ) 
4 266 305 (-320 -272 448 ) (-320 -256 448 ) (-320 -256 256 ) (-320 -272 256 ) 
4 266 267 (-128 -272 256 ) (-128 -272 448 ) (-320 -272 448 ) (-320 -272 256 ) 
4 267 305 (-320 -512 448 ) (-320 -272 448 ) (-320 -272 128 ) (-320 -512 128 ) 
4 267 279 (-320 -512 128 ) (-320 -272 128 ) (-128 -272 128 ) (-128 -512 128 ) 
4 268 277 (-128 -256 -128 ) (-128 -256 128 ) (-128 0 128 ) (-128 0 -128 ) 
4 268 276 (-128 -256 -64 ) (-128 -256 -128 ) (0 -256 -128 ) (0 -256 -64 ) 
4 268 272 (-96 -64 -128 ) (-96 0 -128 ) (-64 0 -128 ) (-64 -64 -128 ) 
4 268 274 (-64 -256 -128 ) (-96 -256 -128 ) (-96 -192 -128 ) (-64 -192 -128 ) 
4 268 271 (-32 -256 -128 ) (-64 -256 -128 ) (-64 0 -128 ) (-32 0 -128 ) 
4 268 275 (-96 -256 -128 ) (-128 -256 -128 ) (-128 0 -128 ) (-96 0 -128 ) 
4 268 270 (0 -256 -128 ) (-32 -256 -128 ) (-32 -32 -128 ) (0 -32 -128 ) 
4 269 311 (-32 0 -143 ) (0 0 -143 ) (0 -32 -143 ) (-32 -32 -143 ) 
4 269 271 (-32 0 -143 ) (-32 -32 -143 ) (-32 -32 -130 ) (-32 0 -130 ) 
4 269 270 (-32 -32 -130 ) (-32 -32 -143 ) (0 -32 -143 ) (0 -32 -130 ) 
4 270 311 (0 -32 -143 ) (0 -256 -143 ) (-32 -256 -143 ) (-32 -32 -143 ) 
4 270 276 (-32 -256 -143 ) (0 -256 -143 ) (0 -256 -128 ) (-32 -256 -128 ) 
4 270 271 (-32 -32 -143 ) (-32 -256 -143 ) (-32 -256 -128 ) (-32 -32 -128 ) 
4 271 311 (-64 0 -143 ) (-32 0 -143 ) (-32 -256 -143 ) (-64 -256 -143 ) 
4 271 276 (-64 -256 -143 ) (-32 -256 -143 ) (-32 -256 -128 ) (-64 -256 -128 ) 
4 271 273 (-64 -64 -143 ) (-64 -192 -143 ) (-64 -192 -132 ) (-64 -64 -132 ) 
4 271 272 (-64 0 -143 ) (-64 -64 -143 ) (-64 -64 -128 ) (-64 0 -128 ) 
4 271 274 (-64 -192 -143 ) (-64 -256 -143 ) (-64 -256 -128 ) (-64 -192 -128 ) 
4 272 313 (-96 0 -143 ) (-80 0 -143 ) (-80 -64 -143 ) (-96 -64 -143 ) 
4 272 311 (-80 0 -143 ) (-64 0 -143 ) (-64 -64 -143 ) (-80 -64 -143 ) 
4 272 273 (-96 -64 -132 ) (-96 -64 -143 ) (-64 -64 -143 ) (-64 -64 -132 ) 
4 272 275 (-96 0 -143 ) (-96 -64 -143 ) (-96 -64 -128 ) (-96 0 -128 ) 
4 273 313 (-80 -192 -143 ) (-96 -192 -143 ) (-96 -64 -143 ) (-80 -64 -143 ) 
4 273 311 (-64 -64 -143 ) (-64 -192 -143 ) (-80 -192 -143 ) (-80 -64 -143 ) 
4 273 275 (-96 -64 -143 ) (-96 -192 -143 ) (-96 -192 -132 ) (-96 -64 -132 ) 
4 273 274 (-96 -192 -132 ) (-96 -192 -143 ) (-64 -192 -143 ) (-64 -192 -132 ) 
4 274 313 (-80 -256 -143 ) (-96 -256 -143 ) (-96 -192 -143 ) (-80 -192 -143 ) 
4 274 311 (-64 -192 -143 ) (-64 -256 -143 ) (-80 -256 -143 ) (-80 -192 -143 ) 
4 274 276 (-96 -256 -143 ) (-64 -256 -143 ) (-64 -256 -128 ) (-96 -256 -128 ) 
4 274 275 (-96 -192 -143 ) (-96 -256 -143 ) (-96 -256 -128 ) (-96 -192 -128 ) 
4 275 313 (-128 0 -143 ) (-96 0 -143 ) (-96 -256 -143 ) (-128 -256 -143 ) 
4 275 277 (-128 0 -143 ) (-128 -256 -143 ) (-128 -256 -128 ) (-128 0 -128 ) 
4 275 276 (-128 -256 -128 ) (-128 -256 -143 ) (-96 -256 -143 ) (-96 -256 -128 ) 
4 276 313 (-80 -272 -143 ) (-128 -272 -143 ) (-128 -256 -143 ) (-80 -256 -143 ) 
4 276 311 (0 -256 -143 ) (0 -272 -143 ) (-80 -272 -143 ) (-80 -256 -143 ) 
4 276 279 (-128 -272 -64 ) (-128 -272 -143 ) (0 -272 -143 ) (0 -272 -64 ) 
4 276 278 (-128 -260 -143 ) (-128 -272 -143 ) (-128 -272 -128 ) (-128 -260 -128 ) 
4 276 277 (-128 -256 -143 ) (-128 -260 -143 ) (-128 -260 -64 ) (-128 -256 -64 ) 
4 277 313 (-320 -260 -143 ) (-320 0 -143 ) (-128 0 -143 ) (-128 -260 -143 ) 
4 277 308 (-320 -96 -143 ) (-320 -260 -143 ) (-320 -260 -128 ) (-320 -96 -128 ) 
4 277 295 (-320 -96 -128 ) (-320 -96 0 ) (-320 0 0 ) (-320 0 -128 ) 
4 277 292 (-320 -96 0 ) (-320 -96 64 ) (-320 0 64 ) (-320 0 0 ) 
4 277 290 (-320 -96 64 ) (-320 -96 128 ) (-320 -64 128 ) (-320 -64 64 ) 
4 277 283 (-320 -64 128 ) (-320 0 128 ) (-320 0 64 ) (-320 -64 64 ) 
4 277 278 (-128 -260 -143 ) (-128 -260 -128 ) (-320 -260 -128 ) (-320 -260 -143 ) 
4 278 313 (-320 -272 -143 ) (-320 -260 -143 ) (-128 -260 -143 ) (-128 -272 -143 ) 
4 278 308 (-320 -260 -143 ) (-320 -272 -143 ) (-320 -272 -128 ) (-320 -260 -128 ) 
4 278 279 (-320 -272 -128 ) (-320 -272 -143 ) (-128 -272 -143 ) (-128 -272 -128 ) 
4 279 313 (-320 -512 -143 ) (-320 -272 -143 ) (-80 -272 -143 ) (-80 -512 -143 ) 
4 279 312 (-80 -272 -143 ) (0 -272 -143 ) (0 -512 -143 ) (-80 -512 -143 ) 
4 279 308 (-320 -272 -143 ) (-320 -512 -143 ) (-320 -512 -128 ) (-320 -272 -128 ) 
4 279 306 (-320 -512 -128 ) (-320 -512 128 ) (-320 -272 128 ) (-320 -272 -128 ) 
4 280 286 (-320 -64 256 ) (-320 -64 448 ) (-336 -64 448 ) (-336 -64 256 ) 
4 280 281 (-336 -64 256 ) (-336 -64 448 ) (-336 0 448 ) (-336 0 256 ) 
4 281 287 (-384 -64 256 ) (-384 -64 144 ) (-336 -64 144 ) (-336 -64 256 ) 
4 281 286 (-336 -64 448 ) (-384 -64 448 ) (-384 -64 256 ) (-336 -64 256 ) 
4 282 319 (-1024 0 640 ) (-1024 0 128 ) (-1024 -64 128 ) (-1024 -64 640 ) 
4 282 289 (-1024 -64 144 ) (-1024 -64 128 ) (-992 -64 128 ) (-992 -64 144 ) 
4 282 288 (-1024 -64 640 ) (-1024 -64 144 ) (-992 -64 144 ) (-992 -64 640 ) 
4 282 285 (-992 -64 128 ) (-1024 -64 128 ) (-1024 0 128 ) (-992 0 128 ) 
4 283 292 (-640 0 64 ) (-320 0 64 ) (-320 -64 64 ) (-640 -64 64 ) 
4 283 290 (-640 -64 64 ) (-320 -64 64 ) (-320 -64 128 ) (-640 -64 128 ) 
4 284 293 (-800 0 64 ) (-736 0 64 ) (-736 -64 64 ) (-800 -64 64 ) 
4 285 319 (-1024 0 128 ) (-1024 0 64 ) (-1024 -64 64 ) (-1024 -64 128 ) 
4 285 294 (-1024 -64 64 ) (-1024 0 64 ) (-992 0 64 ) (-992 -64 64 ) 
4 285 291 (-1024 -64 64 ) (-992 -64 64 ) (-992 -64 128 ) (-1024 -64 128 ) 
4 286 303 (-320 -96 256 ) (-320 -96 448 ) (-336 -96 448 ) (-336 -96 256 ) 
4 286 304 (-336 -96 448 ) (-384 -96 448 ) (-384 -96 256 ) (-336 -96 256 ) 
4 286 287 (-336 -96 256 ) (-384 -96 256 ) (-384 -64 256 ) (-336 -64 256 ) 
4 287 304 (-336 -96 256 ) (-384 -96 256 ) (-384 -96 144 ) (-336 -96 144 ) 
4 288 319 (-1024 -64 640 ) (-1024 -64 144 ) (-1024 -96 144 ) (-1024 -96 640 ) 
4 288 310 (-992 -96 640 ) (-1024 -96 640 ) (-1024 -96 144 ) (-992 -96 144 ) 
4 288 289 (-1024 -64 144 ) (-992 -64 144 ) (-992 -96 144 ) (-1024 -96 144 ) 
4 289 319 (-1024 -64 144 ) (-1024 -64 128 ) (-1024 -96 128 ) (-1024 -96 144 ) 
4 289 310 (-1024 -96 144 ) (-1024 -96 128 ) (-992 -96 128 ) (-992 -96 144 ) 
4 289 291 (-992 -96 128 ) (-1024 -96 128 ) (-1024 -64 128 ) (-992 -64 128 ) 
4 290 292 (-320 -96 64 ) (-640 -96 64 ) (-640 -64 64 ) (-320 -64 64 ) 
4 291 319 (-1024 -64 128 ) (-1024 -64 64 ) (-1024 -96 64 ) (-1024 -96 128 ) 
4 291 310 (-992 -96 128 ) (-1024 -96 128 ) (-1024 -96 64 ) (-992 -96 64 ) 
4 291 294 (-992 -96 64 ) (-1024 -96 64 ) (-1024 -64 64 ) (-992 -64 64 ) 
4 292 309 (-543 -96 0 ) (-449 -96 0 ) (-449 -96 63 ) (-543 -96 63 ) 
4 292 295 (-320 -96 0 ) (-640 -96 0 ) (-640 0 0 ) (-320 0 0 ) 
4 293 300 (-736 -96 0 ) (-800 -96 0 ) (-800 -64 0 ) (-736 -64 0 ) 
4 293 299 (-800 -64 0 ) (-800 0 0 ) (-736 0 0 ) (-736 -64 0 ) 
4 294 319 (-1024 0 64 ) (-1024 0 0 ) (-1024 -96 0 ) (-1024 -96 64 ) 
4 294 310 (-992 -96 64 ) (-1024 -96 64 ) (-1024 -96 0 ) (-992 -96 0 ) 
4 294 302 (-992 -96 0 ) (-1024 -96 0 ) (-1024 -64 0 ) (-992 -64 0 ) 
4 294 301 (-1024 -64 0 ) (-1024 0 0 ) (-992 0 0 ) (-992 -64 0 ) 
4 295 309 (-449 -96 0 ) (-543 -96 0 ) (-543 -96 -127 ) (-449 -96 -127 ) 
4 295 298 (-384 -96 -128 ) (-640 -96 -128 ) (-640 0 -128 ) (-384 0 -128 ) 
4 295 296 (-657 0 -128 ) (-657 -96 -128 ) (-657 -96 0 ) (-657 0 0 ) 
4 296 297 (-658 0 -128 ) (-658 -96 -128 ) (-658 -96 0 ) (-658 0 0 ) 
4 297 299 (-672 -64 0 ) (-672 0 0 ) (-672 0 -128 ) (-672 -64 -128 ) 
4 298 316 (-640 0 -143 ) (-384 0 -143 ) (-384 -96 -143 ) (-640 -96 -143 ) 
4 299 301 (-800 -64 0 ) (-800 0 0 ) (-800 0 -128 ) (-800 -64 -128 ) 
4 299 300 (-800 -64 0 ) (-800 -64 -128 ) (-736 -64 -128 ) (-736 -64 0 ) 
4 301 319 (-1024 0 0 ) (-1024 0 -143 ) (-1024 -64 -143 ) (-1024 -64 0 ) 
4 301 318 (-1024 -64 -143 ) (-1024 0 -143 ) (-992 0 -143 ) (-992 -64 -143 ) 
4 301 317 (-992 0 -143 ) (-800 0 -143 ) (-800 -64 -143 ) (-992 -64 -143 ) 
4 301 302 (-1024 -64 -143 ) (-992 -64 -143 ) (-992 -64 0 ) (-1024 -64 0 ) 
4 302 319 (-1024 -64 -143 ) (-1024 -96 -143 ) (-1024 -96 0 ) (-1024 -64 0 ) 
4 302 318 (-1024 -96 -143 ) (-1024 -64 -143 ) (-992 -64 -143 ) (-992 -96 -143 ) 
4 302 310 (-1024 -96 -143 ) (-992 -96 -143 ) (-992 -96 0 ) (-1024 -96 0 ) 
4 303 305 (-320 -256 256 ) (-320 -256 448 ) (-336 -256 448 ) (-336 -256 256 ) 
4 303 304 (-336 -256 256 ) (-336 -256 448 ) (-336 -96 448 ) (-336 -96 256 ) 
4 304 307 (-384 -256 128 ) (-384 -112 128 ) (-336 -112 128 ) (-336 -256 128 ) 
4 304 305 (-384 -256 128 ) (-336 -256 128 ) (-336 -256 448 ) (-384 -256 448 ) 
4 305 307 (-384 -512 128 ) (-384 -256 128 ) (-336 -256 128 ) (-336 -512 128 ) 
4 305 306 (-320 -272 128 ) (-320 -512 128 ) (-336 -512 128 ) (-336 -272 128 ) 
4 306 308 (-320 -272 -128 ) (-320 -512 -128 ) (-336 -512 -128 ) (-336 -272 -128 ) 
4 306 307 (-336 -272 -128 ) (-336 -512 -128 ) (-336 -512 128 ) (-336 -272 128 ) 
4 307 308 (-384 -512 -128 ) (-384 -112 -128 ) (-336 -112 -128 ) (-336 -512 -128 ) 
4 308 315 (-384 -512 -143 ) (-384 -96 -143 ) (-320 -96 -143 ) (-320 -512 -143 ) 
4 310 319 (-1024 -96 640 ) (-1024 -96 -143 ) (-1024 -256 -143 ) (-1024 -256 640 ) 
4 310 318 (-1024 -256 -143 ) (-1024 -96 -143 ) (-992 -96 -143 ) (-992 -256 -143 ) 
4 311 313 (-80 0 -480 ) (-80 -272 -480 ) (-80 -272 -143 ) (-80 0 -143 ) 
4 311 312 (-80 -272 -143 ) (-80 -272 -480 ) (0 -272 -480 ) (0 -272 -143 ) 
4 312 313 (-80 -272 -480 ) (-80 -512 -480 ) (-80 -512 -143 ) (-80 -272 -143 ) 
4 313 314 (-320 0 -480 ) (-320 -96 -480 ) (-320 -96 -144 ) (-320 0 -144 ) 
4 313 315 (-320 -96 -480 ) (-320 -512 -480 ) (-320 -512 -143 ) (-320 -96 -143 ) 
4 314 315 (-384 -96 -144 ) (-384 -96 -480 ) (-320 -96 -480 ) (-320 -96 -144 ) 
4 317 318 (-992 -64 -143 ) (-992 0 -143 ) (-992 0 -256 ) (-992 -64 -256 ) 
4 318 319 (-1024 -256 -143 ) (-1024 0 -143 ) (-1024 0 -1024 ) (-1024 -256 -1024 ) 
