19:09:55.888 INFO  Loading C:\Program Files (x86)\Steam\steamapps\common\Portal 2\portal2\maps\sp_a1_intro5.bsp
19:09:56.024 INFO  Using 'DStaticPropV9' for sprp version 9
19:09:56.028 WARN  Lump LUMP_DISPINFO is empty
19:09:56.028 WARN  Lump LUMP_DISP_VERTS is empty
19:09:56.028 WARN  Lump LUMP_DISP_TRIS is empty
19:09:56.028 WARN  Lump LUMP_DISP_MULTIBLEND is empty
19:09:56.029 INFO  BSP version: 21
19:09:56.030 INFO  Game: Portal 2
19:09:56.034 INFO  Equal amount of areaporal entities and areaportal brushes. Using 'Ordered' method
19:09:56.034 INFO  No occluders to reallocate...
19:09:56.071 INFO  1919 (20.3%) exact brushside->origface matches
19:09:56.071 INFO  1/0 (nondisp/disp) original faces left after exact brushside->origface matching
19:09:56.087 INFO  65 (0.7%) partial brushside->origface matches
19:09:56.087 INFO  Writing brushes and planes
19:09:56.139 INFO  Writing displacements
19:09:56.139 INFO  Writing entities
19:09:56.197 INFO  Writing func_details
19:09:56.271 INFO  Writing func_viscluster
19:09:56.271 INFO  Writing info_overlays
19:09:56.275 INFO  Writing prop_statics
19:09:56.280 INFO  Writing env_cubemaps
19:09:56.281 INFO  Writing func_ladders
19:09:56.281 INFO  Finished decompiling C:\Program Files (x86)\Steam\steamapps\common\Portal 2\portal2\maps\sp_a1_intro5.bsp.
