19:09:52.463 INFO  Loading C:\Program Files (x86)\Steam\steamapps\common\Portal 2\portal2\maps\sp_a3_speed_flings.bsp
19:09:52.814 INFO  Using 'DStaticPropV9' for sprp version 9
19:09:52.851 WARN  Lump LUMP_CLIPPORTALVERTS is empty
19:09:52.857 WARN  Lump LUMP_DISPINFO is empty
19:09:52.860 WARN  Lump LUMP_DISP_VERTS is empty
19:09:52.866 WARN  Lump LUMP_DISP_TRIS is empty
19:09:52.869 WARN  Lump LUMP_DISP_MULTIBLEND is empty
19:09:52.903 INFO  BSP version: 21
19:09:52.903 INFO  Game: Portal 2
19:09:52.924 INFO  No areaportals to reallocate...
19:09:52.925 INFO  No occluders to reallocate...
19:09:53.258 INFO  1087 (22.6%) exact brushside->origface matches
19:09:53.258 INFO  4/0 (nondisp/disp) original faces left after exact brushside->origface matching
19:09:53.279 INFO  59 (1.2%) partial brushside->origface matches
19:09:53.279 INFO  Writing brushes and planes
19:09:53.445 INFO  Writing displacements
19:09:53.446 INFO  Writing entities
19:09:53.550 INFO  Writing func_details
19:09:53.897 INFO  Writing func_viscluster
19:09:53.899 INFO  Writing info_overlays
19:09:53.904 INFO  Writing prop_statics
19:09:53.933 INFO  Writing env_cubemaps
19:09:53.933 INFO  Writing func_ladders
19:09:53.934 INFO  Finished decompiling C:\Program Files (x86)\Steam\steamapps\common\Portal 2\portal2\maps\sp_a3_speed_flings.bsp.
