19:09:56.652 INFO  Loading C:\Program Files (x86)\Steam\steamapps\common\Portal 2\portal2\maps\sp_a1_intro1.bsp
19:09:56.841 INFO  Using 'DStaticPropV9' for sprp version 9
19:09:56.845 WARN  Lump LUMP_DISP_MULTIBLEND is empty
19:09:56.846 INFO  BSP version: 21
19:09:56.846 INFO  Game: Portal 2
19:09:56.847 INFO  Equal amount of areaporal entities and areaportal brushes. Using 'Ordered' method
19:09:56.848 INFO  No occluders to reallocate...
19:09:56.933 INFO  3506 (26.7%) exact brushside->origface matches
19:09:56.942 INFO  0/11 (nondisp/disp) original faces left after exact brushside->origface matching
19:09:56.965 INFO  100 (0.8%) partial brushside->origface matches
19:09:56.965 INFO  Writing brushes and planes
19:09:57.059 INFO  Writing displacements
19:09:57.068 INFO  Writing entities
19:09:57.106 INFO  Writing func_details
19:09:57.288 INFO  Writing func_viscluster
19:09:57.289 INFO  Writing info_overlays
19:09:57.293 INFO  Writing prop_statics
19:09:57.315 INFO  Writing env_cubemaps
19:09:57.315 INFO  Writing func_ladders
19:09:57.315 INFO  Finished decompiling C:\Program Files (x86)\Steam\steamapps\common\Portal 2\portal2\maps\sp_a1_intro1.bsp.



materialPath: C:\Program Files (x86)\Steam\steamapps\common\Portal 2\portal2\materials
Loading a:\#portal2remastered\p2asw\game\portal2asw\mapsrc\sp_a1_intro1_d.vmf
KeyValues Error: RecursiveLoadFromBuffer:  got EOF instead of keyname in file materials/motel/hotel_carpet001pbr.vmt
PBR_BRUSH, 
KeyValues Error: RecursiveLoadFromBuffer:  got EOF instead of keyname in file materials/motel/hotel_carpet001pbr.vmt
PBR_BRUSH, 
unrecognized conditional test SonyPS3?$outputintensity in effects/fizzler
unrecognized conditional test srgb_pc?$outputintensity in effects/fizzler
unrecognized conditional test !srgb_pc?$outputintensity in effects/fizzler
Could not locate GameData file portal2.fgd
Patching WVT material: maps/sp_a1_intro1_d/nature/blendwhitefloor_dirt01_wvt_patch
Patching WVT material: maps/sp_a1_intro1_d/nature/blendwhitefloor_dirt02_wvt_patch
fixing up env_cubemap materials on brush sides...
KeyValues Error: RecursiveLoadFromBuffer:  got EOF instead of keyname in file materials/MOTEL/HOTEL_CARPET001PBR.vmt
PBR_BRUSH, 
KeyValues Error: RecursiveLoadFromBuffer:  got EOF instead of keyname in file materials/MOTEL/HOTEL_CARPET001PBR.vmt
PBR_BRUSH, 
KeyValues Error: RecursiveLoadFromBuffer:  got EOF instead of keyname in file materials/MOTEL/HOTEL_CARPET001PBR.vmt
PBR_BRUSH, 
KeyValues Error: RecursiveLoadFromBuffer:  got EOF instead of keyname in file materials/MOTEL/HOTEL_CARPET001PBR.vmt
PBR_BRUSH, 
KeyValues Error: RecursiveLoadFromBuffer:  got EOF instead of keyname in file materials/MOTEL/HOTEL_CARPET001PBR.vmt
PBR_BRUSH, 
KeyValues Error: RecursiveLoadFromBuffer:  got EOF instead of keyname in file materials/MOTEL/HOTEL_CARPET001PBR.vmt
PBR_BRUSH, 
0...1...2...3...4...5...6...7...8...9...10**** leaked ****
Entity info_particle_system (-624.00 4080.00 2920.00) leaked!

FindPortalSide: Couldn't find a good match for which brush to assign to a portal near (5592.0 11264.0 3344.0)
Leaf 0 contents: CONTENTS_SOLID 
Leaf 1 contents: 
viscontents (node 0 contents ^ node 1 contents): CONTENTS_SOLID 
This means that none of the brushes in leaf 0 or 1 that touches the portal has CONTENTS_SOLID 
Check for a huge brush enclosing the coordinates above that has contents CONTENTS_SOLID 
Candidate brush IDs: 


FindPortalSide: Couldn't find a good match for which brush to assign to a portal near (5592.0 11264.0 -1472.0)
Leaf 0 contents: CONTENTS_SOLID 
Leaf 1 contents: 
viscontents (node 0 contents ^ node 1 contents): CONTENTS_SOLID 
This means that none of the brushes in leaf 0 or 1 that touches the portal has CONTENTS_SOLID 
Check for a huge brush enclosing the coordinates above that has contents CONTENTS_SOLID 
Candidate brush IDs: 


FindPortalSide: Couldn't find a good match for which brush to assign to a portal near (6072.0 11264.0 3344.0)
Leaf 0 contents: CONTENTS_SOLID 
Leaf 1 contents: 
viscontents (node 0 contents ^ node 1 contents): CONTENTS_SOLID 
This means that none of the brushes in leaf 0 or 1 that touches the portal has CONTENTS_SOLID 
Check for a huge brush enclosing the coordinates above that has contents CONTENTS_SOLID 
Candidate brush IDs: 


FindPortalSide: Couldn't find a good match for which brush to assign to a portal near (6072.0 11264.0 -1472.0)
Leaf 0 contents: CONTENTS_SOLID 
Leaf 1 contents: 
viscontents (node 0 contents ^ node 1 contents): CONTENTS_SOLID 
This means that none of the brushes in leaf 0 or 1 that touches the portal has CONTENTS_SOLID 
Check for a huge brush enclosing the coordinates above that has contents CONTENTS_SOLID 
Candidate brush IDs: 


FindPortalSide: Couldn't find a good match for which brush to assign to a portal near (6112.0 11264.0 1664.0)
Leaf 0 contents: CONTENTS_SOLID 
Leaf 1 contents: 
viscontents (node 0 contents ^ node 1 contents): CONTENTS_SOLID 
This means that none of the brushes in leaf 0 or 1 that touches the portal has CONTENTS_SOLID 
Check for a huge brush enclosing the coordinates above that has contents CONTENTS_SOLID 
Candidate brush IDs: 


FindPortalSide: Couldn't find a good match for which brush to assign to a portal near (5632.0 12288.0 1664.0)
Leaf 0 contents: 
Leaf 1 contents: CONTENTS_SOLID 
viscontents (node 0 contents ^ node 1 contents): CONTENTS_SOLID 
This means that none of the brushes in leaf 0 or 1 that touches the portal has CONTENTS_SOLID 
Check for a huge brush enclosing the coordinates above that has contents CONTENTS_SOLID 
Candidate brush IDs: 


FindPortalSide: Couldn't find a good match for which brush to assign to a portal near (6144.0 11776.0 1664.0)
Leaf 0 contents: 
Leaf 1 contents: CONTENTS_SOLID 
viscontents (node 0 contents ^ node 1 contents): CONTENTS_SOLID 
This means that none of the brushes in leaf 0 or 1 that touches the portal has CONTENTS_SOLID 
Check for a huge brush enclosing the coordinates above that has contents CONTENTS_SOLID 
Candidate brush IDs: 


FindPortalSide: Couldn't find a good match for which brush to assign to a portal near (4608.0 11264.0 3344.0)
Leaf 0 contents: CONTENTS_SOLID 
Leaf 1 contents: 
viscontents (node 0 contents ^ node 1 contents): CONTENTS_SOLID 
This means that none of the brushes in leaf 0 or 1 that touches the portal has CONTENTS_SOLID 
Check for a huge brush enclosing the coordinates above that has contents CONTENTS_SOLID 
Candidate brush IDs: 

*** Suppressing further FindPortalSide errors.... ***
Processing areas...
Brush 4487: areaportal brush doesn't touch two areas
done (0)
Building Faces...done (0)
Chop Details...done (0)
Find Visible Detail Sides...
Merged 658 detail faces...done (0)
Merging details...done (0)
FixTjuncs...
PruneNodes...
WriteBSP...
done (0)
Finding displacement neighbors...
Finding lightmap sample positions...
Displacement Alpha : 0...1...2...3...4...5...6...7...8...9...10
Building Physics collision data...
done (0) (615537 bytes)
Encountered obsolete static prop option to do its fade in screen space @ -688.00 3648.00 2864.00
Encountered obsolete static prop option to do its fade in screen space @ -688.00 3680.00 2864.00
Placing detail props : 0...1...2...3...4...5...6...7...8...9...10
Compacting texture/material tables...
Reduced 2931 texinfos to 1723
Reduced 114 texdatas to 102 (3690 bytes to 3218)
Writing a:\#portal2remastered\p2asw\game\portal2asw\mapsrc\sp_a1_intro1_d.bsp
3 seconds elapsed



32 threads
reading a:\#portal2remastered\p2asw\game\portal2asw\mapsrc\sp_a1_intro1_d.bsp
reading a:\#portal2remastered\p2asw\game\portal2asw\mapsrc\sp_a1_intro1_d.prt
LoadPortals: couldn't read a:\#portal2remastered\p2asw\game\portal2asw\mapsrc\sp_a1_intro1_d.prt



materialPath: C:\Program Files (x86)\Steam\steamapps\common\Portal 2\portal2\materials
Loading a:\#portal2remastered\p2asw\game\portal2asw\mapsrc\sp_a1_intro1_d.vmf
KeyValues Error: RecursiveLoadFromBuffer:  got EOF instead of keyname in file materials/motel/hotel_carpet001pbr.vmt
PBR_BRUSH, 
KeyValues Error: RecursiveLoadFromBuffer:  got EOF instead of keyname in file materials/motel/hotel_carpet001pbr.vmt
PBR_BRUSH, 
unrecognized conditional test SonyPS3?$outputintensity in effects/fizzler
unrecognized conditional test srgb_pc?$outputintensity in effects/fizzler
unrecognized conditional test !srgb_pc?$outputintensity in effects/fizzler
Could not locate GameData file portal2.fgd
Patching WVT material: maps/sp_a1_intro1_d/nature/blendwhitefloor_dirt01_wvt_patch
Patching WVT material: maps/sp_a1_intro1_d/nature/blendwhitefloor_dirt02_wvt_patch
fixing up env_cubemap materials on brush sides...
KeyValues Error: RecursiveLoadFromBuffer:  got EOF instead of keyname in file materials/MOTEL/HOTEL_CARPET001PBR.vmt
PBR_BRUSH, 
KeyValues Error: RecursiveLoadFromBuffer:  got EOF instead of keyname in file materials/MOTEL/HOTEL_CARPET001PBR.vmt
PBR_BRUSH, 
KeyValues Error: RecursiveLoadFromBuffer:  got EOF instead of keyname in file materials/MOTEL/HOTEL_CARPET001PBR.vmt
PBR_BRUSH, 
KeyValues Error: RecursiveLoadFromBuffer:  got EOF instead of keyname in file materials/MOTEL/HOTEL_CARPET001PBR.vmt
PBR_BRUSH, 
KeyValues Error: RecursiveLoadFromBuffer:  got EOF instead of keyname in file materials/MOTEL/HOTEL_CARPET001PBR.vmt
PBR_BRUSH, 
KeyValues Error: RecursiveLoadFromBuffer:  got EOF instead of keyname in file materials/MOTEL/HOTEL_CARPET001PBR.vmt
PBR_BRUSH, 
0...1...2...3...4...5...6...7...8...9...10**** leaked ****
Entity info_particle_system (-624.00 4080.00 2920.00) leaked!

FindPortalSide: Couldn't find a good match for which brush to assign to a portal near (5592.0 11264.0 3344.0)
Leaf 0 contents: CONTENTS_SOLID 
Leaf 1 contents: 
viscontents (node 0 contents ^ node 1 contents): CONTENTS_SOLID 
This means that none of the brushes in leaf 0 or 1 that touches the portal has CONTENTS_SOLID 
Check for a huge brush enclosing the coordinates above that has contents CONTENTS_SOLID 
Candidate brush IDs: 


FindPortalSide: Couldn't find a good match for which brush to assign to a portal near (5592.0 11264.0 -1472.0)
Leaf 0 contents: CONTENTS_SOLID 
Leaf 1 contents: 
viscontents (node 0 contents ^ node 1 contents): CONTENTS_SOLID 
This means that none of the brushes in leaf 0 or 1 that touches the portal has CONTENTS_SOLID 
Check for a huge brush enclosing the coordinates above that has contents CONTENTS_SOLID 
Candidate brush IDs: 


FindPortalSide: Couldn't find a good match for which brush to assign to a portal near (6072.0 11264.0 3344.0)
Leaf 0 contents: CONTENTS_SOLID 
Leaf 1 contents: 
viscontents (node 0 contents ^ node 1 contents): CONTENTS_SOLID 
This means that none of the brushes in leaf 0 or 1 that touches the portal has CONTENTS_SOLID 
Check for a huge brush enclosing the coordinates above that has contents CONTENTS_SOLID 
Candidate brush IDs: 


FindPortalSide: Couldn't find a good match for which brush to assign to a portal near (6072.0 11264.0 -1472.0)
Leaf 0 contents: CONTENTS_SOLID 
Leaf 1 contents: 
viscontents (node 0 contents ^ node 1 contents): CONTENTS_SOLID 
This means that none of the brushes in leaf 0 or 1 that touches the portal has CONTENTS_SOLID 
Check for a huge brush enclosing the coordinates above that has contents CONTENTS_SOLID 
Candidate brush IDs: 


FindPortalSide: Couldn't find a good match for which brush to assign to a portal near (6112.0 11264.0 1664.0)
Leaf 0 contents: CONTENTS_SOLID 
Leaf 1 contents: 
viscontents (node 0 contents ^ node 1 contents): CONTENTS_SOLID 
This means that none of the brushes in leaf 0 or 1 that touches the portal has CONTENTS_SOLID 
Check for a huge brush enclosing the coordinates above that has contents CONTENTS_SOLID 
Candidate brush IDs: 


FindPortalSide: Couldn't find a good match for which brush to assign to a portal near (5632.0 12288.0 1664.0)
Leaf 0 contents: 
Leaf 1 contents: CONTENTS_SOLID 
viscontents (node 0 contents ^ node 1 contents): CONTENTS_SOLID 
This means that none of the brushes in leaf 0 or 1 that touches the portal has CONTENTS_SOLID 
Check for a huge brush enclosing the coordinates above that has contents CONTENTS_SOLID 
Candidate brush IDs: 


FindPortalSide: Couldn't find a good match for which brush to assign to a portal near (6144.0 11776.0 1664.0)
Leaf 0 contents: 
Leaf 1 contents: CONTENTS_SOLID 
viscontents (node 0 contents ^ node 1 contents): CONTENTS_SOLID 
This means that none of the brushes in leaf 0 or 1 that touches the portal has CONTENTS_SOLID 
Check for a huge brush enclosing the coordinates above that has contents CONTENTS_SOLID 
Candidate brush IDs: 


FindPortalSide: Couldn't find a good match for which brush to assign to a portal near (4608.0 11264.0 3344.0)
Leaf 0 contents: CONTENTS_SOLID 
Leaf 1 contents: 
viscontents (node 0 contents ^ node 1 contents): CONTENTS_SOLID 
This means that none of the brushes in leaf 0 or 1 that touches the portal has CONTENTS_SOLID 
Check for a huge brush enclosing the coordinates above that has contents CONTENTS_SOLID 
Candidate brush IDs: 

*** Suppressing further FindPortalSide errors.... ***
Processing areas...
Brush 4487: areaportal brush doesn't touch two areas
done (0)
Building Faces...done (0)
Chop Details...done (0)
Find Visible Detail Sides...
Merged 658 detail faces...done (0)
Merging details...done (0)
FixTjuncs...
PruneNodes...
WriteBSP...
done (0)
Finding displacement neighbors...
Finding lightmap sample positions...
Displacement Alpha : 0...1...2...3...4...5...6...7...8...9...10
Building Physics collision data...
done (1) (615537 bytes)
Encountered obsolete static prop option to do its fade in screen space @ -688.00 3648.00 2864.00
Encountered obsolete static prop option to do its fade in screen space @ -688.00 3680.00 2864.00
Placing detail props : 0...1...2...3...4...5...6...7...8...9...10
Compacting texture/material tables...
Reduced 2931 texinfos to 1723
Reduced 114 texdatas to 102 (3690 bytes to 3218)
Writing a:\#portal2remastered\p2asw\game\portal2asw\mapsrc\sp_a1_intro1_d.bsp
2 seconds elapsed



[Reading texlights from 'lights.rad']
[59 texlights parsed from 'lights.rad']

Loading a:\#portal2remastered\p2asw\game\portal2asw\mapsrc\sp_a1_intro1_d.bsp
No vis information, direct lighting only.
6645 faces
4324881 square feet [622782848.00 square inches]
11 Displacements
3259 Square Feet [469375.31 Square Inches]
26 direct lights
0...1...


materialPath: C:\Program Files (x86)\Steam\steamapps\common\Portal 2\portal2\materials
Loading a:\#portal2remastered\p2asw\game\portal2asw\mapsrc\sp_a1_intro1_d.vmf
KeyValues Error: RecursiveLoadFromBuffer:  got EOF instead of keyname in file materials/motel/hotel_carpet001pbr.vmt
PBR_BRUSH, 
KeyValues Error: RecursiveLoadFromBuffer:  got EOF instead of keyname in file materials/motel/hotel_carpet001pbr.vmt
PBR_BRUSH, 
unrecognized conditional test SonyPS3?$outputintensity in effects/fizzler
unrecognized conditional test srgb_pc?$outputintensity in effects/fizzler
unrecognized conditional test !srgb_pc?$outputintensity in effects/fizzler
Could not locate GameData file portal2.fgd
Patching WVT material: maps/sp_a1_intro1_d/nature/blendwhitefloor_dirt01_wvt_patch
Patching WVT material: maps/sp_a1_intro1_d/nature/blendwhitefloor_dirt02_wvt_patch
fixing up env_cubemap materials on brush sides...
KeyValues Error: RecursiveLoadFromBuffer:  got EOF instead of keyname in file materials/MOTEL/HOTEL_CARPET001PBR.vmt
PBR_BRUSH, 
KeyValues Error: RecursiveLoadFromBuffer:  got EOF instead of keyname in file materials/MOTEL/HOTEL_CARPET001PBR.vmt
PBR_BRUSH, 
KeyValues Error: RecursiveLoadFromBuffer:  got EOF instead of keyname in file materials/MOTEL/HOTEL_CARPET001PBR.vmt
PBR_BRUSH, 
KeyValues Error: RecursiveLoadFromBuffer:  got EOF instead of keyname in file materials/MOTEL/HOTEL_CARPET001PBR.vmt
PBR_BRUSH, 
KeyValues Error: RecursiveLoadFromBuffer:  got EOF instead of keyname in file materials/MOTEL/HOTEL_CARPET001PBR.vmt
PBR_BRUSH, 
KeyValues Error: RecursiveLoadFromBuffer:  got EOF instead of keyname in file materials/MOTEL/HOTEL_CARPET001PBR.vmt
PBR_BRUSH, 
0...1...2...3...4...5...6...7...8...9...10**** leaked ****
Entity info_particle_system (-624.00 4080.00 2920.00) leaked!

FindPortalSide: Couldn't find a good match for which brush to assign to a portal near (5592.0 11264.0 3344.0)
Leaf 0 contents: CONTENTS_SOLID 
Leaf 1 contents: 
viscontents (node 0 contents ^ node 1 contents): CONTENTS_SOLID 
This means that none of the brushes in leaf 0 or 1 that touches the portal has CONTENTS_SOLID 
Check for a huge brush enclosing the coordinates above that has contents CONTENTS_SOLID 
Candidate brush IDs: 


FindPortalSide: Couldn't find a good match for which brush to assign to a portal near (5592.0 11264.0 -1472.0)
Leaf 0 contents: CONTENTS_SOLID 
Leaf 1 contents: 
viscontents (node 0 contents ^ node 1 contents): CONTENTS_SOLID 
This means that none of the brushes in leaf 0 or 1 that touches the portal has CONTENTS_SOLID 
Check for a huge brush enclosing the coordinates above that has contents CONTENTS_SOLID 
Candidate brush IDs: 


FindPortalSide: Couldn't find a good match for which brush to assign to a portal near (6072.0 11264.0 3344.0)
Leaf 0 contents: CONTENTS_SOLID 
Leaf 1 contents: 
viscontents (node 0 contents ^ node 1 contents): CONTENTS_SOLID 
This means that none of the brushes in leaf 0 or 1 that touches the portal has CONTENTS_SOLID 
Check for a huge brush enclosing the coordinates above that has contents CONTENTS_SOLID 
Candidate brush IDs: 


FindPortalSide: Couldn't find a good match for which brush to assign to a portal near (6072.0 11264.0 -1472.0)
Leaf 0 contents: CONTENTS_SOLID 
Leaf 1 contents: 
viscontents (node 0 contents ^ node 1 contents): CONTENTS_SOLID 
This means that none of the brushes in leaf 0 or 1 that touches the portal has CONTENTS_SOLID 
Check for a huge brush enclosing the coordinates above that has contents CONTENTS_SOLID 
Candidate brush IDs: 


FindPortalSide: Couldn't find a good match for which brush to assign to a portal near (6112.0 11264.0 1664.0)
Leaf 0 contents: CONTENTS_SOLID 
Leaf 1 contents: 
viscontents (node 0 contents ^ node 1 contents): CONTENTS_SOLID 
This means that none of the brushes in leaf 0 or 1 that touches the portal has CONTENTS_SOLID 
Check for a huge brush enclosing the coordinates above that has contents CONTENTS_SOLID 
Candidate brush IDs: 


FindPortalSide: Couldn't find a good match for which brush to assign to a portal near (5632.0 12288.0 1664.0)
Leaf 0 contents: 
Leaf 1 contents: CONTENTS_SOLID 
viscontents (node 0 contents ^ node 1 contents): CONTENTS_SOLID 
This means that none of the brushes in leaf 0 or 1 that touches the portal has CONTENTS_SOLID 
Check for a huge brush enclosing the coordinates above that has contents CONTENTS_SOLID 
Candidate brush IDs: 


FindPortalSide: Couldn't find a good match for which brush to assign to a portal near (6144.0 11776.0 1664.0)
Leaf 0 contents: 
Leaf 1 contents: CONTENTS_SOLID 
viscontents (node 0 contents ^ node 1 contents): CONTENTS_SOLID 
This means that none of the brushes in leaf 0 or 1 that touches the portal has CONTENTS_SOLID 
Check for a huge brush enclosing the coordinates above that has contents CONTENTS_SOLID 
Candidate brush IDs: 


FindPortalSide: Couldn't find a good match for which brush to assign to a portal near (4608.0 11264.0 3344.0)
Leaf 0 contents: CONTENTS_SOLID 
Leaf 1 contents: 
viscontents (node 0 contents ^ node 1 contents): CONTENTS_SOLID 
This means that none of the brushes in leaf 0 or 1 that touches the portal has CONTENTS_SOLID 
Check for a huge brush enclosing the coordinates above that has contents CONTENTS_SOLID 
Candidate brush IDs: 

*** Suppressing further FindPortalSide errors.... ***
Processing areas...
Brush 4487: areaportal brush doesn't touch two areas
done (0)
Building Faces...done (0)
Chop Details...done (0)
Find Visible Detail Sides...
Merged 658 detail faces...done (0)
Merging details...done (0)
FixTjuncs...
PruneNodes...
WriteBSP...
done (0)
Finding displacement neighbors...
Finding lightmap sample positions...
Displacement Alpha : 0...1...2...3...4...5...6...7...8...9...10
Building Physics collision data...
done (1) (615537 bytes)
Encountered obsolete static prop option to do its fade in screen space @ -688.00 3648.00 2864.00
Encountered obsolete static prop option to do its fade in screen space @ -688.00 3680.00 2864.00
Placing detail props : 0...1...2...3...4...5...6...7...8...9...10
Compacting texture/material tables...
Reduced 2931 texinfos to 1723
Reduced 114 texdatas to 102 (3690 bytes to 3218)
Writing a:\#portal2remastered\p2asw\game\portal2asw\mapsrc\sp_a1_intro1_d.bsp
2 seconds elapsed
