19:09:56.598 INFO  Loading C:\Program Files (x86)\Steam\steamapps\common\Portal 2\portal2\maps\sp_a2_bts5.bsp
19:09:56.640 INFO  Using 'DStaticPropV9' for sprp version 9
19:09:56.642 WARN  Lump LUMP_DISPINFO is empty
19:09:56.642 WARN  Lump LUMP_DISP_VERTS is empty
19:09:56.642 WARN  Lump LUMP_DISP_TRIS is empty
19:09:56.642 WARN  Lump LUMP_DISP_MULTIBLEND is empty
19:09:56.643 INFO  BSP version: 21
19:09:56.644 INFO  Game: Portal 2
19:09:56.644 INFO  Equal amount of areaporal entities and areaportal brushes. Using 'Ordered' method
19:09:56.645 INFO  No occluders to reallocate...
19:09:56.662 INFO  1074 (26.3%) exact brushside->origface matches
19:09:56.662 INFO  0/0 (nondisp/disp) original faces left after exact brushside->origface matching
19:09:56.673 INFO  68 (1.7%) partial brushside->origface matches
19:09:56.673 INFO  Writing brushes and planes
19:09:56.722 INFO  Writing displacements
19:09:56.722 INFO  Writing entities
19:09:56.739 INFO  Writing func_details
19:09:56.744 INFO  Writing func_viscluster
19:09:56.744 INFO  Writing info_overlays
19:09:56.744 INFO  Writing prop_statics
19:09:56.750 INFO  Writing env_cubemaps
19:09:56.750 INFO  Writing func_ladders
19:09:56.751 INFO  Finished decompiling C:\Program Files (x86)\Steam\steamapps\common\Portal 2\portal2\maps\sp_a2_bts5.bsp.
