19:09:52.463 INFO  Loading C:\Program Files (x86)\Steam\steamapps\common\Portal 2\portal2\maps\sp_a1_intro6.bsp
19:09:52.814 INFO  Using 'DStaticPropV9' for sprp version 9
19:09:52.886 WARN  Lump LUMP_DISP_MULTIBLEND is empty
19:09:52.908 INFO  BSP version: 21
19:09:52.908 INFO  Game: Portal 2
19:09:52.925 INFO  Equal amount of areaporal entities and areaportal brushes. Using 'Ordered' method
19:09:52.929 INFO  No occluders to reallocate...
19:09:53.382 INFO  3154 (22.5%) exact brushside->origface matches
19:09:53.382 INFO  0/5 (nondisp/disp) original faces left after exact brushside->origface matching
19:09:53.486 INFO  185 (1.3%) partial brushside->origface matches
19:09:53.486 INFO  Writing brushes and planes
19:09:54.022 INFO  Writing displacements
19:09:54.025 INFO  Writing entities
19:09:54.094 INFO  Writing func_details
19:09:54.254 INFO  Writing func_viscluster
19:09:54.280 INFO  Writing info_overlays
19:09:54.285 INFO  Writing prop_statics
19:09:54.295 INFO  Writing env_cubemaps
19:09:54.302 INFO  Writing func_ladders
19:09:54.302 INFO  Finished decompiling C:\Program Files (x86)\Steam\steamapps\common\Portal 2\portal2\maps\sp_a1_intro6.bsp.
