19:09:54.683 INFO  Loading C:\Program Files (x86)\Steam\steamapps\common\Portal 2\portal2\maps\sp_a1_intro2.bsp
19:09:54.717 INFO  Using 'DStaticPropV9' for sprp version 9
19:09:54.722 WARN  Lump LUMP_DISP_MULTIBLEND is empty
19:09:54.723 INFO  BSP version: 21
19:09:54.723 INFO  Game: Portal 2
19:09:54.724 INFO  Equal amount of areaporal entities and areaportal brushes. Using 'Ordered' method
19:09:54.724 INFO  No occluders to reallocate...
19:09:54.779 INFO  1627 (17.2%) exact brushside->origface matches
19:09:54.779 INFO  0/7 (nondisp/disp) original faces left after exact brushside->origface matching
19:09:54.806 INFO  116 (1.2%) partial brushside->origface matches
19:09:54.806 INFO  Writing brushes and planes
19:09:54.947 INFO  Writing displacements
19:09:54.952 INFO  Writing entities
19:09:54.971 INFO  Writing func_details
19:09:55.104 INFO  Writing func_viscluster
19:09:55.104 INFO  Writing info_overlays
19:09:55.109 INFO  Writing prop_statics
19:09:55.137 INFO  Writing env_cubemaps
19:09:55.137 INFO  Writing func_ladders
19:09:55.138 INFO  Finished decompiling C:\Program Files (x86)\Steam\steamapps\common\Portal 2\portal2\maps\sp_a1_intro2.bsp.



materialPath: C:\Program Files (x86)\Steam\steamapps\common\Portal 2\portal2\materials
Loading a:\#portal2remastered\p2asw\game\portal2asw\mapsrc\sp_a1_intro2_d.vmf
unrecognized conditional test SonyPS3?$outputintensity in effects/fizzler
unrecognized conditional test srgb_pc?$outputintensity in effects/fizzler
unrecognized conditional test !srgb_pc?$outputintensity in effects/fizzler
Could not locate GameData file portal2.fgd
Patching WVT material: maps/sp_a1_intro2_d/nature/blendwhitefloor_dirt01_wvt_patch
Patching WVT material: maps/sp_a1_intro2_d/nature/blendwhitefloor_dirt02_wvt_patch
fixing up env_cubemap materials on brush sides...
0...1...2...3...4...5...6...7...8...9...100...1...2...3...4...5...6...7...8...9...10Processing areas...done (0)
Building Faces...done (0)
Chop Details...done (0)
Find Visible Detail Sides...
Merged 292 detail faces...done (0)
Merging details...done (0)
FixTjuncs...
PruneNodes...
WriteBSP...
done (0)
writing a:\#portal2remastered\p2asw\game\portal2asw\mapsrc\sp_a1_intro2_d.prt...Building visibility clusters...
done (0)
Finding displacement neighbors...
Finding lightmap sample positions...
Displacement Alpha : 0...1...2...3...4...5...6...7...8...9...10
Building Physics collision data...
done (0) (411193 bytes)
Encountered obsolete static prop option to do its fade in screen space @ -320.00 688.00 128.00
Encountered obsolete static prop option to do its fade in screen space @ -320.00 720.00 128.00
Encountered obsolete static prop option to do its fade in screen space @ -544.00 -480.00 240.00
Encountered obsolete static prop option to do its fade in screen space @ -512.00 -480.00 240.00
Placing detail props : 0...1...2...3...4...5...6...7...8...9...10
Compacting texture/material tables...
Reduced 1897 texinfos to 787
Reduced 80 texdatas to 67 (2747 bytes to 2131)
Writing a:\#portal2remastered\p2asw\game\portal2asw\mapsrc\sp_a1_intro2_d.bsp
1 second elapsed



32 threads
reading a:\#portal2remastered\p2asw\game\portal2asw\mapsrc\sp_a1_intro2_d.bsp
reading a:\#portal2remastered\p2asw\game\portal2asw\mapsrc\sp_a1_intro2_d.prt
 215 portalclusters
 538 numportals
0...1...2...3...4...5...6...7...8...9...100...1...2...3...4...5...6...7...8...9...10Optimized: 72 visible clusters (0.00%)
Total clusters visible: 21493
Average clusters visible: 99
Building PAS...
Average clusters audible: 163
visdatasize:11954  compressed from 13760
writing a:\#portal2remastered\p2asw\game\portal2asw\mapsrc\sp_a1_intro2_d.bsp
0 seconds elapsed



materialPath: C:\Program Files (x86)\Steam\steamapps\common\Portal 2\portal2\materials
Loading a:\#portal2remastered\p2asw\game\portal2asw\mapsrc\sp_a1_intro2_d.vmf
unrecognized conditional test SonyPS3?$outputintensity in effects/fizzler
unrecognized conditional test srgb_pc?$outputintensity in effects/fizzler
unrecognized conditional test !srgb_pc?$outputintensity in effects/fizzler
Could not locate GameData file portal2.fgd
Patching WVT material: maps/sp_a1_intro2_d/nature/blendwhitefloor_dirt01_wvt_patch
Patching WVT material: maps/sp_a1_intro2_d/nature/blendwhitefloor_dirt02_wvt_patch
fixing up env_cubemap materials on brush sides...
0...1...2...3...4...5...6...7...8...9...100...1...2...3...4...5...6...7...8...9...10Processing areas...done (0)
Building Faces...done (0)
Chop Details...done (0)
Find Visible Detail Sides...
Merged 292 detail faces...done (0)
Merging details...done (0)
FixTjuncs...
PruneNodes...
WriteBSP...
done (0)
writing a:\#portal2remastered\p2asw\game\portal2asw\mapsrc\sp_a1_intro2_d.prt...Building visibility clusters...
done (0)
Finding displacement neighbors...
Finding lightmap sample positions...
Displacement Alpha : 0...1...2...3...4...5...6...7...8...9...10
Building Physics collision data...
done (0) (411193 bytes)
Encountered obsolete static prop option to do its fade in screen space @ -320.00 688.00 128.00
Encountered obsolete static prop option to do its fade in screen space @ -320.00 720.00 128.00
Encountered obsolete static prop option to do its fade in screen space @ -544.00 -480.00 240.00
Encountered obsolete static prop option to do its fade in screen space @ -512.00 -480.00 240.00
Placing detail props : 0...1...2...3...4...5...6...7...8...9...10
Compacting texture/material tables...
Reduced 1897 texinfos to 787
Reduced 80 texdatas to 67 (2747 bytes to 2131)
Writing a:\#portal2remastered\p2asw\game\portal2asw\mapsrc\sp_a1_intro2_d.bsp
1 second elapsed



32 threads
reading a:\#portal2remastered\p2asw\game\portal2asw\mapsrc\sp_a1_intro2_d.bsp
reading a:\#portal2remastered\p2asw\game\portal2asw\mapsrc\sp_a1_intro2_d.prt
 215 portalclusters
 538 numportals
0...1...2...3...4...5...6...7...8...9...100...1...2...3...4...5...6...7...8...9...10Optimized: 72 visible clusters (0.00%)
Total clusters visible: 21493
Average clusters visible: 99
Building PAS...
Average clusters audible: 163
visdatasize:11954  compressed from 13760
writing a:\#portal2remastered\p2asw\game\portal2asw\mapsrc\sp_a1_intro2_d.bsp
0 seconds elapsed



materialPath: C:\Program Files (x86)\Steam\steamapps\common\Portal 2\portal2\materials
Loading a:\#portal2remastered\p2asw\game\portal2asw\mapsrc\sp_a1_intro2_d.vmf
unrecognized conditional test SonyPS3?$outputintensity in effects/fizzler
unrecognized conditional test srgb_pc?$outputintensity in effects/fizzler
unrecognized conditional test !srgb_pc?$outputintensity in effects/fizzler
Could not locate GameData file portal2.fgd
Patching WVT material: maps/sp_a1_intro2_d/nature/blendwhitefloor_dirt01_wvt_patch
Patching WVT material: maps/sp_a1_intro2_d/nature/blendwhitefloor_dirt02_wvt_patch
fixing up env_cubemap materials on brush sides...
0...1...2...3...4...5...6...7...8...9...100...1...2...3...4...5...6...7...8...9...10Processing areas...done (0)
Building Faces...done (0)
Chop Details...done (0)
Find Visible Detail Sides...
Merged 292 detail faces...done (0)
Merging details...done (0)
FixTjuncs...
PruneNodes...
WriteBSP...
done (0)
writing a:\#portal2remastered\p2asw\game\portal2asw\mapsrc\sp_a1_intro2_d.prt...Building visibility clusters...
done (0)
Finding displacement neighbors...
Finding lightmap sample positions...
Displacement Alpha : 0...1...2...3...4...5...6...7...8...9...10
Building Physics collision data...
done (0) (411193 bytes)
Encountered obsolete static prop option to do its fade in screen space @ -320.00 688.00 128.00
Encountered obsolete static prop option to do its fade in screen space @ -320.00 720.00 128.00
Encountered obsolete static prop option to do its fade in screen space @ -544.00 -480.00 240.00
Encountered obsolete static prop option to do its fade in screen space @ -512.00 -480.00 240.00
Placing detail props : 0...1...2...3...4...5...6...7...8...9...10
Compacting texture/material tables...
Reduced 1897 texinfos to 787
Reduced 80 texdatas to 67 (2747 bytes to 2131)
Writing a:\#portal2remastered\p2asw\game\portal2asw\mapsrc\sp_a1_intro2_d.bsp
1 second elapsed



32 threads
reading a:\#portal2remastered\p2asw\game\portal2asw\mapsrc\sp_a1_intro2_d.bsp
reading a:\#portal2remastered\p2asw\game\portal2asw\mapsrc\sp_a1_intro2_d.prt
 215 portalclusters
 538 numportals
0...1...2...3...4...5...6...7...8...9...100...1...2...3...4...5...6...7...8...9...10Optimized: 72 visible clusters (0.00%)
Total clusters visible: 21493
Average clusters visible: 99
Building PAS...
Average clusters audible: 163
visdatasize:11954  compressed from 13760
writing a:\#portal2remastered\p2asw\game\portal2asw\mapsrc\sp_a1_intro2_d.bsp
0 seconds elapsed



materialPath: C:\Program Files (x86)\Steam\steamapps\common\Portal 2\portal2\materials
Loading a:\#portal2remastered\p2asw\game\portal2asw\mapsrc\sp_a1_intro2_d.vmf
unrecognized conditional test SonyPS3?$outputintensity in effects/fizzler
unrecognized conditional test srgb_pc?$outputintensity in effects/fizzler
unrecognized conditional test !srgb_pc?$outputintensity in effects/fizzler
Could not locate GameData file portal2.fgd
Patching WVT material: maps/sp_a1_intro2_d/nature/blendwhitefloor_dirt01_wvt_patch
Patching WVT material: maps/sp_a1_intro2_d/nature/blendwhitefloor_dirt02_wvt_patch
fixing up env_cubemap materials on brush sides...
0...1...2...3...4...5...6...7...8...9...100...1...2...3...4...5...6...7...8...9...10Processing areas...done (0)
Building Faces...done (0)
Chop Details...done (0)
Find Visible Detail Sides...
Merged 292 detail faces...done (0)
Merging details...done (0)
FixTjuncs...
PruneNodes...
WriteBSP...
done (0)
writing a:\#portal2remastered\p2asw\game\portal2asw\mapsrc\sp_a1_intro2_d.prt...Building visibility clusters...
done (0)
Finding displacement neighbors...
Finding lightmap sample positions...
Displacement Alpha : 0...1...2...3...4...5...6...7...8...9...10
Building Physics collision data...
done (0) (411193 bytes)
Encountered obsolete static prop option to do its fade in screen space @ -320.00 688.00 128.00
Encountered obsolete static prop option to do its fade in screen space @ -320.00 720.00 128.00
Encountered obsolete static prop option to do its fade in screen space @ -544.00 -480.00 240.00
Encountered obsolete static prop option to do its fade in screen space @ -512.00 -480.00 240.00
Placing detail props : 0...1...2...3...4...5...6...7...8...9...10
Compacting texture/material tables...
Reduced 1897 texinfos to 787
Reduced 80 texdatas to 67 (2747 bytes to 2131)
Writing a:\#portal2remastered\p2asw\game\portal2asw\mapsrc\sp_a1_intro2_d.bsp
1 second elapsed



32 threads
reading a:\#portal2remastered\p2asw\game\portal2asw\mapsrc\sp_a1_intro2_d.bsp
reading a:\#portal2remastered\p2asw\game\portal2asw\mapsrc\sp_a1_intro2_d.prt
 215 portalclusters
 538 numportals
0...1...2...3...4...5...6...7...8...9...100...1...2...3...4...5...6...7...8...9...10Optimized: 89 visible clusters (0.00%)
Total clusters visible: 21510
Average clusters visible: 100
Building PAS...
Average clusters audible: 163
visdatasize:11954  compressed from 13760
writing a:\#portal2remastered\p2asw\game\portal2asw\mapsrc\sp_a1_intro2_d.bsp
0 seconds elapsed



materialPath: C:\Program Files (x86)\Steam\steamapps\common\Portal 2\portal2\materials
Loading a:\#portal2remastered\p2asw\game\portal2asw\mapsrc\sp_a1_intro2_d.vmf
unrecognized conditional test SonyPS3?$outputintensity in effects/fizzler
unrecognized conditional test srgb_pc?$outputintensity in effects/fizzler
unrecognized conditional test !srgb_pc?$outputintensity in effects/fizzler
Could not locate GameData file portal2.fgd
Patching WVT material: maps/sp_a1_intro2_d/nature/blendwhitefloor_dirt01_wvt_patch
Patching WVT material: maps/sp_a1_intro2_d/nature/blendwhitefloor_dirt02_wvt_patch
fixing up env_cubemap materials on brush sides...
0...1...2...3...4...5...6...7...8...9...100...1...2...3...4...5...6...7...8...9...10Processing areas...done (0)
Building Faces...done (0)
Chop Details...done (0)
Find Visible Detail Sides...
Merged 292 detail faces...done (0)
Merging details...done (0)
FixTjuncs...
PruneNodes...
WriteBSP...
done (0)
writing a:\#portal2remastered\p2asw\game\portal2asw\mapsrc\sp_a1_intro2_d.prt...Building visibility clusters...
done (0)
Finding displacement neighbors...
Finding lightmap sample positions...
Displacement Alpha : 0...1...2...3...4...5...6...7...8...9...10
Building Physics collision data...
done (0) (411193 bytes)
Encountered obsolete static prop option to do its fade in screen space @ -320.00 688.00 128.00
Encountered obsolete static prop option to do its fade in screen space @ -320.00 720.00 128.00
Encountered obsolete static prop option to do its fade in screen space @ -544.00 -480.00 240.00
Encountered obsolete static prop option to do its fade in screen space @ -512.00 -480.00 240.00
Placing detail props : 0...1...2...3...4...5...6...7...8...9...10
Compacting texture/material tables...
Reduced 1897 texinfos to 787
Reduced 80 texdatas to 67 (2747 bytes to 2131)
Writing a:\#portal2remastered\p2asw\game\portal2asw\mapsrc\sp_a1_intro2_d.bsp
1 second elapsed



32 threads
reading a:\#portal2remastered\p2asw\game\portal2asw\mapsrc\sp_a1_intro2_d.bsp
reading a:\#portal2remastered\p2asw\game\portal2asw\mapsrc\sp_a1_intro2_d.prt
 215 portalclusters
 538 numportals
0...1...2...3...4...5...6...7...8...9...100...1...2...3...4...5...6...7...8...9...10Optimized: 72 visible clusters (0.00%)
Total clusters visible: 21493
Average clusters visible: 99
Building PAS...
Average clusters audible: 163
visdatasize:11954  compressed from 13760
writing a:\#portal2remastered\p2asw\game\portal2asw\mapsrc\sp_a1_intro2_d.bsp
0 seconds elapsed



materialPath: C:\Program Files (x86)\Steam\steamapps\common\Portal 2\portal2\materials
Loading a:\#portal2remastered\p2asw\game\portal2asw\mapsrc\sp_a1_intro2_d.vmf
unrecognized conditional test SonyPS3?$outputintensity in effects/fizzler
unrecognized conditional test srgb_pc?$outputintensity in effects/fizzler
unrecognized conditional test !srgb_pc?$outputintensity in effects/fizzler
Could not locate GameData file portal2.fgd
Patching WVT material: maps/sp_a1_intro2_d/nature/blendwhitefloor_dirt01_wvt_patch
Patching WVT material: maps/sp_a1_intro2_d/nature/blendwhitefloor_dirt02_wvt_patch
fixing up env_cubemap materials on brush sides...
0...1...2...3...4...5...6...7...8...9...100...1...2...3...4...5...6...7...8...9...10Processing areas...done (0)
Building Faces...done (0)
Chop Details...done (0)
Find Visible Detail Sides...
Merged 292 detail faces...done (0)
Merging details...done (0)
FixTjuncs...
PruneNodes...
WriteBSP...
done (0)
writing a:\#portal2remastered\p2asw\game\portal2asw\mapsrc\sp_a1_intro2_d.prt...Building visibility clusters...
done (0)
Finding displacement neighbors...
Finding lightmap sample positions...
Displacement Alpha : 0...1...2...3...4...5...6...7...8...9...10
Building Physics collision data...
done (0) (411193 bytes)
Encountered obsolete static prop option to do its fade in screen space @ -320.00 688.00 128.00
Encountered obsolete static prop option to do its fade in screen space @ -320.00 720.00 128.00
Encountered obsolete static prop option to do its fade in screen space @ -544.00 -480.00 240.00
Encountered obsolete static prop option to do its fade in screen space @ -512.00 -480.00 240.00
Placing detail props : 0...1...2...3...4...5...6...7...8...9...10
Compacting texture/material tables...
Reduced 1897 texinfos to 787
Reduced 80 texdatas to 67 (2747 bytes to 2131)
Writing a:\#portal2remastered\p2asw\game\portal2asw\mapsrc\sp_a1_intro2_d.bsp
1 second elapsed



32 threads
reading a:\#portal2remastered\p2asw\game\portal2asw\mapsrc\sp_a1_intro2_d.bsp
reading a:\#portal2remastered\p2asw\game\portal2asw\mapsrc\sp_a1_intro2_d.prt
 215 portalclusters
 538 numportals
0...1...2...3...4...5...6...7...8...9...100...1...2...3...4...5...6...7...8...9...10Optimized: 72 visible clusters (0.00%)
Total clusters visible: 21493
Average clusters visible: 99
Building PAS...
Average clusters audible: 163
visdatasize:11954  compressed from 13760
writing a:\#portal2remastered\p2asw\game\portal2asw\mapsrc\sp_a1_intro2_d.bsp
0 seconds elapsed



[Reading texlights from 'lights.rad']
[59 texlights parsed from 'lights.rad']

Loading a:\#portal2remastered\p2asw\game\portal2asw\mapsrc\sp_a1_intro2_d.bsp
2129 faces
4 degenerate faces
247732 square feet [35673532.00 square inches]
7 Displacements
3712 Square Feet [534600.38 Square Inches]
2125 patches before subdivision
2125 patches after subdivision
unsupported light entity: "light_deferred"
24 direct lights
0...1...2...3...4...5...6...7...8...9...100...1...2...3...4...5...6...7...8...9...10transfers 114126, max 268
transfer lists:   0.9 megs
0...1...2...3...4...5...6...7...8...9...10	Bounce #1 added RGB(1189, 1190, 1017)
0...1...2...3...4...5...6...7...8...9...10	Bounce #2 added RGB(393, 393, 319)
Build Patch/Sample Hash Table(s).....Done<0.0046 sec>
0...1...2...3...4...5...6...7...8...9...10FinalLightFace Done
4 of 4 (100% of) surface lights went in leaf ambient cubes.
0...1...2...3...4...5...6...7...8...9...10Writing leaf ambient...done
Ready to Finish

Object names       Objects/Maxobjs  Memory / Maxmem  Fullness 
------------       ---------------  ---------------  -------- 
models                  46/1024         2208/49152    ( 4.5%) 
brushes               1124/8192        13488/98304    (13.7%) 
brushsides           10452/65536       83616/524288   (15.9%) 
planes                8608/65536      172160/1310720  (13.1%) 
vertexes              4217/65536       50604/786432   ( 6.4%) 
nodes                  902/65536       28864/2097152  ( 1.4%) 
texinfos               787/12288       56664/884736   ( 6.4%) 
texdata                 67/2048         2144/65536    ( 3.3%) 
dispinfos                7/0            1232/0        ( 0.0%) 
disp_verts            1399/0           27980/0        ( 0.0%) 
disp_tris             2432/0            4864/0        ( 0.0%) 
disp_multiblend          0/0               0/0        ( 0.0%) 
disp_lmsamples       11315/0           11315/0        ( 0.0%) 
faces                 2129/65536      119224/3670016  ( 3.2%) 
hdr faces             2129/65536      119224/3670016  ( 3.2%) 
origfaces             1772/65536       99232/3670016  ( 2.7%) 
leaves                 949/65536       30368/2097152  ( 1.4%) 
leaffaces             2828/65536        5656/131072   ( 4.3%) 
leafbrushes           2070/65536        4140/131072   ( 3.2%) 
areas                    9/256            72/2048     ( 3.5%) 
surfedges            16916/512000      67664/2048000  ( 3.3%) 
edges                10600/256000      42400/1024000  ( 4.1%) 
LDR worldlights          0/8192            0/819200   ( 0.0%) 
HDR worldlights         24/8192         2400/819200   ( 0.3%) 
leafwaterdata            0/32768           0/393216   ( 0.0%) 
waterstrips            294/32768        2940/327680   ( 0.9%) 
waterverts               0/65536           0/786432   ( 0.0%) 
waterindices          5352/65536       10704/131072   ( 8.2%) 
cubemapsamples          10/1024          160/16384    ( 1.0%) 
overlays                35/512         12320/180224   ( 6.8%) 
LDR lightdata         [variable]           0/0        ( 0.0%) 
HDR lightdata         [variable]     1463704/0        ( 0.0%) 
visdata               [variable]       11954/16777216 ( 0.1%) 
entdata               [variable]      118942/393216   (30.2%) 
LDR ambient table      949/65536        3796/262144   ( 1.4%) 
HDR ambient table      949/65536        3796/262144   ( 1.4%) 
LDR leaf ambient       949/65536       26572/1835008  ( 1.4%) 
HDR leaf ambient      3911/65536      109508/1835008  ( 6.0%) 
occluders                0/0               0/0        ( 0.0%) 
occluder polygons        0/0               0/0        ( 0.0%) 
occluder vert ind        0/0               0/0        ( 0.0%) 
Prop Hull Verts          0/0               0/0        ( 0.0%) 
Prop Hull Blob           0/0               0/0        ( 0.0%) 
Prop Hull Lists          0/0               0/0        ( 0.0%) 
Prop Hulls               0/0               0/0        ( 0.0%) 
Prop Hull trilist        0/0               0/0        ( 0.0%) 
detail props          [variable]           1/12       ( 8.3%) 
static props          [variable]           1/43576    ( 0.0%) 
pakfile               [variable]      825493/0        ( 0.0%) 
physics               [variable]      411193/4194304  ( 9.8%) 
physics terrain       [variable]        3123/1048576  ( 0.3%) 

Level flags = 2

Total triangle count: 5605
Writing a:\#portal2remastered\p2asw\game\portal2asw\mapsrc\sp_a1_intro2_d.bsp
12 seconds elapsed



materialPath: C:\Program Files (x86)\Steam\steamapps\common\Portal 2\portal2\materials
Loading a:\#portal2remastered\p2asw\game\portal2asw\mapsrc\sp_a1_intro2_d.vmf
unrecognized conditional test SonyPS3?$outputintensity in effects/fizzler
unrecognized conditional test srgb_pc?$outputintensity in effects/fizzler
unrecognized conditional test !srgb_pc?$outputintensity in effects/fizzler
Could not locate GameData file portal2.fgd
Patching WVT material: maps/sp_a1_intro2_d/nature/blendwhitefloor_dirt01_wvt_patch
Patching WVT material: maps/sp_a1_intro2_d/nature/blendwhitefloor_dirt02_wvt_patch
fixing up env_cubemap materials on brush sides...
0...1...2...3...4...5...6...7...8...9...100...1...2...3...4...5...6...7...8...9...10Processing areas...done (0)
Building Faces...done (0)
Chop Details...done (0)
Find Visible Detail Sides...
Merged 292 detail faces...done (0)
Merging details...done (0)
FixTjuncs...
PruneNodes...
WriteBSP...
done (0)
writing a:\#portal2remastered\p2asw\game\portal2asw\mapsrc\sp_a1_intro2_d.prt...Building visibility clusters...
done (0)
Finding displacement neighbors...
Finding lightmap sample positions...
Displacement Alpha : 0...1...2...3...4...5...6...7...8...9...10
Building Physics collision data...
done (0) (411193 bytes)
Encountered obsolete static prop option to do its fade in screen space @ -320.00 688.00 128.00
Encountered obsolete static prop option to do its fade in screen space @ -320.00 720.00 128.00
Encountered obsolete static prop option to do its fade in screen space @ -544.00 -480.00 240.00
Encountered obsolete static prop option to do its fade in screen space @ -512.00 -480.00 240.00
Placing detail props : 0...1...2...3...4...5...6...7...8...9...10
Compacting texture/material tables...
Reduced 1897 texinfos to 787
Reduced 80 texdatas to 67 (2747 bytes to 2131)
Writing a:\#portal2remastered\p2asw\game\portal2asw\mapsrc\sp_a1_intro2_d.bsp
1 second elapsed



32 threads
reading a:\#portal2remastered\p2asw\game\portal2asw\mapsrc\sp_a1_intro2_d.bsp
reading a:\#portal2remastered\p2asw\game\portal2asw\mapsrc\sp_a1_intro2_d.prt
 215 portalclusters
 538 numportals
0...1...2...3...4...5...6...7...8...9...100...1...2...3...4...5...6...7...8...9...10Optimized: 71 visible clusters (0.00%)
Total clusters visible: 21492
Average clusters visible: 99
Building PAS...
Average clusters audible: 163
visdatasize:11954  compressed from 13760
writing a:\#portal2remastered\p2asw\game\portal2asw\mapsrc\sp_a1_intro2_d.bsp
0 seconds elapsed



[Reading texlights from 'lights.rad']
[59 texlights parsed from 'lights.rad']

Loading a:\#portal2remastered\p2asw\game\portal2asw\mapsrc\sp_a1_intro2_d.bsp
2129 faces
4 degenerate faces
247732 square feet [35673532.00 square inches]
7 Displacements
3712 Square Feet [534600.38 Square Inches]
2125 patches before subdivision
zero area child patch
22175 patches after subdivision
unsupported light entity: "light_deferred"
28 direct lights
0...1...2...3...4...5...6...7...8...9...100...1...2...3...4...5...6...7...8...9...10transfers 1584859, max 458
transfer lists:  12.1 megs
0...1...2...3...4...5...6...7...8...9...10	Bounce #1 added RGB(9456, 9284, 7594)
0...1...2...3...4...5...6...7...8...9...10	Bounce #2 added RGB(3500, 3486, 2754)
0...1...2...3...4...5...6...7...8...9...10	Bounce #3 added RGB(1605, 1615, 1203)
0...1...2...3...4...5...6...7...8...9...10	Bounce #4 added RGB(708, 726, 520)
0...1...2...3...4...5...6...7...8...9...10	Bounce #5 added RGB(327, 342, 235)
0...1...2...3...4...5...6...7...8...9...10	Bounce #6 added RGB(150, 161, 107)
0...1...2...3...4...5...6...7...8...9...10	Bounce #7 added RGB(70, 77, 49)
0...1...2...3...4...5...6...7...8...9...10	Bounce #8 added RGB(33, 37, 23)
0...1...2...3...4...5...6...7...8...9...10	Bounce #9 added RGB(16, 18, 11)
0...1...2...3...4...5...6...7...8...9...10	Bounce #10 added RGB(7, 9, 5)
0...1...2...3...4...5...6...7...8...9...10	Bounce #11 added RGB(4, 4, 2)
0...1...2...3...4...5...6...7...8...9...10	Bounce #12 added RGB(2, 2, 1)
0...1...2...3...4...5...6...7...8...9...10	Bounce #13 added RGB(1, 1, 1)
0...1...2...3...4...5...6...7...8...9...10	Bounce #14 added RGB(0, 1, 0)
Build Patch/Sample Hash Table(s).....Done<0.0033 sec>
0...1...2...3...4...5...6...7...8...9...10FinalLightFace Done
8 of 8 (100% of) surface lights went in leaf ambient cubes.
0...1...2...3...4...5...6...7...8...9...10Writing leaf ambient...done
Computing static prop lighting : 00...1...2...3...4...5...6...7...8...9...10
Ready to Finish

Object names       Objects/Maxobjs  Memory / Maxmem  Fullness 
------------       ---------------  ---------------  -------- 
models                  46/1024         2208/49152    ( 4.5%) 
brushes               1124/8192        13488/98304    (13.7%) 
brushsides           10452/65536       83616/524288   (15.9%) 
planes                8608/65536      172160/1310720  (13.1%) 
vertexes              4217/65536       50604/786432   ( 6.4%) 
nodes                  902/65536       28864/2097152  ( 1.4%) 
texinfos               787/12288       56664/884736   ( 6.4%) 
texdata                 67/2048         2144/65536    ( 3.3%) 
dispinfos                7/0            1232/0        ( 0.0%) 
disp_verts            1399/0           27980/0        ( 0.0%) 
disp_tris             2432/0            4864/0        ( 0.0%) 
disp_multiblend          0/0               0/0        ( 0.0%) 
disp_lmsamples       11315/0           11315/0        ( 0.0%) 
faces                 2129/65536      119224/3670016  ( 3.2%) 
hdr faces             2129/65536      119224/3670016  ( 3.2%) 
origfaces             1772/65536       99232/3670016  ( 2.7%) 
leaves                 949/65536       30368/2097152  ( 1.4%) 
leaffaces             2828/65536        5656/131072   ( 4.3%) 
leafbrushes           2070/65536        4140/131072   ( 3.2%) 
areas                    9/256            72/2048     ( 3.5%) 
surfedges            16916/512000      67664/2048000  ( 3.3%) 
edges                10600/256000      42400/1024000  ( 4.1%) 
LDR worldlights          0/8192            0/819200   ( 0.0%) 
HDR worldlights         28/8192         2800/819200   ( 0.3%) 
leafwaterdata            0/32768           0/393216   ( 0.0%) 
waterstrips            294/32768        2940/327680   ( 0.9%) 
waterverts               0/65536           0/786432   ( 0.0%) 
waterindices          5352/65536       10704/131072   ( 8.2%) 
cubemapsamples          10/1024          160/16384    ( 1.0%) 
overlays                35/512         12320/180224   ( 6.8%) 
LDR lightdata         [variable]           0/0        ( 0.0%) 
HDR lightdata         [variable]     1448712/0        ( 0.0%) 
visdata               [variable]       11954/16777216 ( 0.1%) 
entdata               [variable]      118942/393216   (30.2%) 
LDR ambient table      949/65536        3796/262144   ( 1.4%) 
HDR ambient table      949/65536        3796/262144   ( 1.4%) 
LDR leaf ambient       949/65536       26572/1835008  ( 1.4%) 
HDR leaf ambient      3710/65536      103880/1835008  ( 5.7%) 
occluders                0/0               0/0        ( 0.0%) 
occluder polygons        0/0               0/0        ( 0.0%) 
occluder vert ind        0/0               0/0        ( 0.0%) 
Prop Hull Verts          0/0               0/0        ( 0.0%) 
Prop Hull Blob           0/0               0/0        ( 0.0%) 
Prop Hull Lists          0/0               0/0        ( 0.0%) 
Prop Hulls               0/0               0/0        ( 0.0%) 
Prop Hull trilist        0/0               0/0        ( 0.0%) 
detail props          [variable]           1/12       ( 8.3%) 
static props          [variable]           1/43576    ( 0.0%) 
pakfile               [variable]     4251473/0        ( 0.0%) 
physics               [variable]      411193/4194304  ( 9.8%) 
physics terrain       [variable]        3123/1048576  ( 0.3%) 

Level flags = 2

Total triangle count: 5605
Writing a:\#portal2remastered\p2asw\game\portal2asw\mapsrc\sp_a1_intro2_d.bsp
18 seconds elapsed



materialPath: C:\Program Files (x86)\Steam\steamapps\common\Portal 2\portal2\materials
Loading a:\#portal2remastered\p2asw\game\portal2asw\mapsrc\sp_a1_intro2_d.vmf
unrecognized conditional test SonyPS3?$outputintensity in effects/fizzler
unrecognized conditional test srgb_pc?$outputintensity in effects/fizzler
unrecognized conditional test !srgb_pc?$outputintensity in effects/fizzler
Could not locate GameData file portal2.fgd
Patching WVT material: maps/sp_a1_intro2_d/nature/blendwhitefloor_dirt01_wvt_patch
Patching WVT material: maps/sp_a1_intro2_d/nature/blendwhitefloor_dirt02_wvt_patch
fixing up env_cubemap materials on brush sides...
0...1...2...3...4...5...6...7...8...9...100...1...2...3...4...5...6...7...8...9...10Processing areas...done (0)
Building Faces...done (0)
Chop Details...done (0)
Find Visible Detail Sides...
Merged 292 detail faces...done (0)
Merging details...done (0)
FixTjuncs...
PruneNodes...
WriteBSP...
done (0)
writing a:\#portal2remastered\p2asw\game\portal2asw\mapsrc\sp_a1_intro2_d.prt...Building visibility clusters...
done (0)
Finding displacement neighbors...
Finding lightmap sample positions...
Displacement Alpha : 0...1...2...3...4...5...6...7...8...9...10
Building Physics collision data...
done (0) (411193 bytes)
Encountered obsolete static prop option to do its fade in screen space @ -320.00 688.00 128.00
Encountered obsolete static prop option to do its fade in screen space @ -320.00 720.00 128.00
Encountered obsolete static prop option to do its fade in screen space @ -544.00 -480.00 240.00
Encountered obsolete static prop option to do its fade in screen space @ -512.00 -480.00 240.00
Placing detail props : 0...1...2...3...4...5...6...7...8...9...10
Compacting texture/material tables...
Reduced 1901 texinfos to 796
Reduced 80 texdatas to 67 (2747 bytes to 2131)
Writing a:\#portal2remastered\p2asw\game\portal2asw\mapsrc\sp_a1_intro2_d.bsp
1 second elapsed



32 threads
reading a:\#portal2remastered\p2asw\game\portal2asw\mapsrc\sp_a1_intro2_d.bsp
reading a:\#portal2remastered\p2asw\game\portal2asw\mapsrc\sp_a1_intro2_d.prt
 215 portalclusters
 538 numportals
0...1...2...3...4...5...6...7...8...9...100...1...2...3...4...5...6...7...8...9...10Optimized: 71 visible clusters (0.00%)
Total clusters visible: 21492
Average clusters visible: 99
Building PAS...
Average clusters audible: 163
visdatasize:11954  compressed from 13760
writing a:\#portal2remastered\p2asw\game\portal2asw\mapsrc\sp_a1_intro2_d.bsp
0 seconds elapsed



[Reading texlights from 'lights.rad']
[59 texlights parsed from 'lights.rad']

Loading a:\#portal2remastered\p2asw\game\portal2asw\mapsrc\sp_a1_intro2_d.bsp
2148 faces
4 degenerate faces
251841 square feet [36265188.00 square inches]
7 Displacements
3712 Square Feet [534600.38 Square Inches]
2144 patches before subdivision
zero area child patch
22194 patches after subdivision
unsupported light entity: "light_deferred"
28 direct lights
0...1...2...3...4...5...6...7...8...9...100...1...2...3...4...5...6...7...8...9...10transfers 1587881, max 458
transfer lists:  12.1 megs
0...1...2...3...4...5...6...7...8...9...10	Bounce #1 added RGB(9456, 9284, 7594)
0...1...2...3...4...5...6...7...8...9...10	Bounce #2 added RGB(3500, 3486, 2754)
0...1...2...3...4...5...6...7...8...9...10	Bounce #3 added RGB(1605, 1615, 1203)
0...1...2...3...4...5...6...7...8...9...10	Bounce #4 added RGB(708, 726, 520)
0...1...2...3...4...5...6...7...8...9...10	Bounce #5 added RGB(327, 342, 235)
0...1...2...3...4...5...6...7...8...9...10	Bounce #6 added RGB(150, 161, 107)
0...1...2...3...4...5...6...7...8...9...10	Bounce #7 added RGB(70, 77, 49)
0...1...2...3...4...5...6...7...8...9...10	Bounce #8 added RGB(33, 37, 23)
0...1...2...3...4...5...6...7...8...9...10	Bounce #9 added RGB(16, 18, 11)
0...1...2...3...4...5...6...7...8...9...10	Bounce #10 added RGB(7, 9, 5)
0...1...2...3...4...5...6...7...8...9...10	Bounce #11 added RGB(4, 4, 2)
0...1...2...3...4...5...6...7...8...9...10	Bounce #12 added RGB(2, 2, 1)
0...1...2...3...4...5...6...7...8...9...10	Bounce #13 added RGB(1, 1, 1)
0...1...2...3...4...5...6...7...8...9...10	Bounce #14 added RGB(0, 1, 0)
Build Patch/Sample Hash Table(s).....Done<0.0034 sec>
0...1...2...3...4...5...6...7...8...9...10FinalLightFace Done
8 of 8 (100% of) surface lights went in leaf ambient cubes.
0...1...2...3...4...5...6...7...8...9...10Writing leaf ambient...done
Computing static prop lighting : 00...1...2...3...4...5...6...7...8...9...10
Ready to Finish

Object names       Objects/Maxobjs  Memory / Maxmem  Fullness 
------------       ---------------  ---------------  -------- 
models                  46/1024         2208/49152    ( 4.5%) 
brushes               1124/8192        13488/98304    (13.7%) 
brushsides           10452/65536       83616/524288   (15.9%) 
planes                8608/65536      172160/1310720  (13.1%) 
vertexes              4217/65536       50604/786432   ( 6.4%) 
nodes                  902/65536       28864/2097152  ( 1.4%) 
texinfos               796/12288       57312/884736   ( 6.5%) 
texdata                 67/2048         2144/65536    ( 3.3%) 
dispinfos                7/0            1232/0        ( 0.0%) 
disp_verts            1399/0           27980/0        ( 0.0%) 
disp_tris             2432/0            4864/0        ( 0.0%) 
disp_multiblend          0/0               0/0        ( 0.0%) 
disp_lmsamples       11315/0           11315/0        ( 0.0%) 
faces                 2148/65536      120288/3670016  ( 3.3%) 
hdr faces             2148/65536      120288/3670016  ( 3.3%) 
origfaces             1791/65536      100296/3670016  ( 2.7%) 
leaves                 949/65536       30368/2097152  ( 1.4%) 
leaffaces             2860/65536        5720/131072   ( 4.4%) 
leafbrushes           2070/65536        4140/131072   ( 3.2%) 
areas                    9/256            72/2048     ( 3.5%) 
surfedges            17081/512000      68324/2048000  ( 3.3%) 
edges                10682/256000      42728/1024000  ( 4.2%) 
LDR worldlights          0/8192            0/819200   ( 0.0%) 
HDR worldlights         28/8192         2800/819200   ( 0.3%) 
leafwaterdata            0/32768           0/393216   ( 0.0%) 
waterstrips            294/32768        2940/327680   ( 0.9%) 
waterverts               0/65536           0/786432   ( 0.0%) 
waterindices          5352/65536       10704/131072   ( 8.2%) 
cubemapsamples          10/1024          160/16384    ( 1.0%) 
overlays                35/512         12320/180224   ( 6.8%) 
LDR lightdata         [variable]           0/0        ( 0.0%) 
HDR lightdata         [variable]     1448712/0        ( 0.0%) 
visdata               [variable]       11954/16777216 ( 0.1%) 
entdata               [variable]      118942/393216   (30.2%) 
LDR ambient table      949/65536        3796/262144   ( 1.4%) 
HDR ambient table      949/65536        3796/262144   ( 1.4%) 
LDR leaf ambient       949/65536       26572/1835008  ( 1.4%) 
HDR leaf ambient      3710/65536      103880/1835008  ( 5.7%) 
occluders                0/0               0/0        ( 0.0%) 
occluder polygons        0/0               0/0        ( 0.0%) 
occluder vert ind        0/0               0/0        ( 0.0%) 
Prop Hull Verts          0/0               0/0        ( 0.0%) 
Prop Hull Blob           0/0               0/0        ( 0.0%) 
Prop Hull Lists          0/0               0/0        ( 0.0%) 
Prop Hulls               0/0               0/0        ( 0.0%) 
Prop Hull trilist        0/0               0/0        ( 0.0%) 
detail props          [variable]           1/12       ( 8.3%) 
static props          [variable]           1/43576    ( 0.0%) 
pakfile               [variable]     4251473/0        ( 0.0%) 
physics               [variable]      411193/4194304  ( 9.8%) 
physics terrain       [variable]        3123/1048576  ( 0.3%) 

Level flags = 2

Total triangle count: 5656
Writing a:\#portal2remastered\p2asw\game\portal2asw\mapsrc\sp_a1_intro2_d.bsp
18 seconds elapsed



materialPath: C:\Program Files (x86)\Steam\steamapps\common\Portal 2\portal2\materials
Loading a:\#portal2remastered\p2asw\game\portal2asw\mapsrc\sp_a1_intro2_d.vmf
unrecognized conditional test SonyPS3?$outputintensity in effects/fizzler
unrecognized conditional test srgb_pc?$outputintensity in effects/fizzler
unrecognized conditional test !srgb_pc?$outputintensity in effects/fizzler
Could not locate GameData file portal2.fgd
Patching WVT material: maps/sp_a1_intro2_d/nature/blendwhitefloor_dirt01_wvt_patch
Patching WVT material: maps/sp_a1_intro2_d/nature/blendwhitefloor_dirt02_wvt_patch
fixing up env_cubemap materials on brush sides...
0...1...2...3...4...5...6...7...8...9...100...1...2...3...4...5...6...7...8...9...10Processing areas...done (0)
Building Faces...done (0)
Chop Details...done (0)
Find Visible Detail Sides...
Merged 292 detail faces...done (0)
Merging details...done (0)
FixTjuncs...
PruneNodes...
WriteBSP...
done (0)
writing a:\#portal2remastered\p2asw\game\portal2asw\mapsrc\sp_a1_intro2_d.prt...Building visibility clusters...
done (0)
Finding displacement neighbors...
Finding lightmap sample positions...
Displacement Alpha : 0...1...2...3...4...5...6...7...8...9...10
Building Physics collision data...
done (0) (411193 bytes)
Encountered obsolete static prop option to do its fade in screen space @ -320.00 688.00 128.00
Encountered obsolete static prop option to do its fade in screen space @ -320.00 720.00 128.00
Encountered obsolete static prop option to do its fade in screen space @ -544.00 -480.00 240.00
Encountered obsolete static prop option to do its fade in screen space @ -512.00 -480.00 240.00
Placing detail props : 0...1...2...3...4...5...6...7...8...9...10
Compacting texture/material tables...
Reduced 1901 texinfos to 796
Reduced 81 texdatas to 68 (2776 bytes to 2160)
Writing a:\#portal2remastered\p2asw\game\portal2asw\mapsrc\sp_a1_intro2_d.bsp
1 second elapsed



32 threads
reading a:\#portal2remastered\p2asw\game\portal2asw\mapsrc\sp_a1_intro2_d.bsp
reading a:\#portal2remastered\p2asw\game\portal2asw\mapsrc\sp_a1_intro2_d.prt
 215 portalclusters
 538 numportals
0...1...2...3...4...5...6...7...8...9...100...1...2...3...4...5...6...7...8...9...10Optimized: 78 visible clusters (0.00%)
Total clusters visible: 21499
Average clusters visible: 99
Building PAS...
Average clusters audible: 163
visdatasize:11954  compressed from 13760
writing a:\#portal2remastered\p2asw\game\portal2asw\mapsrc\sp_a1_intro2_d.bsp
0 seconds elapsed



[Reading texlights from 'lights.rad']
[59 texlights parsed from 'lights.rad']

Loading a:\#portal2remastered\p2asw\game\portal2asw\mapsrc\sp_a1_intro2_d.bsp
2148 faces
4 degenerate faces
251841 square feet [36265188.00 square inches]
7 Displacements
3712 Square Feet [534600.38 Square Inches]
2144 patches before subdivision
zero area child patch
22194 patches after subdivision
unsupported light entity: "light_deferred"
unsupported light entity: "light_deferred"
unsupported light entity: "light_deferred"
unsupported light entity: "light_deferred"
unsupported light entity: "light_deferred"
unsupported light entity: "light_deferred"
unsupported light entity: "light_deferred"
unsupported light entity: "light_deferred"
unsupported light entity: "light_deferred"
unsupported light entity: "light_deferred"
28 direct lights
0...1...2...3...4...5...6...7...8...9...100...1...2...3...4...5...6...7...8...9...10transfers 1587881, max 458
transfer lists:  12.1 megs
0...1...2...3...4...5...6...7...8...9...10	Bounce #1 added RGB(9456, 9284, 7594)
0...1...2...3...4...5...6...7...8...9...10	Bounce #2 added RGB(3500, 3486, 2754)
0...1...2...3...4...5...6...7...8...9...10	Bounce #3 added RGB(1605, 1615, 1203)
0...1...2...3...4...5...6...7...8...9...10	Bounce #4 added RGB(708, 726, 520)
0...1...2...3...4...5...6...7...8...9...10	Bounce #5 added RGB(327, 342, 235)
0...1...2...3...4...5...6...7...8...9...10	Bounce #6 added RGB(150, 161, 107)
0...1...2...3...4...5...6...7...8...9...10	Bounce #7 added RGB(70, 77, 49)
0...1...2...3...4...5...6...7...8...9...10	Bounce #8 added RGB(33, 37, 23)
0...1...2...3...4...5...6...7...8...9...10	Bounce #9 added RGB(16, 18, 11)
0...1...2...3...4...5...6...7...8...9...10	Bounce #10 added RGB(7, 9, 5)
0...1...2...3...4...5...6...7...8...9...10	Bounce #11 added RGB(4, 4, 2)
0...1...2...3...4...5...6...7...8...9...10	Bounce #12 added RGB(2, 2, 1)
0...1...2...3...4...5...6...7...8...9...10	Bounce #13 added RGB(1, 1, 1)
0...1...2...3...4...5...6...7...8...9...10	Bounce #14 added RGB(0, 1, 0)
Build Patch/Sample Hash Table(s).....Done<0.0030 sec>
0...1...2...3...4...5...6...7...8...9...10FinalLightFace Done
8 of 8 (100% of) surface lights went in leaf ambient cubes.
0...1...2...3...4...5...6...7...8...9...10Writing leaf ambient...done
Computing static prop lighting : 00...1...2...3...4...5...6...7...8...9...10
Ready to Finish

Object names       Objects/Maxobjs  Memory / Maxmem  Fullness 
------------       ---------------  ---------------  -------- 
models                  46/1024         2208/49152    ( 4.5%) 
brushes               1124/8192        13488/98304    (13.7%) 
brushsides           10452/65536       83616/524288   (15.9%) 
planes                8608/65536      172160/1310720  (13.1%) 
vertexes              4217/65536       50604/786432   ( 6.4%) 
nodes                  902/65536       28864/2097152  ( 1.4%) 
texinfos               796/12288       57312/884736   ( 6.5%) 
texdata                 68/2048         2176/65536    ( 3.3%) 
dispinfos                7/0            1232/0        ( 0.0%) 
disp_verts            1399/0           27980/0        ( 0.0%) 
disp_tris             2432/0            4864/0        ( 0.0%) 
disp_multiblend          0/0               0/0        ( 0.0%) 
disp_lmsamples       11315/0           11315/0        ( 0.0%) 
faces                 2148/65536      120288/3670016  ( 3.3%) 
hdr faces             2148/65536      120288/3670016  ( 3.3%) 
origfaces             1791/65536      100296/3670016  ( 2.7%) 
leaves                 949/65536       30368/2097152  ( 1.4%) 
leaffaces             2860/65536        5720/131072   ( 4.4%) 
leafbrushes           2070/65536        4140/131072   ( 3.2%) 
areas                    9/256            72/2048     ( 3.5%) 
surfedges            17081/512000      68324/2048000  ( 3.3%) 
edges                10682/256000      42728/1024000  ( 4.2%) 
LDR worldlights          0/8192            0/819200   ( 0.0%) 
HDR worldlights         28/8192         2800/819200   ( 0.3%) 
leafwaterdata            0/32768           0/393216   ( 0.0%) 
waterstrips            294/32768        2940/327680   ( 0.9%) 
waterverts               0/65536           0/786432   ( 0.0%) 
waterindices          5352/65536       10704/131072   ( 8.2%) 
cubemapsamples          10/1024          160/16384    ( 1.0%) 
overlays                35/512         12320/180224   ( 6.8%) 
LDR lightdata         [variable]           0/0        ( 0.0%) 
HDR lightdata         [variable]     1485528/0        ( 0.0%) 
visdata               [variable]       11954/16777216 ( 0.1%) 
entdata               [variable]      124546/393216   (31.7%) 
LDR ambient table      949/65536        3796/262144   ( 1.4%) 
HDR ambient table      949/65536        3796/262144   ( 1.4%) 
LDR leaf ambient       949/65536       26572/1835008  ( 1.4%) 
HDR leaf ambient      3710/65536      103880/1835008  ( 5.7%) 
occluders                0/0               0/0        ( 0.0%) 
occluder polygons        0/0               0/0        ( 0.0%) 
occluder vert ind        0/0               0/0        ( 0.0%) 
Prop Hull Verts          0/0               0/0        ( 0.0%) 
Prop Hull Blob           0/0               0/0        ( 0.0%) 
Prop Hull Lists          0/0               0/0        ( 0.0%) 
Prop Hulls               0/0               0/0        ( 0.0%) 
Prop Hull trilist        0/0               0/0        ( 0.0%) 
detail props          [variable]           1/12       ( 8.3%) 
static props          [variable]           1/43576    ( 0.0%) 
pakfile               [variable]     4251473/0        ( 0.0%) 
physics               [variable]      411193/4194304  ( 9.8%) 
physics terrain       [variable]        3123/1048576  ( 0.3%) 

Level flags = 2

Total triangle count: 5656
Writing a:\#portal2remastered\p2asw\game\portal2asw\mapsrc\sp_a1_intro2_d.bsp
18 seconds elapsed
