19:09:54.424 INFO  Loading C:\Program Files (x86)\Steam\steamapps\common\Portal 2\portal2\maps\sp_a2_laser_relays.bsp
19:09:54.484 INFO  Using 'DStaticPropV9' for sprp version 9
19:09:54.488 WARN  Lump LUMP_DISPINFO is empty
19:09:54.488 WARN  Lump LUMP_DISP_VERTS is empty
19:09:54.488 WARN  Lump LUMP_DISP_TRIS is empty
19:09:54.488 WARN  Lump LUMP_DISP_MULTIBLEND is empty
19:09:54.490 INFO  BSP version: 21
19:09:54.491 INFO  Game: Portal 2
19:09:54.500 INFO  Equal amount of areaporal entities and areaportal brushes. Using 'Ordered' method
19:09:54.501 INFO  No occluders to reallocate...
19:09:54.600 INFO  2157 (24.4%) exact brushside->origface matches
19:09:54.600 INFO  0/0 (nondisp/disp) original faces left after exact brushside->origface matching
19:09:54.626 INFO  268 (3.0%) partial brushside->origface matches
19:09:54.627 INFO  Writing brushes and planes
19:09:54.695 INFO  Writing displacements
19:09:54.695 INFO  Writing entities
19:09:54.740 INFO  Writing func_details
19:09:54.825 INFO  Writing func_viscluster
19:09:54.825 INFO  Writing info_overlays
19:09:54.826 INFO  Writing prop_statics
19:09:54.870 INFO  Writing env_cubemaps
19:09:54.870 INFO  Writing func_ladders
19:09:54.871 INFO  Finished decompiling C:\Program Files (x86)\Steam\steamapps\common\Portal 2\portal2\maps\sp_a2_laser_relays.bsp.
