19:09:56.730 INFO  Loading C:\Program Files (x86)\Steam\steamapps\common\Portal 2\portal2\maps\sp_a2_sphere_peek.bsp
19:09:56.788 INFO  Using 'DStaticPropV9' for sprp version 9
19:09:56.791 WARN  Lump LUMP_DISP_MULTIBLEND is empty
19:09:56.792 INFO  BSP version: 21
19:09:56.792 INFO  Game: Portal 2
19:09:56.793 INFO  Equal amount of areaporal entities and areaportal brushes. Using 'Ordered' method
19:09:56.793 INFO  No occluders to reallocate...
19:09:56.836 INFO  2468 (18.6%) exact brushside->origface matches
19:09:56.836 INFO  0/2 (nondisp/disp) original faces left after exact brushside->origface matching
19:09:56.900 INFO  144 (1.1%) partial brushside->origface matches
19:09:56.900 INFO  Writing brushes and planes
19:09:57.001 INFO  Writing displacements
19:09:57.001 INFO  Writing entities
19:09:57.047 INFO  Writing func_details
19:09:57.130 INFO  Writing func_viscluster
19:09:57.130 INFO  Writing info_overlays
19:09:57.131 INFO  Writing prop_statics
19:09:57.142 INFO  Writing env_cubemaps
19:09:57.142 INFO  Writing func_ladders
19:09:57.143 INFO  Finished decompiling C:\Program Files (x86)\Steam\steamapps\common\Portal 2\portal2\maps\sp_a2_sphere_peek.bsp.
