19:09:56.424 INFO  Loading C:\Program Files (x86)\Steam\steamapps\common\Portal 2\portal2\maps\sp_a2_laser_over_goo.bsp
19:09:56.558 INFO  Using 'DStaticPropV9' for sprp version 9
19:09:56.561 WARN  Lump LUMP_DISP_MULTIBLEND is empty
19:09:56.563 INFO  BSP version: 21
19:09:56.563 INFO  Game: Portal 2
19:09:56.563 INFO  Equal amount of areaporal entities and areaportal brushes. Using 'Ordered' method
19:09:56.563 INFO  No occluders to reallocate...
19:09:56.595 INFO  2084 (21.5%) exact brushside->origface matches
19:09:56.595 INFO  4/1 (nondisp/disp) original faces left after exact brushside->origface matching
19:09:56.613 INFO  88 (0.9%) partial brushside->origface matches
19:09:56.613 INFO  Writing brushes and planes
19:09:56.667 INFO  Writing displacements
19:09:56.667 INFO  Writing entities
19:09:56.704 INFO  Writing func_details
19:09:56.769 INFO  Writing func_viscluster
19:09:56.769 INFO  Writing info_overlays
19:09:56.770 INFO  Writing prop_statics
19:09:56.775 INFO  Writing env_cubemaps
19:09:56.776 INFO  Writing func_ladders
19:09:56.776 INFO  Finished decompiling C:\Program Files (x86)\Steam\steamapps\common\Portal 2\portal2\maps\sp_a2_laser_over_goo.bsp.



materialPath: C:\Program Files (x86)\Steam\steamapps\common\Portal 2\portal2\materials
Loading a:\#portal2remastered\p2asw\game\portal2asw\mapsrc\sp_a2_laser_over_goo_d.vmf
unrecognized conditional test SonyPS3?$outputintensity in effects/fizzler
unrecognized conditional test srgb_pc?$outputintensity in effects/fizzler
unrecognized conditional test !srgb_pc?$outputintensity in effects/fizzler
Could not locate GameData file portal2.fgd
Patching WVT material: maps/sp_a2_laser_over_goo_d/metal/blendblackfloormetal_dirt02_wvt_patch
fixing up env_cubemap materials on brush sides...
0...1...2...3...4...5...6...7...8...9...100...1...2...3...4...5...6...7...8...9...10Processing areas...done (0)
Building Faces...done (0)
Chop Details...done (0)
Find Visible Detail Sides...
Merged 244 detail faces...done (0)
Merging details...done (0)
FixTjuncs...
PruneNodes...
WriteBSP...
done (0)
writing a:\#portal2remastered\p2asw\game\portal2asw\mapsrc\sp_a2_laser_over_goo_d.prt...Building visibility clusters...
done (0)
Finding displacement neighbors...
Finding lightmap sample positions...
Displacement Alpha : 0...1...2...3...4...5...6...7...8...9...10
Building Physics collision data...
done (0) (459985 bytes)
Encountered obsolete static prop option to do its fade in screen space @ 3008.00 -880.00 32.00
Encountered obsolete static prop option to do its fade in screen space @ 4000.00 -2448.00 320.00
Encountered obsolete static prop option to do its fade in screen space @ 4000.00 -2480.00 320.00
Encountered obsolete static prop option to do its fade in screen space @ 2576.00 -1056.00 224.00
Encountered obsolete static prop option to do its fade in screen space @ 2544.00 -1056.00 224.00
Placing detail props : 0...1...2...3...4...5...6...7...8...9...10
Compacting texture/material tables...
Reduced 2198 texinfos to 956
Reduced 73 texdatas to 66 (2235 bytes to 1911)
Writing a:\#portal2remastered\p2asw\game\portal2asw\mapsrc\sp_a2_laser_over_goo_d.bsp
1 second elapsed



32 threads
reading a:\#portal2remastered\p2asw\game\portal2asw\mapsrc\sp_a2_laser_over_goo_d.bsp
reading a:\#portal2remastered\p2asw\game\portal2asw\mapsrc\sp_a2_laser_over_goo_d.prt
 228 portalclusters
 491 numportals
0...1...2...3...4...5...6...7...8...9...100...1...2...3...4...5...6...7...8...9...10Optimized: 80 visible clusters (0.00%)
Total clusters visible: 18518
Average clusters visible: 81
Building PAS...
Average clusters audible: 163
visdatasize:13481  compressed from 14592
writing a:\#portal2remastered\p2asw\game\portal2asw\mapsrc\sp_a2_laser_over_goo_d.bsp
0 seconds elapsed



materialPath: C:\Program Files (x86)\Steam\steamapps\common\Portal 2\portal2\materials
Loading a:\#portal2remastered\p2asw\game\portal2asw\mapsrc\sp_a2_laser_over_goo_d.vmf
unrecognized conditional test SonyPS3?$outputintensity in effects/fizzler
unrecognized conditional test srgb_pc?$outputintensity in effects/fizzler
unrecognized conditional test !srgb_pc?$outputintensity in effects/fizzler
Could not locate GameData file portal2.fgd
Patching WVT material: maps/sp_a2_laser_over_goo_d/metal/blendblackfloormetal_dirt02_wvt_patch
fixing up env_cubemap materials on brush sides...
0...1...2...3...4...5...6...7...8...9...100...1...2...3...4...5...6...7...8...9...10Processing areas...done (0)
Building Faces...done (0)
Chop Details...done (0)
Find Visible Detail Sides...
Merged 244 detail faces...done (0)
Merging details...done (0)
FixTjuncs...
PruneNodes...
WriteBSP...
done (0)
writing a:\#portal2remastered\p2asw\game\portal2asw\mapsrc\sp_a2_laser_over_goo_d.prt...Building visibility clusters...
done (0)
Finding displacement neighbors...
Finding lightmap sample positions...
Displacement Alpha : 0...1...2...3...4...5...6...7...8...9...10
Building Physics collision data...
done (0) (459985 bytes)
Encountered obsolete static prop option to do its fade in screen space @ 3008.00 -880.00 32.00
Encountered obsolete static prop option to do its fade in screen space @ 4000.00 -2448.00 320.00
Encountered obsolete static prop option to do its fade in screen space @ 4000.00 -2480.00 320.00
Encountered obsolete static prop option to do its fade in screen space @ 2576.00 -1056.00 224.00
Encountered obsolete static prop option to do its fade in screen space @ 2544.00 -1056.00 224.00
Placing detail props : 0...1...2...3...4...5...6...7...8...9...10
Compacting texture/material tables...
Reduced 2198 texinfos to 956
Reduced 73 texdatas to 66 (2235 bytes to 1911)
Writing a:\#portal2remastered\p2asw\game\portal2asw\mapsrc\sp_a2_laser_over_goo_d.bsp
1 second elapsed



32 threads
reading a:\#portal2remastered\p2asw\game\portal2asw\mapsrc\sp_a2_laser_over_goo_d.bsp
reading a:\#portal2remastered\p2asw\game\portal2asw\mapsrc\sp_a2_laser_over_goo_d.prt
 228 portalclusters
 491 numportals
0...1...2...3...4...5...6...7...8...9...100...1...2...3...4...5...6...7...8...9...10Optimized: 83 visible clusters (0.00%)
Total clusters visible: 18521
Average clusters visible: 81
Building PAS...
Average clusters audible: 163
visdatasize:13481  compressed from 14592
writing a:\#portal2remastered\p2asw\game\portal2asw\mapsrc\sp_a2_laser_over_goo_d.bsp
0 seconds elapsed



[Reading texlights from 'lights.rad']
[59 texlights parsed from 'lights.rad']

Loading a:\#portal2remastered\p2asw\game\portal2asw\mapsrc\sp_a2_laser_over_goo_d.bsp
2583 faces
1 degenerate faces
300676 square feet [43297460.00 square inches]
1 Displacements
512 Square Feet [73728.22 Square Inches]
unsupported light entity: "light_deferred"
unsupported light entity: "light_deferred"
unsupported light entity: "light_deferred"
unsupported light entity: "light_deferred"
unsupported light entity: "light_deferred"
unsupported light entity: "light_deferred"
unsupported light entity: "light_deferred"
50 direct lights
0...1...2...3...4...5...6...7...8...9...10Build Patch/Sample Hash Table(s).....Done<0.0238 sec>
0...1...2...3...4...5...6...7...8...9...10FinalLightFace Done
4 of 4 (100% of) surface lights went in leaf ambient cubes.
0...1...2...3...4...5...6...7...8...9...10Writing leaf ambient...done
Ready to Finish

Object names       Objects/Maxobjs  Memory / Maxmem  Fullness 
------------       ---------------  ---------------  -------- 
models                 123/1024         5904/49152    (12.0%) 
brushes               1212/8192        14544/98304    (14.8%) 
brushsides           11020/65536       88160/524288   (16.8%) 
planes                7888/65536      157760/1310720  (12.0%) 
vertexes              4778/65536       57336/786432   ( 7.3%) 
nodes                 1532/65536       49024/2097152  ( 2.3%) 
texinfos               956/12288       68832/884736   ( 7.8%) 
texdata                 66/2048         2112/65536    ( 3.2%) 
dispinfos                1/0             176/0        ( 0.0%) 
disp_verts              81/0            1620/0        ( 0.0%) 
disp_tris              128/0             256/0        ( 0.0%) 
disp_multiblend          0/0               0/0        ( 0.0%) 
disp_lmsamples        5000/0            5000/0        ( 0.0%) 
faces                 2583/65536      144648/3670016  ( 3.9%) 
hdr faces             2583/65536      144648/3670016  ( 3.9%) 
origfaces             2179/65536      122024/3670016  ( 3.3%) 
leaves                1656/65536       52992/2097152  ( 2.5%) 
leaffaces             3008/65536        6016/131072   ( 4.6%) 
leafbrushes           2235/65536        4470/131072   ( 3.4%) 
areas                    9/256            72/2048     ( 3.5%) 
surfedges            20390/512000      81560/2048000  ( 4.0%) 
edges                12256/256000      49024/1024000  ( 4.8%) 
LDR worldlights          0/8192            0/819200   ( 0.0%) 
HDR worldlights         50/8192         5000/819200   ( 0.6%) 
leafwaterdata            1/32768          12/393216   ( 0.0%) 
waterstrips            289/32768        2890/327680   ( 0.9%) 
waterverts               0/65536           0/786432   ( 0.0%) 
waterindices          4869/65536        9738/131072   ( 7.4%) 
cubemapsamples          12/1024          192/16384    ( 1.2%) 
overlays                22/512          7744/180224   ( 4.3%) 
LDR lightdata         [variable]           0/0        ( 0.0%) 
HDR lightdata         [variable]     2139156/0        ( 0.0%) 
visdata               [variable]       13481/16777216 ( 0.1%) 
entdata               [variable]      283038/0        ( 0.0%) 
LDR ambient table     1656/65536        6624/262144   ( 2.5%) 
HDR ambient table     1656/65536        6624/262144   ( 2.5%) 
LDR leaf ambient      1656/65536       46368/1835008  ( 2.5%) 
HDR leaf ambient      3688/65536      103264/1835008  ( 5.6%) 
occluders                0/0               0/0        ( 0.0%) 
occluder polygons        0/0               0/0        ( 0.0%) 
occluder vert ind        0/0               0/0        ( 0.0%) 
Prop Hull Verts          0/0               0/0        ( 0.0%) 
Prop Hull Blob        [variable]           0/0        ( 0.0%) 
Prop Hull Lists          0/0               0/0        ( 0.0%) 
Prop Hulls               0/0               0/0        ( 0.0%) 
Prop Hull trilist        0/0               0/0        ( 0.0%) 
detail props          [variable]           1/12       ( 8.3%) 
static props          [variable]           1/31614    ( 0.0%) 
pakfile               [variable]      969940/0        ( 0.0%) 
physics               [variable]      459985/4194304  (11.0%) 
physics terrain       [variable]         111/1048576  ( 0.0%) 

Level flags = 10000

Total triangle count: 6543
Writing a:\#portal2remastered\p2asw\game\portal2asw\mapsrc\sp_a2_laser_over_goo_d.bsp
4 seconds elapsed
