19:09:56.272 INFO  Loading C:\Program Files (x86)\Steam\steamapps\common\Portal 2\portal2\maps\sp_a4_finale1.bsp
19:09:56.344 INFO  Using 'DStaticPropV9' for sprp version 9
19:09:56.350 WARN  Lump LUMP_DISPINFO is empty
19:09:56.350 WARN  Lump LUMP_DISP_VERTS is empty
19:09:56.350 WARN  Lump LUMP_DISP_TRIS is empty
19:09:56.350 WARN  Lump LUMP_DISP_MULTIBLEND is empty
19:09:56.355 INFO  BSP version: 21
19:09:56.355 INFO  Game: Portal 2
19:09:56.358 INFO  Equal amount of areaporal entities and areaportal brushes. Using 'Ordered' method
19:09:56.358 INFO  No occluders to reallocate...
19:09:56.411 INFO  2468 (23.2%) exact brushside->origface matches
19:09:56.411 INFO  2/0 (nondisp/disp) original faces left after exact brushside->origface matching
19:09:56.432 INFO  153 (1.4%) partial brushside->origface matches
19:09:56.432 INFO  Writing brushes and planes
19:09:56.555 INFO  Writing displacements
19:09:56.555 INFO  Writing entities
19:09:56.589 INFO  Writing func_details
19:09:56.644 INFO  Writing func_viscluster
19:09:56.645 INFO  Writing info_overlays
19:09:56.645 INFO  Writing prop_statics
19:09:56.662 INFO  Writing env_cubemaps
19:09:56.662 INFO  Writing func_ladders
19:09:56.663 INFO  Finished decompiling C:\Program Files (x86)\Steam\steamapps\common\Portal 2\portal2\maps\sp_a4_finale1.bsp.
