19:09:54.210 INFO  Loading C:\Program Files (x86)\Steam\steamapps\common\Portal 2\portal2\maps\sp_a1_intro4.bsp
19:09:54.287 INFO  Using 'DStaticPropV9' for sprp version 9
19:09:54.295 WARN  Lump LUMP_DISP_MULTIBLEND is empty
19:09:54.297 INFO  BSP version: 21
19:09:54.297 INFO  Game: Portal 2
19:09:54.299 INFO  Equal amount of areaporal entities and areaportal brushes. Using 'Ordered' method
19:09:54.299 INFO  No occluders to reallocate...
19:09:54.355 INFO  2581 (15.9%) exact brushside->origface matches
19:09:54.355 INFO  2/2 (nondisp/disp) original faces left after exact brushside->origface matching
19:09:54.427 INFO  122 (0.8%) partial brushside->origface matches
19:09:54.428 INFO  Writing brushes and planes
19:09:54.663 INFO  Writing displacements
19:09:54.664 INFO  Writing entities
19:09:54.716 INFO  Writing func_details
19:09:54.998 INFO  Writing func_viscluster
19:09:54.998 INFO  Writing info_overlays
19:09:55.002 INFO  Writing prop_statics
19:09:55.013 INFO  Writing env_cubemaps
19:09:55.014 INFO  Writing func_ladders
19:09:55.014 INFO  Finished decompiling C:\Program Files (x86)\Steam\steamapps\common\Portal 2\portal2\maps\sp_a1_intro4.bsp.



materialPath: C:\Program Files (x86)\Steam\steamapps\common\Portal 2\portal2\materials
Loading c:\program files (x86)\steam\steamapps\common\portal 2\portal2\maps\sp_a1_intro4_d.vmf
unrecognized conditional test SonyPS3?$outputintensity in effects/fizzler
unrecognized conditional test srgb_pc?$outputintensity in effects/fizzler
unrecognized conditional test !srgb_pc?$outputintensity in effects/fizzler
Could not locate GameData file portal2.fgd
Patching WVT material: maps/sp_a1_intro4_d/metal/blendblackfloormetal_dirt02_wvt_patch
fixing up env_cubemap materials on brush sides...
0...1...2...3...4...5...6...7...8...9...100...1...2...3...4...5...6...7...8...9...10Processing areas...done (0)
Building Faces...done (0)
Chop Details...done (0)
Find Visible Detail Sides...
Merged 496 detail faces...done (0)
Merging details...done (0)
FixTjuncs...
PruneNodes...
WriteBSP...
done (0)
writing c:\program files (x86)\steam\steamapps\common\portal 2\portal2\maps\sp_a1_intro4_d.prt...Building visibility clusters...
done (0)
Finding displacement neighbors...
Finding lightmap sample positions...
Displacement Alpha : 0...1...2...3...4...5...6...7...8...9...10
Overlay touching too many faces (touching 77, max 64)
Overlay overlays/dirtartifacts01a at 512.0 136.0 -1.2