19:09:55.003 INFO  Loading C:\Program Files (x86)\Steam\steamapps\common\Portal 2\portal2\maps\sp_a2_pull_the_rug.bsp
19:09:55.046 INFO  Using 'DStaticPropV9' for sprp version 9
19:09:55.052 WARN  Lump LUMP_DISPINFO is empty
19:09:55.052 WARN  Lump LUMP_DISP_VERTS is empty
19:09:55.052 WARN  Lump LUMP_DISP_TRIS is empty
19:09:55.052 WARN  Lump LUMP_DISP_MULTIBLEND is empty
19:09:55.053 INFO  BSP version: 21
19:09:55.054 INFO  Game: Portal 2
19:09:55.054 INFO  Equal amount of areaporal entities and areaportal brushes. Using 'Ordered' method
19:09:55.054 INFO  No occluders to reallocate...
19:09:55.115 INFO  2628 (20.0%) exact brushside->origface matches
19:09:55.115 INFO  1/0 (nondisp/disp) original faces left after exact brushside->origface matching
19:09:55.139 INFO  69 (0.5%) partial brushside->origface matches
19:09:55.139 INFO  Writing brushes and planes
19:09:55.280 INFO  Writing displacements
19:09:55.280 INFO  Writing entities
19:09:55.325 INFO  Writing func_details
19:09:55.426 INFO  Writing func_viscluster
19:09:55.426 INFO  Writing info_overlays
19:09:55.428 INFO  Writing prop_statics
19:09:55.433 INFO  Writing env_cubemaps
19:09:55.434 INFO  Writing func_ladders
19:09:55.434 INFO  Finished decompiling C:\Program Files (x86)\Steam\steamapps\common\Portal 2\portal2\maps\sp_a2_pull_the_rug.bsp.
