19:09:55.641 INFO  Loading C:\Program Files (x86)\Steam\steamapps\common\Portal 2\portal2\maps\sp_a2_pit_flings.bsp
19:09:55.736 INFO  Using 'DStaticPropV9' for sprp version 9
19:09:55.742 WARN  Lump LUMP_DISP_MULTIBLEND is empty
19:09:55.745 INFO  BSP version: 21
19:09:55.745 INFO  Game: Portal 2
19:09:55.745 INFO  Equal amount of areaporal entities and areaportal brushes. Using 'Ordered' method
19:09:55.747 INFO  No occluders to reallocate...
19:09:55.835 INFO  2724 (21.6%) exact brushside->origface matches
19:09:55.835 INFO  0/2 (nondisp/disp) original faces left after exact brushside->origface matching
19:09:55.870 INFO  200 (1.6%) partial brushside->origface matches
19:09:55.870 INFO  Writing brushes and planes
19:09:56.086 INFO  Writing displacements
19:09:56.087 INFO  Writing entities
19:09:56.124 INFO  Writing func_details
19:09:56.246 INFO  Writing func_viscluster
19:09:56.246 INFO  Writing info_overlays
19:09:56.247 INFO  Writing prop_statics
19:09:56.253 INFO  Writing env_cubemaps
19:09:56.253 INFO  Writing func_ladders
19:09:56.253 INFO  Finished decompiling C:\Program Files (x86)\Steam\steamapps\common\Portal 2\portal2\maps\sp_a2_pit_flings.bsp.
