19:09:55.649 INFO  Loading C:\Program Files (x86)\Steam\steamapps\common\Portal 2\portal2\maps\sp_a3_jump_intro.bsp
19:09:55.680 INFO  Using 'DStaticPropV9' for sprp version 9
19:09:55.683 WARN  Lump LUMP_DISPINFO is empty
19:09:55.683 WARN  Lump LUMP_DISP_VERTS is empty
19:09:55.683 WARN  Lump LUMP_DISP_TRIS is empty
19:09:55.683 WARN  Lump LUMP_DISP_MULTIBLEND is empty
19:09:55.685 INFO  BSP version: 21
19:09:55.685 INFO  Game: Portal 2
19:09:55.686 INFO  Equal amount of areaporal entities and areaportal brushes. Using 'Ordered' method
19:09:55.686 INFO  No occluders to reallocate...
19:09:55.787 INFO  2477 (32.9%) exact brushside->origface matches
19:09:55.788 INFO  37/0 (nondisp/disp) original faces left after exact brushside->origface matching
19:09:55.807 INFO  137 (1.8%) partial brushside->origface matches
19:09:55.807 INFO  Writing brushes and planes
19:09:55.897 INFO  Writing displacements
19:09:55.897 INFO  Writing entities
19:09:55.972 INFO  Writing func_details
19:09:56.059 INFO  Writing func_viscluster
19:09:56.059 INFO  Writing info_overlays
19:09:56.064 INFO  Writing prop_statics
19:09:56.091 INFO  Writing env_cubemaps
19:09:56.092 INFO  Writing func_ladders
19:09:56.092 INFO  Finished decompiling C:\Program Files (x86)\Steam\steamapps\common\Portal 2\portal2\maps\sp_a3_jump_intro.bsp.
