19:09:56.293 INFO  Loading C:\Program Files (x86)\Steam\steamapps\common\Portal 2\portal2\maps\sp_a2_trust_fling.bsp
19:09:56.384 INFO  Using 'DStaticPropV9' for sprp version 9
19:09:56.388 WARN  Lump LUMP_DISPINFO is empty
19:09:56.388 WARN  Lump LUMP_DISP_VERTS is empty
19:09:56.388 WARN  Lump LUMP_DISP_TRIS is empty
19:09:56.389 WARN  Lump LUMP_DISP_MULTIBLEND is empty
19:09:56.391 INFO  BSP version: 21
19:09:56.391 INFO  Game: Portal 2
19:09:56.393 INFO  Equal amount of areaporal entities and areaportal brushes. Using 'Ordered' method
19:09:56.393 INFO  No occluders to reallocate...
19:09:56.448 INFO  3108 (22.7%) exact brushside->origface matches
19:09:56.448 INFO  7/0 (nondisp/disp) original faces left after exact brushside->origface matching
19:09:56.477 INFO  163 (1.2%) partial brushside->origface matches
19:09:56.477 INFO  Writing brushes and planes
19:09:56.617 INFO  Writing displacements
19:09:56.617 INFO  Writing entities
19:09:56.671 INFO  Writing func_details
19:09:56.742 INFO  Writing func_viscluster
19:09:56.743 INFO  Writing info_overlays
19:09:56.744 INFO  Writing prop_statics
19:09:56.753 INFO  Writing env_cubemaps
19:09:56.753 INFO  Writing func_ladders
19:09:56.753 INFO  Finished decompiling C:\Program Files (x86)\Steam\steamapps\common\Portal 2\portal2\maps\sp_a2_trust_fling.bsp.
