19:09:54.042 INFO  Loading C:\Program Files (x86)\Steam\steamapps\common\Portal 2\portal2\maps\sp_a3_speed_ramp.bsp
19:09:54.107 INFO  Using 'DStaticPropV9' for sprp version 9
19:09:54.110 WARN  Lump LUMP_CLIPPORTALVERTS is empty
19:09:54.110 WARN  Lump LUMP_DISPINFO is empty
19:09:54.110 WARN  Lump LUMP_DISP_VERTS is empty
19:09:54.110 WARN  Lump LUMP_DISP_TRIS is empty
19:09:54.110 WARN  Lump LUMP_DISP_MULTIBLEND is empty
19:09:54.113 INFO  BSP version: 21
19:09:54.113 INFO  Game: Portal 2
19:09:54.114 INFO  No areaportals to reallocate...
19:09:54.114 INFO  No occluders to reallocate...
19:09:54.172 INFO  2163 (37.7%) exact brushside->origface matches
19:09:54.173 INFO  1/0 (nondisp/disp) original faces left after exact brushside->origface matching
19:09:54.191 INFO  143 (2.5%) partial brushside->origface matches
19:09:54.191 INFO  Writing brushes and planes
19:09:54.238 INFO  Writing displacements
19:09:54.238 INFO  Writing entities
19:09:54.276 INFO  Writing func_details
19:09:54.318 INFO  Writing func_viscluster
19:09:54.318 INFO  Writing info_overlays
19:09:54.321 INFO  Writing prop_statics
19:09:54.333 INFO  Writing env_cubemaps
19:09:54.333 INFO  Writing func_ladders
19:09:54.333 INFO  Finished decompiling C:\Program Files (x86)\Steam\steamapps\common\Portal 2\portal2\maps\sp_a3_speed_ramp.bsp.
