19:09:54.038 INFO  Loading C:\Program Files (x86)\Steam\steamapps\common\Portal 2\portal2\maps\sp_a4_stop_the_box.bsp
19:09:54.093 INFO  Using 'DStaticPropV9' for sprp version 9
19:09:54.099 WARN  Lump LUMP_DISPINFO is empty
19:09:54.099 WARN  Lump LUMP_DISP_VERTS is empty
19:09:54.100 WARN  Lump LUMP_DISP_TRIS is empty
19:09:54.100 WARN  Lump LUMP_DISP_MULTIBLEND is empty
19:09:54.102 INFO  BSP version: 21
19:09:54.102 INFO  Game: Portal 2
19:09:54.103 INFO  Equal amount of areaporal entities and areaportal brushes. Using 'Ordered' method
19:09:54.103 INFO  No occluders to reallocate...
19:09:54.159 INFO  1901 (15.3%) exact brushside->origface matches
19:09:54.159 INFO  0/0 (nondisp/disp) original faces left after exact brushside->origface matching
19:09:54.198 INFO  101 (0.8%) partial brushside->origface matches
19:09:54.198 INFO  Writing brushes and planes
19:09:54.319 INFO  Writing displacements
19:09:54.319 INFO  Writing entities
19:09:54.415 INFO  Writing func_details
19:09:54.520 INFO  Writing func_viscluster
19:09:54.520 INFO  Writing info_overlays
19:09:54.521 INFO  Writing prop_statics
19:09:54.559 INFO  Writing env_cubemaps
19:09:54.559 INFO  Writing func_ladders
19:09:54.560 INFO  Finished decompiling C:\Program Files (x86)\Steam\steamapps\common\Portal 2\portal2\maps\sp_a4_stop_the_box.bsp.
