19:09:55.639 INFO  Loading C:\Program Files (x86)\Steam\steamapps\common\Portal 2\portal2\maps\sp_a1_intro7.bsp
19:09:55.744 INFO  Using 'DStaticPropV9' for sprp version 9
19:09:55.750 WARN  Lump LUMP_DISP_MULTIBLEND is empty
19:09:55.752 INFO  BSP version: 21
19:09:55.752 INFO  Game: Portal 2
19:09:55.753 INFO  Equal amount of areaporal entities and areaportal brushes. Using 'Ordered' method
19:09:55.753 INFO  No occluders to reallocate...
19:09:55.844 INFO  2186 (18.0%) exact brushside->origface matches
19:09:55.844 INFO  2/2 (nondisp/disp) original faces left after exact brushside->origface matching
19:09:55.880 INFO  138 (1.1%) partial brushside->origface matches
19:09:55.880 INFO  Writing brushes and planes
19:09:56.038 INFO  Writing displacements
19:09:56.049 INFO  Writing entities
19:09:56.080 INFO  Writing func_details
19:09:56.213 INFO  Writing func_viscluster
19:09:56.213 INFO  Writing info_overlays
19:09:56.215 INFO  Writing prop_statics
19:09:56.230 INFO  Writing env_cubemaps
19:09:56.231 INFO  Writing func_ladders
19:09:56.231 INFO  Finished decompiling C:\Program Files (x86)\Steam\steamapps\common\Portal 2\portal2\maps\sp_a1_intro7.bsp.
