PRT1
228
491
4 1 111 (3072 -320 70.313004 ) (3072 -352 70.313004 ) (3072 -352 198.313019 ) (3072 -320 198.313019 ) 
4 2 112 (3072 -432 70.313004 ) (3072 -560 70.313004 ) (3072 -560 198.313019 ) (3072 -432 198.313019 ) 
4 3 5 (3136 -624 288 ) (3392 -624 288 ) (3392 -752 288 ) (3136 -752 288 ) 
4 4 9 (3520 -768 288 ) (3392 -768 288 ) (3392 -768 160 ) (3520 -768 160 ) 
4 5 9 (3392 -768 288 ) (3136 -768 288 ) (3136 -768 160 ) (3392 -768 160 ) 
4 6 113 (3072 -752 160 ) (3072 -768 160 ) (3072 -768 198.313019 ) (3072 -752 198.313019 ) 
4 6 110 (3072 -768 198.313019 ) (3072 -768 288 ) (3072 -752 288 ) (3072 -752 198.313019 ) 
4 6 9 (3136 -768 288 ) (3072 -768 288 ) (3072 -768 160 ) (3136 -768 160 ) 
4 7 9 (3456 -768 96 ) (3456 -768 32 ) (3520 -768 32 ) (3520 -768 96 ) 
4 8 115 (3072 -768 768 ) (3072 -768 288 ) (3072 -864 288 ) (3072 -864 768 ) 
4 8 9 (3584 -864 288 ) (3072 -864 288 ) (3072 -768 288 ) (3584 -768 288 ) 
4 9 116 (3072 -768 288 ) (3072 -768 32 ) (3072 -864 32 ) (3072 -864 288 ) 
4 9 12 (3584 -864 32 ) (3584 -864 256 ) (3072 -864 256 ) (3072 -864 32 ) 
3 9 11 (3584 -864 256 ) (3584 -864 288 ) (3072 -864 256 ) 
4 9 10 (3584 -864 32 ) (3072 -864 32 ) (3072 -768 32 ) (3584 -768 32 ) 
4 10 117 (3072 -768 32 ) (3072 -768 -96 ) (3072 -864 -96 ) (3072 -864 32 ) 
4 10 14 (3072 -864 -96 ) (3072 -768 -96 ) (3584 -768 -96 ) (3584 -864 -96 ) 
4 10 13 (3072 -864 -96 ) (3584 -864 -96 ) (3584 -864 32 ) (3072 -864 32 ) 
3 11 33 (3072 -1024 256 ) (3584 -1024 256 ) (3584 -1024 288 ) 
4 11 12 (3072.003906 -1024 256 ) (3072.003906 -864 256 ) (3584 -864 256 ) (3584 -1024 256 ) 
4 12 126 (3072 -1024 32 ) (3072 -1024 256 ) (3072 -864 256 ) (3072 -864 32 ) 
4 12 41 (3072 -1024 160 ) (3072 -1024 32 ) (3584 -1024 32 ) (3584 -1024 160 ) 
4 12 34 (3072 -1024 256 ) (3072 -1024 160 ) (3584 -1024 160 ) (3584 -1024 256 ) 
4 12 13 (3072 -1024 32 ) (3072 -864 32 ) (3584 -864 32 ) (3584 -1024 32 ) 
4 13 129 (3072 -1024 -96 ) (3072 -1024 -32 ) (3072 -864 -32 ) (3072 -864 -96 ) 
4 13 128 (3072 -1024 -32 ) (3072 -1024 32 ) (3072 -864 32 ) (3072 -864 -32 ) 
4 13 59 (3072 -1024 32 ) (3072 -1024 -96 ) (3584 -1024 -96 ) (3584 -1024 32 ) 
4 13 14 (3584 -1024 -96 ) (3072 -1024 -96 ) (3072 -864 -96 ) (3584 -864 -96 ) 
4 14 139 (3072 -1024 -224 ) (3072 -1024 -96 ) (3072 -768 -96 ) (3072 -768 -224 ) 
4 14 66 (3072 -1024 -96 ) (3072 -1024 -224 ) (3392 -1024 -224 ) (3392 -1024 -96 ) 
4 14 65 (3392 -1024 -224 ) (3584 -1024 -224 ) (3584 -1024 -160 ) (3392 -1024 -160 ) 
4 14 63 (3584 -1024 -160 ) (3584 -1024 -96 ) (3392 -1024 -96 ) (3392 -1024 -160 ) 
4 15 68 (4096 -2048 1160.490234 ) (4096 -2048 382.915161 ) (4134.470703 -2048 376.822021 ) (4254.613281 -2048 1135.368286 ) 
4 15 27 (4096 -2048 382.915131 ) (4096 -2048 1160.490112 ) (4096 -1856 1160.491089 ) (4096 -1856 382.915100 ) 
4 15 16 (4096 -2048 382.915039 ) (4096 -1856 382.915039 ) (4134.470215 -1856 376.821564 ) (4134.470215 -2048 376.821564 ) 
3 16 68 (4096 -2048 382.915161 ) (4096 -2048 133.932068 ) (4134.470703 -2048 376.822021 ) 
5 16 67 (4096 -2048 133.932068 ) (4096 -2048 123.727051 ) (4157.636719 -2048 113.964600 ) (4197.683105 -2048 366.810059 ) (4134.470703 -2048 376.822021 ) 
4 16 53 (4096 -2048 123.726990 ) (4096 -2048 160 ) (4096 -1856 160 ) (4096 -1856 123.726929 ) 
4 16 32 (4096 -2048 160 ) (4096 -2048 288 ) (4096 -1856 288 ) (4096 -1856 160 ) 
4 16 27 (4096 -2048 288 ) (4096 -2048 382.915131 ) (4096 -1856 382.915100 ) (4096 -1856 288 ) 
4 17 182 (3072 -1216 288 ) (3072 -1344 288 ) (3072 -1344 352 ) (3072 -1216 352 ) 
4 17 35 (3072 -1344 288 ) (3072 -1216 288 ) (3584 -1216 288 ) (3584 -1344 288 ) 
4 17 29 (3600 -1232 288 ) (3600 -1328 288 ) (3584 -1328 288 ) (3584 -1232 288 ) 
4 17 28 (3600 -1216 288 ) (3808 -1216 288 ) (3808 -1344 288 ) (3600 -1344 288 ) 
4 18 30 (3872 -1600 288 ) (3872 -1728 288 ) (3744 -1728 288 ) (3744 -1600 288 ) 
4 19 22 (3072 -1728 1024 ) (3072 -1728 448 ) (3704 -1728 448 ) (3704 -1728 1024 ) 
4 19 20 (3072 -1472 448 ) (3584 -1472 448 ) (3584 -1728 448 ) (3072 -1728 448 ) 
4 20 24 (3072 -1728 416 ) (3072 -1728 304 ) (3584 -1728 304 ) (3584 -1728 416 ) 
4 20 23 (3072 -1728 448 ) (3072 -1728 416 ) (3584 -1728 416 ) (3584 -1728 448 ) 
4 20 21 (3584 -1536 304 ) (3584 -1728 304 ) (3072 -1728 304 ) (3072 -1536 304 ) 
4 21 35 (3072 -1728 288 ) (3072 -1536 288 ) (3584 -1536 288 ) (3584 -1728 288 ) 
4 21 24 (3072 -1728 304 ) (3072 -1728 288 ) (3584 -1728 288 ) (3584 -1728 304 ) 
4 22 23 (3584 -1792 448 ) (3072 -1792 448 ) (3072 -1728 448 ) (3584 -1728 448 ) 
4 23 24 (3584 -1792 416 ) (3072 -1792 416 ) (3072 -1728 416 ) (3584 -1728 416 ) 
4 24 35 (3072 -1792 288 ) (3072 -1728 288 ) (3584 -1728 288 ) (3584 -1792 288 ) 
4 25 31 (3936 -1792 288 ) (4064 -1792 288 ) (4064 -1856 288 ) (3936 -1856 288 ) 
4 25 27 (3936 -1856 288 ) (4064 -1856 288 ) (4064 -1856 416 ) (3936 -1856 416 ) 
4 26 83 (3796.414795 -2048 288 ) (3861.208008 -2048 288 ) (3881.619873 -2048 416.872253 ) (3818.411621 -2048 426.882904 ) 
4 26 32 (3861.208008 -2048 288 ) (3796.414795 -2048 288 ) (3796.415039 -1856 288 ) (3861.208008 -1856 288 ) 
4 26 27 (3861.208984 -2048 288 ) (3861.208984 -1856 288 ) (3881.620850 -1856 416.872131 ) (3881.620850 -2048 416.872131 ) 
4 27 84 (4096 -2048 288 ) (4096 -2048 1160.489990 ) (4001.764893 -2048 1175.415039 ) (3861.208008 -2048 288 ) 
4 27 32 (4096 -2048 288 ) (3861.208008 -2048 288 ) (3861.208008 -1856 288 ) (4096 -1856 288 ) 
4 28 29 (3600 -1328 288 ) (3600 -1232 288 ) (3600 -1232 224 ) (3600 -1328 224 ) 
4 29 35 (3584 -1328 208 ) (3584 -1328 288 ) (3584 -1232 288 ) (3584 -1232 208 ) 
4 30 42 (3872 -1728 160 ) (3744 -1728 160 ) (3744 -1600 160 ) (3872 -1600 160 ) 
4 30 31 (3936 -1728 160 ) (4064 -1728 160 ) (4064 -1728 288 ) (3936 -1728 288 ) 
4 31 32 (3936 -1856 160 ) (4064 -1856 160 ) (4064 -1856 288 ) (3936 -1856 288 ) 
5 32 84 (4096 -2048 160 ) (4096 -2048 288 ) (3861.208008 -2048 288 ) (3841.571533 -2048 164.024277 ) (3866.980469 -2048 160 ) 
4 32 83 (3861.208008 -2048 288 ) (3796.414795 -2048 288 ) (3778.364502 -2048 174.035034 ) (3841.571533 -2048 164.024277 ) 
4 32 53 (4096 -1856 160 ) (4096 -2048 160 ) (3873.337646 -2048 160 ) (3873.337402 -1856 160 ) 
4 32 51 (3873.337646 -2048 160 ) (3866.980469 -2048 160 ) (3866.980469 -1856 160 ) (3873.337402 -1856 160 ) 
3 33 35 (3584 -1216 256 ) (3584 -1216 288 ) (3072 -1216 256 ) 
4 33 34 (3584 -1216 256 ) (3072.003906 -1216 256 ) (3072.003906 -1024 256 ) (3584 -1024 256 ) 
4 34 186 (3072 -1152 160 ) (3072 -1216 160 ) (3072 -1216 256 ) (3072 -1152 256 ) 
4 34 162 (3072 -1024 256 ) (3072 -1024 160 ) (3072 -1152 160 ) (3072 -1152 256 ) 
4 34 41 (3072 -1216 160 ) (3072 -1024 160 ) (3584 -1024 160 ) (3584 -1216 160 ) 
4 34 35 (3072 -1216 160 ) (3584 -1216 160 ) (3584 -1216 256 ) (3072 -1216 256 ) 
4 35 186 (3072 -1792 288 ) (3072 -1216 288 ) (3072 -1216 160 ) (3072 -1792 160 ) 
4 35 46 (3072 -1792 160 ) (3072 -1728 160 ) (3584 -1728 160 ) (3584 -1792 160 ) 
4 35 45 (3072 -1728 160 ) (3072 -1600 160 ) (3584 -1600 160 ) (3584 -1728 160 ) 
4 35 41 (3072 -1600 160 ) (3072 -1216 160 ) (3584 -1216 160 ) (3584 -1600 160 ) 
4 35 36 (3392 -1792 160 ) (3584 -1792 160 ) (3584 -1792 288 ) (3392 -1792 288 ) 
4 35 37 (3072 -1792 160 ) (3264 -1792 160 ) (3264 -1792 288 ) (3072 -1792 288 ) 
4 36 47 (3392 -1792 160 ) (3584 -1792 160 ) (3584 -1808 160 ) (3392 -1808 160 ) 
4 36 38 (3392 -1808 160 ) (3584 -1808 160 ) (3584 -1808 288 ) (3392 -1808 288 ) 
4 37 187 (3072 -1808 288 ) (3072 -1792 288 ) (3072 -1792 160 ) (3072 -1808 160 ) 
4 37 49 (3072 -1808 160 ) (3072 -1792 160 ) (3136 -1792 160 ) (3136 -1808 160 ) 
4 37 48 (3136 -1792 160 ) (3264 -1792 160 ) (3264 -1808 160 ) (3136 -1808 160 ) 
4 38 54 (3584 -1856 160 ) (3584 -1984 160 ) (3392 -1984 160 ) (3392 -1856 160 ) 
4 38 47 (3392 -1808 160 ) (3584 -1808 160 ) (3584 -1856 160 ) (3392 -1856 160 ) 
4 39 56 (3648 -1408 32 ) (3696 -1408 32 ) (3696 -1584 32 ) (3648 -1584 32 ) 
4 39 40 (3616 -1584 64 ) (3616 -1584 32 ) (3632 -1584 32 ) (3632 -1584 64 ) 
4 41 186 (3072 -1600 160 ) (3072 -1152 160 ) (3072 -1152 32 ) (3072 -1600 32 ) 
4 41 172 (3072 -1152 160 ) (3072 -1120 160 ) (3072 -1120 32 ) (3072 -1152 32 ) 
4 41 168 (3072 -1120 160 ) (3072 -1024 160 ) (3072 -1024 32 ) (3072 -1120 32 ) 
4 41 59 (3072 -1600 32 ) (3072 -1024 32 ) (3584 -1024 32 ) (3584 -1600 32 ) 
4 41 45 (3072 -1600 32 ) (3584 -1600 32 ) (3584 -1600 160 ) (3072 -1600 160 ) 
4 42 43 (3602 -1600 160 ) (3602 -1600 32 ) (3602 -1728 32 ) (3602 -1728 160 ) 
4 43 44 (3601 -1600 160 ) (3601 -1600 32 ) (3601 -1728 32 ) (3601 -1728 160 ) 
4 44 45 (3584 -1600 160 ) (3584 -1600 32 ) (3584 -1728 32 ) (3584 -1728 160 ) 
4 45 186 (3072 -1728 160 ) (3072 -1600 160 ) (3072 -1600 32 ) (3072 -1728 32 ) 
4 45 59 (3072 -1728 32 ) (3072 -1600 32 ) (3584 -1600 32 ) (3584 -1728 32 ) 
4 45 46 (3072 -1728 32 ) (3584 -1728 32 ) (3584 -1728 160 ) (3072 -1728 160 ) 
4 46 186 (3072 -1792 160 ) (3072 -1728 160 ) (3072 -1728 32 ) (3072 -1792 32 ) 
4 46 59 (3072 -1792 32 ) (3072 -1728 32 ) (3584 -1728 32 ) (3584 -1792 32 ) 
4 46 49 (3072 -1792 32 ) (3136 -1792 32 ) (3136 -1792 160 ) (3072 -1792 160 ) 
4 46 47 (3328 -1792 32 ) (3584 -1792 32 ) (3584 -1792 160 ) (3328 -1792 160 ) 
4 46 48 (3136 -1792 32 ) (3264 -1792 32 ) (3264 -1792 160 ) (3136 -1792 160 ) 
4 47 60 (3392 -1792 32 ) (3584 -1792 32 ) (3584 -1824 32 ) (3392 -1824 32 ) 
4 47 55 (3328 -1856 32 ) (3384 -1856 32 ) (3384 -1856 160 ) (3328 -1856 160 ) 
4 47 54 (3392 -1856 32 ) (3584 -1856 32 ) (3584 -1856 160 ) (3392 -1856 160 ) 
4 48 50 (3136 -1824 32 ) (3136 -1856 32 ) (3136 -1856 160 ) (3136 -1824 160 ) 
4 48 49 (3136 -1792 160 ) (3136 -1792 32 ) (3136 -1808 32 ) (3136 -1808 160 ) 
4 49 187 (3072 -1808 160 ) (3072 -1792 160 ) (3072 -1792 32 ) (3072 -1808 32 ) 
4 50 189 (3072 -1856 160 ) (3072 -1824 160 ) (3072 -1824 32 ) (3072 -1856 32 ) 
3 51 84 (3873.337646 -2048 160 ) (3866.980469 -2048 160 ) (3873.182129 -2048 159.017792 ) 
4 51 53 (3873.181641 -1856 159.017853 ) (3873.337158 -1856 160 ) (3873.337402 -2048 160 ) (3873.181885 -2048 159.017792 ) 
4 52 82 (4062.818359 -2048 128.982422 ) (3873.182129 -2048 159.017914 ) (3870.679199 -2048 143.215088 ) (4060.315430 -2048 113.179703 ) 
4 52 53 (4062.818115 -1856 128.983047 ) (3873.183350 -1856 159.018280 ) (3873.183594 -2048 159.018250 ) (4062.818359 -2048 128.983017 ) 
4 53 84 (4096 -2048 123.726952 ) (4096 -2048 160 ) (3873.337646 -2048 160 ) (3873.182129 -2048 159.017914 ) 
4 56 57 (3696 -1592 30 ) (3648 -1592 30 ) (3648 -1408 30 ) (3696 -1408 30 ) 
4 57 61 (3696 -1592 -96 ) (3600 -1592 -96 ) (3600 -1408 -96 ) (3696 -1408 -96 ) 
4 57 58 (3600 -1408 -96 ) (3600 -1592 -96 ) (3600 -1592 30 ) (3600 -1408 30 ) 
4 58 62 (3600 -1408 -96 ) (3600 -1600 -96 ) (3584 -1600 -96 ) (3584 -1408 -96 ) 
4 58 59 (3584 -1408 -96 ) (3584 -1600 -96 ) (3584 -1600 30 ) (3584 -1408 30 ) 
4 59 208 (3072 -1792 32 ) (3072 -1216 32 ) (3072 -1216 -96 ) (3072 -1792 -96 ) 
4 59 205 (3072 -1024 -32 ) (3072 -1024 -96 ) (3072 -1216 -96 ) (3072 -1216 -32 ) 
4 59 204 (3072 -1216 32 ) (3072 -1024 32 ) (3072 -1024 -32 ) (3072 -1216 -32 ) 
4 59 66 (3072 -1792 -96 ) (3072 -1024 -96 ) (3392 -1024 -96 ) (3392 -1792 -96 ) 
4 59 63 (3392 -1024 -96 ) (3584 -1024 -96 ) (3584 -1792 -96 ) (3392 -1792 -96 ) 
4 59 60 (3392 -1792 -96 ) (3584 -1792 -96 ) (3584 -1792 32 ) (3392 -1792 32 ) 
4 60 64 (3392 -1792 -96 ) (3584 -1792 -96 ) (3584 -1824 -96 ) (3392 -1824 -96 ) 
4 61 62 (3600 -1592 -96 ) (3600 -1408 -96 ) (3600 -1408 -160 ) (3600 -1592 -160 ) 
4 62 63 (3584 -1600 -96 ) (3584 -1408 -96 ) (3584 -1408 -160 ) (3584 -1600 -160 ) 
4 63 66 (3392 -1792 -96 ) (3392 -1024 -96 ) (3392 -1024 -160 ) (3392 -1792 -160 ) 
4 63 65 (3392 -1792 -160 ) (3392 -1024 -160 ) (3584 -1024 -160 ) (3584 -1792 -160 ) 
4 63 64 (3392 -1792 -96 ) (3392 -1792 -160 ) (3584 -1792 -160 ) (3584 -1792 -96 ) 
4 65 66 (3392 -1792 -160 ) (3392 -1024 -160 ) (3392 -1024 -224 ) (3392 -1792 -224 ) 
4 66 212 (3072 -1792 -96 ) (3072 -1024 -96 ) (3072 -1024 -224 ) (3072 -1792 -224 ) 
4 67 99 (4096 -2207 123.726959 ) (4096 -2240 123.726959 ) (4096 -2240 133.931152 ) (4096 -2207 133.931168 ) 
4 67 97 (4096 -2113 123.726967 ) (4096 -2207 123.726959 ) (4096 -2207 133.931168 ) (4096 -2113 133.931229 ) 
4 67 95 (4096 -2112 123.726967 ) (4096 -2113 123.726967 ) (4096 -2113 133.931229 ) (4096 -2112 133.931229 ) 
4 67 84 (4096 -2048 133.931274 ) (4096 -2048 123.726967 ) (4096 -2112 123.726967 ) (4096 -2112 133.931229 ) 
4 67 77 (4096 -2207 133.933594 ) (4096 -2240 133.933594 ) (4134.470215 -2240 376.822083 ) (4134.470215 -2207 376.822083 ) 
4 67 76 (4096 -2113 133.933609 ) (4096 -2207 133.933594 ) (4134.470215 -2207 376.822083 ) (4134.470215 -2113 376.822083 ) 
4 67 75 (4129.308105 -2113 344.230194 ) (4134.470215 -2113 376.822083 ) (4134.470215 -2112 376.822083 ) (4129.308105 -2112 344.230164 ) 
4 67 74 (4096 -2112 133.933609 ) (4096 -2113 133.933609 ) (4129.308105 -2113 344.230194 ) (4129.308105 -2112 344.230164 ) 
4 67 68 (4134.470215 -2048 376.822083 ) (4096 -2048 133.933609 ) (4096 -2112 133.933609 ) (4134.470215 -2112 376.822083 ) 
4 68 84 (4096 -2048 1160.490234 ) (4096 -2048 133.931274 ) (4096 -2112 133.931229 ) (4096 -2112 1160.490234 ) 
4 68 75 (4129.308594 -2112 344.230164 ) (4134.471191 -2112 376.826263 ) (4110.767578 -2112 380.578735 ) (4105.604980 -2112 347.984497 ) 
4 68 74 (4096 -2112 133.929688 ) (4129.308594 -2112 344.230164 ) (4105.605469 -2112 347.984436 ) (4096 -2112 287.336456 ) 
4 68 71 (4102.865723 -2112 381.829712 ) (4096 -2112 382.916626 ) (4096 -2112 349.505798 ) (4097.703125 -2112 349.236053 ) 
3 68 70 (4096 -2112 349.505798 ) (4096 -2112 338.483215 ) (4097.703125 -2112 349.236053 ) 
4 68 69 (4134.471191 -2112 376.826263 ) (4254.613770 -2112 1135.367432 ) (4096 -2112 1160.490234 ) (4096 -2112 382.916626 ) 
4 69 92 (4096 -2240 382.916687 ) (4096 -2240 1160.490234 ) (4096 -2207 1160.490234 ) (4096 -2207 382.916687 ) 
4 69 89 (4096 -2207 1160.490234 ) (4096 -2113 1160.490234 ) (4096 -2113 382.916687 ) (4096 -2207 382.916687 ) 
4 69 86 (4096 -2113 1160.490234 ) (4096 -2112 1160.490234 ) (4096 -2112 382.916687 ) (4096 -2113 382.916687 ) 
4 69 79 (4102.868164 -2240 381.829742 ) (4096 -2240 382.917084 ) (4096 -2207 382.917053 ) (4102.868164 -2207 381.829742 ) 
4 69 77 (4134.468750 -2207 376.827148 ) (4134.468750 -2240 376.827148 ) (4110.767578 -2240 380.579224 ) (4110.768555 -2207 380.579041 ) 
4 69 76 (4134.468750 -2113 376.827148 ) (4134.468750 -2207 376.827148 ) (4110.767090 -2207 380.579315 ) (4110.767578 -2113 380.579193 ) 
4 69 75 (4110.767578 -2112 380.579193 ) (4134.468750 -2112 376.827148 ) (4134.468750 -2113 376.827148 ) (4110.767578 -2113 380.579193 ) 
4 69 73 (4102.866699 -2207 381.830017 ) (4096 -2207 382.917053 ) (4096 -2113 382.916992 ) (4102.865723 -2113 381.830139 ) 
4 69 71 (4096 -2112 382.916992 ) (4102.865723 -2112 381.830139 ) (4102.865723 -2113 381.830139 ) (4096 -2113 382.916992 ) 
4 70 86 (4096 -2112 349.505829 ) (4096 -2112 338.483246 ) (4096 -2113 338.475433 ) (4096 -2113 349.505859 ) 
3 70 72 (4097.704590 -2113 349.235870 ) (4096 -2113 349.505859 ) (4096 -2113 338.475311 ) 
4 70 71 (4096 -2113 349.505859 ) (4097.704102 -2113 349.235992 ) (4097.703125 -2112 349.236298 ) (4096 -2112 349.506042 ) 
4 71 86 (4096 -2113 382.916687 ) (4096 -2112 382.916687 ) (4096 -2112 349.505829 ) (4096 -2113 349.505859 ) 
4 71 73 (4102.865234 -2113 381.828644 ) (4096 -2113 382.915497 ) (4096 -2113 349.505859 ) (4097.703125 -2113 349.236053 ) 
4 72 89 (4096 -2207 325.695587 ) (4096 -2207 349.506439 ) (4096 -2113 349.505859 ) (4096 -2113 325.700226 ) 
3 72 78 (4096 -2207 349.506470 ) (4096 -2207 338.483582 ) (4097.703125 -2207 349.236725 ) 
4 72 73 (4097.703125 -2113 349.236847 ) (4096 -2113 349.506653 ) (4096 -2207 349.507813 ) (4097.704590 -2207 349.237579 ) 
4 73 89 (4096 -2207 349.506439 ) (4096 -2207 382.916687 ) (4096 -2113 382.916687 ) (4096 -2113 349.505859 ) 
4 73 79 (4102.866699 -2207 381.829681 ) (4096 -2207 382.916718 ) (4096 -2207 349.506470 ) (4097.704102 -2207 349.236542 ) 
4 74 95 (4096 -2112 133.931229 ) (4096 -2113 133.931229 ) (4096 -2113 157.138916 ) (4096 -2112 157.138916 ) 
4 74 94 (4096 -2113 157.138916 ) (4096 -2113 287.343933 ) (4096 -2112 287.336487 ) (4096 -2112 157.138916 ) 
4 74 76 (4096 -2113 287.343567 ) (4096 -2113 133.945313 ) (4129.305664 -2113 344.230591 ) (4105.604980 -2113 347.984589 ) 
4 74 75 (4129.308594 -2112 344.230469 ) (4105.605469 -2112 347.984650 ) (4105.604492 -2113 347.984772 ) (4129.308105 -2113 344.230377 ) 
4 75 76 (4105.605469 -2113 347.984528 ) (4129.305664 -2113 344.230591 ) (4134.468750 -2113 376.829102 ) (4110.768066 -2113 380.581451 ) 
4 76 97 (4096 -2113 133.931229 ) (4096 -2207 133.931168 ) (4096 -2207 157.137619 ) (4096 -2113 157.138916 ) 
4 76 96 (4096 -2207 157.137619 ) (4096 -2207 287.345825 ) (4096 -2113 287.341125 ) (4096 -2113 157.138916 ) 
4 76 77 (4096 -2207 133.921875 ) (4134.472656 -2207 376.826172 ) (4110.767090 -2207 380.578979 ) (4096 -2207 287.344604 ) 
4 77 99 (4096 -2207 133.931168 ) (4096 -2240 133.931152 ) (4096 -2240 157.137238 ) (4096 -2207 157.137619 ) 
4 77 98 (4096 -2240 157.137238 ) (4096 -2240 287.340759 ) (4096 -2207 287.334534 ) (4096 -2207 157.137619 ) 
5 78 92 (4096 -2240 338.474609 ) (4096 -2240 349.506683 ) (4096 -2207 349.506470 ) (4096 -2207 338.483551 ) (4096 -2207.911621 338.475708 ) 
4 78 79 (4096 -2240 349.506836 ) (4097.747070 -2240 349.230164 ) (4097.703125 -2207 349.237061 ) (4096 -2207 349.506836 ) 
4 79 92 (4096 -2240 349.506683 ) (4096 -2240 382.916687 ) (4096 -2207 382.916687 ) (4096 -2207 349.506470 ) 
4 80 101 (4096 -2368 160 ) (4096 -2368 288 ) (4096 -2256 288 ) (4096 -2256 160 ) 
4 81 108 (4512 -3072 -736 ) (4512 -3072 928 ) (4096 -3072 928 ) (4096 -3072 -736 ) 
4 81 107 (4096 -3072 -736 ) (4096 -3072 928 ) (4096 -2688 928 ) (4096 -2688 -736 ) 
4 82 93 (3873.182129 -2207 159.018204 ) (3873.182129 -2240 159.018051 ) (4062.818848 -2240 128.982498 ) (4062.818848 -2207 128.982666 ) 
4 82 90 (3873.182129 -2113 159.018661 ) (3873.182129 -2207 159.018204 ) (4062.818848 -2207 128.982666 ) (4062.818604 -2113 128.983124 ) 
4 82 87 (3873.182129 -2112 159.018661 ) (3873.182129 -2113 159.018661 ) (4062.818604 -2113 128.983124 ) (4062.818604 -2112 128.983124 ) 
4 82 84 (4062.818604 -2048 128.983444 ) (3873.182129 -2048 159.018967 ) (3873.182129 -2112 159.018661 ) (4062.818604 -2112 128.983124 ) 
4 83 85 (3778.364746 -2112 174.037079 ) (3841.571777 -2112 164.026062 ) (3881.619873 -2112 416.872345 ) (3818.411377 -2112 426.883057 ) 
4 83 84 (3881.620117 -2112 416.872253 ) (3841.572266 -2112 164.027344 ) (3841.572266 -2048 164.027344 ) (3881.620117 -2048 416.872314 ) 
4 84 95 (4070.729736 -2112 127.730934 ) (4096 -2112 123.728516 ) (4096 -2112 157.138885 ) (4075.882813 -2112 160.324921 ) 
3 84 94 (4096 -2112 157.138885 ) (4096 -2112 287.337433 ) (4075.883057 -2112 160.324890 ) 
4 84 87 (3841.571777 -2112 164.026062 ) (4062.818848 -2112 128.983902 ) (4067.981201 -2112 161.576370 ) (3846.733643 -2112 196.616516 ) 
5 84 86 (4096 -2112 338.482971 ) (4096 -2112 1160.489990 ) (4001.764893 -2112 1175.415039 ) (3846.733643 -2112 196.616516 ) (4067.980469 -2112 161.576477 ) 
4 85 90 (3778.364990 -2113 174.038269 ) (3841.571777 -2113 164.027252 ) (3846.733643 -2113 196.616486 ) (3783.526367 -2113 206.626923 ) 
4 85 88 (3846.733643 -2113 196.616486 ) (3881.619873 -2113 416.872406 ) (3818.411377 -2113 426.882996 ) (3783.526367 -2113 206.626923 ) 
4 85 87 (3846.734131 -2113 196.616455 ) (3841.572266 -2113 164.027344 ) (3841.572266 -2112 164.023438 ) (3846.734619 -2112 196.616348 ) 
4 85 86 (3881.620117 -2113 416.872314 ) (3846.734131 -2113 196.616455 ) (3846.734619 -2112 196.616348 ) (3881.620605 -2112 416.872131 ) 
5 86 89 (4096 -2113 338.474701 ) (4096 -2113 1160.490234 ) (4001.765137 -2113 1175.416138 ) (3846.733643 -2113 196.616455 ) (4067.981934 -2113 161.576263 ) 
4 86 87 (4067.981934 -2113 161.576843 ) (3846.732178 -2113 196.616760 ) (3846.732178 -2112 196.616776 ) (4067.980713 -2112 161.577057 ) 
4 87 90 (3841.571777 -2113 164.027252 ) (4062.818848 -2113 128.985016 ) (4067.981201 -2113 161.576385 ) (3846.733643 -2113 196.616455 ) 
4 88 91 (3818.411133 -2207 426.882996 ) (3783.526123 -2207 206.625763 ) (3846.733643 -2207 196.615265 ) (3881.619873 -2207 416.872314 ) 
4 88 90 (3846.733887 -2207 196.615707 ) (3783.526123 -2207 206.626251 ) (3783.526611 -2113 206.627747 ) (3846.733887 -2113 196.617279 ) 
4 88 89 (3881.620605 -2207 416.872314 ) (3846.733887 -2207 196.614624 ) (3846.734131 -2113 196.615814 ) (3881.620361 -2113 416.872223 ) 
5 89 92 (4096 -2207 338.476227 ) (4096 -2207 1160.489990 ) (4001.764893 -2207 1175.415039 ) (3846.733643 -2207 196.615265 ) (4067.980957 -2207 161.575165 ) 
4 89 90 (4067.981201 -2207 161.575623 ) (3846.733887 -2207 196.615707 ) (3846.733887 -2113 196.617279 ) (4067.981201 -2113 161.577209 ) 
4 90 93 (3841.572021 -2207 164.027161 ) (4062.818848 -2207 128.985016 ) (4067.980957 -2207 161.575165 ) (3846.733643 -2207 196.615250 ) 
4 90 91 (3778.364746 -2207 174.038239 ) (3841.572021 -2207 164.027161 ) (3846.733643 -2207 196.615250 ) (3783.526123 -2207 206.625763 ) 
4 91 93 (3846.734375 -2240 196.614716 ) (3841.572266 -2240 164.023438 ) (3841.572266 -2207 164.023438 ) (3846.734375 -2207 196.615143 ) 
4 91 92 (3881.620605 -2240 416.872131 ) (3846.734375 -2240 196.614716 ) (3846.734375 -2207 196.615143 ) (3881.620605 -2207 416.872131 ) 
4 92 100 (3893.205322 -2240 285.441467 ) (3878.343750 -2240 191.608566 ) (4067.981201 -2240 161.574707 ) (4082.842773 -2240 255.405762 ) 
4 92 93 (3846.731934 -2240 196.615158 ) (3846.731934 -2207 196.615570 ) (4067.981201 -2207 161.575195 ) (4067.981201 -2240 161.574768 ) 
4 93 100 (3873.337402 -2240 160 ) (4067.731689 -2240 160 ) (4067.981201 -2240 161.574707 ) (3878.343750 -2240 191.608566 ) 
3 94 96 (4075.882080 -2113 160.325058 ) (4096 -2113 157.138901 ) (4096 -2113 287.343903 ) 
4 94 95 (4096 -2113 157.139648 ) (4075.882324 -2113 160.325394 ) (4075.883057 -2112 160.325134 ) (4096 -2112 157.139130 ) 
4 95 97 (4070.729248 -2113 127.728058 ) (4096 -2113 123.725563 ) (4096 -2113 157.138901 ) (4075.882813 -2113 160.324936 ) 
3 96 98 (4075.881592 -2207 160.323883 ) (4096 -2207 157.137665 ) (4096 -2207 287.345520 ) 
4 96 97 (4096 -2207 157.138672 ) (4075.881836 -2207 160.324493 ) (4075.882813 -2113 160.325806 ) (4096 -2113 157.139725 ) 
4 97 99 (4070.728516 -2207 127.728172 ) (4096 -2207 123.725563 ) (4096 -2207 157.137665 ) (4075.882080 -2207 160.323837 ) 
4 98 99 (4096 -2240 157.138672 ) (4075.882324 -2240 160.324570 ) (4075.883301 -2207 160.324753 ) (4096 -2207 157.138748 ) 
4 100 101 (3904 -2256 160 ) (4067.731445 -2256 160 ) (4082.842041 -2256 255.406326 ) (3904 -2256 283.732086 ) 
4 101 102 (4064 -2368 288 ) (3936 -2368 288 ) (3936 -2368 160 ) (4064 -2368 160 ) 
4 102 104 (3936 -2432 160 ) (4064 -2432 160 ) (4064 -2432 288 ) (3936 -2432 288 ) 
4 103 104 (4064 -2432 320 ) (4064 -2432 160 ) (4064 -2496 160 ) (4064 -2496 320 ) 
4 104 106 (4064 -2496 160 ) (4064 -2496 288 ) (3936 -2496 288 ) (3936 -2496 160 ) 
4 104 105 (3936 -2432 320 ) (3936 -2432 160 ) (3936 -2496 160 ) (3936 -2496 320 ) 
4 106 107 (4064 -2688 288 ) (3936 -2688 288 ) (3936 -2688 32 ) (4064 -2688 32 ) 
4 107 109 (4096 -3072 -736 ) (4096 -3072 928 ) (3744 -3072 928 ) (3744 -3072 -736 ) 
4 108 109 (4096 -3072 928 ) (4096 -3072 -736 ) (4096 -3264 -736 ) (4096 -3264 928 ) 
4 110 116 (2880 -768 198.313019 ) (3072 -768 198.313019 ) (3072 -768 288 ) (2880 -768 288 ) 
4 110 114 (3024 -768 198.313019 ) (2880 -768 198.313019 ) (2880 -752 198.313019 ) (3024 -752 198.313019 ) 
4 110 113 (3072 -768 198.313019 ) (3024 -768 198.313019 ) (3024 -752 198.313019 ) (3072 -752 198.313019 ) 
4 113 116 (3072 -768 160 ) (3072 -768 198.313019 ) (3024 -768 198.313019 ) (3024 -768 160 ) 
4 113 114 (3024 -768 160 ) (3024 -768 198.313019 ) (3024 -752 198.313019 ) (3024 -752 160 ) 
4 114 116 (2880 -768 160 ) (3024 -768 160 ) (3024 -768 198.313019 ) (2880 -768 198.313019 ) 
4 115 123 (3072 -864 288 ) (3072 -864 1024 ) (2880 -864 1024 ) (2880 -864 288 ) 
4 115 116 (3072 -864 288 ) (2880 -864 288 ) (2880 -768 288 ) (3072 -768 288 ) 
4 116 126 (3072 -864 32 ) (3072 -864 288 ) (2880 -864 288 ) (2880 -864 32 ) 
4 116 117 (3072 -864 32 ) (2880 -864 32 ) (2880 -768 32 ) (3072 -768 32 ) 
4 117 139 (2880 -768 -96 ) (3072 -768 -96 ) (3072 -864 -96 ) (2880 -864 -96 ) 
4 117 129 (2880 -864 -96 ) (3072 -864 -96 ) (3072 -864 -32 ) (2880 -864 -32 ) 
4 117 128 (3072 -864 -32 ) (3072 -864 32 ) (2880 -864 32 ) (2880 -864 -32 ) 
4 117 118 (2880 -768 -32 ) (2880 -768 -96 ) (2880 -864 -96 ) (2880 -864 -32 ) 
4 118 129 (2864 -864 -96 ) (2880 -864 -96 ) (2880 -864 -32 ) (2864 -864 -32 ) 
4 118 121 (2864 -832 -96 ) (2864 -864 -96 ) (2864 -864 -32 ) (2864 -832 -32 ) 
4 118 120 (2864 -768 -32 ) (2864 -768 -96 ) (2864 -832 -96 ) (2864 -832 -32 ) 
4 119 122 (2752 -832 256 ) (2752 -832 128 ) (2816 -832 128 ) (2816 -832 256 ) 
4 120 121 (2856 -832 -96 ) (2864 -832 -96 ) (2864 -832 -32 ) (2856 -832 -32 ) 
4 121 129 (2856 -864 -96 ) (2864 -864 -96 ) (2864 -864 -32 ) (2856 -864 -32 ) 
4 122 127 (2816 -864 128 ) (2816 -864 256 ) (2752 -864 256 ) (2752 -864 128 ) 
4 123 159 (3072 -1024 288 ) (3072 -1024 1024 ) (2880 -1024 1024 ) (2880 -1024 288 ) 
4 123 126 (3072 -1024 288 ) (2880 -1024 288 ) (2880 -864 288 ) (3072 -864 288 ) 
4 123 125 (2880 -896 288 ) (2880 -1024 288 ) (2880 -1024 304 ) (2880 -896 304 ) 
4 123 124 (2880 -1024 304 ) (2880 -1024 1024 ) (2880 -864 1024 ) (2880 -864 304 ) 
4 124 161 (2816 -1024 1024 ) (2688 -1024 1024 ) (2688 -1024 304 ) (2816 -1024 304 ) 
4 124 160 (2880 -1024 1024 ) (2816 -1024 1024 ) (2816 -1024 304 ) (2880 -1024 304 ) 
4 124 125 (2816 -896 304 ) (2880 -896 304 ) (2880 -1024 304 ) (2816 -1024 304 ) 
4 125 160 (2816 -1024 288 ) (2880 -1024 288 ) (2880 -1024 304 ) (2816 -1024 304 ) 
4 125 127 (2880 -1024 288 ) (2816 -1024 288 ) (2816 -896 288 ) (2880 -896 288 ) 
4 126 168 (3072 -1024 32 ) (3072 -1024 160 ) (2880 -1024 160 ) (2880 -1024 32 ) 
4 126 162 (3072 -1024 160 ) (3072 -1024 288 ) (2880 -1024 288 ) (2880 -1024 160 ) 
4 126 128 (3072 -1024 32 ) (2880 -1024 32 ) (2880 -864 32 ) (3072 -864 32 ) 
4 126 127 (2880 -864 32 ) (2880 -1024 32 ) (2880 -1024 288 ) (2880 -864 288 ) 
4 127 169 (2688 -1024 160 ) (2688 -1024 32 ) (2880 -1024 32 ) (2880 -1024 160 ) 
4 127 163 (2880 -1024 288 ) (2688 -1024 288 ) (2688 -1024 160 ) (2880 -1024 160 ) 
4 127 136 (2688 -960 32 ) (2688 -1024 32 ) (2688 -1024 128 ) (2688 -960 128 ) 
4 127 133 (2688 -960 128 ) (2688 -1024 128 ) (2688 -1024 160 ) (2688 -960 160 ) 
4 127 132 (2688 -928 128 ) (2688 -960 128 ) (2688 -960 160 ) (2688 -928 160 ) 
4 127 131 (2688 -960 160 ) (2688 -1024 160 ) (2688 -1024 192 ) (2688 -960 192 ) 
4 127 130 (2688 -992 32 ) (2688 -864 32 ) (2816 -864 32 ) (2816 -992 32 ) 
4 128 204 (3072 -1024 -32 ) (3072 -1024 32 ) (2880 -1024 32 ) (2880 -1024 -32 ) 
4 128 129 (3072 -1024 -32 ) (2880 -1024 -32 ) (2880 -864 -32 ) (3072 -864 -32 ) 
4 129 205 (3072 -1024 -96 ) (3072 -1024 -32 ) (2856 -1024 -32 ) (2856 -1024 -96 ) 
4 129 139 (2880 -864 -96 ) (3072 -864 -96 ) (3072 -1024 -96 ) (2880 -1024 -96 ) 
4 131 133 (2684 -960 160 ) (2688 -960 160 ) (2688 -1024 160 ) (2684 -1024 160 ) 
4 132 133 (2684 -960 128 ) (2688 -960 128 ) (2688 -960 160 ) (2684 -960 160 ) 
4 133 169 (2674 -1024 128 ) (2688 -1024 128 ) (2688 -1024 160 ) (2674 -1024 160 ) 
4 133 136 (2674 -960 128 ) (2688 -960 128 ) (2688 -1024 128 ) (2674 -1024 128 ) 
4 133 134 (2674 -960 160 ) (2674 -960 128 ) (2674 -1024 128 ) (2674 -1024 160 ) 
4 134 170 (2673 -1024 128 ) (2674 -1024 128 ) (2674 -1024 160 ) (2673 -1024 160 ) 
4 134 137 (2673 -960 128 ) (2674 -960 128 ) (2674 -1024 128 ) (2673 -1024 128 ) 
4 134 135 (2673 -960 160 ) (2673 -960 128 ) (2673 -1024 128 ) (2673 -1024 160 ) 
4 135 171 (2656 -1024 160 ) (2656 -1024 128 ) (2673 -1024 128 ) (2673 -1024 160 ) 
4 135 141 (2656 -1024 128 ) (2656 -1024 160 ) (2656 -992 160 ) (2656 -992 128 ) 
4 135 138 (2656 -1024 128 ) (2656 -960 128 ) (2673 -960 128 ) (2673 -1024 128 ) 
4 136 169 (2674 -1024 32 ) (2688 -1024 32 ) (2688 -1024 128 ) (2674 -1024 128 ) 
4 136 137 (2674 -960 128 ) (2674 -960 32 ) (2674 -1024 32 ) (2674 -1024 128 ) 
4 137 170 (2673 -1024 32 ) (2674 -1024 32 ) (2674 -1024 128 ) (2673 -1024 128 ) 
4 137 138 (2673 -960 128 ) (2673 -960 32 ) (2673 -1024 32 ) (2673 -1024 128 ) 
4 138 171 (2656 -1024 128 ) (2656 -1024 32 ) (2673 -1024 32 ) (2673 -1024 128 ) 
4 138 141 (2656 -1024 32 ) (2656 -1024 128 ) (2656 -992 128 ) (2656 -992 32 ) 
4 139 212 (3072 -1024 -224 ) (3072 -1024 -96 ) (2880 -1024 -96 ) (2880 -1024 -224 ) 
4 140 141 (2600 -992 32 ) (2616 -992 32 ) (2616 -992 160 ) (2600 -992 160 ) 
4 141 171 (2656 -1024 32 ) (2656 -1024 160 ) (2592 -1024 160 ) (2592 -1024 32 ) 
4 141 144 (2592 -1024 32 ) (2592 -1024 160 ) (2592 -992 160 ) (2592 -992 32 ) 
4 142 144 (2528 -992 222 ) (2528 -992 32 ) (2592 -992 32 ) (2592 -992 222 ) 
4 142 143 (2528 -992 224 ) (2528 -992 222 ) (2592 -992 222 ) (2592 -992 224 ) 
4 143 164 (2592 -1024 222 ) (2592 -1024 232 ) (2528 -1024 232 ) (2528 -1024 222 ) 
4 143 144 (2528 -1024 222 ) (2528 -992 222 ) (2592 -992 222 ) (2592 -1024 222 ) 
4 144 171 (2592 -1024 32 ) (2592 -1024 160 ) (2528 -1024 160 ) (2528 -1024 32 ) 
4 144 165 (2592 -1024 160 ) (2592 -1024 222 ) (2528 -1024 222 ) (2528 -1024 160 ) 
4 144 145 (2528 -1024 32 ) (2528 -1024 160 ) (2528 -992 160 ) (2528 -992 32 ) 
4 145 206 (2528 -1024 -96 ) (2528 -1024 32 ) (2336 -1024 32 ) (2336 -1024 -96 ) 
4 145 171 (2528 -1024 32 ) (2528 -1024 160 ) (2336 -1024 160 ) (2336 -1024 32 ) 
4 145 146 (2336 -992 -96 ) (2336 -1024 -96 ) (2336 -1024 160 ) (2336 -992 160 ) 
4 146 213 (2336 -1024 -864 ) (2336 -1024 -96 ) (2160 -1024 -96 ) (2160 -1024 -864 ) 
4 146 207 (2336 -1024 -96 ) (2336 -1024 32 ) (2160 -1024 32 ) (2160 -1024 -96 ) 
4 146 171 (2336 -1024 32 ) (2336 -1024 160 ) (2160 -1024 160 ) (2160 -1024 32 ) 
4 146 167 (2336 -1024 160 ) (2336 -1024 800 ) (2160 -1024 800 ) (2160 -1024 160 ) 
4 146 150 (2160 -1024 -272 ) (2160 -1024 800 ) (2160 -928 800 ) (2160 -928 -272 ) 
4 146 148 (2160 -928 800 ) (2160 -912 800 ) (2160 -912 -272 ) (2160 -928 -272 ) 
4 146 147 (2160 -912 800 ) (2160 -672 800 ) (2160 -672 -864 ) (2160 -912 -864 ) 
4 147 152 (2048 -912 -864 ) (2048 -912 800 ) (2048 -672 800 ) (2048 -672 -864 ) 
4 147 149 (2144 -912 800 ) (2048 -912 800 ) (2048 -912 -272 ) (2144 -912 -272 ) 
4 147 148 (2160 -912 -272 ) (2160 -912 800 ) (2144 -912 800 ) (2144 -912 -272 ) 
4 148 150 (2160 -928 -272 ) (2160 -928 800 ) (2144 -928 800 ) (2144 -928 -272 ) 
4 148 149 (2144 -912 800 ) (2144 -912 -272 ) (2144 -928 -272 ) (2144 -928 800 ) 
4 149 153 (2048 -928 -272 ) (2048 -928 800 ) (2048 -912 800 ) (2048 -912 -272 ) 
4 149 151 (2048 -928 800 ) (2048 -928 -272 ) (2144 -928 -272 ) (2144 -928 800 ) 
4 150 214 (2160 -1024 -272 ) (2160 -1024 -96 ) (2144 -1024 -96 ) (2144 -1024 -272 ) 
4 150 207 (2160 -1024 -96 ) (2160 -1024 32 ) (2144 -1024 32 ) (2144 -1024 -96 ) 
4 150 171 (2160 -1024 32 ) (2160 -1024 160 ) (2144 -1024 160 ) (2144 -1024 32 ) 
4 150 167 (2160 -1024 160 ) (2160 -1024 800 ) (2144 -1024 800 ) (2144 -1024 160 ) 
4 150 151 (2144 -928 800 ) (2144 -928 -272 ) (2144 -1024 -272 ) (2144 -1024 800 ) 
4 151 216 (2144 -1024 -4544 ) (2144 -1024 -96 ) (2048 -1024 -96 ) (2048 -1024 -4544 ) 
4 151 207 (2144 -1024 -96 ) (2144 -1024 32 ) (2048 -1024 32 ) (2048 -1024 -96 ) 
4 151 171 (2144 -1024 32 ) (2144 -1024 160 ) (2048 -1024 160 ) (2048 -1024 32 ) 
4 151 167 (2144 -1024 160 ) (2144 -1024 800 ) (2048 -1024 800 ) (2048 -1024 160 ) 
4 151 156 (2048 -1024 -4544 ) (2048 -1024 800 ) (2048 -928 800 ) (2048 -928 -4544 ) 
4 152 155 (1872 -912 800 ) (1632 -912 800 ) (1632 -912 -864 ) (1872 -912 -864 ) 
4 152 154 (1888 -912 800 ) (1872 -912 800 ) (1872 -912 -272 ) (1888 -912 -272 ) 
4 152 153 (2048 -912 -272 ) (2048 -912 800 ) (1888 -912 800 ) (1888 -912 -272 ) 
4 153 156 (2048 -928 -272 ) (2048 -928 800 ) (1888 -928 800 ) (1888 -928 -272 ) 
4 153 154 (1888 -912 800 ) (1888 -912 -272 ) (1888 -928 -272 ) (1888 -928 800 ) 
4 154 157 (1888 -928 -272 ) (1888 -928 800 ) (1872 -928 800 ) (1872 -928 -272 ) 
4 154 155 (1872 -912 800 ) (1872 -912 -272 ) (1872 -928 -272 ) (1872 -928 800 ) 
4 155 158 (1872 -928 -864 ) (1872 -928 800 ) (1632 -928 800 ) (1632 -928 -864 ) 
4 156 219 (2048 -1024 -4544 ) (2048 -1024 800 ) (1888 -1024 800 ) (1888 -1024 -4544 ) 
4 156 157 (1888 -928 800 ) (1888 -928 -272 ) (1888 -1024 -272 ) (1888 -1024 800 ) 
4 157 222 (1888 -1024 -272 ) (1888 -1024 800 ) (1872 -1024 800 ) (1872 -1024 -272 ) 
4 157 158 (1872 -928 800 ) (1872 -928 -272 ) (1872 -1024 -272 ) (1872 -1024 800 ) 
4 158 224 (1872 -1024 -864 ) (1872 -1024 800 ) (1632 -1024 800 ) (1632 -1024 -864 ) 
4 159 162 (3072 -1152 288 ) (2880 -1152 288 ) (2880 -1024 288 ) (3072 -1024 288 ) 
4 159 160 (2880 -1024 288 ) (2880 -1152 288 ) (2880 -1152 1024 ) (2880 -1024 1024 ) 
4 160 163 (2880 -1152 288 ) (2816 -1152 288 ) (2816 -1024 288 ) (2880 -1024 288 ) 
4 160 161 (2816 -1152 304 ) (2816 -1152 1024 ) (2816 -1024 1024 ) (2816 -1024 304 ) 
4 162 188 (3008 -1152 288 ) (2880 -1152 288 ) (2880 -1152 160 ) (3008 -1152 160 ) 
4 162 186 (3072 -1152 160 ) (3072 -1152 288 ) (3008 -1152 288 ) (3008 -1152 160 ) 
4 162 172 (3072 -1152 160 ) (2880 -1152 160 ) (2880 -1120 160 ) (3072 -1120 160 ) 
4 162 168 (2880 -1120 160 ) (2880 -1024 160 ) (3072 -1024 160 ) (3072 -1120 160 ) 
4 162 163 (2880 -1024 160 ) (2880 -1152 160 ) (2880 -1152 288 ) (2880 -1024 288 ) 
4 163 173 (2880 -1152 160 ) (2688 -1152 160 ) (2688 -1120 160 ) (2880 -1120 160 ) 
4 163 169 (2688 -1120 160 ) (2688 -1024 160 ) (2880 -1024 160 ) (2880 -1120 160 ) 
4 164 166 (2528 -1120 224 ) (2528 -1120 222 ) (2592 -1120 222 ) (2592 -1120 224 ) 
4 164 165 (2592 -1120 222 ) (2528 -1120 222 ) (2528 -1024 222 ) (2592 -1024 222 ) 
4 165 171 (2528 -1120 160 ) (2528 -1024 160 ) (2592 -1024 160 ) (2592 -1120 160 ) 
4 165 166 (2528 -1120 222 ) (2528 -1120 160 ) (2592 -1120 160 ) (2592 -1120 222 ) 
4 166 177 (2592 -1152 160 ) (2528 -1152 160 ) (2528 -1120 160 ) (2592 -1120 160 ) 
4 167 219 (2048 -1024 800 ) (2048 -1024 160 ) (2048 -1152 160 ) (2048 -1152 800 ) 
4 167 190 (2048 -1152 288 ) (2048 -1152 160 ) (2336 -1152 160 ) (2336 -1152 288 ) 
4 167 185 (2048 -1152 352 ) (2048 -1152 288 ) (2336 -1152 288 ) (2336 -1152 352 ) 
4 167 179 (2048 -1152 800 ) (2048 -1152 352 ) (2336 -1152 352 ) (2336 -1152 800 ) 
4 167 178 (2336 -1152 160 ) (2048 -1152 160 ) (2048 -1120 160 ) (2336 -1120 160 ) 
4 167 171 (2048 -1120 160 ) (2048 -1024 160 ) (2336 -1024 160 ) (2336 -1120 160 ) 
4 168 204 (2880 -1024 32 ) (3072 -1024 32 ) (3072 -1120 32 ) (2880 -1120 32 ) 
4 168 172 (2880 -1120 32 ) (3072 -1120 32 ) (3072 -1120 160 ) (2880 -1120 160 ) 
4 168 169 (2880 -1024 32 ) (2880 -1120 32 ) (2880 -1120 160 ) (2880 -1024 160 ) 
4 169 173 (2674 -1120 32 ) (2880 -1120 32 ) (2880 -1120 160 ) (2674 -1120 160 ) 
4 169 170 (2674 -1024 32 ) (2674 -1120 32 ) (2674 -1120 160 ) (2674 -1024 160 ) 
4 170 174 (2673 -1120 32 ) (2674 -1120 32 ) (2674 -1120 160 ) (2673 -1120 160 ) 
4 170 171 (2673 -1024 32 ) (2673 -1120 32 ) (2673 -1120 160 ) (2673 -1024 160 ) 
4 171 219 (2048 -1024 160 ) (2048 -1024 32 ) (2048 -1120 32 ) (2048 -1120 160 ) 
4 171 206 (2336 -1024 32 ) (2528 -1024 32 ) (2528 -1120 32 ) (2336 -1120 32 ) 
4 171 207 (2048 -1120 32 ) (2048 -1024 32 ) (2336 -1024 32 ) (2336 -1120 32 ) 
4 171 177 (2528 -1120 32 ) (2592 -1120 32 ) (2592 -1120 160 ) (2528 -1120 160 ) 
4 171 178 (2048 -1120 32 ) (2336 -1120 32 ) (2336 -1120 160 ) (2048 -1120 160 ) 
4 171 176 (2600 -1120 32 ) (2616 -1120 32 ) (2616 -1120 160 ) (2600 -1120 160 ) 
4 171 175 (2656 -1120 32 ) (2673 -1120 32 ) (2673 -1120 160 ) (2656 -1120 160 ) 
4 172 204 (2880 -1120 32 ) (3072 -1120 32 ) (3072 -1152 32 ) (2880 -1152 32 ) 
4 172 188 (2880 -1152 32 ) (3008 -1152 32 ) (3008 -1152 160 ) (2880 -1152 160 ) 
4 172 186 (3008 -1152 32 ) (3072 -1152 32 ) (3072 -1152 160 ) (3008 -1152 160 ) 
4 172 173 (2880 -1120 160 ) (2880 -1120 32 ) (2880 -1152 32 ) (2880 -1152 160 ) 
4 173 201 (2752 -1152 32 ) (2848 -1152 32 ) (2848 -1152 96 ) (2752 -1152 96 ) 
4 173 197 (2848 -1152 32 ) (2880 -1152 32 ) (2880 -1152 96 ) (2848 -1152 96 ) 
4 173 174 (2674 -1120 160 ) (2674 -1120 32 ) (2674 -1152 32 ) (2674 -1152 160 ) 
4 174 175 (2673 -1120 160 ) (2673 -1120 32 ) (2673 -1152 32 ) (2673 -1152 160 ) 
4 178 219 (2048 -1120 32 ) (2048 -1152 32 ) (2048 -1152 160 ) (2048 -1120 160 ) 
4 178 207 (2048 -1152 32 ) (2048 -1120 32 ) (2336 -1120 32 ) (2336 -1152 32 ) 
4 178 203 (2048 -1152 32 ) (2336 -1152 32 ) (2336 -1152 160 ) (2048 -1152 160 ) 
4 179 221 (2048 -1200 352 ) (2048 -1440 352 ) (2048 -1440 800 ) (2048 -1200 800 ) 
4 179 220 (2048 -1184 352 ) (2048 -1200 352 ) (2048 -1200 800 ) (2048 -1184 800 ) 
4 179 219 (2048 -1152 800 ) (2048 -1152 352 ) (2048 -1184 352 ) (2048 -1184 800 ) 
4 179 185 (2048 -1152 352 ) (2336 -1152 352 ) (2336 -1440 352 ) (2048 -1440 352 ) 
4 180 181 (2832 -1744 368 ) (2736 -1744 368 ) (2736 -1648 368 ) (2832 -1648 368 ) 
4 181 184 (2848 -1760 352 ) (2720 -1760 352 ) (2720 -1632 352 ) (2848 -1632 352 ) 
4 182 188 (3008 -1344 288 ) (2880 -1344 288 ) (2880 -1216 288 ) (3008 -1216 288 ) 
4 182 186 (3072 -1216 288 ) (3072 -1344 288 ) (3008 -1344 288 ) (3008 -1216 288 ) 
4 182 183 (2880 -1216 288 ) (2880 -1344 288 ) (2880 -1344 352 ) (2880 -1216 352 ) 
4 183 191 (2880 -1216 288 ) (2880 -1344 288 ) (2608 -1344 288 ) (2608 -1216 288 ) 
4 184 193 (2880 -1600 288 ) (2880 -1792 288 ) (2688 -1792 288 ) (2688 -1600 288 ) 
4 185 221 (2048 -1440 352 ) (2048 -1200 352 ) (2048 -1200 288 ) (2048 -1440 288 ) 
4 185 220 (2048 -1200 352 ) (2048 -1184 352 ) (2048 -1184 288 ) (2048 -1200 288 ) 
4 185 219 (2048 -1184 352 ) (2048 -1152 352 ) (2048 -1152 288 ) (2048 -1184 288 ) 
4 185 196 (2048 -1440 288 ) (2048 -1344 288 ) (2336 -1344 288 ) (2336 -1440 288 ) 
4 185 192 (2048 -1344 288 ) (2048 -1216 288 ) (2336 -1216 288 ) (2336 -1344 288 ) 
4 185 190 (2048 -1216 288 ) (2048 -1152 288 ) (2336 -1152 288 ) (2336 -1216 288 ) 
4 186 208 (3072 -1216 32 ) (3072 -1792 32 ) (3008 -1792 32 ) (3008 -1216 32 ) 
4 186 204 (3008 -1152 32 ) (3072 -1152 32 ) (3072 -1216 32 ) (3008 -1216 32 ) 
4 186 188 (3008 -1792 288 ) (3008 -1152 288 ) (3008 -1152 32 ) (3008 -1792 32 ) 
4 186 187 (3008 -1792 288 ) (3008 -1792 32 ) (3072 -1792 32 ) (3072 -1792 288 ) 
4 188 208 (2880 -1792 32 ) (2880 -1216 32 ) (3008 -1216 32 ) (3008 -1792 32 ) 
4 188 204 (2880 -1216 32 ) (2880 -1152 32 ) (3008 -1152 32 ) (3008 -1216 32 ) 
4 188 200 (2880 -1600 32 ) (2880 -1792 32 ) (2880 -1792 160 ) (2880 -1600 160 ) 
4 188 199 (2880 -1536 96 ) (2880 -1536 160 ) (2880 -1408 160 ) (2880 -1408 96 ) 
4 188 198 (2880 -1280 32 ) (2880 -1344 32 ) (2880 -1344 96 ) (2880 -1280 96 ) 
4 188 197 (2880 -1152 96 ) (2880 -1152 32 ) (2880 -1216 32 ) (2880 -1216 96 ) 
4 188 195 (2880 -1600 160 ) (2880 -1792 160 ) (2880 -1792 224 ) (2880 -1600 224 ) 
4 188 194 (2880 -1408 160 ) (2880 -1536 160 ) (2880 -1536 224 ) (2880 -1408 224 ) 
4 188 193 (2880 -1792 288 ) (2880 -1600 288 ) (2880 -1600 224 ) (2880 -1792 224 ) 
4 188 191 (2880 -1344 288 ) (2880 -1216 288 ) (2880 -1216 224 ) (2880 -1344 224 ) 
4 190 221 (2048 -1216 288 ) (2048 -1200 288 ) (2048 -1200 160 ) (2048 -1216 160 ) 
4 190 220 (2048 -1200 288 ) (2048 -1184 288 ) (2048 -1184 160 ) (2048 -1200 160 ) 
4 190 219 (2048 -1184 288 ) (2048 -1152 288 ) (2048 -1152 160 ) (2048 -1184 160 ) 
4 190 203 (2048 -1216 160 ) (2048 -1152 160 ) (2336 -1152 160 ) (2336 -1216 160 ) 
4 190 192 (2048 -1216 160 ) (2336 -1216 160 ) (2336 -1216 288 ) (2048 -1216 288 ) 
4 192 221 (2048 -1344 288 ) (2048 -1216 288 ) (2048 -1216 160 ) (2048 -1344 160 ) 
4 192 203 (2048 -1344 160 ) (2048 -1216 160 ) (2336 -1216 160 ) (2336 -1344 160 ) 
4 192 196 (2048 -1344 160 ) (2336 -1344 160 ) (2336 -1344 288 ) (2048 -1344 288 ) 
4 193 195 (2688 -1792 224 ) (2688 -1600 224 ) (2880 -1600 224 ) (2880 -1792 224 ) 
4 194 199 (2880 -1408 160 ) (2880 -1536 160 ) (2848 -1536 160 ) (2848 -1408 160 ) 
4 195 202 (2848 -1792 160 ) (2688 -1792 160 ) (2688 -1600 160 ) (2848 -1600 160 ) 
4 195 200 (2880 -1600 160 ) (2880 -1792 160 ) (2848 -1792 160 ) (2848 -1600 160 ) 
4 196 221 (2048 -1440 288 ) (2048 -1344 288 ) (2048 -1344 160 ) (2048 -1440 160 ) 
4 196 203 (2048 -1440 160 ) (2048 -1344 160 ) (2336 -1344 160 ) (2336 -1440 160 ) 
4 197 201 (2848 -1152 96 ) (2848 -1152 32 ) (2848 -1216 32 ) (2848 -1216 96 ) 
4 200 202 (2848 -1792 160 ) (2848 -1600 160 ) (2848 -1600 32 ) (2848 -1792 32 ) 
4 203 221 (2048 -1200 32 ) (2048 -1440 32 ) (2048 -1440 160 ) (2048 -1200 160 ) 
4 203 220 (2048 -1184 32 ) (2048 -1200 32 ) (2048 -1200 160 ) (2048 -1184 160 ) 
4 203 219 (2048 -1152 32 ) (2048 -1184 32 ) (2048 -1184 160 ) (2048 -1152 160 ) 
4 203 209 (2048 -1440 32 ) (2048 -1216 32 ) (2336 -1216 32 ) (2336 -1440 32 ) 
4 203 207 (2048 -1216 32 ) (2048 -1152 32 ) (2336 -1152 32 ) (2336 -1216 32 ) 
4 204 208 (3072 -1216 -32 ) (3072 -1216 32 ) (2880 -1216 32 ) (2880 -1216 -32 ) 
4 204 205 (3072 -1216 -32 ) (2880 -1216 -32 ) (2880 -1024 -32 ) (3072 -1024 -32 ) 
4 205 212 (2880 -1024 -96 ) (3072 -1024 -96 ) (3072 -1216 -96 ) (2880 -1216 -96 ) 
4 205 210 (2856 -1216 -96 ) (2880 -1216 -96 ) (2880 -1216 -32 ) (2856 -1216 -32 ) 
4 205 208 (2880 -1216 -96 ) (3072 -1216 -96 ) (3072 -1216 -32 ) (2880 -1216 -32 ) 
4 206 207 (2336 -1024 -96 ) (2336 -1120 -96 ) (2336 -1120 32 ) (2336 -1024 32 ) 
4 207 221 (2048 -1200 -96 ) (2048 -1216 -96 ) (2048 -1216 32 ) (2048 -1200 32 ) 
4 207 220 (2048 -1184 -96 ) (2048 -1200 -96 ) (2048 -1200 32 ) (2048 -1184 32 ) 
4 207 219 (2048 -1024 32 ) (2048 -1024 -96 ) (2048 -1184 -96 ) (2048 -1184 32 ) 
4 207 218 (2144 -1200 -96 ) (2144 -1216 -96 ) (2048 -1216 -96 ) (2048 -1200 -96 ) 
4 207 217 (2144 -1184 -96 ) (2144 -1200 -96 ) (2048 -1200 -96 ) (2048 -1184 -96 ) 
4 207 216 (2048 -1024 -96 ) (2144 -1024 -96 ) (2144 -1184 -96 ) (2048 -1184 -96 ) 
4 207 215 (2160 -1200 -96 ) (2160 -1216 -96 ) (2144 -1216 -96 ) (2144 -1200 -96 ) 
4 207 214 (2144 -1024 -96 ) (2160 -1024 -96 ) (2160 -1200 -96 ) (2144 -1200 -96 ) 
4 207 213 (2160 -1024 -96 ) (2336 -1024 -96 ) (2336 -1216 -96 ) (2160 -1216 -96 ) 
4 207 211 (2048 -1216 -96 ) (2336 -1216 -96 ) (2336 -1216 -32 ) (2048 -1216 -32 ) 
4 207 209 (2336 -1216 -32 ) (2336 -1216 32 ) (2048 -1216 32 ) (2048 -1216 -32 ) 
4 208 212 (3072 -1216 -96 ) (3072 -1792 -96 ) (2880 -1792 -96 ) (2880 -1216 -96 ) 
4 208 210 (2880 -1216 -32 ) (2880 -1216 -96 ) (2880 -1792 -96 ) (2880 -1792 -32 ) 
4 209 221 (2048 -1440 32 ) (2048 -1216 32 ) (2048 -1216 -32 ) (2048 -1440 -32 ) 
4 209 211 (2048 -1216 -32 ) (2336 -1216 -32 ) (2336 -1440 -32 ) (2048 -1440 -32 ) 
4 211 221 (2048 -1216 -96 ) (2048 -1440 -96 ) (2048 -1440 -32 ) (2048 -1216 -32 ) 
4 211 218 (2048 -1440 -96 ) (2048 -1216 -96 ) (2144 -1216 -96 ) (2144 -1440 -96 ) 
4 211 215 (2144 -1216 -96 ) (2160 -1216 -96 ) (2160 -1440 -96 ) (2144 -1440 -96 ) 
4 211 213 (2160 -1216 -96 ) (2336 -1216 -96 ) (2336 -1440 -96 ) (2160 -1440 -96 ) 
4 213 215 (2160 -1440 -96 ) (2160 -1200 -96 ) (2160 -1200 -864 ) (2160 -1440 -864 ) 
4 213 214 (2160 -1200 -96 ) (2160 -1024 -96 ) (2160 -1024 -272 ) (2160 -1200 -272 ) 
4 214 217 (2144 -1200 -96 ) (2144 -1184 -96 ) (2144 -1184 -272 ) (2144 -1200 -272 ) 
4 214 216 (2144 -1184 -96 ) (2144 -1024 -96 ) (2144 -1024 -272 ) (2144 -1184 -272 ) 
4 214 215 (2144 -1200 -96 ) (2144 -1200 -272 ) (2160 -1200 -272 ) (2160 -1200 -96 ) 
4 215 218 (2144 -1440 -96 ) (2144 -1200 -96 ) (2144 -1200 -864 ) (2144 -1440 -864 ) 
4 216 219 (2048 -1024 -96 ) (2048 -1024 -4544 ) (2048 -1184 -4544 ) (2048 -1184 -96 ) 
4 216 217 (2144 -1184 -272 ) (2144 -1184 -96 ) (2048 -1184 -96 ) (2048 -1184 -272 ) 
4 217 220 (2048 -1200 -272 ) (2048 -1200 -96 ) (2048 -1184 -96 ) (2048 -1184 -272 ) 
4 217 218 (2144 -1200 -272 ) (2144 -1200 -96 ) (2048 -1200 -96 ) (2048 -1200 -272 ) 
4 218 221 (2048 -1440 -96 ) (2048 -1200 -96 ) (2048 -1200 -864 ) (2048 -1440 -864 ) 
4 219 222 (1888 -1184 -272 ) (1888 -1184 800 ) (1888 -1024 800 ) (1888 -1024 -272 ) 
4 219 220 (1888 -1184 800 ) (1888 -1184 -272 ) (2048 -1184 -272 ) (2048 -1184 800 ) 
4 220 222 (1888 -1200 -272 ) (1888 -1200 800 ) (1888 -1184 800 ) (1888 -1184 -272 ) 
4 220 221 (1888 -1200 800 ) (1888 -1200 -272 ) (2048 -1200 -272 ) (2048 -1200 800 ) 
4 221 223 (1888 -1440 -864 ) (1888 -1440 800 ) (1888 -1200 800 ) (1888 -1200 -864 ) 
4 222 224 (1872 -1024 800 ) (1872 -1024 -272 ) (1872 -1200 -272 ) (1872 -1200 800 ) 
4 222 223 (1872 -1200 800 ) (1872 -1200 -272 ) (1888 -1200 -272 ) (1888 -1200 800 ) 
4 223 224 (1872 -1440 -864 ) (1872 -1440 800 ) (1872 -1200 800 ) (1872 -1200 -864 ) 
4 226 227 (800 -3072 112 ) (384 -3072 112 ) (384 -3072 -16 ) (800 -3072 -16 ) 
