19:09:56.821 INFO  Loading C:\Program Files (x86)\Steam\steamapps\common\Portal 2\portal2\maps\sp_a2_triple_laser_d.bsp
19:09:56.906 INFO  Using 'DStaticPropV9' for sprp version 9
19:09:56.908 WARN  Lump LUMP_DISPINFO is empty
19:09:56.908 WARN  Lump LUMP_DISP_VERTS is empty
19:09:56.908 WARN  Lump LUMP_DISP_TRIS is empty
19:09:56.909 WARN  Lump LUMP_DISP_MULTIBLEND is empty
19:09:56.910 INFO  BSP version: 21
19:09:56.910 INFO  Game: Portal 2
19:09:56.911 INFO  Equal amount of areaporal entities and areaportal brushes. Using 'Ordered' method
19:09:56.911 INFO  No occluders to reallocate...
19:09:56.914 INFO  Map comment: Decompiled by BSPSource v1.4.6.1 from sp_a2_triple_laser
19:09:56.944 INFO  1298 (13.1%) exact brushside->origface matches
19:09:56.944 INFO  2/0 (nondisp/disp) original faces left after exact brushside->origface matching
19:09:56.952 INFO  36 (0.4%) partial brushside->origface matches
19:09:56.952 INFO  Writing brushes and planes
19:09:57.012 INFO  Writing displacements
19:09:57.013 INFO  Writing entities
19:09:57.030 INFO  Writing func_details
19:09:57.130 INFO  Writing func_viscluster
19:09:57.130 INFO  Writing info_overlays
19:09:57.132 INFO  Writing prop_statics
19:09:57.133 INFO  Writing env_cubemaps
19:09:57.134 INFO  Writing func_ladders
19:09:57.134 INFO  Finished decompiling C:\Program Files (x86)\Steam\steamapps\common\Portal 2\portal2\maps\sp_a2_triple_laser_d.bsp.
