PRT1
215
538
4 0 41 (0 1024 -960 ) (0 1024 704 ) (0 1120 704 ) (0 1120 -960 ) 
4 0 36 (0 1120 704 ) (0 1376 704 ) (0 1376 -960 ) (0 1120 -960 ) 
4 0 30 (0 1376 704 ) (0 1760 704 ) (0 1760 -960 ) (0 1376 -960 ) 
4 0 23 (64 1024 -960 ) (64 1024 64 ) (0 1024 64 ) (0 1024 -960 ) 
4 0 20 (64 1024 64 ) (64 1024 640 ) (0 1024 640 ) (0 1024 64 ) 
4 0 19 (64 1024 640 ) (64 1024 704 ) (0 1024 704 ) (0 1024 640 ) 
4 2 26 (1104 0 128 ) (1104 0 56 ) (1184 0 56 ) (1184 0 128 ) 
4 2 6 (1184 0 56 ) (1104 0 56 ) (1104 128 56 ) (1184 128 56 ) 
4 2 5 (1104 128 56 ) (1104 0 56 ) (1104 0 128 ) (1104 128 128 ) 
4 3 14 (1024 688 56 ) (1024 656 56 ) (1024 656 64 ) (1024 688 64 ) 
4 3 7 (1024 656 64 ) (1024 656 184 ) (1024 688 184 ) (1024 688 64 ) 
4 4 15 (1024 576 56 ) (1024 448 56 ) (1024 448 64 ) (1024 576 64 ) 
4 4 8 (1024 448 64 ) (1024 448 184 ) (1024 576 184 ) (1024 576 64 ) 
4 5 26 (1024 0 128 ) (1024 0 56 ) (1104 0 56 ) (1104 0 128 ) 
4 5 17 (1024 128 56 ) (1024 0 56 ) (1024 0 64 ) (1024 128 64 ) 
4 5 11 (1024 0 64 ) (1024 0 128 ) (1024 128 128 ) (1024 128 64 ) 
4 5 6 (1104 0 56 ) (1024 0 56 ) (1024 128 56 ) (1104 128 56 ) 
4 6 26 (1184 0 0 ) (1184 0 56 ) (1024 0 56 ) (1024 0 0 ) 
4 6 17 (1024 0 0 ) (1024 0 56 ) (1024 128 56 ) (1024 128 0 ) 
4 7 14 (1024 688 64 ) (1024 656 64 ) (976 656 64 ) (976 688 64 ) 
4 8 15 (1024 576 64 ) (1024 448 64 ) (976 448 64 ) (976 576 64 ) 
4 9 21 (64 224 192 ) (64 352 192 ) (64 352 64 ) (64 224 64 ) 
4 10 21 (64 128 192 ) (64 224 192 ) (64 224 64 ) (64 128 64 ) 
4 10 12 (64 128 64 ) (192 128 64 ) (192 128 192 ) (64 128 192 ) 
4 11 28 (1024 0 64 ) (1024 0 128 ) (768 0 128 ) (768 0 64 ) 
4 11 17 (768 128 64 ) (1024 128 64 ) (1024 0 64 ) (768 0 64 ) 
4 12 21 (64 96 192 ) (64 128 192 ) (64 128 64 ) (64 96 64 ) 
4 13 21 (64 32 192 ) (64 96 192 ) (64 96 64 ) (64 32 64 ) 
4 16 24 (64 128 64 ) (64 224 64 ) (64 224 -64 ) (64 128 -64 ) 
3 16 18 (64 128 -64 ) (72 128 -64 ) (64 128 64 ) 
4 17 28 (1024 0 0 ) (1024 0 64 ) (768 0 64 ) (768 0 0 ) 
4 18 24 (64 32 64 ) (64 128 64 ) (64 128 -64 ) (64 32 -64 ) 
4 19 47 (0 1024 704 ) (0 1024 640 ) (0 928 640 ) (0 928 704 ) 
4 19 20 (0 1024 640 ) (64 1024 640 ) (64 928 640 ) (0 928 640 ) 
4 20 51 (0 1024 192 ) (0 1024 64 ) (0 928 64 ) (0 928 192 ) 
4 20 48 (0 928 640 ) (0 1024 640 ) (0 1024 192 ) (0 928 192 ) 
4 20 23 (0 928 64 ) (0 1024 64 ) (64 1024 64 ) (64 928 64 ) 
4 21 60 (0 416 192 ) (0 416 64 ) (0 32 64 ) (0 32 192 ) 
4 21 50 (0 32 640 ) (0 416 640 ) (0 416 192 ) (0 32 192 ) 
4 21 24 (0 32 64 ) (0 416 64 ) (64 416 64 ) (64 32 64 ) 
4 21 22 (0 32 64 ) (64 32 64 ) (64 32 192 ) (0 32 192 ) 
4 22 67 (0 4 192 ) (0 8 192 ) (0 8 64 ) (0 4 64 ) 
4 22 70 (0 0 64 ) (0 0 192 ) (0 4 192 ) (0 4 64 ) 
4 22 60 (0 8 192 ) (0 32 192 ) (0 32 64 ) (0 8 64 ) 
4 22 24 (0 0 64 ) (0 32 64 ) (64 32 64 ) (64 0 64 ) 
4 23 71 (0 928 -960 ) (0 928 64 ) (0 1024 64 ) (0 1024 -960 ) 
4 24 95 (0 0 -64 ) (0 0 64 ) (0 8 64 ) (0 8 -64 ) 
4 24 93 (0 8 64 ) (0 416 64 ) (0 416 -64 ) (0 8 -64 ) 
4 24 25 (0 0 -64 ) (0 416 -64 ) (64 416 -64 ) (64 0 -64 ) 
4 25 119 (0 0 -80 ) (0 0 -64 ) (0 416 -64 ) (0 416 -80 ) 
4 26 28 (1024 0 128 ) (1024 0 0 ) (1024 -128 0 ) (1024 -128 128 ) 
4 27 29 (1024 -256 0 ) (1024 -512 0 ) (1024 -512 128 ) (1024 -256 128 ) 
4 30 36 (0 1376 -960 ) (0 1376 704 ) (-176 1376 704 ) (-176 1376 -960 ) 
4 30 32 (-176 1376 -368 ) (-176 1376 704 ) (-176 1392 704 ) (-176 1392 -368 ) 
4 30 31 (-176 1760 704 ) (-176 1760 -960 ) (-176 1392 -960 ) (-176 1392 704 ) 
4 31 33 (-192 1760 704 ) (-192 1760 -960 ) (-192 1392 -960 ) (-192 1392 704 ) 
4 31 32 (-192 1392 704 ) (-192 1392 -368 ) (-176 1392 -368 ) (-176 1392 704 ) 
4 32 37 (-176 1376 -368 ) (-176 1376 704 ) (-192 1376 704 ) (-192 1376 -368 ) 
4 32 34 (-192 1376 -368 ) (-192 1376 704 ) (-192 1392 704 ) (-192 1392 -368 ) 
4 33 35 (-464 1392 704 ) (-576 1392 704 ) (-576 1392 -960 ) (-464 1392 -960 ) 
4 33 34 (-192 1392 -368 ) (-192 1392 704 ) (-464 1392 704 ) (-464 1392 -368 ) 
4 34 39 (-448 1376 704 ) (-464 1376 704 ) (-464 1376 -368 ) (-448 1376 -368 ) 
4 34 38 (-192 1376 -368 ) (-192 1376 704 ) (-448 1376 704 ) (-448 1376 -368 ) 
4 34 35 (-464 1392 704 ) (-464 1392 -368 ) (-464 1376 -368 ) (-464 1376 704 ) 
4 35 40 (-464 1376 -960 ) (-464 1376 704 ) (-576 1376 704 ) (-576 1376 -960 ) 
4 36 41 (0 1120 -960 ) (0 1120 704 ) (-176 1120 704 ) (-176 1120 -960 ) 
4 36 37 (-176 1376 704 ) (-176 1376 -368 ) (-176 1120 -368 ) (-176 1120 704 ) 
4 37 42 (-176 1120 -368 ) (-176 1120 704 ) (-192 1120 704 ) (-192 1120 -368 ) 
4 37 38 (-192 1376 704 ) (-192 1376 -368 ) (-192 1120 -368 ) (-192 1120 704 ) 
4 38 44 (-192 1120 -368 ) (-192 1120 704 ) (-448 1120 704 ) (-448 1120 -368 ) 
4 38 39 (-448 1376 704 ) (-448 1376 -368 ) (-448 1120 -368 ) (-448 1120 704 ) 
4 39 44 (-448 1120 -368 ) (-448 1120 704 ) (-464 1120 704 ) (-464 1120 -368 ) 
4 39 40 (-464 1376 704 ) (-464 1376 -368 ) (-464 1120 -368 ) (-464 1120 704 ) 
4 40 45 (-464 1120 -960 ) (-464 1120 704 ) (-576 1120 704 ) (-576 1120 -960 ) 
4 41 71 (0 1024 -960 ) (0 1024 64 ) (-176 1024 64 ) (-176 1024 -960 ) 
4 41 51 (0 1024 64 ) (0 1024 192 ) (-176 1024 192 ) (-176 1024 64 ) 
4 41 48 (0 1024 192 ) (0 1024 640 ) (-176 1024 640 ) (-176 1024 192 ) 
4 41 47 (0 1024 640 ) (0 1024 704 ) (-176 1024 704 ) (-176 1024 640 ) 
4 41 43 (-176 1104 -960 ) (-176 1024 -960 ) (-176 1024 704 ) (-176 1104 704 ) 
4 41 42 (-176 1120 704 ) (-176 1120 -368 ) (-176 1104 -368 ) (-176 1104 704 ) 
4 42 44 (-192 1120 704 ) (-192 1120 -368 ) (-192 1104 -368 ) (-192 1104 704 ) 
4 42 43 (-192 1104 704 ) (-192 1104 -368 ) (-176 1104 -368 ) (-176 1104 704 ) 
4 43 71 (-176 1024 -960 ) (-176 1024 64 ) (-192 1024 64 ) (-192 1024 -960 ) 
4 43 51 (-176 1024 64 ) (-176 1024 192 ) (-192 1024 192 ) (-192 1024 64 ) 
4 43 48 (-176 1024 192 ) (-176 1024 640 ) (-192 1024 640 ) (-192 1024 192 ) 
4 43 47 (-176 1024 640 ) (-176 1024 704 ) (-192 1024 704 ) (-192 1024 640 ) 
4 43 46 (-192 1024 -960 ) (-192 1024 704 ) (-192 1104 704 ) (-192 1104 -960 ) 
4 44 46 (-192 1104 -368 ) (-192 1104 704 ) (-464 1104 704 ) (-464 1104 -368 ) 
4 44 45 (-464 1120 704 ) (-464 1120 -368 ) (-464 1104 -368 ) (-464 1104 704 ) 
4 45 46 (-464 1104 -960 ) (-464 1104 704 ) (-576 1104 704 ) (-576 1104 -960 ) 
4 46 71 (-192 1024 -960 ) (-192 1024 64 ) (-576 1024 64 ) (-576 1024 -960 ) 
4 46 51 (-192 1024 64 ) (-192 1024 192 ) (-576 1024 192 ) (-576 1024 64 ) 
4 46 48 (-192 1024 192 ) (-192 1024 640 ) (-576 1024 640 ) (-576 1024 192 ) 
4 46 47 (-192 1024 640 ) (-192 1024 704 ) (-576 1024 704 ) (-576 1024 640 ) 
4 47 48 (-576 928 640 ) (-576 1024 640 ) (0 1024 640 ) (0 928 640 ) 
4 48 51 (-576 1024 192 ) (0 1024 192 ) (0 928 192 ) (-576 928 192 ) 
4 49 59 (-512 448 192 ) (-128 448 192 ) (-128 416 192 ) (-512 416 192 ) 
4 49 50 (-512 416 192 ) (-128 416 192 ) (-128 416 640 ) (-512 416 640 ) 
4 50 63 (-384 416 192 ) (-256 416 192 ) (-256 96 192 ) (-384 96 192 ) 
4 50 66 (-704 416 192 ) (-384 416 192 ) (-384 32 192 ) (-704 32 192 ) 
4 50 61 (-128 416 192 ) (-124 416 192 ) (-124 32 192 ) (-128 32 192 ) 
4 50 60 (-124 416 192 ) (0 416 192 ) (0 32 192 ) (-124 32 192 ) 
4 50 62 (-256 416 192 ) (-128 416 192 ) (-128 32 192 ) (-256 32 192 ) 
4 51 71 (-576 1024 64 ) (0 1024 64 ) (0 928 64 ) (-576 928 64 ) 
4 52 74 (-256 736 64 ) (-224 736 64 ) (-224 672 64 ) (-256 672 64 ) 
4 52 54 (-256 736 126 ) (-256 736 64 ) (-256 672 64 ) (-256 672 126 ) 
4 52 53 (-256 736 128 ) (-256 736 126 ) (-256 672 126 ) (-256 672 128 ) 
4 53 55 (-384 736 128 ) (-384 736 126 ) (-384 672 126 ) (-384 672 128 ) 
4 53 54 (-384 672 126 ) (-384 736 126 ) (-256 736 126 ) (-256 672 126 ) 
4 54 79 (-384 736 64 ) (-256 736 64 ) (-256 672 64 ) (-384 672 64 ) 
4 54 55 (-384 736 126 ) (-384 736 64 ) (-384 672 64 ) (-384 672 126 ) 
4 55 84 (-416 736 64 ) (-384 736 64 ) (-384 672 64 ) (-416 672 64 ) 
4 56 57 (-320 456 96 ) (-320 456 80 ) (-224 456 80 ) (-224 456 96 ) 
4 57 58 (-288 452 80 ) (-224 452 80 ) (-224 452 96 ) (-288 452 96 ) 
4 58 83 (-256 448 64 ) (-288 448 64 ) (-288 452 64 ) (-256 452 64 ) 
4 58 78 (-224 448 64 ) (-256 448 64 ) (-256 452 64 ) (-224 452 64 ) 
4 58 59 (-288 448 64 ) (-224 448 64 ) (-224 448 96 ) (-288 448 96 ) 
4 59 91 (-432 448 64 ) (-368 448 64 ) (-368 416 64 ) (-432 416 64 ) 
4 59 92 (-512 448 64 ) (-432 448 64 ) (-432 416 64 ) (-512 416 64 ) 
4 59 90 (-368 448 64 ) (-128 448 64 ) (-128 416 64 ) (-368 416 64 ) 
4 59 63 (-384 416 64 ) (-256 416 64 ) (-256 416 192 ) (-384 416 192 ) 
4 59 66 (-512 416 64 ) (-384 416 64 ) (-384 416 192 ) (-512 416 192 ) 
4 59 62 (-256 416 64 ) (-128 416 64 ) (-128 416 192 ) (-256 416 192 ) 
4 60 93 (-124 416 64 ) (0 416 64 ) (0 8 64 ) (-124 8 64 ) 
4 60 67 (-124 8 64 ) (0 8 64 ) (0 8 192 ) (-124 8 192 ) 
4 60 61 (-124 416 192 ) (-124 416 64 ) (-124 8 64 ) (-124 8 192 ) 
4 61 94 (-128 416 64 ) (-124 416 64 ) (-124 8 64 ) (-128 8 64 ) 
4 61 62 (-128 416 192 ) (-128 416 64 ) (-128 8 64 ) (-128 8 192 ) 
4 62 100 (-128 160 64 ) (-128 96 64 ) (-160 96 64 ) (-160 160 64 ) 
4 62 101 (-128 96 64 ) (-128 8 64 ) (-160 8 64 ) (-160 96 64 ) 
4 62 102 (-160 8 64 ) (-256 8 64 ) (-256 160 64 ) (-160 160 64 ) 
4 62 97 (-256 416 64 ) (-128 416 64 ) (-128 160 64 ) (-256 160 64 ) 
4 62 68 (-256 8 64 ) (-128 8 64 ) (-128 8 192 ) (-256 8 192 ) 
4 62 64 (-256 96 64 ) (-256 32 64 ) (-256 32 191 ) (-256 96 191 ) 
4 62 63 (-256 416 192 ) (-256 416 64 ) (-256 96 64 ) (-256 96 192 ) 
4 62 65 (-256 32 64 ) (-256 8 64 ) (-256 8 192 ) (-256 32 192 ) 
4 63 102 (-256 160 64 ) (-256 96 64 ) (-384 96 64 ) (-384 160 64 ) 
4 63 97 (-384 416 64 ) (-256 416 64 ) (-256 160 64 ) (-384 160 64 ) 
4 63 64 (-384 96 191 ) (-384 96 64 ) (-256 96 64 ) (-256 96 191 ) 
4 63 66 (-384 416 192 ) (-384 416 64 ) (-384 96 64 ) (-384 96 192 ) 
4 64 102 (-256 96 64 ) (-256 32 64 ) (-384 32 64 ) (-384 96 64 ) 
4 64 66 (-384 96 64 ) (-384 32 64 ) (-384 32 191 ) (-384 96 191 ) 
4 64 65 (-384 32 191 ) (-384 32 64 ) (-256 32 64 ) (-256 32 191 ) 
4 65 102 (-256 32 64 ) (-256 8 64 ) (-384 8 64 ) (-384 32 64 ) 
4 65 68 (-384 8 64 ) (-256 8 64 ) (-256 8 192 ) (-384 8 192 ) 
4 65 66 (-384 32 64 ) (-384 8 64 ) (-384 8 192 ) (-384 32 192 ) 
4 66 113 (-704 8 64 ) (-704 224 64 ) (-516 224 64 ) (-516 8 64 ) 
4 66 110 (-704 224 64 ) (-704 352 64 ) (-516 352 64 ) (-516 224 64 ) 
4 66 107 (-704 352 64 ) (-704 416 64 ) (-516 416 64 ) (-516 352 64 ) 
4 66 103 (-516 416 64 ) (-512 416 64 ) (-512 8 64 ) (-516 8 64 ) 
4 66 102 (-384 160 64 ) (-384 8 64 ) (-512 8 64 ) (-512 160 64 ) 
4 66 99 (-480 224 64 ) (-480 160 64 ) (-512 160 64 ) (-512 224 64 ) 
4 66 98 (-512 416 64 ) (-480 416 64 ) (-480 224 64 ) (-512 224 64 ) 
4 66 97 (-480 416 64 ) (-384 416 64 ) (-384 160 64 ) (-480 160 64 ) 
4 66 68 (-512 8 64 ) (-384 8 64 ) (-384 8 192 ) (-512 8 192 ) 
4 66 69 (-704 8 192 ) (-704 8 64 ) (-516 8 64 ) (-516 8 192 ) 
4 67 95 (-124 8 64 ) (0 8 64 ) (0 4 64 ) (-124 4 64 ) 
4 67 70 (-124 4 64 ) (0 4 64 ) (0 4 192 ) (-124 4 192 ) 
4 68 101 (-160 8 64 ) (-128 8 64 ) (-128 4 64 ) (-160 4 64 ) 
4 68 102 (-512 8 64 ) (-160 8 64 ) (-160 4 64 ) (-512 4 64 ) 
4 68 70 (-512 4 64 ) (-128 4 64 ) (-128 4 192 ) (-512 4 192 ) 
4 69 115 (-704 4 64 ) (-704 8 64 ) (-516 8 64 ) (-516 4 64 ) 
4 69 70 (-704 4 192 ) (-704 4 64 ) (-516 4 64 ) (-516 4 192 ) 
4 70 138 (0 0 64 ) (0 0 192 ) (-640 0 192 ) (-640 0 64 ) 
4 70 117 (-516 0 64 ) (-704 0 64 ) (-704 4 64 ) (-516 4 64 ) 
4 70 105 (-512 0 64 ) (-516 0 64 ) (-516 4 64 ) (-512 4 64 ) 
4 70 101 (-128 0 64 ) (-160 0 64 ) (-160 4 64 ) (-128 4 64 ) 
4 70 102 (-160 0 64 ) (-512 0 64 ) (-512 4 64 ) (-160 4 64 ) 
4 70 96 (-124 0 64 ) (-128 0 64 ) (-128 4 64 ) (-124 4 64 ) 
4 70 95 (0 0 64 ) (-124 0 64 ) (-124 4 64 ) (0 4 64 ) 
4 71 72 (-256 928 64 ) (-384 928 64 ) (-384 928 -192 ) (-256 928 -192 ) 
4 72 79 (-256 736 64 ) (-384 736 64 ) (-384 736 -64 ) (-256 736 -64 ) 
4 73 90 (-160 448 64 ) (-192 448 64 ) (-192 448 32 ) (-160 448 32 ) 
4 74 79 (-256 736 64 ) (-256 736 -64 ) (-256 672 -64 ) (-256 672 64 ) 
4 75 79 (-256 664 -64 ) (-256 648 -64 ) (-256 648 64 ) (-256 664 64 ) 
4 76 89 (-256 456 -64 ) (-256 576 -64 ) (-192 576 -64 ) (-192 456 -64 ) 
4 76 81 (-256 576 -64 ) (-256 456 -64 ) (-256 456 64 ) (-256 576 64 ) 
4 76 77 (-256 456 64 ) (-256 456 -64 ) (-192 456 -64 ) (-192 456 64 ) 
4 77 89 (-256 452 -64 ) (-256 456 -64 ) (-192 456 -64 ) (-192 452 -64 ) 
4 77 82 (-256 456 -64 ) (-256 452 -64 ) (-256 452 64 ) (-256 456 64 ) 
4 77 78 (-256 452 64 ) (-256 452 -64 ) (-192 452 -64 ) (-192 452 64 ) 
4 78 90 (-192 448 64 ) (-256 448 64 ) (-256 448 -64 ) (-192 448 -64 ) 
4 78 89 (-192 448 -64 ) (-256 448 -64 ) (-256 452 -64 ) (-192 452 -64 ) 
4 78 83 (-256 452 -64 ) (-256 448 -64 ) (-256 448 64 ) (-256 452 64 ) 
4 79 85 (-384 664 -64 ) (-384 648 -64 ) (-384 648 64 ) (-384 664 64 ) 
4 79 84 (-384 736 64 ) (-384 736 -64 ) (-384 672 -64 ) (-384 672 64 ) 
4 79 80 (-384 591 64 ) (-384 591 -64 ) (-256 591 -64 ) (-256 591 64 ) 
4 80 81 (-384 590 64 ) (-384 590 -64 ) (-256 590 -64 ) (-256 590 64 ) 
4 81 89 (-384 456 -64 ) (-384 576 -64 ) (-256 576 -64 ) (-256 456 -64 ) 
4 81 86 (-384 576 -64 ) (-384 456 -64 ) (-384 456 64 ) (-384 576 64 ) 
4 81 82 (-384 456 64 ) (-384 456 -64 ) (-256 456 -64 ) (-256 456 64 ) 
4 82 89 (-384 452 -64 ) (-384 456 -64 ) (-256 456 -64 ) (-256 452 -64 ) 
4 82 87 (-384 456 -64 ) (-384 452 -64 ) (-384 452 64 ) (-384 456 64 ) 
4 82 83 (-384 452 64 ) (-384 452 -64 ) (-256 452 -64 ) (-256 452 64 ) 
4 83 91 (-368 448 64 ) (-384 448 64 ) (-384 448 -56 ) (-368 448 -56 ) 
4 83 90 (-256 448 64 ) (-368 448 64 ) (-368 448 -64 ) (-256 448 -64 ) 
4 83 89 (-256 448 -64 ) (-384 448 -64 ) (-384 452 -64 ) (-256 452 -64 ) 
4 83 88 (-384 452 -64 ) (-384 448 -64 ) (-384 448 64 ) (-384 452 64 ) 
4 86 89 (-448 456 -64 ) (-448 576 -64 ) (-384 576 -64 ) (-384 456 -64 ) 
4 86 87 (-448 456 64 ) (-448 456 -64 ) (-384 456 -64 ) (-384 456 64 ) 
4 87 89 (-448 452 -64 ) (-448 456 -64 ) (-384 456 -64 ) (-384 452 -64 ) 
4 87 88 (-448 452 64 ) (-448 452 -64 ) (-384 452 -64 ) (-384 452 64 ) 
4 88 91 (-384 448 64 ) (-432 448 64 ) (-432 448 -56 ) (-384 448 -56 ) 
4 88 92 (-432 448 64 ) (-448 448 64 ) (-448 448 -64 ) (-432 448 -64 ) 
4 88 89 (-384 448 -64 ) (-448 448 -64 ) (-448 452 -64 ) (-384 452 -64 ) 
4 90 97 (-368 416 -64 ) (-128 416 -64 ) (-128 416 64 ) (-368 416 64 ) 
4 90 91 (-368 448 64 ) (-368 448 -56 ) (-368 416 -56 ) (-368 416 64 ) 
4 91 97 (-368 416 -56 ) (-368 416 64 ) (-432 416 64 ) (-432 416 -56 ) 
4 91 92 (-432 448 64 ) (-432 448 -56 ) (-432 416 -56 ) (-432 416 64 ) 
4 92 98 (-512 416 -64 ) (-480 416 -64 ) (-480 416 64 ) (-512 416 64 ) 
4 92 97 (-480 416 -64 ) (-432 416 -64 ) (-432 416 64 ) (-480 416 64 ) 
4 93 119 (-124 416 -64 ) (0 416 -64 ) (0 8 -64 ) (-124 8 -64 ) 
4 93 95 (-124 8 -64 ) (0 8 -64 ) (0 8 64 ) (-124 8 64 ) 
4 93 94 (-124 416 64 ) (-124 416 -64 ) (-124 8 -64 ) (-124 8 64 ) 
4 94 119 (-128 416 -64 ) (-124 416 -64 ) (-124 8 -64 ) (-128 8 -64 ) 
4 94 100 (-128 96 -56 ) (-128 96 64 ) (-128 160 64 ) (-128 160 -56 ) 
4 94 101 (-128 96 -64 ) (-128 8 -64 ) (-128 8 64 ) (-128 96 64 ) 
4 94 97 (-128 416 64 ) (-128 416 -64 ) (-128 160 -64 ) (-128 160 64 ) 
4 95 139 (0 0 -64 ) (0 0 64 ) (-124 0 64 ) (-124 0 -64 ) 
4 95 119 (0 8 -64 ) (0 0 -64 ) (-124 0 -64 ) (-124 8 -64 ) 
4 95 96 (-124 4 -64 ) (-124 0 -64 ) (-124 0 64 ) (-124 4 64 ) 
4 96 139 (-124 0 64 ) (-128 0 64 ) (-128 0 -64 ) (-124 0 -64 ) 
4 96 119 (-124 0 -64 ) (-128 0 -64 ) (-128 4 -64 ) (-124 4 -64 ) 
4 96 101 (-128 4 -64 ) (-128 0 -64 ) (-128 0 64 ) (-128 4 64 ) 
4 97 135 (-352 288.014008 -64 ) (-352 224 -64 ) (-384 224 -64 ) (-384 288.014008 -64 ) 
4 97 133 (-320 352 -64 ) (-320 320 -64 ) (-352 320 -64 ) (-352 352 -64 ) 
4 97 134 (-320 320 -64 ) (-320 224 -64 ) (-352 224 -64 ) (-352 320 -64 ) 
4 97 131 (-256 160 -64 ) (-320 160 -64 ) (-320 192 -64 ) (-256 192 -64 ) 
4 97 130 (-320 192 -64 ) (-320 256 -64 ) (-256 256 -64 ) (-256 192 -64 ) 
4 97 129 (-128 256 -64 ) (-128 160 -64 ) (-256 160 -64 ) (-256 256 -64 ) 
4 97 125 (-192 256 -64 ) (-320 256 -64 ) (-320 352 -64 ) (-192 352 -64 ) 
4 97 124 (-160 256 -64 ) (-192 256 -64 ) (-192 352 -64 ) (-160 352 -64 ) 
4 97 123 (-128 352 -64 ) (-128 320 -64 ) (-160 320 -64 ) (-160 352 -64 ) 
4 97 121 (-128 384 -64 ) (-128 352 -64 ) (-320 352 -64 ) (-320 384 -64 ) 
4 97 120 (-224 416 -64 ) (-128 416 -64 ) (-128 384 -64 ) (-224 384 -64 ) 
4 97 100 (-128 160 -56 ) (-128 160 64 ) (-160 160 64 ) (-160 160 -56 ) 
4 97 102 (-480 160 -64 ) (-160 160 -64 ) (-160 160 64 ) (-480 160 64 ) 
4 97 99 (-480 160 -56 ) (-480 160 64 ) (-480 224 64 ) (-480 224 -56 ) 
4 97 98 (-480 416 64 ) (-480 416 -64 ) (-480 224 -64 ) (-480 224 64 ) 
4 98 104 (-512 416 -56 ) (-512 416 -64 ) (-512 224 -64 ) (-512 224 -56 ) 
4 98 103 (-512 416 64 ) (-512 416 -56 ) (-512 224 -56 ) (-512 224 64 ) 
4 98 99 (-512 224 64 ) (-512 224 -56 ) (-480 224 -56 ) (-480 224 64 ) 
4 99 103 (-512 160 -56 ) (-512 160 64 ) (-512 224 64 ) (-512 224 -56 ) 
4 99 102 (-512 160 64 ) (-512 160 -56 ) (-480 160 -56 ) (-480 160 64 ) 
4 100 101 (-160 96 64 ) (-160 96 -56 ) (-128 96 -56 ) (-128 96 64 ) 
4 100 102 (-160 160 64 ) (-160 160 -56 ) (-160 96 -56 ) (-160 96 64 ) 
4 101 139 (-128 0 64 ) (-160 0 64 ) (-160 0 -64 ) (-128 0 -64 ) 
4 101 102 (-160 96 -64 ) (-160 0 -64 ) (-160 0 64 ) (-160 96 64 ) 
4 102 140 (-256 0 64 ) (-384 0 64 ) (-384 0 -64 ) (-256 0 -64 ) 
4 102 139 (-160 0 64 ) (-256 0 64 ) (-256 0 -64 ) (-160 0 -64 ) 
4 102 141 (-384 0 64 ) (-512 0 64 ) (-512 0 -64 ) (-384 0 -64 ) 
4 102 106 (-512 4 -64 ) (-512 0 -64 ) (-512 0 -56 ) (-512 4 -56 ) 
4 102 105 (-512 0 -56 ) (-512 0 64 ) (-512 4 64 ) (-512 4 -56 ) 
4 102 104 (-512 160 -64 ) (-512 8 -64 ) (-512 8 -56 ) (-512 160 -56 ) 
4 102 103 (-512 8 -56 ) (-512 8 64 ) (-512 160 64 ) (-512 160 -56 ) 
4 103 113 (-516 224 -56 ) (-516 8 -56 ) (-516 8 64 ) (-516 224 64 ) 
4 103 110 (-516 352 -56 ) (-516 224 -56 ) (-516 224 64 ) (-516 352 64 ) 
4 103 107 (-516 416 64 ) (-516 416 -56 ) (-516 352 -56 ) (-516 352 64 ) 
4 103 104 (-512 8 -56 ) (-516 8 -56 ) (-516 416 -56 ) (-512 416 -56 ) 
4 104 114 (-516 224 -64 ) (-516 8 -64 ) (-516 8 -56 ) (-516 224 -56 ) 
4 104 111 (-516 352 -64 ) (-516 224 -64 ) (-516 224 -56 ) (-516 352 -56 ) 
4 104 108 (-516 416 -56 ) (-516 416 -64 ) (-516 352 -64 ) (-516 352 -56 ) 
4 105 141 (-512 0 64 ) (-516 0 64 ) (-516 0 -56 ) (-512 0 -56 ) 
4 105 117 (-516 0 -56 ) (-516 0 64 ) (-516 4 64 ) (-516 4 -56 ) 
4 105 106 (-516 0 -56 ) (-516 4 -56 ) (-512 4 -56 ) (-512 0 -56 ) 
4 106 141 (-516 0 -56 ) (-516 0 -64 ) (-512 0 -64 ) (-512 0 -56 ) 
4 106 118 (-516 4 -64 ) (-516 0 -64 ) (-516 0 -56 ) (-516 4 -56 ) 
4 107 110 (-704 352 64 ) (-704 352 -56 ) (-516 352 -56 ) (-516 352 64 ) 
4 107 108 (-516 352 -56 ) (-704 352 -56 ) (-704 416 -56 ) (-516 416 -56 ) 
4 108 112 (-704 352 -58.966125 ) (-704 352 -60.968578 ) (-671.912048 352 -62.650253 ) (-671.808044 352 -60.653240 ) 
5 108 111 (-704 352 -56 ) (-704 352 -58.966125 ) (-607.948303 352 -64 ) (-516 352 -64 ) (-516 352 -56 ) 
3 108 109 (-704 352 -60.968578 ) (-704 352 -64 ) (-646.157593 352 -64 ) 
3 109 114 (-704 224 -60.968575 ) (-704 224 -64 ) (-646.157593 224 -64 ) 
4 109 112 (-671.912048 352 -62.649960 ) (-704 352 -60.968285 ) (-704 224 -60.968262 ) (-671.911865 224 -62.649948 ) 
4 110 113 (-704 224 64 ) (-704 224 -56 ) (-516 224 -56 ) (-516 224 64 ) 
4 110 111 (-516 224 -56 ) (-704 224 -56 ) (-704 352 -56 ) (-516 352 -56 ) 
5 111 114 (-704 224 -56 ) (-704 224 -58.966125 ) (-607.948303 224 -64 ) (-516 224 -64 ) (-516 224 -56 ) 
4 111 112 (-671.807861 224 -60.653519 ) (-704 224 -58.966393 ) (-704 352 -58.966309 ) (-671.808044 352 -60.653397 ) 
4 112 114 (-704 224 -58.966125 ) (-704 224 -60.968575 ) (-671.911865 224 -62.650261 ) (-671.807861 224 -60.653252 ) 
4 113 115 (-704 8 64 ) (-704 8 -56 ) (-516 8 -56 ) (-516 8 64 ) 
4 113 114 (-516 8 -56 ) (-704 8 -56 ) (-704 224 -56 ) (-516 224 -56 ) 
4 114 137 (-544 32 -64 ) (-672 32 -64 ) (-672 128 -64 ) (-544 128 -64 ) 
4 114 116 (-704 8 -56 ) (-704 8 -64 ) (-516 8 -64 ) (-516 8 -56 ) 
4 115 117 (-704 4 64 ) (-704 4 -56 ) (-516 4 -56 ) (-516 4 64 ) 
4 115 116 (-516 4 -56 ) (-704 4 -56 ) (-704 8 -56 ) (-516 8 -56 ) 
4 116 118 (-704 4 -56 ) (-704 4 -64 ) (-516 4 -64 ) (-516 4 -56 ) 
4 117 141 (-516 0 64 ) (-638 0 64 ) (-638 0 -56 ) (-516 0 -56 ) 
4 117 118 (-704 0 -56 ) (-704 4 -56 ) (-516 4 -56 ) (-516 0 -56 ) 
4 118 141 (-638 0 -64 ) (-516 0 -64 ) (-516 0 -56 ) (-638 0 -56 ) 
4 119 132 (-128 160 -76 ) (-128 160 -66 ) (-128 416 -66 ) (-128 416 -76 ) 
4 119 129 (-128 160 -64 ) (-128 256 -64 ) (-128 256 -66 ) (-128 160 -66 ) 
4 119 123 (-128 320 -64 ) (-128 352 -64 ) (-128 352 -66 ) (-128 320 -66 ) 
4 119 122 (-128 384 -65 ) (-128 384 -66 ) (-128 352 -66 ) (-128 352 -65 ) 
4 119 121 (-128 352 -64 ) (-128 384 -64 ) (-128 384 -65 ) (-128 352 -65 ) 
4 119 120 (-128 384 -64 ) (-128 416 -64 ) (-128 416 -66 ) (-128 384 -66 ) 
4 120 132 (-224 416 -66 ) (-128 416 -66 ) (-128 384 -66 ) (-224 384 -66 ) 
4 120 122 (-224 384 -66 ) (-128 384 -66 ) (-128 384 -65 ) (-224 384 -65 ) 
4 120 121 (-128 384 -65 ) (-128 384 -64 ) (-224 384 -64 ) (-224 384 -65 ) 
4 121 125 (-320 352 -64 ) (-320 352 -65 ) (-192 352 -65 ) (-192 352 -64 ) 
4 121 124 (-192 352 -65 ) (-160 352 -65 ) (-160 352 -64 ) (-192 352 -64 ) 
4 121 123 (-160 352 -65 ) (-128 352 -65 ) (-128 352 -64 ) (-160 352 -64 ) 
4 121 122 (-128 352 -65 ) (-256 352 -65 ) (-256 384 -65 ) (-128 384 -65 ) 
4 122 132 (-256 384 -66 ) (-128 384 -66 ) (-128 352 -66 ) (-256 352 -66 ) 
4 122 127 (-256 352 -66 ) (-224 352 -66 ) (-224 352 -65 ) (-256 352 -65 ) 
4 122 123 (-160 352 -66 ) (-128 352 -66 ) (-128 352 -65 ) (-160 352 -65 ) 
4 123 132 (-160 352 -66 ) (-128 352 -66 ) (-128 320 -66 ) (-160 320 -66 ) 
4 123 124 (-160 352 -64 ) (-160 352 -65 ) (-160 320 -65 ) (-160 320 -64 ) 
4 124 129 (-160 256 -65 ) (-160 256 -64 ) (-192 256 -64 ) (-192 256 -65 ) 
4 124 125 (-192 352 -64 ) (-192 352 -65 ) (-192 256 -65 ) (-192 256 -64 ) 
4 125 133 (-320 320 -64 ) (-320 352 -64 ) (-320 352 -65 ) (-320 320 -65 ) 
4 125 134 (-320 256 -64 ) (-320 320 -64 ) (-320 320 -65 ) (-320 256 -65 ) 
4 125 130 (-320 256 -64 ) (-320 256 -65 ) (-256 256 -65 ) (-256 256 -64 ) 
4 125 129 (-256 256 -65 ) (-192 256 -65 ) (-192 256 -64 ) (-256 256 -64 ) 
4 125 128 (-288 320 -65 ) (-288 256 -65 ) (-320 256 -65 ) (-320 320 -65 ) 
4 125 127 (-288 352 -65 ) (-224 352 -65 ) (-224 256 -65 ) (-288 256 -65 ) 
4 125 126 (-192 287.992035 -65 ) (-192 256 -65 ) (-224 256 -65 ) (-224 288 -65 ) 
4 126 132 (-192 288 -66 ) (-192 256 -66 ) (-224 256 -66 ) (-224 288.008026 -66 ) 
4 126 129 (-224 256 -66 ) (-192 256 -66 ) (-192 256 -65 ) (-224 256 -65 ) 
4 126 127 (-224 256 -66 ) (-224 256 -65 ) (-224 288 -65 ) (-224 288.008026 -66 ) 
4 127 132 (-288 352 -66 ) (-224 352 -66 ) (-224 256 -66 ) (-288 256 -66 ) 
4 127 130 (-288 256 -66 ) (-256 256 -66 ) (-256 256 -65 ) (-288 256 -65 ) 
4 127 129 (-256 256 -66 ) (-224 256 -66 ) (-224 256 -65 ) (-256 256 -65 ) 
4 127 128 (-288 256 -66 ) (-288 256 -65 ) (-288 320 -65 ) (-288 320 -66 ) 
4 128 134 (-320 320 -66 ) (-320 256 -66 ) (-320 256 -65 ) (-320 320 -65 ) 
4 128 132 (-320 256 -66 ) (-320 320 -66 ) (-288 320 -66 ) (-288 256 -66 ) 
4 128 130 (-320 256 -65 ) (-320 256 -66 ) (-288 256 -66 ) (-288 256 -65 ) 
4 129 132 (-256 256 -66 ) (-128 256 -66 ) (-128 160 -66 ) (-256 160 -66 ) 
4 129 131 (-256 160 -65 ) (-256 160 -64 ) (-256 192 -64 ) (-256 192 -65 ) 
4 129 130 (-256 256 -64 ) (-256 256 -66 ) (-256 192 -66 ) (-256 192 -64 ) 
4 130 134 (-320 224 -64 ) (-320 256 -64 ) (-320 256 -66 ) (-320 224 -66 ) 
4 130 132 (-320 192 -66 ) (-320 256 -66 ) (-256 256 -66 ) (-256 192 -66 ) 
4 130 131 (-320 192 -64 ) (-320 192 -65 ) (-256 192 -65 ) (-256 192 -64 ) 
4 132 136 (-320 160 -76 ) (-320 160 -66 ) (-320 416 -66 ) (-320 416 -76 ) 
4 133 134 (-352 320 -64 ) (-352 320 -65 ) (-320 320 -65 ) (-320 320 -64 ) 
4 134 136 (-320 320 -66 ) (-320 224 -66 ) (-352 224 -66 ) (-352 320 -66 ) 
4 134 135 (-352 288.014008 -66 ) (-352 224 -66 ) (-352 224 -64 ) (-352 288.014008 -64 ) 
4 135 136 (-384 224 -66 ) (-384 288.014008 -66 ) (-352 288.014008 -66 ) (-352 224 -66 ) 
4 138 149 (-384 -256 320 ) (-384 -256 64 ) (-256 -256 64 ) (-256 -256 320 ) 
4 138 142 (-638 -256 64 ) (-640 -256 64 ) (-640 -64 64 ) (-638 -64 64 ) 
4 138 140 (-384 -248 64 ) (-384 0 64 ) (-256 0 64 ) (-256 -248 64 ) 
4 138 139 (0 -256 64 ) (-256 -256 64 ) (-256 0 64 ) (0 0 64 ) 
4 138 141 (-384 -256 64 ) (-638 -256 64 ) (-638 0 64 ) (-384 0 64 ) 
4 139 140 (-256 0 -64 ) (-256 -248 -64 ) (-256 -248 64 ) (-256 0 64 ) 
4 140 141 (-384 0 -64 ) (-384 -248 -64 ) (-384 -248 64 ) (-384 0 64 ) 
4 141 146 (-512 -256 -64 ) (-638 -256 -64 ) (-638 -64 -64 ) (-512 -64 -64 ) 
4 141 145 (-638 -64 -64 ) (-638 0 -64 ) (-512 0 -64 ) (-512 -64 -64 ) 
4 141 142 (-638 -64 -64 ) (-638 -256 -64 ) (-638 -256 64 ) (-638 -64 64 ) 
4 142 146 (-638 -256 -64 ) (-640 -256 -64 ) (-640 -64 -64 ) (-638 -64 -64 ) 
4 142 143 (-640 -64 -64 ) (-640 -256 -64 ) (-640 -256 64 ) (-640 -64 64 ) 
4 144 205 (-1024 -256 367 ) (-1024 -256 816 ) (-1024 -32 816 ) (-1024 -32 367 ) 
4 144 214 (-1024 -32 -64 ) (-1024 -256 -64 ) (-1024 -256 367 ) (-1024 -32 367 ) 
4 144 197 (-1024 -256 816 ) (-1024 -256 1440 ) (-1024 -32 1440 ) (-1024 -32 816 ) 
4 144 153 (-1024 -256 64 ) (-1024 -256 -64 ) (-752 -256 -64 ) (-752 -256 64 ) 
4 144 152 (-1024 -256 176 ) (-1024 -256 64 ) (-752 -256 64 ) (-752 -256 176 ) 
4 144 151 (-1024 -256 320 ) (-1024 -256 176 ) (-752 -256 176 ) (-752 -256 320 ) 
4 144 150 (-1024 -256 1440 ) (-1024 -256 320 ) (-752 -256 320 ) (-752 -256 1440 ) 
4 144 147 (-752 -256 -64 ) (-1024 -256 -64 ) (-1024 -32 -64 ) (-752 -32 -64 ) 
4 145 146 (-638 -64 -80 ) (-512 -64 -80 ) (-512 -64 -64 ) (-638 -64 -64 ) 
4 147 214 (-1024 -32 -80 ) (-1024 -256 -80 ) (-1024 -256 -64 ) (-1024 -32 -64 ) 
4 147 153 (-1024 -256 -64 ) (-1024 -256 -80 ) (-752 -256 -80 ) (-752 -256 -64 ) 
4 147 148 (-752 -256 -80 ) (-1024 -256 -80 ) (-1024 -32 -80 ) (-752 -32 -80 ) 
4 148 214 (-1024 -256 -848 ) (-1024 -256 -80 ) (-1024 -32 -80 ) (-1024 -32 -848 ) 
4 148 154 (-1024 -256 -80 ) (-1024 -256 -848 ) (-752 -256 -848 ) (-752 -256 -80 ) 
5 149 156 (-256 -288 64 ) (-256 -288 104.630943 ) (-262.272400 -288 184.327896 ) (-384 -288 174.743561 ) (-384 -288 64 ) 
4 149 155 (-262.272400 -288 184.327896 ) (-272.950226 -288 320 ) (-384 -288 320 ) (-384 -288 174.743561 ) 
4 150 205 (-1024 -288 367 ) (-1024 -288 816 ) (-1024 -256 816 ) (-1024 -256 367 ) 
4 150 214 (-1024 -288 320 ) (-1024 -288 367 ) (-1024 -256 367 ) (-1024 -256 320 ) 
4 150 197 (-1024 -288 816 ) (-1024 -288 1440 ) (-1024 -256 1440 ) (-1024 -256 816 ) 
4 150 192 (-1024 -288 1440 ) (-1024 -288 320 ) (-752 -288 320 ) (-752 -288 1440 ) 
4 150 151 (-1024 -256 320 ) (-752 -256 320 ) (-752 -288 320 ) (-1024 -288 320 ) 
4 151 214 (-1024 -288 176 ) (-1024 -288 320 ) (-1024 -256 320 ) (-1024 -256 176 ) 
4 151 192 (-1024 -288 320 ) (-1024 -288 176 ) (-752 -288 176 ) (-752 -288 320 ) 
4 151 152 (-1024 -256 176 ) (-752 -256 176 ) (-752 -288 176 ) (-1024 -288 176 ) 
4 152 214 (-1024 -288 64 ) (-1024 -288 176 ) (-1024 -256 176 ) (-1024 -256 64 ) 
4 152 192 (-1024 -288 176 ) (-1024 -288 64 ) (-752 -288 64 ) (-752 -288 176 ) 
4 152 153 (-1024 -256 64 ) (-752 -256 64 ) (-752 -288 64 ) (-1024 -288 64 ) 
4 153 214 (-1024 -288 -80 ) (-1024 -288 64 ) (-1024 -256 64 ) (-1024 -256 -80 ) 
4 153 192 (-1024 -288 64 ) (-1024 -288 -80 ) (-752 -288 -80 ) (-752 -288 64 ) 
4 153 154 (-1024 -256 -80 ) (-752 -256 -80 ) (-752 -288 -80 ) (-1024 -288 -80 ) 
4 154 214 (-1024 -288 -848 ) (-1024 -288 -80 ) (-1024 -256 -80 ) (-1024 -256 -848 ) 
4 154 192 (-1024 -288 -80 ) (-1024 -288 -848 ) (-752 -288 -848 ) (-752 -288 -80 ) 
3 155 166 (-389.876129 -384 174.280899 ) (-368.042419 -384 176 ) (-390.011414 -384 176 ) 
5 155 159 (-368.042419 -384 176 ) (-262.272858 -384 184.327881 ) (-269.726227 -384 279.030029 ) (-397.329498 -384 268.983185 ) (-390.011414 -384 176 ) 
3 155 158 (-270.017761 -384 282.734100 ) (-297.422791 -384 630.941895 ) (-297.638733 -384 630.924927 ) 
5 155 157 (-269.726227 -384 279.030029 ) (-270.017761 -384 282.734100 ) (-297.638733 -384 630.924927 ) (-425.026398 -384 620.898621 ) (-397.329498 -384 268.983185 ) 
4 155 156 (-262.276825 -288 184.327515 ) (-262.277283 -384 184.327484 ) (-389.876129 -384 174.280853 ) (-389.876099 -288 174.280853 ) 
3 156 187 (-395.779846 -384 45.419769 ) (-362.994446 -384 48 ) (-395.982910 -384 48 ) 
5 156 166 (-254.818710 -384 89.615753 ) (-261.617432 -384 176 ) (-368.042419 -384 176 ) (-389.876129 -384 174.280899 ) (-382.421906 -384 79.567886 ) 
5 156 165 (-362.994446 -384 48 ) (-252.229492 -384 56.717262 ) (-254.818710 -384 89.615753 ) (-382.421906 -384 79.567886 ) (-379.937408 -384 48 ) 
4 156 163 (-389.876129 -384 174.280899 ) (-405.822876 -384 173.025314 ) (-395.982910 -384 48 ) (-379.937408 -384 48 ) 
3 156 159 (-261.617432 -384 176 ) (-262.272858 -384 184.327881 ) (-368.042419 -384 176 ) 
4 157 160 (-297.638977 -385 630.927673 ) (-425.026642 -385 620.901428 ) (-397.329529 -385 268.983185 ) (-269.723938 -385 279.030182 ) 
4 157 159 (-269.723907 -385 279.030060 ) (-397.329498 -385 268.983032 ) (-397.329498 -384 268.983032 ) (-269.723938 -384 279.030060 ) 
4 157 158 (-297.639160 -385 630.925781 ) (-269.724365 -385 279.031250 ) (-269.724365 -384 279.031250 ) (-297.639160 -384 630.925781 ) 
3 158 161 (-297.424255 -385 630.944580 ) (-297.638977 -385 630.927673 ) (-269.723938 -385 279.030182 ) 
4 159 166 (-390.011444 -384 176 ) (-261.615112 -384 176 ) (-261.615417 -385 176 ) (-390.011444 -385 176 ) 
4 159 162 (-269.723938 -385 279.030182 ) (-397.329529 -385 268.983185 ) (-390.011444 -385 176 ) (-261.615417 -385 176 ) 
4 160 175 (-397.329529 -416 268.983185 ) (-269.723938 -416 279.030212 ) (-297.638702 -416 630.924805 ) (-425.026428 -416 620.898560 ) 
4 160 162 (-397.329498 -385 268.983032 ) (-269.723938 -385 279.030060 ) (-269.723907 -416 279.030060 ) (-397.329498 -416 268.983063 ) 
4 160 161 (-269.724365 -416 279.031250 ) (-269.724365 -385 279.031250 ) (-297.639069 -385 630.924805 ) (-297.639069 -416 630.924805 ) 
3 161 176 (-269.723938 -416 279.030212 ) (-297.423828 -416 630.941711 ) (-297.638702 -416 630.924805 ) 
4 162 177 (-390.011444 -416 176 ) (-259.610199 -416 176 ) (-267.731079 -416 279.187103 ) (-397.329529 -416 268.983185 ) 
4 162 168 (-259.610229 -416 176 ) (-390.011444 -416 176 ) (-390.011444 -385 176 ) (-259.610107 -385 176 ) 
4 163 187 (-395.982941 -384 48 ) (-379.937439 -384 48 ) (-379.937408 -414 48 ) (-395.982635 -414 48 ) 
4 163 168 (-389.875458 -414 174.280945 ) (-382.421204 -414 79.567833 ) (-382.421204 -385 79.567932 ) (-389.875458 -385 174.280960 ) 
4 163 167 (-382.421204 -414 79.567833 ) (-379.936707 -414 48 ) (-379.936707 -385 48 ) (-382.421204 -385 79.567932 ) 
4 163 166 (-382.421204 -384 79.567932 ) (-389.875458 -384 174.280960 ) (-389.875458 -385 174.280960 ) (-382.421204 -385 79.567940 ) 
4 163 165 (-379.936707 -385 48 ) (-379.936707 -384 48 ) (-382.421204 -384 79.567932 ) (-382.421204 -385 79.567940 ) 
5 163 164 (-395.982635 -414 48 ) (-379.938019 -414 48 ) (-389.876434 -414 174.280884 ) (-400 -414 173.483795 ) (-400 -414 99.044121 ) 
4 164 187 (-395.982605 -414 48 ) (-379.937408 -414 48 ) (-379.937408 -416 48 ) (-395.982574 -416 48 ) 
5 164 180 (-382.421906 -416 79.567780 ) (-389.876160 -416 174.280914 ) (-400 -416 173.483810 ) (-400 -416 99.044785 ) (-398.368256 -416 78.312119 ) 
4 164 169 (-395.982574 -416 48 ) (-379.937408 -416 48 ) (-382.421906 -416 79.567780 ) (-398.368256 -416 78.312119 ) 
4 164 168 (-389.875458 -416 174.280945 ) (-382.421204 -416 79.567825 ) (-382.421204 -414 79.567833 ) (-389.875458 -414 174.280960 ) 
4 164 167 (-382.421204 -416 79.567825 ) (-379.936707 -416 48 ) (-379.936707 -414 48 ) (-382.421204 -414 79.567833 ) 
4 165 187 (-379.937439 -384 48 ) (-362.995544 -384 48 ) (-362.995544 -385 48 ) (-379.937439 -385 48 ) 
5 165 167 (-382.422180 -385 79.567863 ) (-379.937683 -385 48 ) (-362.995575 -385 48 ) (-252.209015 -385 56.718987 ) (-254.817886 -385 89.615814 ) 
4 165 166 (-382.421875 -384 79.567871 ) (-382.421875 -385 79.567871 ) (-254.817902 -385 89.615799 ) (-254.817886 -384 89.615799 ) 
4 166 168 (-390.011719 -385 176 ) (-382.422180 -385 79.567863 ) (-254.816895 -385 89.615891 ) (-261.615417 -385 176 ) 
4 167 187 (-362.995544 -385 48 ) (-362.995544 -416 48 ) (-379.937408 -416 48 ) (-379.937439 -385 48 ) 
5 167 169 (-379.937408 -416 48 ) (-363.023438 -416 48 ) (-252.208954 -416 56.721210 ) (-254.817657 -416 89.615723 ) (-382.421906 -416 79.567772 ) 
4 167 168 (-254.817871 -385 89.615593 ) (-382.425781 -385 79.567383 ) (-382.425781 -416 79.567276 ) (-254.817612 -416 89.615509 ) 
3 168 186 (-368.021240 -416 176 ) (-390.011444 -416 176 ) (-389.876068 -416 174.279922 ) 
5 168 180 (-259.610229 -416 176 ) (-368.021240 -416 176 ) (-389.876068 -416 174.279922 ) (-382.421906 -416 79.567772 ) (-252.824051 -416 89.772705 ) 
4 169 188 (-362.995544 -544 48 ) (-400 -544 48 ) (-400 -416 48 ) (-362.995544 -416 48 ) 
4 169 183 (-414.321777 -479 77.055405 ) (-414.321564 -544 77.055206 ) (-254.814484 -544 89.615280 ) (-254.814865 -479 89.615456 ) 
4 169 180 (-254.815247 -416 89.615631 ) (-414.321960 -416 77.055595 ) (-414.321777 -479 77.055405 ) (-254.814865 -479 89.615456 ) 
4 169 172 (-414.321960 -416 77.055595 ) (-417 -416 76.844719 ) (-417 -544 76.844299 ) (-414.321564 -544 77.055206 ) 
4 169 170 (-417 -544 76.843513 ) (-417 -416 76.843941 ) (-417 -416 48 ) (-417 -544 48 ) 
4 170 173 (-417 -416 76.844719 ) (-418 -416 76.765976 ) (-418 -544 76.765556 ) (-417 -544 76.844299 ) 
4 170 171 (-418 -544 76.765144 ) (-418 -416 76.765572 ) (-418 -416 48 ) (-418 -544 48 ) 
4 171 190 (-496 -416 48 ) (-496 -544 48 ) (-496 -544 70.623863 ) (-496 -416 70.624268 ) 
4 171 174 (-418 -416 76.765976 ) (-496 -416 70.624023 ) (-496 -544 70.623596 ) (-418 -544 76.765556 ) 
4 172 183 (-414.321564 -544 77.056908 ) (-414.321777 -479 77.057106 ) (-417 -479 111.086655 ) (-417 -544 111.089012 ) 
4 172 180 (-414.321777 -479 77.057106 ) (-414.321960 -416 77.057304 ) (-417 -416 111.084366 ) (-417 -479 111.086655 ) 
4 172 173 (-417 -416 76.844032 ) (-417 -544 76.843605 ) (-417 -544 111.089134 ) (-417 -416 111.084526 ) 
4 173 184 (-418 -479 123.792610 ) (-418 -544 123.794968 ) (-417 -544 111.089012 ) (-417 -479 111.086655 ) 
4 173 181 (-417 -416 111.084366 ) (-418 -416 123.790329 ) (-418 -479 123.792610 ) (-417 -479 111.086655 ) 
4 173 174 (-418 -416 76.765602 ) (-418 -544 76.765175 ) (-418 -544 123.793663 ) (-418 -416 123.789055 ) 
4 174 190 (-496 -544 70.623863 ) (-496 -544 176 ) (-496 -416 176 ) (-496 -416 70.624268 ) 
4 174 185 (-421.775909 -479 171.769241 ) (-421.775726 -544 171.769257 ) (-418 -544 123.794968 ) (-418 -479 123.792610 ) 
4 174 182 (-418 -416 123.790329 ) (-421.776093 -416 171.769226 ) (-421.775909 -479 171.769241 ) (-418 -479 123.792610 ) 
4 175 178 (-397.329498 -479 268.983215 ) (-269.723938 -479 279.030182 ) (-297.638702 -479 630.924866 ) (-425.026428 -479 620.898621 ) 
4 175 177 (-269.723907 -479 279.030060 ) (-397.329529 -479 268.983032 ) (-397.329529 -416 268.983063 ) (-269.723938 -416 279.030060 ) 
4 175 176 (-269.723969 -479 279.030731 ) (-269.723969 -416 279.030731 ) (-297.639160 -416 630.927734 ) (-297.639160 -479 630.927734 ) 
3 176 178 (-297.423462 -479 630.941833 ) (-297.638702 -479 630.924866 ) (-270.076233 -479 283.471191 ) 
4 177 186 (-390.011444 -416 176 ) (-368.021240 -416 176 ) (-368.021210 -479 176 ) (-390.011414 -479 176 ) 
4 177 180 (-368.021240 -416 176 ) (-259.610779 -416 176 ) (-259.610992 -479 176 ) (-368.021210 -479 176 ) 
4 177 179 (-390.011444 -479 176 ) (-261.615112 -479 176 ) (-269.723633 -479 279.030212 ) (-397.329498 -479 268.983215 ) 
4 178 179 (-397.330078 -544 268.983154 ) (-397.330078 -479 268.983154 ) (-269.726685 -479 279.029999 ) (-269.727020 -544 279.029968 ) 
4 179 186 (-390.011444 -479 176 ) (-368.021240 -479 176 ) (-368.021240 -544 176 ) (-390.011444 -544 176 ) 
4 179 183 (-368.021240 -479 176 ) (-261.615112 -479 176 ) (-261.635040 -544 176 ) (-368.021240 -544 176 ) 
4 180 186 (-389.876038 -479 174.279648 ) (-368.017578 -479 176 ) (-368.017578 -416 176 ) (-389.876038 -416 174.279648 ) 
6 180 183 (-261.615112 -479 176 ) (-368.015625 -479 176 ) (-417 -479 172.144684 ) (-417 -479 111.085480 ) (-414.321747 -479 77.055679 ) (-254.816650 -479 89.616463 ) 
4 180 181 (-417 -416 111.083672 ) (-417 -479 111.085938 ) (-417 -479 172.140625 ) (-417 -416 172.140625 ) 
4 181 184 (-417 -479 172.144684 ) (-418 -479 172.065979 ) (-418 -479 123.791443 ) (-417 -479 111.085480 ) 
4 181 182 (-418 -416 123.786797 ) (-418 -479 123.789063 ) (-418 -479 172.062500 ) (-418 -416 172.062500 ) 
3 182 185 (-418 -479 172.065979 ) (-421.775970 -479 171.768799 ) (-418 -479 123.791443 ) 
4 183 186 (-389.876038 -544 174.279648 ) (-368.017578 -544 176 ) (-368.017578 -479 176 ) (-389.876038 -479 174.279648 ) 
4 183 184 (-417 -544 172.145142 ) (-417 -479 172.145142 ) (-417 -479 111.085587 ) (-417 -544 111.087921 ) 
4 184 185 (-418 -544 172.066406 ) (-418 -479 172.066406 ) (-418 -479 123.791374 ) (-418 -544 123.793716 ) 
3 187 188 (-362.995544 -416 48 ) (-395.982574 -416 48 ) (-395.779510 -416 45.419868 ) 
4 189 190 (-560 -416 240 ) (-560 -416 48 ) (-496 -416 48 ) (-496 -416 240 ) 
4 190 195 (-496 -544 48 ) (-496 -544 176 ) (-560 -544 176 ) (-560 -544 48 ) 
4 190 193 (-496 -544 176 ) (-496 -544 240 ) (-560 -544 240 ) (-560 -544 176 ) 
4 190 191 (-560 -544 48 ) (-560 -544 176 ) (-560 -416 176 ) (-560 -416 48 ) 
4 191 192 (-752 -416 -80 ) (-752 -544 -80 ) (-752 -544 176 ) (-752 -416 176 ) 
4 192 205 (-1024 -495.995209 816 ) (-1024 -288 816 ) (-1024 -288 367 ) (-1024 -496 367 ) 
4 192 214 (-1024 -288 367 ) (-1024 -288 -848 ) (-1024 -496.012573 -848 ) (-1024 -496 367 ) 
4 192 203 (-1024 -544 -848 ) (-1024 -544 367 ) (-1024 -496 367 ) (-1024 -496.012573 -848 ) 
4 192 200 (-1024 -544 367 ) (-1024 -544 816 ) (-1024 -495.995209 816 ) (-1024 -496 367 ) 
4 192 197 (-1024 -544 816 ) (-1024 -544 1440 ) (-1024 -288 1440 ) (-1024 -288 816 ) 
4 192 196 (-752 -544 -848 ) (-752 -544 176 ) (-1024 -544 176 ) (-1024 -544 -848 ) 
4 192 194 (-752 -544 176 ) (-752 -544 1440 ) (-1024 -544 1440 ) (-1024 -544 176 ) 
4 193 195 (-560 -544 176 ) (-496 -544 176 ) (-496 -576 176 ) (-560 -576 176 ) 
4 194 203 (-1024 -544 367 ) (-1024 -544 176 ) (-1024 -928 176 ) (-1024 -928 367 ) 
4 194 200 (-1024 -544 816 ) (-1024 -544 367 ) (-1024 -928 367 ) (-1024 -928 816 ) 
4 194 197 (-1024 -544 1440 ) (-1024 -544 816 ) (-1024 -928 816 ) (-1024 -928 1440 ) 
4 194 196 (-1024 -928 176 ) (-1024 -544 176 ) (-752 -544 176 ) (-752 -928 176 ) 
4 196 203 (-1024 -928 176 ) (-1024 -544 176 ) (-1024 -544 -848 ) (-1024 -928 -848 ) 
4 197 210 (-1276.592896 -322.760925 816 ) (-1125.248291 -64.520966 816 ) (-1121.615356 -93.521423 816 ) (-1229.704834 -275.872803 816 ) 
3 197 209 (-1107.751709 -204.189697 816 ) (-1105.269775 -224.001556 816 ) (-1170.754639 -241.125977 816 ) 
4 197 208 (-1227.895508 -272.820374 816 ) (-1121.615356 -93.521423 816 ) (-1107.751709 -204.189697 816 ) (-1222.322998 -271.358582 816 ) 
3 197 207 (-1229.535400 -275.586914 816 ) (-1227.895508 -272.820374 816 ) (-1222.323120 -271.358582 816 ) 
6 197 206 (-1073.686646 -476.117188 816 ) (-1295.741943 -387.280212 816 ) (-1263.437744 -332.781738 816 ) (-1219.182007 -288.526886 816 ) (-1164.704956 -256.244019 816 ) (-1103.250244 -240.123016 816 ) 
5 197 205 (-1106.188965 -32 816 ) (-1024 -32 816 ) (-1024 -495.995178 816 ) (-1073.686646 -476.117188 816 ) (-1125.248291 -64.520966 816 ) 
4 197 204 (-1712 -220.749084 816 ) (-1712 -32 816 ) (-1106.188965 -32 816 ) (-1310.860474 -381.231750 816 ) 
4 197 202 (-1085.214600 -928 816 ) (-1106.104736 -928 816 ) (-1276.592285 -637.221130 816 ) (-1263.496460 -627.153992 816 ) 
4 197 201 (-1368.300781 -358.251770 816 ) (-1350.107056 -365.530487 816 ) (-1311.880249 -511.245117 816 ) (-1328 -513 816 ) 
5 197 200 (-1350.107056 -365.530487 816 ) (-1024 -495.995178 816 ) (-1024 -928 816 ) (-1085.214600 -928 816 ) (-1295.751831 -572.724060 816 ) 
3 197 199 (-1106.104736 -928 816 ) (-1219.921631 -928 816 ) (-1310.878174 -578.744080 816 ) 
4 197 198 (-1712 -928 816 ) (-1712 -220.749084 816 ) (-1368.300781 -358.251770 816 ) (-1219.921631 -928 816 ) 
4 198 204 (-1712 -220.755264 367 ) (-1712 -220.750000 816 ) (-1368.300659 -358.252808 816 ) (-1368.297241 -358.259430 367 ) 
4 198 203 (-1712 -928 367 ) (-1712 -220.753906 367 ) (-1368.297607 -358.257935 367 ) (-1219.920044 -928 367 ) 
4 198 201 (-1327.998047 -513 367 ) (-1368.297363 -358.257874 367 ) (-1368.300537 -358.251923 816 ) (-1328 -513 816 ) 
4 198 199 (-1219.921387 -928 816 ) (-1219.919800 -928 367 ) (-1310.873901 -578.753174 367 ) (-1310.877686 -578.744751 816 ) 
3 199 203 (-1106.105835 -928 367 ) (-1219.920044 -928 367 ) (-1310.874390 -578.752380 367 ) 
4 199 202 (-1106.106812 -928 816 ) (-1106.108032 -928 367 ) (-1276.594482 -637.221863 367 ) (-1276.593262 -637.221924 816 ) 
4 200 212 (-1073.676880 -476.126587 432 ) (-1073.675293 -476.127991 367 ) (-1310.862305 -381.237244 367 ) (-1310.862061 -381.236572 432 ) 
4 200 206 (-1295.742432 -387.280975 816 ) (-1073.686523 -476.118195 816 ) (-1073.676880 -476.126587 432 ) (-1295.751709 -387.281708 432 ) 
4 200 205 (-1073.686523 -476.118195 816 ) (-1024 -495.996124 816 ) (-1024 -496.001434 367 ) (-1073.675293 -476.127991 367 ) 
4 200 204 (-1350.106812 -365.531586 816 ) (-1310.860962 -381.232544 816 ) (-1310.862305 -381.237244 367 ) (-1350.105225 -365.537476 367 ) 
5 200 203 (-1350.105591 -365.535950 367 ) (-1024 -496 367 ) (-1024 -928 367 ) (-1085.217041 -928 367 ) (-1295.750000 -572.731384 367 ) 
4 200 202 (-1263.498657 -627.154724 367 ) (-1085.217651 -928 367 ) (-1085.215332 -928 816 ) (-1263.496704 -627.154114 816 ) 
4 200 201 (-1350.106567 -365.531372 816 ) (-1350.105225 -365.536621 367 ) (-1311.879761 -511.245056 367 ) (-1311.879761 -511.245026 816 ) 
4 201 204 (-1368.300659 -358.252808 816 ) (-1350.106812 -365.531586 816 ) (-1350.105225 -365.537476 367 ) (-1368.297241 -358.259430 367 ) 
4 201 203 (-1368.297607 -358.257935 367 ) (-1350.105591 -365.535950 367 ) (-1311.880249 -511.245117 367 ) (-1327.998291 -513 367 ) 
4 202 203 (-1085.217041 -928 367 ) (-1106.105835 -928 367 ) (-1276.593506 -637.221008 367 ) (-1263.498657 -627.154663 367 ) 
4 203 214 (-1024 -496.015808 -848 ) (-1712 -220.769531 -848 ) (-1712 -220.755264 367 ) (-1024 -496.001434 367 ) 
4 204 213 (-1250.854614 -278.845123 367 ) (-1239.246216 -259.037659 367 ) (-1239.246338 -259.037537 432 ) (-1250.854736 -278.844849 432 ) 
4 204 212 (-1310.861206 -381.233765 432 ) (-1310.861328 -381.234375 367 ) (-1250.854614 -278.845123 367 ) (-1250.854736 -278.844849 432 ) 
4 204 211 (-1239.246216 -259.037659 367 ) (-1125.239868 -64.508911 367 ) (-1125.241089 -64.510658 432 ) (-1239.246338 -259.037537 432 ) 
4 204 210 (-1276.612793 -322.795776 432 ) (-1125.241089 -64.510658 432 ) (-1125.248291 -64.521004 816 ) (-1276.594360 -322.762329 816 ) 
4 204 205 (-1125.239868 -64.508911 367 ) (-1106.187500 -32 367 ) (-1106.188843 -32 816 ) (-1125.248291 -64.521004 816 ) 
4 204 214 (-1310.861694 -381.236115 367 ) (-1712 -220.753906 367 ) (-1712 -32 367 ) (-1106.187500 -32 367 ) 
4 205 212 (-1103.240234 -240.122421 367 ) (-1073.675415 -476.126343 367 ) (-1073.677002 -476.125031 432 ) (-1103.241699 -240.122528 432 ) 
4 205 211 (-1125.240356 -64.515602 432 ) (-1125.239136 -64.513840 367 ) (-1105.259888 -224 367 ) (-1105.261353 -224 432 ) 
4 205 210 (-1125.247681 -64.525993 816 ) (-1125.240356 -64.515602 432 ) (-1121.609741 -93.496986 432 ) (-1121.615356 -93.521393 816 ) 
4 205 209 (-1107.743774 -204.183060 432 ) (-1105.261230 -224 432 ) (-1105.269653 -224.001526 816 ) (-1107.751587 -204.189636 816 ) 
4 205 208 (-1121.609741 -93.496986 432 ) (-1107.743774 -204.183060 432 ) (-1107.751587 -204.189636 816 ) (-1121.615356 -93.521393 816 ) 
4 205 206 (-1103.241577 -240.122498 432 ) (-1073.677002 -476.125031 432 ) (-1073.686523 -476.117218 816 ) (-1103.250122 -240.123016 816 ) 
5 205 214 (-1024 -496 367 ) (-1073.675537 -476.126465 367 ) (-1125.239746 -64.509003 367 ) (-1106.187500 -32 367 ) (-1024 -32 367 ) 
6 206 212 (-1103.243408 -240.122986 432 ) (-1073.678955 -476.124298 432 ) (-1295.750244 -387.279175 432 ) (-1263.458252 -332.801178 432 ) (-1219.172241 -288.516144 432 ) (-1164.725220 -256.251068 432 ) 
3 207 212 (-1229.547119 -275.591736 432 ) (-1227.907227 -272.825195 432 ) (-1222.334717 -271.363403 432 ) 
4 207 210 (-1227.904541 -272.824463 432 ) (-1229.543701 -275.589752 432 ) (-1229.532104 -275.584991 816 ) (-1227.892944 -272.819702 816 ) 
4 207 208 (-1222.333618 -271.362762 432 ) (-1227.904785 -272.824219 432 ) (-1227.893066 -272.819427 816 ) (-1222.322021 -271.358002 816 ) 
4 208 213 (-1170.763550 -241.129150 432 ) (-1222.334717 -271.363403 432 ) (-1227.907227 -272.825195 432 ) (-1216.155273 -253 432 ) 
4 208 211 (-1121.611328 -93.499580 432 ) (-1107.745605 -204.184082 432 ) (-1170.763550 -241.129150 432 ) (-1216.155273 -253 432 ) 
4 208 210 (-1121.614868 -93.524216 816 ) (-1121.609375 -93.500000 432 ) (-1227.904541 -272.824463 432 ) (-1227.892944 -272.819702 816 ) 
4 208 209 (-1170.763428 -241.129105 432 ) (-1107.743896 -204.183136 432 ) (-1107.751709 -204.189682 816 ) (-1170.754639 -241.125977 816 ) 
3 209 211 (-1107.745605 -204.184082 432 ) (-1105.263062 -224 432 ) (-1170.763550 -241.129150 432 ) 
4 210 213 (-1250.852173 -278.844177 432 ) (-1239.243896 -259.036926 432 ) (-1216.155273 -253 432 ) (-1227.907227 -272.825226 432 ) 
4 210 212 (-1276.607666 -322.790710 432 ) (-1250.852173 -278.844177 432 ) (-1227.907227 -272.825226 432 ) (-1229.748535 -275.931549 432 ) 
4 210 211 (-1239.243896 -259.036926 432 ) (-1125.242188 -64.515625 432 ) (-1121.611328 -93.499580 432 ) (-1216.155273 -253 432 ) 
4 211 213 (-1170.770142 -241.129547 432 ) (-1239.244873 -259.035828 432 ) (-1239.244751 -259.035950 367 ) (-1170.769775 -241.129608 367 ) 
3 211 214 (-1239.245605 -259.037476 367 ) (-1125.239746 -64.509003 367 ) (-1105.260010 -224 367 ) 
4 212 213 (-1250.851563 -278.844025 367 ) (-1250.851563 -278.843750 432 ) (-1164.719116 -256.248993 432 ) (-1164.718750 -256.249176 367 ) 
4 212 214 (-1073.675537 -476.126465 367 ) (-1310.861694 -381.236115 367 ) (-1250.854004 -278.844971 367 ) (-1103.240356 -240.122452 367 ) 
4 213 214 (-1250.854004 -278.844971 367 ) (-1239.245605 -259.037476 367 ) (-1170.769287 -241.130798 367 ) (-1164.718628 -256.249634 367 ) 
