19:09:56.594 INFO  Loading C:\Program Files (x86)\Steam\steamapps\common\Portal 2\portal2\maps\sp_a1_wakeup.bsp
19:09:56.705 INFO  Using 'DStaticPropV9' for sprp version 9
19:09:56.731 WARN  Lump LUMP_DISP_MULTIBLEND is empty
19:09:56.731 INFO  BSP version: 21
19:09:56.732 INFO  Game: Portal 2
19:09:56.732 INFO  Equal amount of areaporal entities and areaportal brushes. Using 'Ordered' method
19:09:56.732 INFO  No occluders to reallocate...
19:09:56.774 INFO  2149 (20.0%) exact brushside->origface matches
19:09:56.774 INFO  10/22 (nondisp/disp) original faces left after exact brushside->origface matching
19:09:56.793 INFO  183 (1.7%) partial brushside->origface matches
19:09:56.793 INFO  Writing brushes and planes
19:09:56.860 INFO  Writing displacements
19:09:56.906 INFO  Writing entities
19:09:56.938 INFO  Writing func_details
19:09:57.015 INFO  Writing func_viscluster
19:09:57.015 INFO  Writing info_overlays
19:09:57.016 INFO  Writing prop_statics
19:09:57.026 INFO  Writing env_cubemaps
19:09:57.027 INFO  Writing func_ladders
19:09:57.027 INFO  Finished decompiling C:\Program Files (x86)\Steam\steamapps\common\Portal 2\portal2\maps\sp_a1_wakeup.bsp.
