19:09:54.322 INFO  Loading C:\Program Files (x86)\Steam\steamapps\common\Portal 2\portal2\maps\sp_a4_tb_wall_button.bsp
19:09:54.455 INFO  Using 'DStaticPropV9' for sprp version 9
19:09:54.463 WARN  Lump LUMP_DISPINFO is empty
19:09:54.463 WARN  Lump LUMP_DISP_VERTS is empty
19:09:54.463 WARN  Lump LUMP_DISP_TRIS is empty
19:09:54.464 WARN  Lump LUMP_DISP_MULTIBLEND is empty
19:09:54.465 INFO  BSP version: 21
19:09:54.465 INFO  Game: Portal 2
19:09:54.467 INFO  Equal amount of areaporal entities and areaportal brushes. Using 'Ordered' method
19:09:54.468 INFO  No occluders to reallocate...
19:09:54.582 INFO  2308 (19.1%) exact brushside->origface matches
19:09:54.582 INFO  0/0 (nondisp/disp) original faces left after exact brushside->origface matching
19:09:54.668 INFO  159 (1.3%) partial brushside->origface matches
19:09:54.668 INFO  Writing brushes and planes
19:09:54.740 INFO  Writing displacements
19:09:54.740 INFO  Writing entities
19:09:54.823 INFO  Writing func_details
19:09:55.003 INFO  Writing func_viscluster
19:09:55.004 INFO  Writing info_overlays
19:09:55.004 INFO  Writing prop_statics
19:09:55.011 INFO  Writing env_cubemaps
19:09:55.011 INFO  Writing func_ladders
19:09:55.012 INFO  Finished decompiling C:\Program Files (x86)\Steam\steamapps\common\Portal 2\portal2\maps\sp_a4_tb_wall_button.bsp.
