19:09:54.251 INFO  Loading C:\Program Files (x86)\Steam\steamapps\common\Portal 2\portal2\maps\sp_a2_bts4.bsp
19:09:54.325 INFO  Using 'DStaticPropV9' for sprp version 9
19:09:54.329 WARN  Lump LUMP_DISPINFO is empty
19:09:54.330 WARN  Lump LUMP_DISP_VERTS is empty
19:09:54.330 WARN  Lump LUMP_DISP_TRIS is empty
19:09:54.330 WARN  Lump LUMP_DISP_MULTIBLEND is empty
19:09:54.332 INFO  BSP version: 21
19:09:54.332 INFO  Game: Portal 2
19:09:54.333 INFO  Equal amount of areaporal entities and areaportal brushes. Using 'Ordered' method
19:09:54.333 INFO  No occluders to reallocate...
19:09:54.367 INFO  2144 (29.2%) exact brushside->origface matches
19:09:54.367 INFO  0/0 (nondisp/disp) original faces left after exact brushside->origface matching
19:09:54.414 INFO  100 (1.4%) partial brushside->origface matches
19:09:54.415 INFO  Writing brushes and planes
19:09:54.613 INFO  Writing displacements
19:09:54.613 INFO  Writing entities
19:09:54.649 INFO  Writing func_details
19:09:54.668 INFO  Writing func_viscluster
19:09:54.669 INFO  Writing info_overlays
19:09:54.671 INFO  Writing prop_statics
19:09:54.696 INFO  Writing env_cubemaps
19:09:54.696 INFO  Writing func_ladders
19:09:54.697 INFO  Finished decompiling C:\Program Files (x86)\Steam\steamapps\common\Portal 2\portal2\maps\sp_a2_bts4.bsp.
