19:09:54.179 INFO  Loading C:\Program Files (x86)\Steam\steamapps\common\Portal 2\portal2\maps\sp_a2_bts3.bsp
19:09:54.238 INFO  Using 'DStaticPropV9' for sprp version 9
19:09:54.243 WARN  Lump LUMP_DISPINFO is empty
19:09:54.243 WARN  Lump LUMP_DISP_VERTS is empty
19:09:54.243 WARN  Lump LUMP_DISP_TRIS is empty
19:09:54.243 WARN  Lump LUMP_DISP_MULTIBLEND is empty
19:09:54.245 INFO  BSP version: 21
19:09:54.245 INFO  Game: Portal 2
19:09:54.248 INFO  Equal amount of areaporal entities and areaportal brushes. Using 'Ordered' method
19:09:54.248 INFO  No occluders to reallocate...
19:09:54.302 INFO  2466 (32.6%) exact brushside->origface matches
19:09:54.303 INFO  0/0 (nondisp/disp) original faces left after exact brushside->origface matching
19:09:54.321 INFO  163 (2.2%) partial brushside->origface matches
19:09:54.321 INFO  Writing brushes and planes
19:09:54.498 INFO  Writing displacements
19:09:54.498 INFO  Writing entities
19:09:54.573 INFO  Writing func_details
19:09:54.592 INFO  Writing func_viscluster
19:09:54.593 INFO  Writing info_overlays
19:09:54.594 INFO  Writing prop_statics
19:09:54.628 INFO  Writing env_cubemaps
19:09:54.629 INFO  Writing func_ladders
19:09:54.629 INFO  Finished decompiling C:\Program Files (x86)\Steam\steamapps\common\Portal 2\portal2\maps\sp_a2_bts3.bsp.
