19:09:55.167 INFO  Loading C:\Program Files (x86)\Steam\steamapps\common\Portal 2\portal2\maps\sp_a4_tb_intro.bsp
19:09:55.287 INFO  Using 'DStaticPropV9' for sprp version 9
19:09:55.289 WARN  Lump LUMP_DISPINFO is empty
19:09:55.289 WARN  Lump LUMP_DISP_VERTS is empty
19:09:55.289 WARN  Lump LUMP_DISP_TRIS is empty
19:09:55.289 WARN  Lump LUMP_DISP_MULTIBLEND is empty
19:09:55.291 INFO  BSP version: 21
19:09:55.291 INFO  Game: Portal 2
19:09:55.291 INFO  Equal amount of areaporal entities and areaportal brushes. Using 'Ordered' method
19:09:55.292 INFO  No occluders to reallocate...
19:09:55.332 INFO  1866 (16.5%) exact brushside->origface matches
19:09:55.332 INFO  0/0 (nondisp/disp) original faces left after exact brushside->origface matching
19:09:55.353 INFO  107 (0.9%) partial brushside->origface matches
19:09:55.353 INFO  Writing brushes and planes
19:09:55.418 INFO  Writing displacements
19:09:55.418 INFO  Writing entities
19:09:55.497 INFO  Writing func_details
19:09:55.572 INFO  Writing func_viscluster
19:09:55.572 INFO  Writing info_overlays
19:09:55.573 INFO  Writing prop_statics
19:09:55.576 INFO  Writing env_cubemaps
19:09:55.576 INFO  Writing func_ladders
19:09:55.577 INFO  Finished decompiling C:\Program Files (x86)\Steam\steamapps\common\Portal 2\portal2\maps\sp_a4_tb_intro.bsp.
