19:09:56.559 INFO  Loading C:\Program Files (x86)\Steam\steamapps\common\Portal 2\portal2\maps\sp_a2_bridge_the_gap.bsp
19:09:56.622 INFO  Using 'DStaticPropV9' for sprp version 9
19:09:56.628 WARN  Lump LUMP_DISP_MULTIBLEND is empty
19:09:56.630 INFO  BSP version: 21
19:09:56.630 INFO  Game: Portal 2
19:09:56.631 INFO  Equal amount of areaporal entities and areaportal brushes. Using 'Ordered' method
19:09:56.631 INFO  No occluders to reallocate...
19:09:56.682 INFO  2268 (18.1%) exact brushside->origface matches
19:09:56.682 INFO  6/2 (nondisp/disp) original faces left after exact brushside->origface matching
19:09:56.727 INFO  103 (0.8%) partial brushside->origface matches
19:09:56.728 INFO  Writing brushes and planes
19:09:56.811 INFO  Writing displacements
19:09:56.811 INFO  Writing entities
19:09:56.845 INFO  Writing func_details
19:09:56.985 INFO  Writing func_viscluster
19:09:56.985 INFO  Writing info_overlays
19:09:56.987 INFO  Writing prop_statics
19:09:56.996 INFO  Writing env_cubemaps
19:09:56.996 INFO  Writing func_ladders
19:09:56.996 INFO  Finished decompiling C:\Program Files (x86)\Steam\steamapps\common\Portal 2\portal2\maps\sp_a2_bridge_the_gap.bsp.
