19:09:56.559 INFO  Loading C:\Program Files (x86)\Steam\steamapps\common\Portal 2\portal2\maps\sp_a2_turret_intro.bsp
19:09:56.610 INFO  Using 'DStaticPropV9' for sprp version 9
19:09:56.617 WARN  Lump LUMP_DISPINFO is empty
19:09:56.617 WARN  Lump LUMP_DISP_VERTS is empty
19:09:56.618 WARN  Lump LUMP_DISP_TRIS is empty
19:09:56.618 WARN  Lump LUMP_DISP_MULTIBLEND is empty
19:09:56.619 INFO  BSP version: 21
19:09:56.619 INFO  Game: Portal 2
19:09:56.620 INFO  Equal amount of areaporal entities and areaportal brushes. Using 'Ordered' method
19:09:56.620 INFO  No occluders to reallocate...
19:09:56.651 INFO  1906 (18.8%) exact brushside->origface matches
19:09:56.651 INFO  1/0 (nondisp/disp) original faces left after exact brushside->origface matching
19:09:56.675 INFO  114 (1.1%) partial brushside->origface matches
19:09:56.675 INFO  Writing brushes and planes
19:09:56.744 INFO  Writing displacements
19:09:56.744 INFO  Writing entities
19:09:56.765 INFO  Writing func_details
19:09:56.842 INFO  Writing func_viscluster
19:09:56.842 INFO  Writing info_overlays
19:09:56.843 INFO  Writing prop_statics
19:09:56.849 INFO  Writing env_cubemaps
19:09:56.850 INFO  Writing func_ladders
19:09:56.850 INFO  Finished decompiling C:\Program Files (x86)\Steam\steamapps\common\Portal 2\portal2\maps\sp_a2_turret_intro.bsp.
