19:09:55.027 INFO  Loading C:\Program Files (x86)\Steam\steamapps\common\Portal 2\portal2\maps\sp_a2_laser_stairs.bsp
19:09:55.119 INFO  Using 'DStaticPropV9' for sprp version 9
19:09:55.133 WARN  Lump LUMP_DISP_MULTIBLEND is empty
19:09:55.135 INFO  BSP version: 21
19:09:55.135 INFO  Game: Portal 2
19:09:55.135 INFO  Equal amount of areaporal entities and areaportal brushes. Using 'Ordered' method
19:09:55.135 INFO  No occluders to reallocate...
19:09:55.243 INFO  2584 (21.5%) exact brushside->origface matches
19:09:55.243 INFO  1/1 (nondisp/disp) original faces left after exact brushside->origface matching
19:09:55.265 INFO  149 (1.2%) partial brushside->origface matches
19:09:55.265 INFO  Writing brushes and planes
19:09:55.375 INFO  Writing displacements
19:09:55.375 INFO  Writing entities
19:09:55.415 INFO  Writing func_details
19:09:55.600 INFO  Writing func_viscluster
19:09:55.600 INFO  Writing info_overlays
19:09:55.601 INFO  Writing prop_statics
19:09:55.607 INFO  Writing env_cubemaps
19:09:55.607 INFO  Writing func_ladders
19:09:55.607 INFO  Finished decompiling C:\Program Files (x86)\Steam\steamapps\common\Portal 2\portal2\maps\sp_a2_laser_stairs.bsp.
