PRT1
335
1004
4 0 1 (3328 1408 4352 ) (4000 1408 4352 ) (4000 1408 4736 ) (3328 1408 4736 ) 
4 1 4 (3264 1408 4352 ) (3264 1344 4352 ) (3264 1344 4736 ) (3264 1408 4736 ) 
4 2 4 (3264 1216 4352 ) (3264 1152 4352 ) (3264 1152 4736 ) (3264 1216 4736 ) 
4 3 5 (3136 1504 4736 ) (3136 1504 4160 ) (3136 1440 4160 ) (3136 1440 4736 ) 
4 3 4 (3136 1440 4736 ) (3136 1440 4160 ) (3200 1440 4160 ) (3200 1440 4736 ) 
4 4 7 (3200 1088 4736 ) (3136 1088 4736 ) (3136 1088 4160 ) (3200 1088 4160 ) 
4 4 6 (3136 1088 3968 ) (3136 1088 4736 ) (3136 1440 4736 ) (3136 1440 3968 ) 
4 5 8 (3072 1440 4160 ) (3072 1440 4736 ) (3072 1504 4736 ) (3072 1504 4160 ) 
4 5 6 (3136 1440 4160 ) (3136 1440 4736 ) (3072 1440 4736 ) (3072 1440 4160 ) 
4 6 9 (3072 1088 4032 ) (3072 1088 4160 ) (3072 1440 4160 ) (3072 1440 4032 ) 
4 6 8 (3072 1088 4160 ) (3072 1088 4736 ) (3072 1440 4736 ) (3072 1440 4160 ) 
4 6 7 (3136 1088 4160 ) (3136 1088 4736 ) (3072 1088 4736 ) (3072 1088 4160 ) 
4 7 60 (3072 1024 4352 ) (3072 1024 4160 ) (3200 1024 4160 ) (3200 1024 4352 ) 
4 7 58 (3072 1024 4608 ) (3072 1024 4352 ) (3120 1024 4352 ) (3120 1024 4608 ) 
4 7 57 (3120 1024 4352 ) (3200 1024 4352 ) (3200 1024 4608 ) (3120 1024 4608 ) 
4 7 56 (3200 1024 4736 ) (3072 1024 4736 ) (3072 1024 4608 ) (3200 1024 4608 ) 
4 7 8 (3072 1024 4160 ) (3072 1024 4736 ) (3072 1088 4736 ) (3072 1088 4160 ) 
4 8 201 (2995 1024 4352 ) (2880 1024 4352 ) (2880 1024 4160 ) (2995 1024 4160 ) 
4 8 199 (3003 1024 4352 ) (2995 1024 4352 ) (2995 1024 4160 ) (3003 1024 4160 ) 
4 8 198 (3072 1024 4160 ) (3072 1024 4352 ) (3003 1024 4352 ) (3003 1024 4160 ) 
4 8 67 (2995 1024 4736 ) (2880 1024 4736 ) (2880 1024 4352 ) (2995 1024 4352 ) 
4 8 66 (3003 1024 4736 ) (2995 1024 4736 ) (2995 1024 4352 ) (3003 1024 4352 ) 
4 8 65 (3072 1024 4352 ) (3072 1024 4736 ) (3003 1024 4736 ) (3003 1024 4352 ) 
4 8 17 (2880 1024 4160 ) (2880 1024 4344 ) (2880 1032 4344 ) (2880 1032 4160 ) 
4 8 14 (2880 1024 4352 ) (2880 1024 4512 ) (2880 1032 4512 ) (2880 1032 4352 ) 
4 8 13 (2880 1024 4512 ) (2880 1024 4736 ) (2880 1032 4736 ) (2880 1032 4512 ) 
4 8 15 (2880 1024 4344 ) (2880 1024 4352 ) (2880 1032 4352 ) (2880 1032 4344 ) 
4 8 12 (2880 1032 4736 ) (2880 1504 4736 ) (2880 1504 4160 ) (2880 1032 4160 ) 
4 8 9 (3072 1440 4160 ) (3072 1088 4160 ) (2944 1088 4160 ) (2944 1440 4160 ) 
4 10 52 (2880 1280 3328 ) (2880 1088 3328 ) (2880 1088 3488 ) (2880 1280 3488 ) 
4 10 11 (2880 1088 3328 ) (2944 1088 3328 ) (2944 1088 3488 ) (2880 1088 3488 ) 
4 11 53 (2880 1024 3328 ) (2880 1024 3488 ) (2880 1032 3488 ) (2880 1032 3328 ) 
4 11 52 (2880 1032 3488 ) (2880 1088 3488 ) (2880 1088 3328 ) (2880 1032 3328 ) 
4 12 49 (2880 1280 3968 ) (2880 1032 3968 ) (2868 1032 3968 ) (2868 1280 3968 ) 
4 12 51 (2868 1032 3968 ) (2816 1032 3968 ) (2816 1280 3968 ) (2868 1280 3968 ) 
4 12 47 (2880 1472 3968 ) (2880 1280 3968 ) (2816 1280 3968 ) (2816 1472 3968 ) 
4 12 33 (2880 1504 3968 ) (2880 1472 3968 ) (2816 1472 3968 ) (2816 1504 3968 ) 
4 12 19 (2816 1504 3968 ) (2816 1032 3968 ) (2816 1032 4736 ) (2816 1504 4736 ) 
4 12 18 (2816 1032 4344 ) (2816 1032 3968 ) (2868 1032 3968 ) (2868 1032 4344 ) 
4 12 17 (2868 1032 3968 ) (2880 1032 3968 ) (2880 1032 4344 ) (2868 1032 4344 ) 
4 12 14 (2864 1032 4512 ) (2864 1032 4352 ) (2880 1032 4352 ) (2880 1032 4512 ) 
4 12 13 (2880 1032 4736 ) (2864 1032 4736 ) (2864 1032 4512 ) (2880 1032 4512 ) 
4 12 15 (2864 1032 4352 ) (2864 1032 4344 ) (2880 1032 4344 ) (2880 1032 4352 ) 
4 12 16 (2864 1032 4736 ) (2816 1032 4736 ) (2816 1032 4344 ) (2864 1032 4344 ) 
4 13 68 (2880 1024 4512 ) (2880 1024 4736 ) (2864 1024 4736 ) (2864 1024 4512 ) 
4 13 16 (2864 1032 4736 ) (2864 1032 4512 ) (2864 1024 4512 ) (2864 1024 4736 ) 
4 13 14 (2864 1024 4512 ) (2864 1032 4512 ) (2880 1032 4512 ) (2880 1024 4512 ) 
4 14 70 (2880 1024 4352 ) (2880 1024 4512 ) (2864 1024 4512 ) (2864 1024 4352 ) 
4 14 15 (2864 1024 4352 ) (2864 1032 4352 ) (2880 1032 4352 ) (2880 1024 4352 ) 
4 14 16 (2864 1032 4512 ) (2864 1032 4352 ) (2864 1024 4352 ) (2864 1024 4512 ) 
4 15 202 (2880 1024 4344 ) (2880 1024 4352 ) (2868 1024 4352 ) (2868 1024 4344 ) 
4 15 205 (2868 1024 4352 ) (2864 1024 4352 ) (2864 1024 4344 ) (2868 1024 4344 ) 
4 15 18 (2864 1032 4344 ) (2868 1032 4344 ) (2868 1024 4344 ) (2864 1024 4344 ) 
4 15 17 (2868 1032 4344 ) (2880 1032 4344 ) (2880 1024 4344 ) (2868 1024 4344 ) 
4 15 16 (2864 1032 4352 ) (2864 1032 4344 ) (2864 1024 4344 ) (2864 1024 4352 ) 
4 16 205 (2816 1024 4352 ) (2816 1024 4344 ) (2864 1024 4344 ) (2864 1024 4352 ) 
4 16 71 (2864 1024 4736 ) (2816 1024 4736 ) (2816 1024 4352 ) (2864 1024 4352 ) 
4 16 19 (2816 1024 4344 ) (2816 1024 4736 ) (2816 1032 4736 ) (2816 1032 4344 ) 
4 16 18 (2816 1024 4344 ) (2816 1032 4344 ) (2864 1032 4344 ) (2864 1024 4344 ) 
4 17 203 (2880 1024 3968 ) (2880 1024 4344 ) (2868 1024 4344 ) (2868 1024 3968 ) 
4 17 50 (2880 1032 3968 ) (2880 1024 3968 ) (2868 1024 3968 ) (2868 1032 3968 ) 
4 17 18 (2868 1024 4344 ) (2868 1032 4344 ) (2868 1032 3968 ) (2868 1024 3968 ) 
4 18 205 (2868 1024 4344 ) (2816 1024 4344 ) (2816 1024 3968 ) (2868 1024 3968 ) 
4 18 51 (2868 1024 3968 ) (2816 1024 3968 ) (2816 1032 3968 ) (2868 1032 3968 ) 
4 18 19 (2816 1032 3968 ) (2816 1024 3968 ) (2816 1024 4344 ) (2816 1032 4344 ) 
4 19 208 (2560 1024 4352 ) (2560 1024 3968 ) (2624 1024 3968 ) (2624 1024 4352 ) 
4 19 205 (2624 1024 3968 ) (2816 1024 3968 ) (2816 1024 4352 ) (2624 1024 4352 ) 
4 19 79 (2560 1024 4736 ) (2560 1024 4544 ) (2816 1024 4544 ) (2816 1024 4736 ) 
4 19 80 (2560 1024 4544 ) (2560 1024 4352 ) (2816 1024 4352 ) (2816 1024 4544 ) 
4 19 51 (2816 1280 3968 ) (2816 1024 3968 ) (2560 1024 3968 ) (2560 1280 3968 ) 
4 19 47 (2816 1472 3968 ) (2816 1280 3968 ) (2560 1280 3968 ) (2560 1472 3968 ) 
4 19 41 (2624 1472 3968 ) (2610 1472 3968 ) (2610 1536 3968 ) (2624 1536 3968 ) 
4 19 42 (2610 1472 3968 ) (2560 1472 3968 ) (2560 1536 3968 ) (2610 1536 3968 ) 
4 19 39 (2766 1472 3968 ) (2752 1472 3968 ) (2752 1536 3968 ) (2766 1536 3968 ) 
4 19 38 (2816 1536 3968 ) (2816 1472 3968 ) (2766 1472 3968 ) (2766 1536 3968 ) 
4 19 40 (2752 1472 3968 ) (2624 1472 3968 ) (2624 1536 3968 ) (2752 1536 3968 ) 
4 19 20 (2560 1504 3968 ) (2560 1024 3968 ) (2560 1024 4736 ) (2560 1504 4736 ) 
4 20 208 (2432 1024 4352 ) (2432 1024 3968 ) (2560 1024 3968 ) (2560 1024 4352 ) 
4 20 79 (2432 1024 4736 ) (2432 1024 4544 ) (2560 1024 4544 ) (2560 1024 4736 ) 
4 20 80 (2432 1024 4544 ) (2432 1024 4352 ) (2560 1024 4352 ) (2560 1024 4544 ) 
4 20 51 (2560 1280 3968 ) (2560 1024 3968 ) (2432 1024 3968 ) (2432 1280 3968 ) 
4 20 47 (2560 1472 3968 ) (2560 1280 3968 ) (2432 1280 3968 ) (2432 1472 3968 ) 
4 20 44 (2560 1504 3968 ) (2560 1472 3968 ) (2432 1472 3968 ) (2432 1504 3968 ) 
4 20 28 (2432 1504 3968 ) (2432 1472 3968 ) (2432 1472 3972.510010 ) (2432 1504 3975.571777 ) 
4 20 23 (2432 1472 3972.510010 ) (2432 1472 4096 ) (2432 1504 4096 ) (2432 1504 3975.571777 ) 
4 20 31 (2432 1472 3968 ) (2432 1024 3968 ) (2432 1024 4096 ) (2432 1472 4096 ) 
4 20 21 (2432 1024 4096 ) (2432 1024 4736 ) (2432 1504 4736 ) (2432 1504 4096 ) 
4 21 208 (2176 1024 4352 ) (2176 1024 4096 ) (2432 1024 4096 ) (2432 1024 4352 ) 
4 21 87 (2176 1024 4480 ) (2176 1024 4352 ) (2432 1024 4352 ) (2432 1024 4480 ) 
4 21 85 (2176 1024 4736 ) (2176 1024 4480 ) (2240 1024 4480 ) (2240 1024 4736 ) 
4 21 83 (2240 1024 4480 ) (2304 1024 4480 ) (2304 1024 4608 ) (2240 1024 4608 ) 
4 21 82 (2304 1024 4608 ) (2304 1024 4736 ) (2240 1024 4736 ) (2240 1024 4608 ) 
4 21 81 (2304 1024 4480 ) (2432 1024 4480 ) (2432 1024 4736 ) (2304 1024 4736 ) 
4 21 32 (2176 1024 4096 ) (2176 1024 4736 ) (2176 1504 4736 ) (2176 1504 4096 ) 
4 21 26 (2226 1536 4096 ) (2240 1536 4096 ) (2240 1472 4096 ) (2226 1472 4096 ) 
4 21 27 (2176 1472 4096 ) (2176 1536 4096 ) (2226 1536 4096 ) (2226 1472 4096 ) 
4 21 24 (2368 1536 4096 ) (2382 1536 4096 ) (2382 1472 4096 ) (2368 1472 4096 ) 
4 21 23 (2382 1536 4096 ) (2432 1536 4096 ) (2432 1472 4096 ) (2382 1472 4096 ) 
4 21 25 (2240 1536 4096 ) (2368 1536 4096 ) (2368 1472 4096 ) (2240 1472 4096 ) 
4 21 31 (2176 1024 4096 ) (2176 1472 4096 ) (2432 1472 4096 ) (2432 1024 4096 ) 
4 22 29 (2226 1822 4002 ) (2226 1822 3968 ) (2382 1822 3968 ) (2382 1822 4002 ) 
4 22 28 (2432 1822 3968 ) (2432 1822 4006 ) (2382 1822 4006 ) (2382 1822 3968 ) 
4 22 30 (2226 1822 4006 ) (2176 1822 4006 ) (2176 1822 3968 ) (2226 1822 3968 ) 
4 22 26 (2240 1822 4096 ) (2226 1822 4096 ) (2226 1822 4038 ) (2240 1822 4038 ) 
4 22 27 (2226 1822 4096 ) (2176 1822 4096 ) (2176 1822 4006 ) (2226 1822 4006 ) 
4 22 24 (2382 1822 4096 ) (2368 1822 4096 ) (2368 1822 4038 ) (2382 1822 4038 ) 
4 22 23 (2432 1822 4006 ) (2432 1822 4096 ) (2382 1822 4096 ) (2382 1822 4006 ) 
4 22 25 (2368 1822 4096 ) (2240 1822 4096 ) (2240 1822 4006 ) (2368 1822 4006 ) 
4 23 28 (2432 1472 3972.510010 ) (2382 1472 3972.510010 ) (2382 1822 4006 ) (2432 1822 4006 ) 
4 23 24 (2382 1822 4096 ) (2382 1822 4038 ) (2382 1472 4004.510010 ) (2382 1472 4096 ) 
4 23 31 (2432 1472 3972.510010 ) (2432 1472 4096 ) (2382 1472 4096 ) (2382 1472 3972.510010 ) 
4 24 31 (2382 1472 4096 ) (2368 1472 4096 ) (2368 1472 4004.510010 ) (2382 1472 4004.510010 ) 
4 24 25 (2368 1822 4096 ) (2368 1822 4038 ) (2368 1472 4004.510010 ) (2368 1472 4096 ) 
4 25 26 (2240 1822 4096 ) (2240 1822 4038 ) (2240 1472 4004.510010 ) (2240 1472 4096 ) 
4 25 31 (2368 1472 4096 ) (2240 1472 4096 ) (2240 1472 3972.510010 ) (2368 1472 3972.510010 ) 
4 26 27 (2226 1822 4096 ) (2226 1822 4038 ) (2226 1472 4004.510010 ) (2226 1472 4096 ) 
4 26 31 (2240 1472 4096 ) (2226 1472 4096 ) (2226 1472 4004.510010 ) (2240 1472 4004.510010 ) 
4 27 32 (2176 1472 3972.510010 ) (2176 1472 4096 ) (2176 1504 4096 ) (2176 1504 3975.572021 ) 
4 27 30 (2226 1472 3972.510010 ) (2176 1472 3972.510010 ) (2176 1822 4006 ) (2226 1822 4006 ) 
4 27 31 (2226 1472 4096 ) (2176 1472 4096 ) (2176 1472 3972.510010 ) (2226 1472 3972.510010 ) 
4 28 45 (2432 1536 3968 ) (2432 1472 3968 ) (2382 1472 3968 ) (2382 1536 3968 ) 
4 28 29 (2382 1472 3968 ) (2382 1472 3968.510010 ) (2382 1822 4002 ) (2382 1822 3968 ) 
4 28 31 (2432 1472 3968 ) (2432 1472 3972.510010 ) (2382 1472 3972.510010 ) (2382 1472 3968 ) 
4 29 45 (2382 1472 3968 ) (2226 1472 3968 ) (2226 1536 3968 ) (2382 1536 3968 ) 
4 29 31 (2226 1472 3968.510254 ) (2226 1472 3968 ) (2382 1472 3968 ) (2382 1472 3968.510254 ) 
4 29 30 (2226 1472 3968 ) (2226 1472 3968.510010 ) (2226 1822 4002 ) (2226 1822 3968 ) 
4 30 45 (2226 1472 3968 ) (2176 1472 3968 ) (2176 1536 3968 ) (2226 1536 3968 ) 
4 30 32 (2176 1504 3968 ) (2176 1472 3968 ) (2176 1472 3972.510010 ) (2176 1504 3975.572021 ) 
4 30 31 (2226 1472 3972.510010 ) (2176 1472 3972.510010 ) (2176 1472 3968 ) (2226 1472 3968 ) 
4 31 208 (2176 1024 4096 ) (2176 1024 3968 ) (2432 1024 3968 ) (2432 1024 4096 ) 
4 31 51 (2432 1280 3968 ) (2432 1024 3968 ) (2176 1024 3968 ) (2176 1280 3968 ) 
4 31 47 (2432 1472 3968 ) (2432 1280 3968 ) (2176 1280 3968 ) (2176 1472 3968 ) 
4 31 32 (2176 1472 3968 ) (2176 1024 3968 ) (2176 1024 4096 ) (2176 1472 4096 ) 
4 32 239 (2048 1024 3968 ) (2048 1024 4736 ) (2048 1280 4736 ) (2048 1280 3968 ) 
4 32 237 (2048 1280 4736 ) (2048 1424 4736 ) (2048 1424 3968 ) (2048 1280 3968 ) 
4 32 233 (2048 1424 4736 ) (2048 1488 4736 ) (2048 1488 3968 ) (2048 1424 3968 ) 
4 32 232 (2048 1488 4736 ) (2048 1504 4736 ) (2048 1504 3968 ) (2048 1488 3968 ) 
4 32 208 (2048 1024 4352 ) (2048 1024 3968 ) (2176 1024 3968 ) (2176 1024 4352 ) 
4 32 88 (2048 1024 4480 ) (2048 1024 4352 ) (2176 1024 4352 ) (2176 1024 4480 ) 
4 32 86 (2048 1024 4736 ) (2048 1024 4480 ) (2176 1024 4480 ) (2176 1024 4736 ) 
4 32 51 (2048 1024 3968 ) (2048 1280 3968 ) (2176 1280 3968 ) (2176 1024 3968 ) 
4 32 47 (2048 1280 3968 ) (2048 1472 3968 ) (2176 1472 3968 ) (2176 1280 3968 ) 
4 32 46 (2048 1472 3968 ) (2048 1504 3968 ) (2176 1504 3968 ) (2176 1472 3968 ) 
4 33 48 (2880 1472 3712 ) (2880 1472 3776 ) (2816 1472 3776 ) (2816 1472 3712 ) 
4 33 47 (2880 1472 3776 ) (2880 1472 3968 ) (2816 1472 3968 ) (2816 1472 3776 ) 
4 33 43 (2816 1472 3712 ) (2816 1472 3840 ) (2816 1504 3840 ) (2816 1504 3712 ) 
4 33 38 (2816 1472 3844.510010 ) (2816 1472 3968 ) (2816 1504 3968 ) (2816 1504 3847.571777 ) 
4 33 35 (2816 1472 3840 ) (2816 1472 3844.510010 ) (2816 1504 3847.571777 ) (2816 1504 3840 ) 
4 34 41 (2624 1822 3910 ) (2624 1822 3968 ) (2610 1822 3968 ) (2610 1822 3910 ) 
4 34 42 (2560 1822 3968 ) (2560 1822 3878 ) (2610 1822 3878 ) (2610 1822 3968 ) 
4 34 39 (2766 1822 3910 ) (2766 1822 3968 ) (2752 1822 3968 ) (2752 1822 3910 ) 
4 34 38 (2766 1822 3878 ) (2816 1822 3878 ) (2816 1822 3968 ) (2766 1822 3968 ) 
4 34 40 (2624 1822 3878 ) (2752 1822 3878 ) (2752 1822 3968 ) (2624 1822 3968 ) 
4 34 36 (2610 1822 3840 ) (2766 1822 3840 ) (2766 1822 3874 ) (2610 1822 3874 ) 
4 34 35 (2766 1822 3840 ) (2816 1822 3840 ) (2816 1822 3878 ) (2766 1822 3878 ) 
4 34 37 (2560 1822 3878 ) (2560 1822 3840 ) (2610 1822 3840 ) (2610 1822 3878 ) 
4 35 47 (2816 1472 3840 ) (2816 1472 3844.510010 ) (2766 1472 3844.510010 ) (2766 1472 3840 ) 
4 35 43 (2816 1536 3840 ) (2816 1472 3840 ) (2766 1472 3840 ) (2766 1536 3840 ) 
4 35 38 (2816 1822 3878 ) (2766 1822 3878 ) (2766 1472 3844.510742 ) (2816 1472 3844.510742 ) 
4 35 36 (2766 1822 3874 ) (2766 1822 3840 ) (2766 1472 3840 ) (2766 1472 3840.509766 ) 
4 36 47 (2610 1472 3840.509766 ) (2610 1472 3840 ) (2766 1472 3840 ) (2766 1472 3840.509766 ) 
4 36 43 (2766 1536 3840 ) (2766 1472 3840 ) (2610 1472 3840 ) (2610 1536 3840 ) 
4 36 37 (2610 1822 3874 ) (2610 1822 3840 ) (2610 1472 3840 ) (2610 1472 3840.509766 ) 
4 37 47 (2610 1472 3844.510010 ) (2560 1472 3844.510010 ) (2560 1472 3840 ) (2610 1472 3840 ) 
4 37 44 (2560 1472 3840 ) (2560 1472 3844.510010 ) (2560 1504 3847.572021 ) (2560 1504 3840 ) 
4 37 43 (2560 1472 3840 ) (2560 1536 3840 ) (2610 1536 3840 ) (2610 1472 3840 ) 
4 37 42 (2610 1822 3878 ) (2560 1822 3878 ) (2560 1472 3844.510742 ) (2610 1472 3844.510742 ) 
4 38 47 (2816 1472 3844.510010 ) (2816 1472 3968 ) (2766 1472 3968 ) (2766 1472 3844.510010 ) 
4 38 39 (2766 1822 3968 ) (2766 1822 3910 ) (2766 1472 3876.510010 ) (2766 1472 3968 ) 
4 39 47 (2766 1472 3968 ) (2752 1472 3968 ) (2752 1472 3876.510010 ) (2766 1472 3876.510010 ) 
4 39 40 (2752 1822 3968 ) (2752 1822 3910 ) (2752 1472 3876.510010 ) (2752 1472 3968 ) 
4 40 47 (2752 1472 3968 ) (2624 1472 3968 ) (2624 1472 3844.510010 ) (2752 1472 3844.510010 ) 
4 40 41 (2624 1822 3968 ) (2624 1822 3910 ) (2624 1472 3876.510010 ) (2624 1472 3968 ) 
4 41 47 (2624 1472 3968 ) (2610 1472 3968 ) (2610 1472 3876.510010 ) (2624 1472 3876.510010 ) 
4 41 42 (2610 1822 3968 ) (2610 1822 3910 ) (2610 1472 3876.510010 ) (2610 1472 3968 ) 
4 42 47 (2610 1472 3968 ) (2560 1472 3968 ) (2560 1472 3844.510010 ) (2610 1472 3844.510010 ) 
4 42 44 (2560 1472 3844.510010 ) (2560 1472 3968 ) (2560 1504 3968 ) (2560 1504 3847.572021 ) 
4 43 48 (2816 1472 3712 ) (2816 1472 3776 ) (2560 1472 3776 ) (2560 1472 3712 ) 
4 43 47 (2816 1472 3776 ) (2816 1472 3840 ) (2560 1472 3840 ) (2560 1472 3776 ) 
4 43 44 (2560 1472 3712 ) (2560 1472 3840 ) (2560 1504 3840 ) (2560 1504 3712 ) 
4 44 48 (2560 1472 3712 ) (2560 1472 3776 ) (2432 1472 3776 ) (2432 1472 3712 ) 
4 44 47 (2560 1472 3776 ) (2560 1472 3968 ) (2432 1472 3968 ) (2432 1472 3776 ) 
4 44 45 (2432 1472 3712 ) (2432 1472 3968 ) (2432 1504 3968 ) (2432 1504 3712 ) 
4 45 48 (2432 1472 3712 ) (2432 1472 3776 ) (2176 1472 3776 ) (2176 1472 3712 ) 
4 45 47 (2432 1472 3776 ) (2432 1472 3968 ) (2176 1472 3968 ) (2176 1472 3776 ) 
4 45 46 (2176 1472 3712 ) (2176 1472 3968 ) (2176 1504 3968 ) (2176 1504 3712 ) 
4 46 233 (2048 1472 3712 ) (2048 1472 3968 ) (2048 1488 3968 ) (2048 1488 3712 ) 
4 46 232 (2048 1488 3968 ) (2048 1504 3968 ) (2048 1504 3712 ) (2048 1488 3712 ) 
4 46 48 (2176 1472 3712 ) (2176 1472 3776 ) (2048 1472 3776 ) (2048 1472 3712 ) 
4 46 47 (2176 1472 3776 ) (2176 1472 3968 ) (2048 1472 3968 ) (2048 1472 3776 ) 
3 47 238 (2048 1344 3584 ) (2048 1280 3488 ) (2048 1280 3520 ) 
5 47 237 (2048 1280 3968 ) (2048 1424 3968 ) (2048 1424 3704 ) (2048 1344 3584 ) (2048 1280 3520 ) 
3 47 234 (2048 1429.333130 3712 ) (2048 1424 3704 ) (2048 1424 3712 ) 
5 47 233 (2048 1424 3968 ) (2048 1472 3968 ) (2048 1472 3776 ) (2048 1429.333130 3712 ) (2048 1424 3712 ) 
4 47 49 (2880 1280 3584 ) (2880 1280 3968 ) (2868 1280 3968 ) (2868 1280 3566 ) 
5 47 51 (2868 1280 3968 ) (2048 1280 3968 ) (2048 1280 3488 ) (2816 1280 3488 ) (2868 1280 3566 ) 
4 47 48 (2048 1344.003906 3584.003906 ) (2048 1472 3775.998047 ) (2880 1472 3775.998047 ) (2880 1344.001343 3584 ) 
3 48 237 (2048 1424 3664 ) (2048 1344 3584 ) (2048 1424 3704 ) 
4 48 234 (2048 1472 3712 ) (2048 1424 3664 ) (2048 1424 3704 ) (2048 1429.333130 3712 ) 
3 48 233 (2048 1472 3776 ) (2048 1472 3712 ) (2048 1429.333130 3712 ) 
4 49 51 (2868 1280 3968 ) (2868 1280 3566.001953 ) (2868 1032 3566.001953 ) (2868 1032 3968 ) 
4 49 50 (2868 1032 3968 ) (2868 1032 3566.003906 ) (2880 1032 3584.003906 ) (2880 1032 3968 ) 
4 50 203 (2880 1024 3584 ) (2880 1024 3968 ) (2868 1024 3968 ) (2868 1024 3566 ) 
4 50 51 (2868 1032 3566.001953 ) (2868 1024 3566.001953 ) (2868 1024 3968 ) (2868 1032 3968 ) 
4 51 239 (2048 1024 3488 ) (2048 1024 3968 ) (2048 1280 3968 ) (2048 1280 3488 ) 
4 51 208 (2624 1024 3968 ) (2048 1024 3968 ) (2048 1024 3488 ) (2624 1024 3488 ) 
5 51 205 (2868 1024 3968 ) (2624 1024 3968 ) (2624 1024 3488 ) (2816 1024 3488 ) (2868 1024 3566 ) 
4 51 55 (2048 1024 3488 ) (2048 1280 3488 ) (2816 1280 3488 ) (2816 1024 3488 ) 
4 52 54 (2868 1032 3328 ) (2868 1032 3136 ) (2880 1032 3136 ) (2880 1032 3328 ) 
4 52 53 (2868 1032 3488 ) (2868 1032 3328 ) (2880 1032 3328 ) (2880 1032 3488 ) 
4 52 55 (2868 1032 3488 ) (2868 1280 3488 ) (2868 1280 3136 ) (2868 1032 3136 ) 
4 53 55 (2868 1024 3488 ) (2868 1032 3488 ) (2868 1032 3328 ) (2868 1024 3328 ) 
4 53 54 (2868 1024 3328 ) (2868 1032 3328 ) (2880 1032 3328 ) (2880 1024 3328 ) 
4 54 55 (2868 1032 3328 ) (2868 1032 3136 ) (2868 1024 3136 ) (2868 1024 3328 ) 
4 55 241 (2048 1024 3136 ) (2048 1024 3328 ) (2048 1280 3328 ) (2048 1280 3136 ) 
4 55 240 (2048 1024 3328 ) (2048 1024 3488 ) (2048 1280 3488 ) (2048 1280 3328 ) 
4 56 72 (3072 938 4608 ) (3072 832 4608 ) (3072 832 4736 ) (3072 938 4736 ) 
4 56 65 (3072 1024 4736 ) (3072 1024 4608 ) (3072 938 4608 ) (3072 938 4736 ) 
4 56 58 (3072 1024 4608 ) (3120 1024 4608 ) (3120 832 4608 ) (3072 832 4608 ) 
4 56 57 (3120 1024 4608 ) (3264 1024 4608 ) (3264 832 4608 ) (3120 832 4608 ) 
4 57 60 (3120 1024 4352 ) (3264 1024 4352 ) (3264 768 4352 ) (3120 768 4352 ) 
4 57 58 (3120 1024 4352 ) (3120 768 4352 ) (3120 768 4608 ) (3120 1024 4608 ) 
4 58 78 (3072 832 4352 ) (3072 768 4352 ) (3072 768 4608 ) (3072 832 4608 ) 
4 58 72 (3072 938 4352 ) (3072 832 4352 ) (3072 832 4608 ) (3072 938 4608 ) 
4 58 65 (3072 1024 4608 ) (3072 1024 4352 ) (3072 938 4352 ) (3072 938 4608 ) 
4 58 60 (3072 768 4352 ) (3072 1024 4352 ) (3120 1024 4352 ) (3120 768 4352 ) 
4 58 59 (3120 768 4440 ) (3120 768 4504 ) (3072 768 4504 ) (3072 768 4440 ) 
4 59 166 (3072 736 4440 ) (3072 736 4480 ) (3072 752 4480 ) (3072 752 4440 ) 
4 59 122 (3072 736 4480 ) (3072 736 4504 ) (3072 752 4504 ) (3072 752 4480 ) 
4 59 94 (3072 768 4480 ) (3072 768 4440 ) (3072 752 4440 ) (3072 752 4480 ) 
4 59 89 (3072 752 4504 ) (3072 768 4504 ) (3072 768 4480 ) (3072 752 4480 ) 
4 60 198 (3072 1024 4352 ) (3072 1024 3584 ) (3072 768 3584 ) (3072 768 4352 ) 
4 61 260 (3424 0 4800 ) (3424 0 5056 ) (3312 0 5056 ) (3312 0 4800 ) 
4 61 62 (3312 256 5056 ) (3312 256 4864 ) (3312 0 4864 ) (3312 0 5056 ) 
4 62 261 (3312 0 4864 ) (3312 0 5056 ) (3280 0 5056 ) (3280 0 4864 ) 
4 62 63 (3280 256 5056 ) (3280 256 4864 ) (3280 0 4864 ) (3280 0 5056 ) 
4 63 262 (3280 0 2048 ) (3280 0 5120 ) (3072 0 5120 ) (3072 0 2048 ) 
4 63 230 (3072 0 2048 ) (3072 0 4352 ) (3072 256 4352 ) (3072 256 2048 ) 
4 63 186 (3072 0 4352 ) (3072 0 4480 ) (3072 256 4480 ) (3072 256 4352 ) 
4 63 126 (3072 66 4608 ) (3072 126 4608 ) (3072 126 4480 ) (3072 66 4480 ) 
4 63 125 (3072 126 4608 ) (3072 256 4608 ) (3072 256 4480 ) (3072 126 4480 ) 
4 63 129 (3072 64 4608 ) (3072 66 4608 ) (3072 66 4480 ) (3072 64 4480 ) 
4 63 148 (3072 0 4480 ) (3072 0 4608 ) (3072 64 4608 ) (3072 64 4480 ) 
4 63 116 (3072 64 4613 ) (3072 192 4613 ) (3072 192 4608 ) (3072 64 4608 ) 
4 63 115 (3072 192 4613 ) (3072 256 4613 ) (3072 256 4608 ) (3072 192 4608 ) 
4 63 121 (3072 0 4608 ) (3072 0 4613 ) (3072 64 4613 ) (3072 64 4608 ) 
4 63 110 (3072 0 4613 ) (3072 0 5120 ) (3072 256 5120 ) (3072 256 4613 ) 
4 64 263 (3280 0 -1024 ) (3280 0 1024 ) (3072 0 1024 ) (3072 0 -1024 ) 
4 64 231 (3072 0 -1024 ) (3072 0 1024 ) (3072 256 1024 ) (3072 256 -1024 ) 
4 65 198 (3072 1024 4352 ) (3072 938 4352 ) (3003 938 4352 ) (3003 1024 4352 ) 
4 65 72 (3003 938 4352 ) (3072 938 4352 ) (3072 938 4736 ) (3003 938 4736 ) 
4 65 66 (3003 1024 4736 ) (3003 1024 4352 ) (3003 950 4352 ) (3003 950 4736 ) 
4 66 199 (2995 950 4352 ) (2995 1024 4352 ) (3003 1024 4352 ) (3003 950 4352 ) 
4 66 67 (2995 1024 4352 ) (2995 950 4352 ) (2995 950 4736 ) (2995 1024 4736 ) 
4 67 201 (2995 938 4352 ) (2880 938 4352 ) (2880 1024 4352 ) (2995 1024 4352 ) 
4 67 72 (2880 938 4352 ) (2995 938 4352 ) (2995 938 4736 ) (2880 938 4736 ) 
4 67 70 (2880 1024 4352 ) (2880 980 4352 ) (2880 980 4512 ) (2880 1024 4512 ) 
4 67 69 (2880 980 4352 ) (2880 938 4352 ) (2880 938 4512 ) (2880 980 4512 ) 
4 67 68 (2880 938 4512 ) (2880 938 4736 ) (2880 1024 4736 ) (2880 1024 4512 ) 
4 68 73 (2880 938 4512 ) (2880 938 4736 ) (2864 938 4736 ) (2864 938 4512 ) 
4 68 70 (2864 986 4512 ) (2864 1024 4512 ) (2880 1024 4512 ) (2880 980 4512 ) 
4 68 69 (2864 938 4512 ) (2864 986 4512 ) (2880 980 4512 ) (2880 938 4512 ) 
4 68 71 (2864 938 4512 ) (2864 938 4736 ) (2864 1024 4736 ) (2864 1024 4512 ) 
3 69 202 (2868 980 4352 ) (2868 984.500000 4352 ) (2880 980 4352 ) 
4 69 204 (2880 938 4352 ) (2868 938 4352 ) (2868 980 4352 ) (2880 980 4352 ) 
4 69 205 (2868 938 4352 ) (2864 938 4352 ) (2864 986 4352 ) (2868 984.500000 4352 ) 
4 69 74 (2864 938 4352 ) (2880 938 4352 ) (2880 938 4512 ) (2864 938 4512 ) 
4 69 71 (2864 986 4352 ) (2864 938 4352 ) (2864 938 4512 ) (2864 986 4512 ) 
4 69 70 (2864 986.001953 4352 ) (2864 986.001953 4512 ) (2880 980.001953 4512 ) (2880 980.001953 4352 ) 
4 70 202 (2868 1024 4352 ) (2880 1024 4352 ) (2880 980 4352 ) (2868 984.500000 4352 ) 
4 70 205 (2864 986 4352 ) (2864 1024 4352 ) (2868 1024 4352 ) (2868 984.500000 4352 ) 
4 70 71 (2864 1024 4352 ) (2864 986 4352 ) (2864 986 4512 ) (2864 1024 4512 ) 
4 71 205 (2864 938 4352 ) (2816 938 4352 ) (2816 1024 4352 ) (2864 1024 4352 ) 
4 71 79 (2816 938 4544 ) (2816 938 4736 ) (2816 1024 4736 ) (2816 1024 4544 ) 
4 71 80 (2816 1024 4352 ) (2816 938 4352 ) (2816 938 4544 ) (2816 1024 4544 ) 
4 71 77 (2816 938 4736 ) (2816 938 4352 ) (2864 938 4352 ) (2864 938 4736 ) 
4 72 201 (2995 832 4352 ) (2880 832 4352 ) (2880 938 4352 ) (2995 938 4352 ) 
4 72 200 (3003 832 4352 ) (2995 832 4352 ) (2995 938 4352 ) (3003 938 4352 ) 
4 72 198 (3072 938 4352 ) (3072 832 4352 ) (3003 832 4352 ) (3003 938 4352 ) 
4 72 78 (2880 832 4608 ) (2880 832 4352 ) (3072 832 4352 ) (3072 832 4608 ) 
4 72 75 (2880 908 4352 ) (2880 856 4352 ) (2880 856 4512 ) (2880 908 4512 ) 
4 72 74 (2880 938 4512 ) (2880 938 4352 ) (2880 908 4352 ) (2880 908 4512 ) 
4 72 73 (2880 856 4736 ) (2880 938 4736 ) (2880 938 4512 ) (2880 856 4512 ) 
4 72 76 (2880 832 4352 ) (2880 832 4736 ) (2880 856 4736 ) (2880 856 4352 ) 
4 73 75 (2880 856 4512 ) (2864 856 4512 ) (2864 901.143982 4512 ) (2880 908 4512 ) 
4 73 74 (2864 901.143982 4512 ) (2864 938 4512 ) (2880 938 4512 ) (2880 908 4512 ) 
4 73 76 (2864 856 4736 ) (2864 856 4512 ) (2880 856 4512 ) (2880 856 4736 ) 
4 73 77 (2864 856 4736 ) (2864 938 4736 ) (2864 938 4512 ) (2864 856 4512 ) 
4 74 204 (2868 938 4352 ) (2880 938 4352 ) (2880 908 4352 ) (2868 902.858032 4352 ) 
4 74 205 (2864 901.143982 4352 ) (2864 938 4352 ) (2868 938 4352 ) (2868 902.858032 4352 ) 
4 74 77 (2864 938 4512 ) (2864 938 4352 ) (2864 901.143982 4352 ) (2864 901.143982 4512 ) 
4 74 75 (2880 908.001953 4352 ) (2880 908.001953 4512 ) (2864 901.145813 4512 ) (2864 901.145813 4352 ) 
4 75 204 (2868 902.858032 4352 ) (2880 908 4352 ) (2880 856 4352 ) (2868 856 4352 ) 
4 75 205 (2864 856 4352 ) (2864 901.143982 4352 ) (2868 902.858032 4352 ) (2868 856 4352 ) 
4 75 77 (2864 901.143982 4352 ) (2864 856 4352 ) (2864 856 4512 ) (2864 901.143982 4512 ) 
4 75 76 (2864 856 4512 ) (2864 856 4352 ) (2880 856 4352 ) (2880 856 4512 ) 
4 76 204 (2880 832 4352 ) (2868 832 4352 ) (2868 856 4352 ) (2880 856 4352 ) 
4 76 205 (2868 832 4352 ) (2864 832 4352 ) (2864 856 4352 ) (2868 856 4352 ) 
4 76 78 (2864 832 4608 ) (2864 832 4352 ) (2880 832 4352 ) (2880 832 4608 ) 
4 76 77 (2864 832 4352 ) (2864 832 4736 ) (2864 856 4736 ) (2864 856 4352 ) 
4 77 205 (2864 832 4352 ) (2816 832 4352 ) (2816 938 4352 ) (2864 938 4352 ) 
4 77 79 (2816 896 4736 ) (2816 938 4736 ) (2816 938 4544 ) (2816 896 4544 ) 
4 77 80 (2816 938 4352 ) (2816 832 4352 ) (2816 832 4544 ) (2816 938 4544 ) 
4 77 78 (2816 832 4608 ) (2816 832 4352 ) (2864 832 4352 ) (2864 832 4608 ) 
4 78 204 (2880 768 4352 ) (2868 768 4352 ) (2868 832 4352 ) (2880 832 4352 ) 
4 78 201 (2995 768 4352 ) (2880 768 4352 ) (2880 832 4352 ) (2995 832 4352 ) 
4 78 205 (2868 768 4352 ) (2816 768 4352 ) (2816 832 4352 ) (2868 832 4352 ) 
4 78 200 (3003 768 4352 ) (2995 768 4352 ) (2995 832 4352 ) (3003 832 4352 ) 
4 78 198 (3072 832 4352 ) (3072 768 4352 ) (3003 768 4352 ) (3003 832 4352 ) 
4 78 94 (3072 768 4440 ) (3072 768 4480 ) (3056 768 4480 ) (3056 768 4440 ) 
4 78 89 (3072 768 4480 ) (3072 768 4504 ) (3056 768 4504 ) (3056 768 4480 ) 
4 78 80 (2816 832 4352 ) (2816 768 4352 ) (2816 768 4544 ) (2816 832 4544 ) 
4 79 81 (2432 1024 4736 ) (2432 1024 4544 ) (2432 896 4544 ) (2432 896 4736 ) 
4 79 80 (2432 896 4544 ) (2432 1024 4544 ) (2816 1024 4544 ) (2816 896 4544 ) 
4 80 210 (2624 768 4352 ) (2432 768 4352 ) (2432 896 4352 ) (2624 896 4352 ) 
4 80 208 (2432 896 4352 ) (2432 1024 4352 ) (2624 1024 4352 ) (2624 896 4352 ) 
4 80 205 (2816 768 4352 ) (2624 768 4352 ) (2624 1024 4352 ) (2816 1024 4352 ) 
4 80 95 (2496 768 4352 ) (2624 768 4352 ) (2624 768 4480 ) (2496 768 4480 ) 
4 80 90 (2496 768 4484 ) (2496 768 4480 ) (2624 768 4480 ) (2624 768 4484 ) 
4 80 87 (2432 1024 4480 ) (2432 1024 4352 ) (2432 896 4352 ) (2432 896 4480 ) 
4 80 81 (2432 1024 4544 ) (2432 1024 4480 ) (2432 896 4480 ) (2432 896 4544 ) 
4 81 87 (2432 1024 4480 ) (2432 896 4480 ) (2304 896 4480 ) (2304 1024 4480 ) 
4 81 83 (2304 1024 4480 ) (2304 896 4480 ) (2304 896 4608 ) (2304 1024 4608 ) 
4 81 82 (2304 896 4608 ) (2304 896 4736 ) (2304 1024 4736 ) (2304 1024 4608 ) 
4 82 85 (2240 896 4736 ) (2240 1024 4736 ) (2240 1024 4608 ) (2240 896 4608 ) 
4 82 83 (2240 896 4608 ) (2240 1024 4608 ) (2304 1024 4608 ) (2304 896 4608 ) 
4 83 87 (2240 896 4480 ) (2240 1024 4480 ) (2304 1024 4480 ) (2304 896 4480 ) 
4 83 85 (2240 1024 4480 ) (2240 896 4480 ) (2240 896 4608 ) (2240 1024 4608 ) 
4 84 93 (2240 768 4608 ) (2240 768 4480 ) (2304 768 4480 ) (2304 768 4608 ) 
4 85 87 (2176 896 4480 ) (2176 1024 4480 ) (2240 1024 4480 ) (2240 896 4480 ) 
4 85 86 (2176 1024 4480 ) (2176 896 4480 ) (2176 896 4736 ) (2176 1024 4736 ) 
4 86 244 (2048 1024 4736 ) (2048 1024 4480 ) (2048 768 4480 ) (2048 768 4736 ) 
4 86 88 (2176 768 4480 ) (2048 768 4480 ) (2048 1024 4480 ) (2176 1024 4480 ) 
4 87 208 (2176 896 4352 ) (2176 1024 4352 ) (2432 1024 4352 ) (2432 896 4352 ) 
4 87 88 (2176 1024 4352 ) (2176 896 4352 ) (2176 896 4480 ) (2176 1024 4480 ) 
4 88 244 (2048 1024 4480 ) (2048 1024 4352 ) (2048 768 4352 ) (2048 768 4480 ) 
4 88 211 (2176 768 4352 ) (2048 768 4352 ) (2048 896 4352 ) (2176 896 4352 ) 
4 88 208 (2048 896 4352 ) (2048 1024 4352 ) (2176 1024 4352 ) (2176 896 4352 ) 
4 89 122 (3056 752 4480 ) (3072 752 4480 ) (3072 752 4504 ) (3056 752 4504 ) 
4 89 94 (3072 752 4480 ) (3056 752 4480 ) (3056 768 4480 ) (3072 768 4480 ) 
4 90 95 (2496 760 4480 ) (2496 768 4480 ) (2624 768 4480 ) (2624 760 4480 ) 
4 90 91 (2624 760 4480 ) (2624 760 4484 ) (2496 760 4484 ) (2496 760 4480 ) 
4 91 96 (2496 759 4480 ) (2496 760 4480 ) (2624 760 4480 ) (2624 759 4480 ) 
4 91 92 (2624 759 4480 ) (2624 759 4484 ) (2496 759 4484 ) (2496 759 4480 ) 
4 92 123 (2496 752 4480 ) (2624 752 4480 ) (2624 752 4484 ) (2496 752 4484 ) 
4 92 97 (2624 752 4480 ) (2496 752 4480 ) (2496 759 4480 ) (2624 759 4480 ) 
4 93 149 (2304 752 4512 ) (2304 752 4608 ) (2240 752 4608 ) (2240 752 4512 ) 
4 94 166 (3072 752 4440 ) (3072 752 4480 ) (3056 752 4480 ) (3056 752 4440 ) 
4 95 212 (2496 760 4352 ) (2496 768 4352 ) (2624 768 4352 ) (2624 760 4352 ) 
4 95 96 (2496 760 4480 ) (2496 760 4352 ) (2624 760 4352 ) (2624 760 4480 ) 
4 96 213 (2496 759 4352 ) (2496 760 4352 ) (2624 760 4352 ) (2624 759 4352 ) 
4 96 97 (2496 759 4480 ) (2496 759 4352 ) (2624 759 4352 ) (2624 759 4480 ) 
4 97 214 (2624 752 4352 ) (2496 752 4352 ) (2496 759 4352 ) (2624 759 4352 ) 
4 97 167 (2496 752 4352 ) (2624 752 4352 ) (2624 752 4480 ) (2496 752 4480 ) 
4 98 154 (2496 320 4608 ) (2493 320 4608 ) (2493 512 4608 ) (2496 512 4608 ) 
4 98 123 (2624 512 4608 ) (2624 320 4608 ) (2496 320 4608 ) (2496 512 4608 ) 
4 98 104 (2493 320 4608 ) (2495 320 4608 ) (2495 320 4736 ) (2493 320 4736 ) 
4 98 103 (2495 320 4608 ) (2624 320 4608 ) (2624 320 4613 ) (2495 320 4613 ) 
4 98 99 (2493 320 4608 ) (2493 320 4736 ) (2493 321 4736 ) (2493 321 4608 ) 
4 99 155 (2493 320 4608 ) (2491 320 4608 ) (2491 321 4608 ) (2493 321 4608 ) 
4 99 104 (2491 320 4608 ) (2493 320 4608 ) (2493 320 4736 ) (2491 320 4736 ) 
4 99 100 (2491 321 4608 ) (2491 320 4608 ) (2491 320 4736 ) (2491 321 4736 ) 
4 100 156 (2491 320 4608 ) (2488 320 4608 ) (2488 512 4608 ) (2491 512 4608 ) 
4 100 104 (2488 320 4608 ) (2491 320 4608 ) (2491 320 4736 ) (2488 320 4736 ) 
4 100 101 (2488 512 4736 ) (2488 512 4608 ) (2488 320 4608 ) (2488 320 4736 ) 
4 101 163 (2488 320 4608 ) (2480 320 4608 ) (2480 512 4608 ) (2488 512 4608 ) 
4 101 105 (2480 320 4608 ) (2488 320 4608 ) (2488 320 4736 ) (2480 320 4736 ) 
4 101 102 (2480 512 4736 ) (2480 512 4608 ) (2480 320 4608 ) (2480 320 4736 ) 
4 102 164 (2480 320 4608 ) (2432 320 4608 ) (2432 512 4608 ) (2480 512 4608 ) 
4 102 165 (2432 320 4608 ) (2112 320 4608 ) (2112 512 4608 ) (2432 512 4608 ) 
4 102 106 (2112 320 4608 ) (2480 320 4608 ) (2480 320 4736 ) (2112 320 4736 ) 
4 103 161 (2495 320 4608 ) (2496 320 4608 ) (2496 304 4608 ) (2495 304 4608 ) 
4 103 135 (2503 304 4608 ) (2501 304 4608 ) (2501 319 4608 ) (2503 319 4608 ) 
4 103 134 (2624 319 4608 ) (2624 304 4608 ) (2503 304 4608 ) (2503 319 4608 ) 
4 103 136 (2501 304 4608 ) (2496 304 4608 ) (2496 319 4608 ) (2501 319 4608 ) 
4 103 133 (2496 320 4608 ) (2624 320 4608 ) (2624 319 4608 ) (2496 319 4608 ) 
4 103 124 (2624 320 4608 ) (2632 320 4608 ) (2632 304 4608 ) (2624 304 4608 ) 
4 103 107 (2495 304 4608 ) (2496 304 4608 ) (2496 304 4613 ) (2495 304 4613 ) 
4 103 104 (2495 304 4608 ) (2495 304 4613 ) (2495 320 4613 ) (2495 320 4608 ) 
4 104 107 (2488 304 4608 ) (2495 304 4608 ) (2495 304 5120 ) (2488 304 5120 ) 
4 104 105 (2488 304 4608 ) (2488 304 5120 ) (2488 320 5120 ) (2488 320 4608 ) 
4 105 163 (2480 320 4608 ) (2488 320 4608 ) (2488 304 4608 ) (2480 304 4608 ) 
4 105 108 (2480 304 4608 ) (2488 304 4608 ) (2488 304 5120 ) (2480 304 5120 ) 
4 105 106 (2480 304 4608 ) (2480 304 5120 ) (2480 320 5120 ) (2480 320 4608 ) 
4 106 164 (2432 320 4608 ) (2480 320 4608 ) (2480 304 4608 ) (2432 304 4608 ) 
4 106 165 (2112 320 4608 ) (2432 320 4608 ) (2432 304 4608 ) (2112 304 4608 ) 
4 106 109 (2112 304 4608 ) (2480 304 4608 ) (2480 304 5120 ) (2112 304 5120 ) 
4 107 162 (2488 304 4608 ) (2495 304 4608 ) (2495 256 4608 ) (2488 256 4608 ) 
4 107 161 (2495 304 4608 ) (2496 304 4608 ) (2496 256 4608 ) (2495 256 4608 ) 
4 107 115 (2488 256 4608 ) (2496 256 4608 ) (2496 256 4613 ) (2488 256 4613 ) 
4 107 110 (2496 256 4613 ) (2496 256 5120 ) (2488 256 5120 ) (2488 256 4613 ) 
4 107 108 (2488 304 5120 ) (2488 304 4608 ) (2488 256 4608 ) (2488 256 5120 ) 
4 108 163 (2480 304 4608 ) (2488 304 4608 ) (2488 256 4608 ) (2480 256 4608 ) 
4 108 115 (2480 256 4608 ) (2488 256 4608 ) (2488 256 4613 ) (2480 256 4613 ) 
4 108 110 (2488 256 4613 ) (2488 256 5120 ) (2480 256 5120 ) (2480 256 4613 ) 
4 108 109 (2480 256 4608 ) (2480 256 5120 ) (2480 304 5120 ) (2480 304 4608 ) 
4 109 164 (2432 304 4608 ) (2480 304 4608 ) (2480 256 4608 ) (2432 256 4608 ) 
4 109 165 (2112 304 4608 ) (2432 304 4608 ) (2432 256 4608 ) (2112 256 4608 ) 
4 109 115 (2112 256 4608 ) (2480 256 4608 ) (2480 256 4613 ) (2112 256 4613 ) 
4 109 111 (2240 256 5120 ) (2208 256 5120 ) (2208 256 4613 ) (2240 256 4613 ) 
4 109 110 (2480 256 4613 ) (2480 256 5120 ) (2240 256 5120 ) (2240 256 4613 ) 
4 109 114 (2208 256 5120 ) (2112 256 5120 ) (2112 256 4613 ) (2208 256 4613 ) 
4 110 270 (2608 0 5120 ) (2496 0 5120 ) (2496 0 4613 ) (2608 0 4613 ) 
4 110 269 (3072 0 4613 ) (3072 0 5120 ) (2608 0 5120 ) (2608 0 4613 ) 
4 110 272 (2496 0 5120 ) (2240 0 5120 ) (2240 0 4613 ) (2496 0 4613 ) 
4 110 118 (2505 192 4613 ) (2632 192 4613 ) (2632 64 4613 ) (2505 64 4613 ) 
4 110 117 (2632 192 4613 ) (2695 192 4613 ) (2695 64 4613 ) (2632 64 4613 ) 
4 110 120 (2240 64 4613 ) (2240 192 4613 ) (2505 192 4613 ) (2505 64 4613 ) 
4 110 116 (2695 192 4613 ) (3072 192 4613 ) (3072 64 4613 ) (2695 64 4613 ) 
4 110 115 (2240 192 4613 ) (2240 256 4613 ) (3072 256 4613 ) (3072 192 4613 ) 
4 110 121 (3072 0 4613 ) (2240 0 4613 ) (2240 64 4613 ) (3072 64 4613 ) 
4 110 112 (2240 224 4613 ) (2240 128 4613 ) (2240 128 4736 ) (2240 224 4736 ) 
4 110 111 (2240 256 4613 ) (2240 224 4613 ) (2240 224 5120 ) (2240 256 5120 ) 
4 110 113 (2240 128 4613 ) (2240 0 4613 ) (2240 0 5120 ) (2240 128 5120 ) 
4 111 115 (2208 224 4613 ) (2208 256 4613 ) (2240 256 4613 ) (2240 224 4613 ) 
4 111 112 (2208 224 4736 ) (2208 224 4613 ) (2240 224 4613 ) (2240 224 4736 ) 
4 111 114 (2208 256 4613 ) (2208 224 4613 ) (2208 224 5120 ) (2208 256 5120 ) 
4 112 120 (2208 128 4613 ) (2208 192 4613 ) (2240 192 4613 ) (2240 128 4613 ) 
4 112 115 (2208 192 4613 ) (2208 224 4613 ) (2240 224 4613 ) (2240 192 4613 ) 
4 112 114 (2208 224 4613 ) (2208 128 4613 ) (2208 128 4736 ) (2208 224 4736 ) 
4 112 113 (2208 128 4736 ) (2208 128 4613 ) (2240 128 4613 ) (2240 128 4736 ) 
4 113 272 (2240 0 5120 ) (2208 0 5120 ) (2208 0 4613 ) (2240 0 4613 ) 
4 113 120 (2208 64 4613 ) (2208 128 4613 ) (2240 128 4613 ) (2240 64 4613 ) 
4 113 121 (2240 0 4613 ) (2208 0 4613 ) (2208 64 4613 ) (2240 64 4613 ) 
4 113 114 (2208 128 4613 ) (2208 0 4613 ) (2208 0 5120 ) (2208 128 5120 ) 
4 114 272 (2208 0 5120 ) (2080 0 5120 ) (2080 0 4613 ) (2208 0 4613 ) 
4 114 192 (2080 0 4613 ) (2080 0 5120 ) (2080 256 5120 ) (2080 256 4613 ) 
4 114 120 (2080 64 4613 ) (2080 192 4613 ) (2208 192 4613 ) (2208 64 4613 ) 
4 114 115 (2080 192 4613 ) (2080 256 4613 ) (2208 256 4613 ) (2208 192 4613 ) 
4 114 121 (2208 0 4613 ) (2080 0 4613 ) (2080 64 4613 ) (2208 64 4613 ) 
4 115 192 (2080 256 4608 ) (2080 192 4608 ) (2080 192 4613 ) (2080 256 4613 ) 
4 115 164 (2432 256 4608 ) (2480 256 4608 ) (2480 192 4608 ) (2432 192 4608 ) 
4 115 163 (2480 256 4608 ) (2488 256 4608 ) (2488 192 4608 ) (2480 192 4608 ) 
4 115 165 (2080 192 4608 ) (2080 256 4608 ) (2432 256 4608 ) (2432 192 4608 ) 
4 115 162 (2488 256 4608 ) (2495 256 4608 ) (2495 192 4608 ) (2488 192 4608 ) 
4 115 161 (2495 256 4608 ) (2496 256 4608 ) (2496 192 4608 ) (2495 192 4608 ) 
4 115 146 (2496 256 4608 ) (2501 256 4608 ) (2501 192 4608 ) (2496 192 4608 ) 
4 115 145 (2501 256 4608 ) (2502 256 4608 ) (2502 192 4608 ) (2501 192 4608 ) 
4 115 138 (2502 256 4608 ) (2503 256 4608 ) (2503 192 4608 ) (2502 192 4608 ) 
4 115 137 (2503 256 4608 ) (2624 256 4608 ) (2624 192 4608 ) (2503 192 4608 ) 
4 115 130 (2624 256 4608 ) (2760 256 4608 ) (2760 192 4608 ) (2624 192 4608 ) 
4 115 125 (2760 256 4608 ) (3072 256 4608 ) (3072 192 4608 ) (2760 192 4608 ) 
4 115 118 (2632 192 4613 ) (2505 192 4613 ) (2505 192 4611 ) (2632 192 4611 ) 
4 115 117 (2695 192 4611 ) (2695 192 4613 ) (2632 192 4613 ) (2632 192 4611 ) 
4 115 119 (2505 192 4608 ) (2695 192 4608 ) (2695 192 4611 ) (2505 192 4611 ) 
4 115 120 (2080 192 4608 ) (2505 192 4608 ) (2505 192 4613 ) (2080 192 4613 ) 
4 115 116 (2695 192 4608 ) (3072 192 4608 ) (3072 192 4613 ) (2695 192 4613 ) 
4 116 131 (2695 192 4608 ) (2760 192 4608 ) (2760 64 4608 ) (2695 64 4608 ) 
4 116 127 (2765 66 4608 ) (2763 66 4608 ) (2763 126 4608 ) (2765 126 4608 ) 
4 116 126 (3072 126 4608 ) (3072 66 4608 ) (2765 66 4608 ) (2765 126 4608 ) 
4 116 128 (2763 66 4608 ) (2760 66 4608 ) (2760 126 4608 ) (2763 126 4608 ) 
4 116 125 (2760 192 4608 ) (3072 192 4608 ) (3072 126 4608 ) (2760 126 4608 ) 
4 116 129 (3072 66 4608 ) (3072 64 4608 ) (2760 64 4608 ) (2760 66 4608 ) 
4 116 117 (2695 192 4613 ) (2695 192 4611 ) (2695 64 4611 ) (2695 64 4613 ) 
4 116 119 (2695 192 4611 ) (2695 192 4608 ) (2695 64 4608 ) (2695 64 4611 ) 
4 116 121 (2695 64 4608 ) (3072 64 4608 ) (3072 64 4613 ) (2695 64 4613 ) 
4 117 119 (2632 192 4611 ) (2695 192 4611 ) (2695 64 4611 ) (2632 64 4611 ) 
4 117 121 (2695 64 4611 ) (2695 64 4613 ) (2632 64 4613 ) (2632 64 4611 ) 
4 117 118 (2632 192 4613 ) (2632 192 4611 ) (2632 64 4611 ) (2632 64 4613 ) 
4 118 119 (2505 64 4611 ) (2505 192 4611 ) (2632 192 4611 ) (2632 64 4611 ) 
4 118 121 (2632 64 4613 ) (2505 64 4613 ) (2505 64 4611 ) (2632 64 4611 ) 
4 118 120 (2505 192 4613 ) (2505 192 4611 ) (2505 64 4611 ) (2505 64 4613 ) 
4 119 143 (2624 65 4608 ) (2624 64 4608 ) (2505 64 4608 ) (2505 65 4608 ) 
4 119 139 (2505 192 4608 ) (2624 192 4608 ) (2624 65 4608 ) (2505 65 4608 ) 
4 119 131 (2624 192 4608 ) (2695 192 4608 ) (2695 64 4608 ) (2624 64 4608 ) 
4 119 120 (2505 192 4611 ) (2505 192 4608 ) (2505 64 4608 ) (2505 64 4611 ) 
4 119 121 (2505 64 4608 ) (2695 64 4608 ) (2695 64 4611 ) (2505 64 4611 ) 
4 120 192 (2080 192 4608 ) (2080 64 4608 ) (2080 64 4613 ) (2080 192 4613 ) 
4 120 164 (2432 192 4608 ) (2480 192 4608 ) (2480 64 4608 ) (2432 64 4608 ) 
4 120 163 (2480 192 4608 ) (2488 192 4608 ) (2488 64 4608 ) (2480 64 4608 ) 
4 120 165 (2080 64 4608 ) (2080 192 4608 ) (2432 192 4608 ) (2432 64 4608 ) 
4 120 162 (2488 192 4608 ) (2495 192 4608 ) (2495 64 4608 ) (2488 64 4608 ) 
4 120 161 (2495 192 4608 ) (2496 192 4608 ) (2496 64 4608 ) (2495 64 4608 ) 
4 120 146 (2496 192 4608 ) (2501 192 4608 ) (2501 65 4608 ) (2496 65 4608 ) 
4 120 145 (2501 192 4608 ) (2502 192 4608 ) (2502 65 4608 ) (2501 65 4608 ) 
4 120 147 (2502 65 4608 ) (2502 64 4608 ) (2496 64 4608 ) (2496 65 4608 ) 
4 120 143 (2505 65 4608 ) (2505 64 4608 ) (2502 64 4608 ) (2502 65 4608 ) 
4 120 140 (2502 192 4608 ) (2503 192 4608 ) (2503 65 4608 ) (2502 65 4608 ) 
4 120 139 (2503 192 4608 ) (2505 192 4608 ) (2505 65 4608 ) (2503 65 4608 ) 
4 120 121 (2080 64 4608 ) (2505 64 4608 ) (2505 64 4613 ) (2080 64 4613 ) 
4 121 270 (2608 0 4613 ) (2496 0 4613 ) (2496 0 4608 ) (2608 0 4608 ) 
4 121 269 (3072 0 4608 ) (3072 0 4613 ) (2608 0 4613 ) (2608 0 4608 ) 
4 121 272 (2496 0 4613 ) (2080 0 4613 ) (2080 0 4608 ) (2496 0 4608 ) 
4 121 192 (2080 64 4608 ) (2080 0 4608 ) (2080 0 4613 ) (2080 64 4613 ) 
4 121 164 (2480 0 4608 ) (2432 0 4608 ) (2432 64 4608 ) (2480 64 4608 ) 
4 121 163 (2488 0 4608 ) (2480 0 4608 ) (2480 64 4608 ) (2488 64 4608 ) 
4 121 165 (2432 0 4608 ) (2080 0 4608 ) (2080 64 4608 ) (2432 64 4608 ) 
4 121 162 (2495 0 4608 ) (2488 0 4608 ) (2488 64 4608 ) (2495 64 4608 ) 
4 121 161 (2496 0 4608 ) (2495 0 4608 ) (2495 64 4608 ) (2496 64 4608 ) 
4 121 148 (3072 0 4608 ) (2496 0 4608 ) (2496 64 4608 ) (3072 64 4608 ) 
4 122 166 (3056 752 4480 ) (3072 752 4480 ) (3072 736 4480 ) (3056 736 4480 ) 
4 123 167 (2496 752 4480 ) (2624 752 4480 ) (2624 320 4480 ) (2496 320 4480 ) 
4 123 157 (2496 512 4480 ) (2496 320 4480 ) (2496 320 4607 ) (2496 512 4607 ) 
4 123 154 (2496 320 4607 ) (2496 320 4608 ) (2496 512 4608 ) (2496 512 4607 ) 
4 123 150 (2496 704 4480 ) (2496 512 4480 ) (2496 512 4608 ) (2496 704 4608 ) 
4 123 133 (2496 320 4608 ) (2496 320 4480 ) (2624 320 4480 ) (2624 320 4608 ) 
4 124 181 (2632 304 4480 ) (2624 304 4480 ) (2624 320 4480 ) (2632 320 4480 ) 
4 124 134 (2624 319 4480 ) (2624 304 4480 ) (2624 304 4608 ) (2624 319 4608 ) 
4 124 133 (2624 320 4608 ) (2624 320 4480 ) (2624 319 4480 ) (2624 319 4608 ) 
4 125 186 (3072 256 4480 ) (3072 126 4480 ) (2760 126 4480 ) (2760 256 4480 ) 
4 125 132 (2760 192 4480 ) (2760 126 4480 ) (2760 126 4482 ) (2760 192 4482 ) 
4 125 131 (2760 126 4482 ) (2760 126 4608 ) (2760 192 4608 ) (2760 192 4482 ) 
4 125 130 (2760 256 4608 ) (2760 256 4480 ) (2760 192 4480 ) (2760 192 4608 ) 
4 125 127 (2763 126 4480 ) (2765 126 4480 ) (2765 126 4608 ) (2763 126 4608 ) 
4 125 126 (2765 126 4480 ) (3072 126 4480 ) (3072 126 4608 ) (2765 126 4608 ) 
4 125 128 (2760 126 4608 ) (2760 126 4480 ) (2763 126 4480 ) (2763 126 4608 ) 
4 126 186 (3072 126 4480 ) (3072 66 4480 ) (2765 66 4480 ) (2765 126 4480 ) 
4 126 129 (2765 66 4480 ) (3072 66 4480 ) (3072 66 4608 ) (2765 66 4608 ) 
4 126 127 (2765 126 4608 ) (2765 126 4480 ) (2765 66 4480 ) (2765 66 4608 ) 
4 127 186 (2765 66 4480 ) (2763 66 4480 ) (2763 126 4480 ) (2765 126 4480 ) 
4 127 128 (2763 126 4608 ) (2763 126 4480 ) (2763 66 4480 ) (2763 66 4608 ) 
4 127 129 (2763 66 4480 ) (2765 66 4480 ) (2765 66 4608 ) (2763 66 4608 ) 
4 128 186 (2763 66 4480 ) (2760 66 4480 ) (2760 126 4480 ) (2763 126 4480 ) 
4 128 132 (2760 126 4480 ) (2760 66 4480 ) (2760 66 4482 ) (2760 126 4482 ) 
4 128 131 (2760 66 4482 ) (2760 66 4608 ) (2760 126 4608 ) (2760 126 4482 ) 
4 128 129 (2760 66 4608 ) (2760 66 4480 ) (2763 66 4480 ) (2763 66 4608 ) 
4 129 186 (3072 66 4480 ) (3072 64 4480 ) (2760 64 4480 ) (2760 66 4480 ) 
4 129 132 (2760 66 4480 ) (2760 64 4480 ) (2760 64 4482 ) (2760 66 4482 ) 
4 129 131 (2760 64 4482 ) (2760 64 4608 ) (2760 66 4608 ) (2760 66 4482 ) 
4 129 148 (2760 64 4480 ) (3072 64 4480 ) (3072 64 4608 ) (2760 64 4608 ) 
4 130 187 (2624 192 4480 ) (2624 256 4480 ) (2760 256 4480 ) (2760 192 4480 ) 
4 130 137 (2624 256 4480 ) (2624 192 4480 ) (2624 192 4608 ) (2624 256 4608 ) 
4 130 132 (2624 192 4482 ) (2624 192 4480 ) (2760 192 4480 ) (2760 192 4482 ) 
4 130 131 (2624 192 4608 ) (2624 192 4482 ) (2760 192 4482 ) (2760 192 4608 ) 
4 131 143 (2624 64 4482 ) (2624 64 4608 ) (2624 65 4608 ) (2624 65 4482 ) 
4 131 139 (2624 65 4608 ) (2624 192 4608 ) (2624 192 4482 ) (2624 65 4482 ) 
4 131 148 (2760 64 4482 ) (2760 64 4608 ) (2624 64 4608 ) (2624 64 4482 ) 
4 131 132 (2624 64 4482 ) (2624 192 4482 ) (2760 192 4482 ) (2760 64 4482 ) 
4 132 188 (2760 64 4480 ) (2624 64 4480 ) (2624 192 4480 ) (2760 192 4480 ) 
4 132 144 (2624 65 4480 ) (2624 64 4480 ) (2624 64 4482 ) (2624 65 4482 ) 
4 132 141 (2624 192 4480 ) (2624 65 4480 ) (2624 65 4482 ) (2624 192 4482 ) 
4 132 148 (2624 64 4480 ) (2760 64 4480 ) (2760 64 4482 ) (2624 64 4482 ) 
4 133 181 (2496 319 4480 ) (2496 320 4480 ) (2624 320 4480 ) (2624 319 4480 ) 
4 133 161 (2496 320 4480 ) (2496 319 4480 ) (2496 319 4608 ) (2496 320 4608 ) 
4 133 135 (2501 319 4480 ) (2503 319 4480 ) (2503 319 4608 ) (2501 319 4608 ) 
4 133 134 (2503 319 4480 ) (2624 319 4480 ) (2624 319 4608 ) (2503 319 4608 ) 
4 133 136 (2496 319 4608 ) (2496 319 4480 ) (2501 319 4480 ) (2501 319 4608 ) 
4 134 181 (2503 319 4480 ) (2624 319 4480 ) (2624 303.988831 4480 ) (2503 303.988831 4480 ) 
4 134 137 (2503 256 4482 ) (2624 256 4482 ) (2624 256 4608 ) (2503 256 4608 ) 
5 134 135 (2503 319 4608 ) (2503 319 4480 ) (2503 304.023438 4480 ) (2503 256 4482 ) (2503 256 4608 ) 
4 135 181 (2501 319 4480 ) (2503 319 4480 ) (2503 303.988831 4480 ) (2501 303.988831 4480 ) 
4 135 145 (2501 256 4482 ) (2502 256 4482 ) (2502 256 4608 ) (2501 256 4608 ) 
4 135 138 (2502 256 4482 ) (2503 256 4482 ) (2503 256 4608 ) (2502 256 4608 ) 
5 135 136 (2501 319 4608 ) (2501 319 4480 ) (2501 304.023438 4480 ) (2501 256 4482 ) (2501 256 4608 ) 
4 136 181 (2496 303.988831 4480 ) (2496 319 4480 ) (2501 319 4480 ) (2501 303.988831 4480 ) 
5 136 161 (2496 319 4480 ) (2496 303.988831 4480 ) (2496 256 4482 ) (2496 256 4608 ) (2496 319 4608 ) 
4 136 146 (2496 256 4608 ) (2496 256 4482 ) (2501 256 4482 ) (2501 256 4608 ) 
4 137 187 (2503 256 4480 ) (2624 256 4480 ) (2624 192 4480 ) (2503 192 4480 ) 
4 137 141 (2503 192 4480 ) (2624 192 4480 ) (2624 192 4482 ) (2503 192 4482 ) 
4 137 139 (2624 192 4482 ) (2624 192 4608 ) (2503 192 4608 ) (2503 192 4482 ) 
4 137 138 (2503 256 4608 ) (2503 256 4480 ) (2503 192 4480 ) (2503 192 4608 ) 
4 138 187 (2502 192 4480 ) (2502 256 4480 ) (2503 256 4480 ) (2503 192 4480 ) 
4 138 145 (2502 256 4608 ) (2502 256 4480 ) (2502 192 4480 ) (2502 192 4608 ) 
4 138 142 (2502 192 4482 ) (2502 192 4480 ) (2503 192 4480 ) (2503 192 4482 ) 
4 138 140 (2502 192 4608 ) (2502 192 4482 ) (2503 192 4482 ) (2503 192 4608 ) 
4 139 143 (2503 65 4482 ) (2624 65 4482 ) (2624 65 4608 ) (2503 65 4608 ) 
4 139 141 (2624 65 4482 ) (2503 65 4482 ) (2503 192 4482 ) (2624 192 4482 ) 
4 139 140 (2503 192 4608 ) (2503 192 4482 ) (2503 65 4482 ) (2503 65 4608 ) 
4 140 145 (2502 65 4482 ) (2502 65 4608 ) (2502 192 4608 ) (2502 192 4482 ) 
4 140 143 (2502 65 4608 ) (2502 65 4482 ) (2503 65 4482 ) (2503 65 4608 ) 
4 140 142 (2503 65 4482 ) (2502 65 4482 ) (2502 192 4482 ) (2503 192 4482 ) 
4 141 188 (2503 192 4480 ) (2624 192 4480 ) (2624 65 4480 ) (2503 65 4480 ) 
4 141 144 (2503 65 4480 ) (2624 65 4480 ) (2624 65 4482 ) (2503 65 4482 ) 
4 141 142 (2503 65 4480 ) (2503 65 4482 ) (2503 192 4482 ) (2503 192 4480 ) 
4 142 188 (2502 65 4480 ) (2502 192 4480 ) (2503 192 4480 ) (2503 65 4480 ) 
4 142 145 (2502 192 4480 ) (2502 65 4480 ) (2502 65 4482 ) (2502 192 4482 ) 
4 142 144 (2502 65 4482 ) (2502 65 4480 ) (2503 65 4480 ) (2503 65 4482 ) 
4 143 147 (2502 64 4482 ) (2502 64 4608 ) (2502 65 4608 ) (2502 65 4482 ) 
4 143 148 (2624 64 4482 ) (2624 64 4608 ) (2502 64 4608 ) (2502 64 4482 ) 
4 143 144 (2502 64 4482 ) (2502 65 4482 ) (2624 65 4482 ) (2624 64 4482 ) 
4 144 188 (2624 64 4480 ) (2502 64 4480 ) (2502 65 4480 ) (2624 65 4480 ) 
4 144 147 (2502 65 4480 ) (2502 64 4480 ) (2502 64 4482 ) (2502 65 4482 ) 
4 144 148 (2502 64 4480 ) (2624 64 4480 ) (2624 64 4482 ) (2502 64 4482 ) 
4 145 191 (2501 256 4480 ) (2502 256 4480 ) (2502 65 4480 ) (2501 65 4480 ) 
4 145 147 (2501 65 4480 ) (2502 65 4480 ) (2502 65 4608 ) (2501 65 4608 ) 
4 145 146 (2501 256 4608 ) (2501 256 4480 ) (2501 65 4480 ) (2501 65 4608 ) 
4 146 191 (2496 65 4480 ) (2496 256 4480 ) (2501 256 4480 ) (2501 65 4480 ) 
4 146 161 (2496 256 4480 ) (2496 65 4480 ) (2496 65 4608 ) (2496 256 4608 ) 
4 146 147 (2496 65 4608 ) (2496 65 4480 ) (2501 65 4480 ) (2501 65 4608 ) 
4 147 191 (2502 64 4480 ) (2496 64 4480 ) (2496 65 4480 ) (2502 65 4480 ) 
4 147 161 (2496 65 4480 ) (2496 64 4480 ) (2496 64 4608 ) (2496 65 4608 ) 
4 147 148 (2496 64 4608 ) (2496 64 4480 ) (2502 64 4480 ) (2502 64 4608 ) 
4 148 270 (2608 0 4608 ) (2496 0 4608 ) (2496 0 4480 ) (2608 0 4480 ) 
4 148 269 (3072 0 4480 ) (3072 0 4608 ) (2608 0 4608 ) (2608 0 4480 ) 
4 148 190 (2760 0 4480 ) (2502 0 4480 ) (2502 64 4480 ) (2760 64 4480 ) 
4 148 186 (3072 64 4480 ) (3072 0 4480 ) (2760 0 4480 ) (2760 64 4480 ) 
4 148 191 (2502 0 4480 ) (2496 0 4480 ) (2496 64 4480 ) (2502 64 4480 ) 
4 148 161 (2496 64 4480 ) (2496 0 4480 ) (2496 0 4608 ) (2496 64 4608 ) 
4 149 165 (2304 736 4512 ) (2304 736 4608 ) (2240 736 4608 ) (2240 736 4512 ) 
4 150 169 (2496 702 4480 ) (2496 640 4480 ) (2493 640 4480 ) (2493 702 4480 ) 
4 150 168 (2496 704 4480 ) (2496 702 4480 ) (2493 702 4480 ) (2493 704 4480 ) 
4 150 173 (2496 640 4480 ) (2496 512 4480 ) (2493 512 4480 ) (2493 640 4480 ) 
4 150 157 (2493 512 4480 ) (2496 512 4480 ) (2496 512 4607 ) (2493 512 4607 ) 
4 150 154 (2496 512 4607 ) (2496 512 4608 ) (2493 512 4608 ) (2493 512 4607 ) 
4 150 152 (2493 640 4480 ) (2493 512 4480 ) (2493 512 4608 ) (2493 640 4608 ) 
4 150 151 (2493 704 4608 ) (2493 704 4480 ) (2493 640 4480 ) (2493 640 4608 ) 
4 151 170 (2491 640 4480 ) (2491 702 4480 ) (2493 702 4480 ) (2493 640 4480 ) 
4 151 168 (2491 702 4480 ) (2491 704 4480 ) (2493 704 4480 ) (2493 702 4480 ) 
4 151 153 (2491 704 4608 ) (2491 704 4480 ) (2491 640 4480 ) (2491 640 4608 ) 
4 151 152 (2491 640 4608 ) (2491 640 4480 ) (2493 640 4480 ) (2493 640 4608 ) 
4 152 173 (2493 512 4480 ) (2491 512 4480 ) (2491 640 4480 ) (2493 640 4480 ) 
4 152 158 (2491 512 4480 ) (2493 512 4480 ) (2493 512 4607 ) (2491 512 4607 ) 
4 152 153 (2491 640 4480 ) (2491 512 4480 ) (2491 512 4608 ) (2491 640 4608 ) 
4 153 172 (2488 640 4480 ) (2488 702 4480 ) (2491 702 4480 ) (2491 640 4480 ) 
4 153 168 (2488 702 4480 ) (2488 704 4480 ) (2491 704 4480 ) (2491 702 4480 ) 
4 153 173 (2491 512 4480 ) (2488 512 4480 ) (2488 640 4480 ) (2491 640 4480 ) 
4 153 163 (2488 704 4480 ) (2488 512 4480 ) (2488 512 4608 ) (2488 704 4608 ) 
4 153 160 (2488 512 4607 ) (2488 512 4480 ) (2491 512 4480 ) (2491 512 4607 ) 
4 153 156 (2488 512 4608 ) (2488 512 4607 ) (2491 512 4607 ) (2491 512 4608 ) 
4 154 161 (2495 320 4607 ) (2496 320 4607 ) (2496 320 4608 ) (2495 320 4608 ) 
4 154 157 (2496 320 4607 ) (2493 320 4607 ) (2493 512 4607 ) (2496 512 4607 ) 
4 154 155 (2493 321 4607 ) (2493 320 4607 ) (2493 320 4608 ) (2493 321 4608 ) 
4 155 159 (2493 320 4607 ) (2491 320 4607 ) (2491 321 4607 ) (2493 321 4607 ) 
4 155 156 (2491 321 4607 ) (2491 320 4607 ) (2491 320 4608 ) (2491 321 4608 ) 
4 156 163 (2488 320 4607 ) (2488 320 4608 ) (2488 512 4608 ) (2488 512 4607 ) 
4 156 160 (2491 320 4607 ) (2488 320 4607 ) (2488 512 4607 ) (2491 512 4607 ) 
4 157 174 (2496 448 4480 ) (2496 320 4480 ) (2493 320 4480 ) (2493 448 4480 ) 
4 157 173 (2496 512 4480 ) (2496 448 4480 ) (2493 448 4480 ) (2493 512 4480 ) 
4 157 161 (2495 320 4480 ) (2496 320 4480 ) (2496 320 4607 ) (2495 320 4607 ) 
4 157 159 (2493 320 4480 ) (2493 320 4607 ) (2493 384 4607 ) (2493 384 4480 ) 
4 157 158 (2493 384 4607 ) (2493 512 4607 ) (2493 512 4480 ) (2493 384 4480 ) 
4 158 175 (2491 384 4480 ) (2491 448 4480 ) (2493 448 4480 ) (2493 384 4480 ) 
4 158 173 (2491 448 4480 ) (2491 512 4480 ) (2493 512 4480 ) (2493 448 4480 ) 
4 158 160 (2491 384 4607 ) (2491 512 4607 ) (2491 512 4480 ) (2491 384 4480 ) 
4 158 159 (2491 384 4607 ) (2491 384 4480 ) (2493 384 4480 ) (2493 384 4607 ) 
4 159 175 (2493 320 4480 ) (2491 320 4480 ) (2491 384 4480 ) (2493 384 4480 ) 
4 159 160 (2491 320 4480 ) (2491 320 4607 ) (2491 384 4607 ) (2491 384 4480 ) 
4 160 177 (2491 320 4480 ) (2488 320 4480 ) (2488 448 4480 ) (2491 448 4480 ) 
4 160 173 (2488 448 4480 ) (2488 512 4480 ) (2491 512 4480 ) (2491 448 4480 ) 
4 160 163 (2488 512 4480 ) (2488 320 4480 ) (2488 320 4607 ) (2488 512 4607 ) 
4 161 272 (2496 0 4608 ) (2495 0 4608 ) (2495 0 4480 ) (2496 0 4480 ) 
4 161 191 (2496 256 4480 ) (2496 0 4480 ) (2495 0 4480 ) (2495 256 4480 ) 
4 161 181 (2496 320 4480 ) (2496 304 4480 ) (2495 304 4480 ) (2495 320 4480 ) 
4 161 162 (2495 304 4480 ) (2495 0 4480 ) (2495 0 4608 ) (2495 304 4608 ) 
4 162 272 (2495 0 4608 ) (2488 0 4608 ) (2488 0 4480 ) (2495 0 4480 ) 
4 162 191 (2495 0 4480 ) (2488 0 4480 ) (2488 256 4480 ) (2495 256 4480 ) 
4 162 163 (2488 304 4480 ) (2488 0 4480 ) (2488 0 4608 ) (2488 304 4608 ) 
4 163 272 (2488 0 4608 ) (2480 0 4608 ) (2480 0 4480 ) (2488 0 4480 ) 
4 163 191 (2488 256 4480 ) (2488 0 4480 ) (2480 0 4480 ) (2480 256 4480 ) 
4 163 184 (2488 304 4480 ) (2488 256 4480 ) (2480 256 4480 ) (2480 304 4480 ) 
4 163 182 (2488 320 4480 ) (2488 304 4480 ) (2480 304 4480 ) (2480 320 4480 ) 
4 163 178 (2488 712 4480 ) (2488 320 4480 ) (2480 320 4480 ) (2480 712 4480 ) 
4 163 164 (2480 712 4480 ) (2480 0 4480 ) (2480 0 4608 ) (2480 712 4608 ) 
4 164 272 (2480 0 4608 ) (2432 0 4608 ) (2432 0 4480 ) (2480 0 4480 ) 
4 164 191 (2480 256 4480 ) (2480 0 4480 ) (2432 0 4480 ) (2432 256 4480 ) 
4 164 185 (2480 304 4480 ) (2480 256 4480 ) (2432 256 4480 ) (2432 304 4480 ) 
4 164 183 (2480 320 4480 ) (2480 304 4480 ) (2432 304 4480 ) (2432 320 4480 ) 
4 164 179 (2480 712 4480 ) (2480 320 4480 ) (2432 320 4480 ) (2432 712 4480 ) 
4 164 165 (2432 712 4480 ) (2432 0 4480 ) (2432 0 4608 ) (2432 712 4608 ) 
4 165 272 (2432 0 4608 ) (2080 0 4608 ) (2080 0 4480 ) (2432 0 4480 ) 
11 165 193 (2080 545.849426 4480 ) (2080 478.151398 4480 ) (2080 469.998810 4488.004883 ) (2080 464 4512 ) (2080 470 4536 ) (2080 488.007629 4553.672363 ) (2080 511.994537 4560.001953 ) (2080 536.004944 4553.665039 ) (2080 554 4536.003906 ) (2080 560 4512 ) (2080 554 4488 ) 
4 165 194 (2080 256 4480 ) (2080 0 4480 ) (2080 0 4608 ) (2080 256 4608 ) 
4 165 191 (2080 0 4480 ) (2080 256 4480 ) (2432 256 4480 ) (2432 0 4480 ) 
4 165 185 (2080 256 4480 ) (2080 304 4480 ) (2432 304 4480 ) (2432 256 4480 ) 
4 165 183 (2080 304 4480 ) (2080 320 4480 ) (2432 320 4480 ) (2432 304 4480 ) 
4 165 180 (2080 320 4480 ) (2080 736 4480 ) (2432 736 4480 ) (2432 320 4480 ) 
4 167 181 (2624 320 4480 ) (2496 320 4480 ) (2496 320 4472 ) (2624 320 4472 ) 
4 167 174 (2496 320 4352 ) (2496 320 4480 ) (2496 448 4480 ) (2496 448 4352 ) 
4 167 169 (2496 640 4480 ) (2496 702 4480 ) (2496 702 4352 ) (2496 640 4352 ) 
4 167 168 (2496 702 4480 ) (2496 704 4480 ) (2496 704 4352 ) (2496 702 4352 ) 
4 167 173 (2496 448 4480 ) (2496 640 4480 ) (2496 640 4352 ) (2496 448 4352 ) 
4 168 178 (2488 702 4480 ) (2488 704 4480 ) (2488 704 4352 ) (2488 702 4352 ) 
4 168 171 (2491 702 4352 ) (2493 702 4352 ) (2493 702 4465 ) (2491 702 4465 ) 
4 168 170 (2493 702 4465 ) (2493 702 4480 ) (2491 702 4480 ) (2491 702 4465 ) 
4 168 169 (2493 702 4352 ) (2496 702 4352 ) (2496 702 4480 ) (2493 702 4480 ) 
4 168 172 (2488 702 4480 ) (2488 702 4352 ) (2491 702 4352 ) (2491 702 4480 ) 
4 169 171 (2493 702 4465 ) (2493 702 4352 ) (2493 640 4352 ) (2493 640 4465 ) 
4 169 170 (2493 702 4480 ) (2493 702 4465 ) (2493 640 4465 ) (2493 640 4480 ) 
4 169 173 (2493 640 4352 ) (2496 640 4352 ) (2496 640 4480 ) (2493 640 4480 ) 
4 170 173 (2493 640 4465 ) (2493 640 4480 ) (2491 640 4480 ) (2491 640 4465 ) 
4 170 172 (2491 702 4480 ) (2491 702 4465 ) (2491 640 4465 ) (2491 640 4480 ) 
4 170 171 (2491 640 4465 ) (2491 702 4465 ) (2493 702 4465 ) (2493 640 4465 ) 
4 171 173 (2491 640 4352 ) (2493 640 4352 ) (2493 640 4465 ) (2491 640 4465 ) 
4 171 172 (2491 702 4465 ) (2491 702 4352 ) (2491 640 4352 ) (2491 640 4465 ) 
4 172 178 (2488 640 4480 ) (2488 702 4480 ) (2488 702 4352 ) (2488 640 4352 ) 
4 172 173 (2488 640 4480 ) (2488 640 4352 ) (2491 640 4352 ) (2491 640 4480 ) 
4 173 178 (2488 448 4480 ) (2488 640 4480 ) (2488 640 4352 ) (2488 448 4352 ) 
4 173 176 (2491 448 4352 ) (2493 448 4352 ) (2493 448 4353.500000 ) (2491 448 4353.500000 ) 
4 173 175 (2493 448 4353.500000 ) (2493 448 4480 ) (2491 448 4480 ) (2491 448 4353.500000 ) 
4 173 174 (2493 448 4352 ) (2496 448 4352 ) (2496 448 4480 ) (2493 448 4480 ) 
4 173 177 (2488 448 4480 ) (2488 448 4352 ) (2491 448 4352 ) (2491 448 4480 ) 
4 174 218 (2496 320 4352 ) (2493 320 4352 ) (2493 448 4352 ) (2496 448 4352 ) 
4 174 181 (2496 320 4480 ) (2493 320 4480 ) (2493 320 4472 ) (2496 320 4472 ) 
4 174 176 (2493 448 4353.500000 ) (2493 448 4352 ) (2493 320 4352 ) (2493 320 4353.500000 ) 
4 174 175 (2493 448 4480 ) (2493 448 4353.500000 ) (2493 320 4353.500000 ) (2493 320 4480 ) 
4 175 181 (2493 320 4480 ) (2492 320 4480 ) (2492 320 4472 ) (2493 320 4472 ) 
4 175 177 (2491 448 4480 ) (2491 448 4353.500000 ) (2491 320 4353.500000 ) (2491 320 4480 ) 
4 175 176 (2491 320 4353.500000 ) (2491 448 4353.500000 ) (2493 448 4353.500000 ) (2493 320 4353.500000 ) 
4 176 218 (2493 320 4352 ) (2491 320 4352 ) (2491 448 4352 ) (2493 448 4352 ) 
4 176 177 (2491 448 4353.500000 ) (2491 448 4352 ) (2491 320 4352 ) (2491 320 4353.500000 ) 
4 177 218 (2491 320 4352 ) (2488 320 4352 ) (2488 448 4352 ) (2491 448 4352 ) 
4 177 178 (2488 320 4352 ) (2488 320 4480 ) (2488 448 4480 ) (2488 448 4352 ) 
4 178 218 (2488 320 4352 ) (2480 320 4352 ) (2480 448 4352 ) (2488 448 4352 ) 
4 178 182 (2488 320 4480 ) (2480 320 4480 ) (2480 320 4352 ) (2488 320 4352 ) 
4 178 179 (2480 320 4352 ) (2480 320 4480 ) (2480 712 4480 ) (2480 712 4352 ) 
4 179 218 (2480 320 4352 ) (2432 320 4352 ) (2432 448 4352 ) (2480 448 4352 ) 
4 179 183 (2480 320 4480 ) (2432 320 4480 ) (2432 320 4352 ) (2480 320 4352 ) 
4 179 180 (2432 320 4352 ) (2432 320 4480 ) (2432 712 4480 ) (2432 712 4352 ) 
4 180 218 (2432 320 4352 ) (2080 320 4352 ) (2080 448 4352 ) (2432 448 4352 ) 
5 180 193 (2080 478.151398 4480 ) (2080 545.849426 4480 ) (2080 535.997253 4470.329102 ) (2080 512.002869 4464 ) (2080 487.998169 4470.332031 ) 
4 180 183 (2432 320 4480 ) (2080 320 4480 ) (2080 320 4352 ) (2432 320 4352 ) 
4 182 227 (2488 304 4352 ) (2480 304 4352 ) (2480 320 4352 ) (2488 320 4352 ) 
4 182 184 (2488 304 4480 ) (2480 304 4480 ) (2480 304 4352 ) (2488 304 4352 ) 
4 182 183 (2480 320 4480 ) (2480 320 4352 ) (2480 304 4352 ) (2480 304 4480 ) 
4 183 228 (2176 304 4352 ) (2080 304 4352 ) (2080 320 4352 ) (2176 320 4352 ) 
4 183 227 (2480 304 4352 ) (2176 304 4352 ) (2176 320 4352 ) (2480 320 4352 ) 
4 183 185 (2480 304 4480 ) (2080 304 4480 ) (2080 304 4352 ) (2480 304 4352 ) 
4 184 227 (2488 256 4352 ) (2480 256 4352 ) (2480 304 4352 ) (2488 304 4352 ) 
4 184 191 (2488 256 4480 ) (2480 256 4480 ) (2480 256 4352 ) (2488 256 4352 ) 
4 184 185 (2480 304 4480 ) (2480 304 4352 ) (2480 256 4352 ) (2480 256 4480 ) 
4 185 228 (2176 256 4352 ) (2080 256 4352 ) (2080 304 4352 ) (2176 304 4352 ) 
4 185 227 (2480 256 4352 ) (2176 256 4352 ) (2176 304 4352 ) (2480 304 4352 ) 
4 185 191 (2480 256 4480 ) (2080 256 4480 ) (2080 256 4352 ) (2480 256 4352 ) 
4 186 269 (3072 0 4352 ) (3072 0 4480 ) (2760 0 4480 ) (2760 0 4352 ) 
4 186 230 (3072 256 4352 ) (3072 0 4352 ) (2760 0 4352 ) (2760 256 4352 ) 
4 186 189 (2760 192 4352 ) (2760 64 4352 ) (2760 64 4474 ) (2760 192 4474 ) 
4 186 188 (2760 64 4474 ) (2760 64 4480 ) (2760 192 4480 ) (2760 192 4474 ) 
4 186 187 (2760 256 4480 ) (2760 256 4352 ) (2760 192 4352 ) (2760 192 4480 ) 
4 186 190 (2760 64 4352 ) (2760 0 4352 ) (2760 0 4480 ) (2760 64 4480 ) 
4 187 230 (2502 192 4352 ) (2502 256 4352 ) (2760 256 4352 ) (2760 192 4352 ) 
4 187 189 (2502 192 4474 ) (2502 192 4352 ) (2760 192 4352 ) (2760 192 4474 ) 
4 187 188 (2502 192 4480 ) (2502 192 4474 ) (2760 192 4474 ) (2760 192 4480 ) 
4 187 191 (2502 256 4480 ) (2502 256 4352 ) (2502 192 4352 ) (2502 192 4480 ) 
4 188 191 (2502 64 4474 ) (2502 64 4480 ) (2502 192 4480 ) (2502 192 4474 ) 
4 188 190 (2502 64 4480 ) (2502 64 4474 ) (2760 64 4474 ) (2760 64 4480 ) 
4 188 189 (2760 64 4474 ) (2502 64 4474 ) (2502 192 4474 ) (2760 192 4474 ) 
4 189 230 (2502 64 4352 ) (2502 192 4352 ) (2760 192 4352 ) (2760 64 4352 ) 
4 189 191 (2502 192 4352 ) (2502 64 4352 ) (2502 64 4474 ) (2502 192 4474 ) 
4 189 190 (2502 64 4474 ) (2502 64 4352 ) (2760 64 4352 ) (2760 64 4474 ) 
4 190 270 (2608 0 4480 ) (2502 0 4480 ) (2502 0 4352 ) (2608 0 4352 ) 
4 190 269 (2760 0 4480 ) (2608 0 4480 ) (2608 0 4352 ) (2760 0 4352 ) 
4 190 230 (2760 0 4352 ) (2502 0 4352 ) (2502 64 4352 ) (2760 64 4352 ) 
4 190 191 (2502 64 4352 ) (2502 0 4352 ) (2502 0 4480 ) (2502 64 4480 ) 
4 191 270 (2502 0 4480 ) (2496 0 4480 ) (2496 0 4352 ) (2502 0 4352 ) 
4 191 272 (2496 0 4480 ) (2080 0 4480 ) (2080 0 4352 ) (2496 0 4352 ) 
4 191 230 (2502 0 4352 ) (2080 0 4352 ) (2080 256 4352 ) (2502 256 4352 ) 
4 191 194 (2080 256 4352 ) (2080 0 4352 ) (2080 0 4480 ) (2080 256 4480 ) 
4 192 272 (2064 0 5120 ) (2064 0 4608 ) (2080 0 4608 ) (2080 0 5120 ) 
4 192 196 (2064 256 4608 ) (2064 0 4608 ) (2064 0 5120 ) (2064 256 5120 ) 
4 192 194 (2064 0 4608 ) (2064 256 4608 ) (2080 256 4608 ) (2080 0 4608 ) 
12 193 195 (2064 554 4536.003906 ) (2064 560 4511.998047 ) (2064 554.001526 4488.001953 ) (2064 535.996094 4470.327637 ) (2064 512.005554 4463.998535 ) (2064 488 4470.331543 ) (2064 470 4488.006348 ) (2064 464 4512.002441 ) (2064 470 4536 ) (2064 488.007385 4553.672363 ) (2064 511.994812 4560.001953 ) (2064 536.005005 4553.665039 ) 
4 194 272 (2064 0 4608 ) (2064 0 4352 ) (2080 0 4352 ) (2080 0 4608 ) 
4 194 230 (2080 0 4352 ) (2064 0 4352 ) (2064 256 4352 ) (2080 256 4352 ) 
4 194 197 (2064 256 4352 ) (2064 0 4352 ) (2064 0 4608 ) (2064 256 4608 ) 
4 195 246 (2048 568 4568 ) (2048 568 4456 ) (2048 456 4456 ) (2048 456 4568 ) 
4 196 272 (2048 0 5120 ) (2048 0 4608 ) (2064 0 4608 ) (2064 0 5120 ) 
4 196 251 (2048 0 4608 ) (2048 0 5120 ) (2048 256 5120 ) (2048 256 4608 ) 
4 196 197 (2048 0 4608 ) (2048 256 4608 ) (2064 256 4608 ) (2064 0 4608 ) 
4 197 272 (2048 0 4608 ) (2048 0 4352 ) (2064 0 4352 ) (2064 0 4608 ) 
4 197 251 (2048 0 4352 ) (2048 0 4608 ) (2048 256 4608 ) (2048 256 4352 ) 
4 197 230 (2064 0 4352 ) (2048 0 4352 ) (2048 256 4352 ) (2064 256 4352 ) 
4 198 199 (3003 1024 3584 ) (3003 950 3584 ) (3003 950 4352 ) (3003 1024 4352 ) 
4 198 200 (3003 938 3584 ) (3003 768 3584 ) (3003 768 4352 ) (3003 938 4352 ) 
3 199 207 (2995 960 3584 ) (2995 950 3584 ) (2995 950 3599 ) 
5 199 206 (2995 1024 3756.500000 ) (2995 1024 3584 ) (2995 960 3584 ) (2995 950 3599 ) (2995 950 3756.500244 ) 
4 199 201 (2995 950 4352 ) (2995 1024 4352 ) (2995 1024 3756.500000 ) (2995 950 3756.500244 ) 
4 200 207 (2995 768 3584 ) (2995 768 3872 ) (2995 938 3617 ) (2995 938 3584 ) 
3 200 206 (2995 938 3756.500000 ) (2995 938 3617 ) (2995 845 3756.500244 ) 
5 200 201 (2995 768 3872 ) (2995 768 4352 ) (2995 938 4352 ) (2995 938 3756.500000 ) (2995 845 3756.500244 ) 
4 201 207 (2880 960 3584 ) (2995 845 3756.500244 ) (2995 768 3872 ) (2880 768 3872 ) 
4 201 206 (2995 844.996094 3756.500000 ) (2880 959.996094 3584 ) (2880 1023.997498 3584 ) (2995 1024 3756.500000 ) 
4 201 203 (2880 1024 3584.001953 ) (2880 980 3584.001953 ) (2880 980 4344 ) (2880 1024 4344 ) 
4 201 202 (2880 980 4344 ) (2880 980 4352 ) (2880 1024 4352 ) (2880 1024 4344 ) 
5 201 204 (2880 980 3584.001953 ) (2880 959.996094 3584.001953 ) (2880 768 3871.996094 ) (2880 768 4352 ) (2880 980 4352 ) 
4 202 204 (2868 980 4352 ) (2868 980 4344 ) (2880 980 4344 ) (2880 980 4352 ) 
4 202 205 (2868 980 4344 ) (2868 980 4352 ) (2868 1024 4352 ) (2868 1024 4344 ) 
4 202 203 (2880 980 4344 ) (2868 980 4344 ) (2868 1024 4344 ) (2880 1024 4344 ) 
4 203 204 (2868 980 4344 ) (2868 980 3566.003906 ) (2880 980 3584 ) (2880 980 4344 ) 
4 203 205 (2868 1024 3566.001953 ) (2868 980 3566.001953 ) (2868 980 4344 ) (2868 1024 4344 ) 
4 204 207 (2880 960 3584 ) (2880 768 3872 ) (2868 768 3872 ) (2868 960 3584 ) 
5 204 205 (2868 980 3566.001953 ) (2868 971.996094 3566.001953 ) (2868 768 3871.996094 ) (2868 768 4352 ) (2868 980 4352 ) 
4 205 210 (2624 768 3872 ) (2624 768 4352 ) (2624 896 4352 ) (2624 896 3680 ) 
4 205 208 (2624 896 4352 ) (2624 1024 4352 ) (2624 1024 3488 ) (2624 896 3680 ) 
4 205 207 (2868 960 3584 ) (2868 768 3872 ) (2624 768 3872 ) (2624 960 3584 ) 
3 206 207 (2995 960 3584 ) (2995 845 3756.500244 ) (2880 960 3584 ) 
4 207 210 (2624 768 3584 ) (2624 768 3872 ) (2624 896 3680 ) (2624 896 3584 ) 
3 207 209 (2624 896 3680 ) (2624 960 3584 ) (2624 896 3584 ) 
4 208 244 (2048 896 3680 ) (2048 896 4352 ) (2048 1024 4352 ) (2048 1024 3488 ) 
4 208 211 (2176 896 4352 ) (2048 896 4352 ) (2048 896 3680 ) (2176 896 3680 ) 
4 208 210 (2624 896 3680 ) (2624 896 4352 ) (2432 896 4352 ) (2432 896 3680 ) 
4 208 209 (2624 960.001282 3584 ) (2624 896 3680.001953 ) (2048 896 3680.001953 ) (2048 960.001282 3584 ) 
3 209 245 (2048 896 3584 ) (2048 896 3680 ) (2048 960 3584 ) 
4 209 211 (2176 896 3680 ) (2048 896 3680 ) (2048 896 3584 ) (2176 896 3584 ) 
4 209 210 (2624 896 3584 ) (2624 896 3680 ) (2432 896 3680 ) (2432 896 3584 ) 
4 210 212 (2624 768 4348 ) (2624 768 4352 ) (2496 768 4352 ) (2496 768 4348 ) 
4 211 245 (2048 768 3584 ) (2048 768 3872 ) (2048 896 3680 ) (2048 896 3584 ) 
4 211 244 (2048 768 3872 ) (2048 768 4352 ) (2048 896 4352 ) (2048 896 3680 ) 
4 211 215 (2048 768 3968 ) (2048 768 3648 ) (2176 768 3648 ) (2176 768 3968 ) 
4 212 213 (2496 760 4352 ) (2496 760 4348 ) (2624 760 4348 ) (2624 760 4352 ) 
4 213 214 (2496 759 4352 ) (2496 759 4348 ) (2624 759 4348 ) (2624 759 4352 ) 
4 215 217 (2176 640 3648 ) (2176 640 3784 ) (2048 640 3784 ) (2048 640 3648 ) 
4 215 216 (2112 640 3968 ) (2048 640 3968 ) (2048 640 3904 ) (2112 640 3904 ) 
4 216 219 (2048 624 3968 ) (2048 624 3904 ) (2112 624 3904 ) (2112 624 3968 ) 
4 217 247 (2048 624 3640 ) (2048 624 3784 ) (2048 640 3784 ) (2048 640 3640 ) 
4 217 221 (2048 624 3776 ) (2048 624 3648 ) (2176 624 3648 ) (2176 624 3776 ) 
4 218 228 (2176 320 4352 ) (2080 320 4352 ) (2080 320 4096 ) (2176 320 4096 ) 
4 218 227 (2496 320 4352 ) (2176 320 4352 ) (2176 320 4096 ) (2496 320 4096 ) 
4 220 223 (2112 336 3968 ) (2048 336 3968 ) (2048 336 3904 ) (2112 336 3904 ) 
4 221 222 (2048 616 3648 ) (2176 616 3648 ) (2176 616 3776 ) (2048 616 3776 ) 
4 222 224 (2176 336 3648 ) (2176 336 3776 ) (2048 336 3776 ) (2048 336 3648 ) 
4 223 229 (2112 320 3968 ) (2048 320 3968 ) (2048 320 3904 ) (2112 320 3904 ) 
4 224 248 (2048 329 3784 ) (2048 336 3784 ) (2048 336 3640 ) (2048 329 3640 ) 
4 224 225 (2048 329 3640 ) (2184 329 3640 ) (2184 329 3784 ) (2048 329 3784 ) 
4 225 249 (2048 327 3784 ) (2048 329 3784 ) (2048 329 3640 ) (2048 327 3640 ) 
4 225 226 (2048 327 3640 ) (2184 327 3640 ) (2184 327 3784 ) (2048 327 3784 ) 
4 226 250 (2048 320 3640 ) (2048 320 3784 ) (2048 327 3784 ) (2048 327 3640 ) 
4 226 229 (2048 320 3784 ) (2048 320 3648 ) (2176 320 3648 ) (2176 320 3784 ) 
4 227 230 (2496 256 4352 ) (2176 256 4352 ) (2176 256 4096 ) (2496 256 4096 ) 
4 227 228 (2176 320 4352 ) (2176 320 4096 ) (2176 256 4096 ) (2176 256 4352 ) 
4 228 230 (2176 256 4352 ) (2080 256 4352 ) (2080 256 4096 ) (2176 256 4096 ) 
4 229 230 (2048 256 3968 ) (2048 256 3648 ) (2176 256 3648 ) (2176 256 3968 ) 
4 230 270 (2608 0 4352 ) (2496 0 4352 ) (2496 0 2048 ) (2608 0 2048 ) 
4 230 269 (3072 0 2048 ) (3072 0 4352 ) (2608 0 4352 ) (2608 0 2048 ) 
4 230 272 (2496 0 4352 ) (2048 0 4352 ) (2048 0 2048 ) (2496 0 2048 ) 
4 230 253 (2048 0 2048 ) (2048 0 3968 ) (2048 256 3968 ) (2048 256 2048 ) 
4 230 251 (2048 0 3968 ) (2048 0 4352 ) (2048 256 4352 ) (2048 256 3968 ) 
4 231 274 (3072 0 -1024 ) (3072 0 1024 ) (2048 0 1024 ) (2048 0 -1024 ) 
4 231 254 (2048 0 -1024 ) (2048 0 1024 ) (2048 256 1024 ) (2048 256 -1024 ) 
4 232 235 (1968 1488 4736 ) (1920 1488 4736 ) (1920 1488 3712 ) (1968 1488 3712 ) 
4 232 233 (2048 1488 3712 ) (2048 1488 4736 ) (2032 1488 4736 ) (2032 1488 3712 ) 
4 233 237 (2048 1424 3712 ) (2048 1424 4736 ) (2032 1424 4736 ) (2032 1424 3712 ) 
4 233 234 (2048 1424 3712 ) (2032 1424 3712 ) (2032 1472 3712 ) (2048 1472 3712 ) 
4 234 237 (2048 1424 3664 ) (2048 1424 3712 ) (2032 1424 3712 ) (2032 1424 3664 ) 
4 235 237 (1968 1424 3712 ) (1968 1424 4736 ) (1920 1424 4736 ) (1920 1424 3712 ) 
4 235 236 (1968 1472 3712 ) (1968 1424 3712 ) (1920 1424 3712 ) (1920 1472 3712 ) 
4 236 237 (1968 1424 3664 ) (1968 1424 3712 ) (1920 1424 3712 ) (1920 1424 3664 ) 
4 237 242 (1920 1344 4736 ) (1920 1408 4736 ) (1920 1408 4352 ) (1920 1344 4352 ) 
5 237 239 (2048 1280 3520 ) (2048 1280 4736 ) (1920 1280 4736 ) (1920 1280 3584 ) (1962.666748 1280 3520 ) 
5 237 238 (2048 1280 3520.003906 ) (1962.664063 1280 3520.003906 ) (1920 1343.996094 3584 ) (1920 1344.007935 3584.011963 ) (2048 1344.007813 3584.011719 ) 
4 238 239 (1984 1280 3488 ) (2048 1280 3488 ) (2048 1280 3520 ) (1962.666748 1280 3520 ) 
5 239 244 (2048 1024 3488 ) (2048 1024 4736 ) (1920 1024 4736 ) (1920 1024 3584 ) (1984 1024 3488 ) 
4 239 243 (1920 1152 4736 ) (1920 1216 4736 ) (1920 1216 4352 ) (1920 1152 4352 ) 
4 239 240 (2048 1024 3488 ) (1984 1024 3488 ) (1984 1280 3488 ) (2048 1280 3488 ) 
4 240 241 (2048 1024 3328 ) (1984 1024 3328 ) (1984 1280 3328 ) (2048 1280 3328 ) 
4 244 245 (2048 960.002136 3584 ) (2048 768 3872.003906 ) (1920 768 3872.003906 ) (1920 960.002136 3584 ) 
4 246 255 (1920 568 4568 ) (1920 568 4456 ) (1920 456 4456 ) (1920 456 4568 ) 
4 248 249 (2040 329 3640 ) (2048 329 3640 ) (2048 329 3784 ) (2040 329 3784 ) 
4 249 250 (2040 327 3640 ) (2048 327 3640 ) (2048 327 3784 ) (2040 327 3784 ) 
4 251 322 (2048 0 3968 ) (2048 0 4096 ) (1984 0 4096 ) (1984 0 3968 ) 
4 251 318 (2048 0 4096 ) (2048 0 5120 ) (1984 0 5120 ) (1984 0 4096 ) 
4 251 253 (2048 0 3968 ) (1984 0 3968 ) (1984 256 3968 ) (2048 256 3968 ) 
4 251 252 (1984 0 4672 ) (1984 0 5120 ) (1984 256 5120 ) (1984 256 4672 ) 
4 252 319 (1960 0 5120 ) (1920 0 5120 ) (1920 0 4672 ) (1960 0 4672 ) 
4 252 318 (1984 0 5120 ) (1960 0 5120 ) (1960 0 4672 ) (1984 0 4672 ) 
4 253 327 (1960 0 3904 ) (1920 0 3904 ) (1920 0 2048 ) (1960 0 2048 ) 
4 253 326 (2048 0 2048 ) (2048 0 3904 ) (1960 0 3904 ) (1960 0 2048 ) 
4 253 323 (1960 0 3968 ) (1920 0 3968 ) (1920 0 3904 ) (1960 0 3904 ) 
4 253 322 (2048 0 3904 ) (2048 0 3968 ) (1960 0 3968 ) (1960 0 3904 ) 
4 254 329 (2048 0 -1024 ) (2048 0 1024 ) (1920 0 1024 ) (1920 0 -1024 ) 
4 255 256 (1024 568 4568 ) (1024 568 4456 ) (1024 456 4456 ) (1024 456 4568 ) 
4 260 261 (3312 0 5056 ) (3312 0 4864 ) (3312 -128 4864 ) (3312 -128 5056 ) 
4 261 262 (3280 0 5056 ) (3280 0 4864 ) (3280 -128 4864 ) (3280 -128 5056 ) 
4 262 283 (3280 -1024 2048 ) (3280 -1024 3456 ) (3072 -1024 3456 ) (3072 -1024 2048 ) 
4 262 280 (3280 -1024 3456 ) (3280 -1024 4864 ) (3072 -1024 4864 ) (3072 -1024 3456 ) 
4 262 269 (3072 0 5120 ) (3072 0 2048 ) (3072 -1024 2048 ) (3072 -1024 5120 ) 
4 263 284 (3280 -1024 -1024 ) (3280 -1024 1024 ) (3072 -1024 1024 ) (3072 -1024 -1024 ) 
4 263 274 (3072 0 1024 ) (3072 0 -1024 ) (3072 -1024 -1024 ) (3072 -1024 1024 ) 
4 264 269 (2704 -513 5120 ) (2704 -640 5120 ) (2640 -640 5120 ) (2640 -513 5120 ) 
4 264 265 (2640 -513 5120 ) (2640 -640 5120 ) (2640 -640 5126 ) (2640 -513 5126 ) 
4 265 270 (2608 -640 5120 ) (2496 -640 5120 ) (2496 -192 5120 ) (2608 -192 5120 ) 
4 265 269 (2640 -192 5120 ) (2640 -640 5120 ) (2608 -640 5120 ) (2608 -192 5120 ) 
4 265 272 (2496 -640 5120 ) (2448 -640 5120 ) (2448 -192 5120 ) (2496 -192 5120 ) 
4 265 266 (2448 -192 5120 ) (2448 -640 5120 ) (2448 -640 5126 ) (2448 -192 5126 ) 
4 266 272 (2448 -64 5120 ) (2448 -640 5120 ) (2384 -640 5120 ) (2384 -64 5120 ) 
4 266 267 (2384 -64 5120 ) (2384 -576 5120 ) (2384 -576 5126 ) (2384 -64 5126 ) 
4 267 272 (2256 0 5120 ) (2384 0 5120 ) (2384 -576 5120 ) (2256 -576 5120 ) 
4 267 268 (2256 -128 5120 ) (2256 -320 5120 ) (2256 -320 5126 ) (2256 -128 5126 ) 
4 268 272 (2192 -320 5120 ) (2192 -128 5120 ) (2256 -128 5120 ) (2256 -320 5120 ) 
4 269 298 (2704 -1024 5120 ) (2608 -1024 5120 ) (2608 -1024 2048 ) (2704 -1024 2048 ) 
4 269 289 (3072 -1024 2048 ) (3072 -1024 4864 ) (2976 -1024 4864 ) (2976 -1024 2048 ) 
4 269 292 (2976 -1024 4864 ) (2704 -1024 4864 ) (2704 -1024 2048 ) (2976 -1024 2048 ) 
4 269 286 (2944 -1024 5120 ) (2704 -1024 5120 ) (2704 -1024 4864 ) (2944 -1024 4864 ) 
13 269 273 (2658.992188 -883.001038 2048 ) (2608 -889.696960 2048 ) (2608 -134.303040 2048 ) (2658.985840 -140.998154 2048 ) (2752.010986 -179.008469 2048 ) (2832.004150 -240.003296 2048 ) (2893 -319.995636 2048 ) (2931 -413 2048 ) (2944 -512 2048 ) (2931 -611 2048 ) (2892.996338 -704.008911 2048 ) (2832 -784.004211 2048 ) (2752.012207 -844.994934 2048 ) 
5 269 271 (2608 -928 2048 ) (2608 -1024 2048 ) (2608 -1024 4880 ) (2608 -992 4944 ) (2608 -928 5008 ) 
4 269 270 (2608 0 2048 ) (2608 -928 2048 ) (2608 -928 5120 ) (2608 0 5120 ) 
6 270 273 (2608 -134.303055 2048 ) (2608 -889.696960 2048 ) (2560 -896 2048 ) (2496 -887.595886 2048 ) (2496 -136.404053 2048 ) (2560 -128 2048 ) 
4 270 271 (2496 -928 5008 ) (2496 -928 2048 ) (2608 -928 2048 ) (2608 -928 5008 ) 
4 270 272 (2496 0 2048 ) (2496 -928 2048 ) (2496 -928 5120 ) (2496 0 5120 ) 
4 271 299 (2496 -1024 4880 ) (2496 -1024 2048 ) (2608 -1024 2048 ) (2608 -1024 4880 ) 
5 271 272 (2496 -928 2048 ) (2496 -1024 2048 ) (2496 -1024 4880 ) (2496 -992 4944 ) (2496 -928 5008 ) 
4 272 326 (2048 0 3904 ) (2048 0 2048 ) (2048 -1024 2048 ) (2048 -1024 3904 ) 
4 272 322 (2048 0 4096 ) (2048 0 3904 ) (2048 -1024 3904 ) (2048 -1024 4096 ) 
4 272 318 (2048 0 5120 ) (2048 0 4096 ) (2048 -1024 4096 ) (2048 -1024 5120 ) 
4 272 306 (2048 -1024 4800 ) (2048 -1024 2048 ) (2112 -1024 2048 ) (2112 -1024 4800 ) 
4 272 305 (2112 -1024 2048 ) (2496 -1024 2048 ) (2496 -1024 4800 ) (2112 -1024 4800 ) 
4 272 304 (2176 -1024 4800 ) (2496 -1024 4800 ) (2496 -1024 4864 ) (2176 -1024 4864 ) 
4 272 302 (2128 -1024 5120 ) (2048 -1024 5120 ) (2048 -1024 4928 ) (2128 -1024 4928 ) 
4 272 300 (2496 -1024 5120 ) (2176 -1024 5120 ) (2176 -1024 4864 ) (2496 -1024 4864 ) 
13 272 273 (2496 -136.404068 2048 ) (2496 -887.595886 2048 ) (2461.003418 -883 2048 ) (2367.994629 -844.995850 2048 ) (2288.016602 -784.012573 2048 ) (2227.002686 -703.998474 2048 ) (2188.998291 -610.987793 2048 ) (2176 -512 2048 ) (2189 -413 2048 ) (2226.992920 -320.017517 2048 ) (2288.007324 -239.994537 2048 ) (2368.006104 -178.995483 2048 ) (2460.985352 -141.001953 2048 ) 
24 273 274 (2189 -413 1024 ) (2227 -320 1024 ) (2287.992676 -240.005630 1024 ) (2367.994385 -179.004211 1024 ) (2461 -141 1024 ) (2560 -128 1024 ) (2659 -141 1024 ) (2752 -179 1024 ) (2831.996582 -239.997467 1024 ) (2893.003174 -320.004059 1024 ) (2931 -413 1024 ) (2944 -512 1024 ) (2931 -611 1024 ) (2893.003662 -703.991211 1024 ) (2831.992920 -784.005310 1024 ) (2752 -845 1024 ) (2658.992188 -883.001099 1024 ) (2560 -896 1024 ) (2460.996338 -883 1024 ) (2368 -845 1024 ) (2288.001953 -784.001526 1024 ) (2227.002441 -704.006104 1024 ) (2189 -611 1024 ) (2176 -512.001770 1024 ) 
4 274 329 (2048 0 1024 ) (2048 0 -1024 ) (2048 -1024 -1024 ) (2048 -1024 1024 ) 
4 274 307 (3072 -1024 -1024 ) (3072 -1024 1024 ) (2048 -1024 1024 ) (2048 -1024 -1024 ) 
4 275 276 (3904 -1792 3392 ) (3904 -1792 3528 ) (3904 -1664 3528 ) (3904 -1664 3392 ) 
4 276 277 (3648 -1664 3528 ) (3648 -1664 3392 ) (3648 -1792 3392 ) (3648 -1792 3528 ) 
4 277 278 (3632 -1792 3528 ) (3632 -1664 3528 ) (3632 -1664 3392 ) (3632 -1792 3392 ) 
4 278 279 (3424 -1792 3712 ) (3424 -1664 3712 ) (3424 -1664 3392 ) (3424 -1792 3392 ) 
4 279 285 (3280 -1792 3712 ) (3280 -1664 3712 ) (3280 -1664 3328 ) (3280 -1792 3328 ) 
4 280 289 (3072 -1024 4864 ) (3072 -1024 3456 ) (3072 -1088 3456 ) (3072 -1088 4864 ) 
4 280 283 (3072 -1088 3456 ) (3072 -1024 3456 ) (3280 -1024 3456 ) (3280 -1088 3456 ) 
4 280 281 (3280 -1088 3840 ) (3280 -1088 4864 ) (3072 -1088 4864 ) (3072 -1088 3840 ) 
4 281 290 (3072 -1120 3840 ) (3072 -1120 4864 ) (3072 -1088 4864 ) (3072 -1088 3840 ) 
4 281 287 (3072 -1120 4864 ) (3072 -1120 5120 ) (3072 -1088 5120 ) (3072 -1088 4864 ) 
4 281 282 (3280 -1120 3840 ) (3280 -1120 5120 ) (3072 -1120 5120 ) (3072 -1120 3840 ) 
4 282 293 (3072 -1312 3488 ) (3072 -1312 4864 ) (3072 -1120 4864 ) (3072 -1120 3488 ) 
4 282 287 (3072 -1312 4864 ) (3072 -1312 5120 ) (3072 -1120 5120 ) (3072 -1120 4864 ) 
4 283 296 (3072 -1120 2048 ) (3072 -1312 2048 ) (3072 -1312 3456 ) (3072 -1120 3456 ) 
4 283 291 (3072 -1088 2048 ) (3072 -1120 2048 ) (3072 -1120 3456 ) (3072 -1088 3456 ) 
4 283 289 (3072 -1024 3456 ) (3072 -1024 2048 ) (3072 -1088 2048 ) (3072 -1088 3456 ) 
4 284 307 (3072 -1024 1024 ) (3072 -1024 -1024 ) (3072 -1312 -1024 ) (3072 -1312 1024 ) 
4 285 311 (3072 -1792 3712 ) (3072 -1664 3712 ) (3072 -1664 3328 ) (3072 -1792 3328 ) 
4 286 298 (2704 -1024 5120 ) (2704 -1024 4864 ) (2704 -1088 4864 ) (2704 -1088 5120 ) 
4 286 292 (2704 -1088 4864 ) (2704 -1024 4864 ) (2944 -1024 4864 ) (2944 -1088 4864 ) 
4 286 288 (2704 -1088 5120 ) (2704 -1088 4864 ) (2944 -1088 4864 ) (2944 -1088 5120 ) 
4 287 293 (3072 -1312 4864 ) (3008 -1312 4864 ) (3008 -1120 4864 ) (3072 -1120 4864 ) 
4 287 290 (3008 -1120 4864 ) (3008 -1088 4864 ) (3072 -1088 4864 ) (3072 -1120 4864 ) 
4 288 298 (2704 -1312 4864 ) (2704 -1312 5120 ) (2704 -1088 5120 ) (2704 -1088 4864 ) 
4 288 295 (2944 -1312 4864 ) (2704 -1312 4864 ) (2704 -1120 4864 ) (2944 -1120 4864 ) 
4 288 292 (2704 -1120 4864 ) (2704 -1088 4864 ) (2944 -1088 4864 ) (2944 -1120 4864 ) 
4 289 290 (2976 -1088 4864 ) (2976 -1088 3840 ) (3072 -1088 3840 ) (3072 -1088 4864 ) 
4 289 291 (2976 -1088 3456 ) (2976 -1088 2048 ) (3072 -1088 2048 ) (3072 -1088 3456 ) 
4 289 292 (2976 -1024 2048 ) (2976 -1088 2048 ) (2976 -1088 4864 ) (2976 -1024 4864 ) 
4 290 294 (3008 -1120 4864 ) (2976 -1120 4864 ) (2976 -1120 3840 ) (3008 -1120 3840 ) 
4 290 293 (3072 -1120 4864 ) (3008 -1120 4864 ) (3008 -1120 3840 ) (3072 -1120 3840 ) 
4 290 292 (2976 -1120 3840 ) (2976 -1120 4864 ) (2976 -1088 4864 ) (2976 -1088 3840 ) 
4 291 296 (2976 -1120 3456 ) (2976 -1120 2048 ) (3072 -1120 2048 ) (3072 -1120 3456 ) 
4 291 292 (2976 -1088 2048 ) (2976 -1120 2048 ) (2976 -1120 3456 ) (2976 -1088 3456 ) 
4 292 298 (2704 -1024 2048 ) (2704 -1120 2048 ) (2704 -1120 4864 ) (2704 -1024 4864 ) 
4 292 297 (2704 -1120 3488 ) (2704 -1120 2048 ) (2976 -1120 2048 ) (2976 -1120 3488 ) 
4 292 295 (2976 -1120 4864 ) (2704 -1120 4864 ) (2704 -1120 3488 ) (2976 -1120 3488 ) 
4 293 294 (3008 -1120 4864 ) (3008 -1120 3840 ) (3008 -1312 3840 ) (3008 -1312 4864 ) 
4 294 295 (2976 -1120 4864 ) (2976 -1120 3840 ) (2976 -1312 3840 ) (2976 -1312 4864 ) 
4 295 309 (2752 -1312 3488 ) (2912 -1312 3488 ) (2912 -1312 3520 ) (2752 -1312 3520 ) 
4 295 308 (2752 -1312 3520 ) (2912 -1312 3520 ) (2912 -1312 3712 ) (2752 -1312 3712 ) 
4 295 298 (2704 -1312 3488 ) (2704 -1312 4864 ) (2704 -1120 4864 ) (2704 -1120 3488 ) 
4 295 297 (2976 -1312 3488 ) (2704 -1312 3488 ) (2704 -1120 3488 ) (2976 -1120 3488 ) 
4 296 297 (2976 -1120 3456 ) (2976 -1120 2048 ) (2976 -1312 2048 ) (2976 -1312 3456 ) 
4 297 309 (2912 -1312 3488 ) (2752 -1312 3488 ) (2752 -1312 3328 ) (2912 -1312 3328 ) 
4 297 298 (2704 -1120 2048 ) (2704 -1312 2048 ) (2704 -1312 3488 ) (2704 -1120 3488 ) 
5 298 299 (2608 -1024 2048 ) (2608 -1120 2048 ) (2608 -1120 4624 ) (2608 -1056 4816 ) (2608 -1024 4880 ) 
5 299 305 (2496 -1024 2048 ) (2496 -1120 2048 ) (2496 -1120 4624 ) (2496 -1061.333252 4800 ) (2496 -1024 4800 ) 
5 299 304 (2496 -1061.333252 4800 ) (2496 -1056 4816 ) (2496 -1032 4864 ) (2496 -1024 4864 ) (2496 -1024 4800 ) 
3 299 300 (2496 -1032 4864 ) (2496 -1024 4880 ) (2496 -1024 4864 ) 
4 300 304 (2496 -1024 4864 ) (2496 -1312 4864 ) (2176 -1312 4864 ) (2176 -1024 4864 ) 
4 301 303 (2128 -1056 4864 ) (2128 -1312 4864 ) (2128 -1312 5120 ) (2128 -1056 5120 ) 
4 302 330 (2048 -1040 5120 ) (2048 -1024 5120 ) (2048 -1024 4928 ) (2048 -1040 4928 ) 
4 302 303 (2128 -1040 4928 ) (2128 -1040 5120 ) (2048 -1040 5120 ) (2048 -1040 4928 ) 
4 303 331 (2048 -1312 4864 ) (2048 -1312 5120 ) (2048 -1040 5120 ) (2048 -1040 4864 ) 
4 304 305 (2176 -1024 4800 ) (2496 -1024 4800 ) (2496 -1312 4800 ) (2176 -1312 4800 ) 
4 305 310 (2176 -1312 3648 ) (2176 -1312 3520 ) (2240 -1312 3520 ) (2240 -1312 3648 ) 
4 305 306 (2112 -1024 2048 ) (2112 -1120 2048 ) (2112 -1120 4800 ) (2112 -1024 4800 ) 
4 306 332 (2048 -1120 4800 ) (2048 -1024 4800 ) (2048 -1024 2048 ) (2048 -1120 2048 ) 
4 307 334 (2048 -1312 -1024 ) (2048 -1312 1024 ) (2048 -1024 1024 ) (2048 -1024 -1024 ) 
4 308 316 (2768 -1344 3712 ) (2752 -1344 3712 ) (2752 -1344 3520 ) (2768 -1344 3520 ) 
4 308 315 (2816 -1344 3712 ) (2768 -1344 3712 ) (2768 -1344 3520 ) (2816 -1344 3520 ) 
4 308 314 (2816 -1344 3584 ) (2816 -1344 3520 ) (2880 -1344 3520 ) (2880 -1344 3584 ) 
4 308 313 (2880 -1344 3712 ) (2816 -1344 3712 ) (2816 -1344 3584 ) (2880 -1344 3584 ) 
4 308 312 (2912 -1344 3520 ) (2912 -1344 3712 ) (2880 -1344 3712 ) (2880 -1344 3520 ) 
4 308 309 (2752 -1312 3520 ) (2912 -1312 3520 ) (2912 -1344 3520 ) (2752 -1344 3520 ) 
4 309 316 (2752 -1344 3328 ) (2768 -1344 3328 ) (2768 -1344 3520 ) (2752 -1344 3520 ) 
4 309 315 (2768 -1344 3328 ) (2816 -1344 3328 ) (2816 -1344 3520 ) (2768 -1344 3520 ) 
4 309 314 (2816 -1344 3328 ) (2880 -1344 3328 ) (2880 -1344 3520 ) (2816 -1344 3520 ) 
4 309 312 (2880 -1344 3328 ) (2912 -1344 3328 ) (2912 -1344 3520 ) (2880 -1344 3520 ) 
4 311 312 (2912 -1664 3328 ) (2912 -1792 3328 ) (2912 -1792 3712 ) (2912 -1664 3712 ) 
4 312 314 (2880 -1344 3328 ) (2880 -1792 3328 ) (2880 -1792 3584 ) (2880 -1344 3584 ) 
4 312 313 (2880 -1792 3584 ) (2880 -1792 3712 ) (2880 -1344 3712 ) (2880 -1344 3584 ) 
4 313 317 (2816 -1792 3712 ) (2816 -1664 3712 ) (2816 -1664 3584 ) (2816 -1792 3584 ) 
4 313 315 (2816 -1664 3712 ) (2816 -1344 3712 ) (2816 -1344 3584 ) (2816 -1664 3584 ) 
4 313 314 (2816 -1792 3584 ) (2816 -1344 3584 ) (2880 -1344 3584 ) (2880 -1792 3584 ) 
4 314 317 (2816 -1664 3328 ) (2816 -1792 3328 ) (2816 -1792 3584 ) (2816 -1664 3584 ) 
4 314 315 (2816 -1344 3328 ) (2816 -1664 3328 ) (2816 -1664 3584 ) (2816 -1344 3584 ) 
4 315 317 (2768 -1664 3328 ) (2816 -1664 3328 ) (2816 -1664 3712 ) (2768 -1664 3712 ) 
4 315 316 (2768 -1344 3328 ) (2768 -1536 3328 ) (2768 -1536 3712 ) (2768 -1344 3712 ) 
4 318 332 (2048 -1024 4096 ) (2048 -1024 4800 ) (2000 -1024 4800 ) (2000 -1024 4096 ) 
4 318 333 (2000 -1024 4800 ) (1960 -1024 4800 ) (1960 -1024 4096 ) (2000 -1024 4096 ) 
4 318 330 (2048 -1024 4928 ) (2048 -1024 5120 ) (1960 -1024 5120 ) (1960 -1024 4928 ) 
4 318 322 (1960 0 4096 ) (2048 0 4096 ) (2048 -1024 4096 ) (1960 -1024 4096 ) 
4 318 320 (1960 -576 4288 ) (1960 -576 5120 ) (1960 -448 5120 ) (1960 -448 4288 ) 
4 318 319 (1960 0 4096 ) (1960 -448 4096 ) (1960 -448 5120 ) (1960 0 5120 ) 
4 318 321 (1960 -576 4096 ) (1960 -1024 4096 ) (1960 -1024 5120 ) (1960 -576 5120 ) 
4 319 323 (1920 -448 4096 ) (1920 0 4096 ) (1960 0 4096 ) (1960 -448 4096 ) 
4 319 320 (1960 -448 4288 ) (1960 -448 5120 ) (1920 -448 5120 ) (1920 -448 4288 ) 
4 320 321 (1960 -576 4288 ) (1960 -576 5120 ) (1920 -576 5120 ) (1920 -576 4288 ) 
4 321 333 (1920 -1024 4800 ) (1920 -1024 4096 ) (1960 -1024 4096 ) (1960 -1024 4800 ) 
4 321 330 (1960 -1024 5120 ) (1920 -1024 5120 ) (1920 -1024 4928 ) (1960 -1024 4928 ) 
4 321 325 (1920 -1024 4096 ) (1920 -576 4096 ) (1960 -576 4096 ) (1960 -1024 4096 ) 
4 322 332 (2048 -1024 3904 ) (2048 -1024 4096 ) (2000 -1024 4096 ) (2000 -1024 3904 ) 
4 322 333 (2000 -1024 4096 ) (1960 -1024 4096 ) (1960 -1024 3904 ) (2000 -1024 3904 ) 
4 322 326 (1960 0 3904 ) (2048 0 3904 ) (2048 -1024 3904 ) (1960 -1024 3904 ) 
4 322 324 (1960 -512 3968 ) (1960 -512 4096 ) (1960 -448 4096 ) (1960 -448 3968 ) 
4 322 323 (1960 0 3904 ) (1960 -448 3904 ) (1960 -448 4096 ) (1960 0 4096 ) 
4 322 325 (1960 -512 3904 ) (1960 -1024 3904 ) (1960 -1024 4096 ) (1960 -512 4096 ) 
4 323 327 (1920 -448 3904 ) (1920 0 3904 ) (1960 0 3904 ) (1960 -448 3904 ) 
4 323 324 (1960 -448 3968 ) (1960 -448 4096 ) (1920 -448 4096 ) (1920 -448 3968 ) 
4 324 325 (1960 -512 3968 ) (1960 -512 4096 ) (1920 -512 4096 ) (1920 -512 3968 ) 
4 325 333 (1960 -1024 4096 ) (1920 -1024 4096 ) (1920 -1024 3904 ) (1960 -1024 3904 ) 
4 325 328 (1920 -1024 3904 ) (1920 -576 3904 ) (1960 -576 3904 ) (1960 -1024 3904 ) 
4 326 332 (2048 -1024 2048 ) (2048 -1024 3904 ) (2000 -1024 3904 ) (2000 -1024 2048 ) 
4 326 333 (2000 -1024 3904 ) (1960 -1024 3904 ) (1960 -1024 2048 ) (2000 -1024 2048 ) 
4 326 327 (1960 0 2048 ) (1960 -448 2048 ) (1960 -448 3904 ) (1960 0 3904 ) 
4 326 328 (1960 -576 2048 ) (1960 -1024 2048 ) (1960 -1024 3904 ) (1960 -576 3904 ) 
4 328 333 (1960 -1024 3904 ) (1920 -1024 3904 ) (1920 -1024 2048 ) (1960 -1024 2048 ) 
4 329 334 (2048 -1024 -1024 ) (2048 -1024 1024 ) (1920 -1024 1024 ) (1920 -1024 -1024 ) 
4 330 331 (2048 -1040 4928 ) (2048 -1040 5120 ) (1920 -1040 5120 ) (1920 -1040 4928 ) 
4 332 333 (2000 -1024 2048 ) (2000 -1120 2048 ) (2000 -1120 4800 ) (2000 -1024 4800 ) 
