19:09:52.463 INFO  Loading C:\Program Files (x86)\Steam\steamapps\common\Portal 2\portal2\maps\sp_a2_triple_laser.bsp
19:09:52.814 INFO  Using 'DStaticPropV9' for sprp version 9
19:09:52.856 WARN  Lump LUMP_DISPINFO is empty
19:09:52.859 WARN  Lump LUMP_DISP_VERTS is empty
19:09:52.864 WARN  Lump LUMP_DISP_TRIS is empty
19:09:52.867 WARN  Lump LUMP_DISP_MULTIBLEND is empty
19:09:52.902 INFO  BSP version: 21
19:09:52.902 INFO  Game: Portal 2
19:09:52.925 INFO  Equal amount of areaporal entities and areaportal brushes. Using 'Ordered' method
19:09:52.929 INFO  No occluders to reallocate...
19:09:53.339 INFO  1257 (15.0%) exact brushside->origface matches
19:09:53.339 INFO  3/0 (nondisp/disp) original faces left after exact brushside->origface matching
19:09:53.384 INFO  46 (0.5%) partial brushside->origface matches
19:09:53.384 INFO  Writing brushes and planes
19:09:53.726 INFO  Writing displacements
19:09:53.727 INFO  Writing entities
19:09:53.858 INFO  Writing func_details
19:09:54.032 INFO  Writing func_viscluster
19:09:54.032 INFO  Writing info_overlays
19:09:54.033 INFO  Writing prop_statics
19:09:54.037 INFO  Writing env_cubemaps
19:09:54.037 INFO  Writing func_ladders
19:09:54.038 INFO  Finished decompiling C:\Program Files (x86)\Steam\steamapps\common\Portal 2\portal2\maps\sp_a2_triple_laser.bsp.
