19:09:56.850 INFO  Loading C:\Program Files (x86)\Steam\steamapps\common\Portal 2\portal2\maps\sp_a4_laser_platform.bsp
19:09:56.949 INFO  Using 'DStaticPropV9' for sprp version 9
19:09:56.952 WARN  Lump LUMP_DISPINFO is empty
19:09:56.952 WARN  Lump LUMP_DISP_VERTS is empty
19:09:56.952 WARN  Lump LUMP_DISP_TRIS is empty
19:09:56.953 WARN  Lump LUMP_DISP_MULTIBLEND is empty
19:09:56.954 INFO  BSP version: 21
19:09:56.954 INFO  Game: Portal 2
19:09:56.955 INFO  Equal amount of areaporal entities and areaportal brushes. Using 'Ordered' method
19:09:56.955 INFO  No occluders to reallocate...
19:09:56.989 INFO  2828 (26.4%) exact brushside->origface matches
19:09:56.989 INFO  0/0 (nondisp/disp) original faces left after exact brushside->origface matching
19:09:57.003 INFO  216 (2.0%) partial brushside->origface matches
19:09:57.003 INFO  Writing brushes and planes
19:09:57.061 INFO  Writing displacements
19:09:57.061 INFO  Writing entities
19:09:57.114 INFO  Writing func_details
19:09:57.266 INFO  Writing func_viscluster
19:09:57.269 INFO  Writing info_overlays
19:09:57.271 INFO  Writing prop_statics
19:09:57.287 INFO  Writing env_cubemaps
19:09:57.287 INFO  Writing func_ladders
19:09:57.288 INFO  Finished decompiling C:\Program Files (x86)\Steam\steamapps\common\Portal 2\portal2\maps\sp_a4_laser_platform.bsp.
