19:09:55.397 INFO  Loading C:\Program Files (x86)\Steam\steamapps\common\Portal 2\portal2\maps\sp_a2_laser_intro.bsp
19:09:55.420 INFO  Using 'DStaticPropV9' for sprp version 9
19:09:55.423 WARN  Lump LUMP_DISP_MULTIBLEND is empty
19:09:55.424 INFO  BSP version: 21
19:09:55.424 INFO  Game: Portal 2
19:09:55.425 INFO  Equal amount of areaporal entities and areaportal brushes. Using 'Ordered' method
19:09:55.425 INFO  No occluders to reallocate...
19:09:55.504 INFO  1874 (20.6%) exact brushside->origface matches
19:09:55.504 INFO  5/5 (nondisp/disp) original faces left after exact brushside->origface matching
19:09:55.524 INFO  90 (1.0%) partial brushside->origface matches
19:09:55.524 INFO  Writing brushes and planes
19:09:55.567 INFO  Writing displacements
19:09:55.568 INFO  Writing entities
19:09:55.591 INFO  Writing func_details
19:09:55.664 INFO  Writing func_viscluster
19:09:55.665 INFO  Writing info_overlays
19:09:55.665 INFO  Writing prop_statics
19:09:55.670 INFO  Writing env_cubemaps
19:09:55.671 INFO  Writing func_ladders
19:09:55.671 INFO  Finished decompiling C:\Program Files (x86)\Steam\steamapps\common\Portal 2\portal2\maps\sp_a2_laser_intro.bsp.



materialPath: C:\Program Files (x86)\Steam\steamapps\common\Portal 2\portal2\materials
Loading a:\#portal2remastered\p2asw\game\portal2asw\mapsrc\sp_a2_laser_intro_d.vmf
unrecognized conditional test SonyPS3?$outputintensity in effects/fizzler
unrecognized conditional test srgb_pc?$outputintensity in effects/fizzler
unrecognized conditional test !srgb_pc?$outputintensity in effects/fizzler
Could not locate GameData file portal2.fgd
Patching WVT material: maps/sp_a2_laser_intro_d/nature/blendwhitefloor_dirt02_wvt_patch
fixing up env_cubemap materials on brush sides...
0...1...2...3...4...5...6...7...8...9...100...1...2...3...4...5...6...7...8...9...10Processing areas...done (0)
Building Faces...done (0)
Chop Details...done (0)
Find Visible Detail Sides...
Merged 374 detail faces...done (0)
Merging details...done (0)
FixTjuncs...
PruneNodes...
WriteBSP...
done (0)
writing a:\#portal2remastered\p2asw\game\portal2asw\mapsrc\sp_a2_laser_intro_d.prt...Building visibility clusters...
done (0)
Finding displacement neighbors...
Finding lightmap sample positions...
Displacement Alpha : 0...1...2...3...4...5...6...7...8...9...10
Building Physics collision data...
done (0) (423800 bytes)
Encountered obsolete static prop option to do its fade in screen space @ -784.00 0.00 64.00
Encountered obsolete static prop option to do its fade in screen space @ -752.00 0.00 64.00
Encountered obsolete static prop option to do its fade in screen space @ 672.00 0.00 144.00
Encountered obsolete static prop option to do its fade in screen space @ 704.00 0.00 144.00
Placing detail props : 0...1...2...3...4...5...6...7...8...9...10
Compacting texture/material tables...
Reduced 2012 texinfos to 896
Reduced 76 texdatas to 70 (2305 bytes to 2081)
Writing a:\#portal2remastered\p2asw\game\portal2asw\mapsrc\sp_a2_laser_intro_d.bsp
1 second elapsed



32 threads
reading a:\#portal2remastered\p2asw\game\portal2asw\mapsrc\sp_a2_laser_intro_d.bsp
reading a:\#portal2remastered\p2asw\game\portal2asw\mapsrc\sp_a2_laser_intro_d.prt
 320 portalclusters
 962 numportals
0...1...2...3...4...5...6...7...8...9...100...1...2...3...4...5...6...7...8...9...10Optimized: 328 visible clusters (0.00%)
Total clusters visible: 65534
Average clusters visible: 204
Building PAS...
Average clusters audible: 300
visdatasize:27789  compressed from 25600
writing a:\#portal2remastered\p2asw\game\portal2asw\mapsrc\sp_a2_laser_intro_d.bsp
0 seconds elapsed



[Reading texlights from 'lights.rad']
[59 texlights parsed from 'lights.rad']

Loading a:\#portal2remastered\p2asw\game\portal2asw\mapsrc\sp_a2_laser_intro_d.bsp
2423 faces
1 degenerate faces
259768 square feet [37406716.00 square inches]
5 Displacements
1540 Square Feet [221879.42 Square Inches]
unsupported light entity: "light_deferred"
unsupported light entity: "light_deferred"
unsupported light entity: "light_deferred"
unsupported light entity: "light_deferred_global"
26 direct lights
0...1...2...3...4...5...6...7...8...9...10Build Patch/Sample Hash Table(s).....Done<0.0172 sec>
0...1...2...3...4...5...6...7...8...9...10FinalLightFace Done
4 of 4 (100% of) surface lights went in leaf ambient cubes.
0...1...2...3...4...5...6...7...8...9...10Writing leaf ambient...done
Ready to Finish

Object names       Objects/Maxobjs  Memory / Maxmem  Fullness 
------------       ---------------  ---------------  -------- 
models                  57/1024         2736/49152    ( 5.6%) 
brushes               1087/8192        13044/98304    (13.3%) 
brushsides           10081/65536       80648/524288   (15.4%) 
planes                8204/65536      164080/1310720  (12.5%) 
vertexes              4683/65536       56196/786432   ( 7.1%) 
nodes                 1419/65536       45408/2097152  ( 2.2%) 
texinfos               896/12288       64512/884736   ( 7.3%) 
texdata                 70/2048         2240/65536    ( 3.4%) 
dispinfos                5/0             880/0        ( 0.0%) 
disp_verts             405/0            8100/0        ( 0.0%) 
disp_tris              640/0            1280/0        ( 0.0%) 
disp_multiblend          0/0               0/0        ( 0.0%) 
disp_lmsamples       15420/0           15420/0        ( 0.0%) 
faces                 2423/65536      135688/3670016  ( 3.7%) 
hdr faces             2423/65536      135688/3670016  ( 3.7%) 
origfaces             1903/65536      106568/3670016  ( 2.9%) 
leaves                1477/65536       47264/2097152  ( 2.3%) 
leaffaces             3147/65536        6294/131072   ( 4.8%) 
leafbrushes           2212/65536        4424/131072   ( 3.4%) 
areas                    9/256            72/2048     ( 3.5%) 
surfedges            18841/512000      75364/2048000  ( 3.7%) 
edges                11498/256000      45992/1024000  ( 4.5%) 
LDR worldlights          0/8192            0/819200   ( 0.0%) 
HDR worldlights         26/8192         2600/819200   ( 0.3%) 
leafwaterdata            1/32768          12/393216   ( 0.0%) 
waterstrips            280/32768        2800/327680   ( 0.9%) 
waterverts               0/65536           0/786432   ( 0.0%) 
waterindices          4599/65536        9198/131072   ( 7.0%) 
cubemapsamples          12/1024          192/16384    ( 1.2%) 
overlays                29/512         10208/180224   ( 5.7%) 
LDR lightdata         [variable]           0/0        ( 0.0%) 
HDR lightdata         [variable]     1826264/0        ( 0.0%) 
visdata               [variable]       27789/16777216 ( 0.2%) 
entdata               [variable]      138296/0        ( 0.0%) 
LDR ambient table     1477/65536        5908/262144   ( 2.3%) 
HDR ambient table     1477/65536        5908/262144   ( 2.3%) 
LDR leaf ambient      1477/65536       41356/1835008  ( 2.3%) 
HDR leaf ambient      5811/65536      162708/1835008  ( 8.9%) 
occluders                0/0               0/0        ( 0.0%) 
occluder polygons        0/0               0/0        ( 0.0%) 
occluder vert ind        0/0               0/0        ( 0.0%) 
Prop Hull Verts          0/0               0/0        ( 0.0%) 
Prop Hull Blob        [variable]           0/0        ( 0.0%) 
Prop Hull Lists          0/0               0/0        ( 0.0%) 
Prop Hulls               0/0               0/0        ( 0.0%) 
Prop Hull trilist        0/0               0/0        ( 0.0%) 
detail props          [variable]           1/12       ( 8.3%) 
static props          [variable]           1/27740    ( 0.0%) 
pakfile               [variable]      970440/0        ( 0.0%) 
physics               [variable]      423800/4194304  (10.1%) 
physics terrain       [variable]        1401/1048576  ( 0.1%) 

Level flags = 10000

Total triangle count: 6402
Writing a:\#portal2remastered\p2asw\game\portal2asw\mapsrc\sp_a2_laser_intro_d.bsp
3 seconds elapsed
