19:09:55.014 INFO  Loading C:\Program Files (x86)\Steam\steamapps\common\Portal 2\portal2\maps\sp_a2_bts1.bsp
19:09:55.070 INFO  Using 'DStaticPropV9' for sprp version 9
19:09:55.083 WARN  Lump LUMP_DISPINFO is empty
19:09:55.083 WARN  Lump LUMP_DISP_VERTS is empty
19:09:55.083 WARN  Lump LUMP_DISP_TRIS is empty
19:09:55.083 WARN  Lump LUMP_DISP_MULTIBLEND is empty
19:09:55.091 INFO  BSP version: 21
19:09:55.091 INFO  Game: Portal 2
19:09:55.093 INFO  Equal amount of areaporal entities and areaportal brushes. Using 'Ordered' method
19:09:55.093 INFO  No occluders to reallocate...
19:09:55.157 INFO  2716 (19.5%) exact brushside->origface matches
19:09:55.157 INFO  7/0 (nondisp/disp) original faces left after exact brushside->origface matching
19:09:55.248 INFO  218 (1.6%) partial brushside->origface matches
19:09:55.248 INFO  Writing brushes and planes
19:09:55.380 INFO  Writing displacements
19:09:55.381 INFO  Writing entities
19:09:55.513 INFO  Writing func_details
19:09:55.620 INFO  Writing func_viscluster
19:09:55.620 INFO  Writing info_overlays
19:09:55.622 INFO  Writing prop_statics
19:09:55.641 INFO  Writing env_cubemaps
19:09:55.641 INFO  Writing func_ladders
19:09:55.641 INFO  Finished decompiling C:\Program Files (x86)\Steam\steamapps\common\Portal 2\portal2\maps\sp_a2_bts1.bsp.
