19:09:55.641 INFO  Loading C:\Program Files (x86)\Steam\steamapps\common\Portal 2\portal2\maps\sp_a4_finale3.bsp
19:09:55.741 INFO  Using 'DStaticPropV9' for sprp version 9
19:09:55.745 WARN  Lump LUMP_DISPINFO is empty
19:09:55.745 WARN  Lump LUMP_DISP_VERTS is empty
19:09:55.745 WARN  Lump LUMP_DISP_TRIS is empty
19:09:55.745 WARN  Lump LUMP_DISP_MULTIBLEND is empty
19:09:55.749 INFO  BSP version: 21
19:09:55.749 INFO  Game: Portal 2
19:09:55.750 INFO  Equal amount of areaporal entities and areaportal brushes. Using 'Ordered' method
19:09:55.750 INFO  No occluders to reallocate...
19:09:55.827 INFO  2826 (27.9%) exact brushside->origface matches
19:09:55.827 INFO  0/0 (nondisp/disp) original faces left after exact brushside->origface matching
19:09:55.870 INFO  344 (3.4%) partial brushside->origface matches
19:09:55.870 INFO  Writing brushes and planes
19:09:56.056 INFO  Writing displacements
19:09:56.056 INFO  Writing entities
19:09:56.104 INFO  Writing func_details
19:09:56.192 INFO  Writing func_viscluster
19:09:56.193 INFO  Writing info_overlays
19:09:56.195 INFO  Writing prop_statics
19:09:56.212 INFO  Writing env_cubemaps
19:09:56.213 INFO  Writing func_ladders
19:09:56.213 INFO  Finished decompiling C:\Program Files (x86)\Steam\steamapps\common\Portal 2\portal2\maps\sp_a4_finale3.bsp.
