19:09:54.200 INFO  Loading C:\Program Files (x86)\Steam\steamapps\common\Portal 2\portal2\maps\sp_a2_turret_blocker.bsp
19:09:54.294 INFO  Using 'DStaticPropV9' for sprp version 9
19:09:54.301 WARN  Lump LUMP_DISP_MULTIBLEND is empty
19:09:54.302 INFO  BSP version: 21
19:09:54.302 INFO  Game: Portal 2
19:09:54.313 INFO  Equal amount of areaporal entities and areaportal brushes. Using 'Ordered' method
19:09:54.313 INFO  No occluders to reallocate...
19:09:54.345 INFO  1852 (17.2%) exact brushside->origface matches
19:09:54.345 INFO  1/3 (nondisp/disp) original faces left after exact brushside->origface matching
19:09:54.370 INFO  110 (1.0%) partial brushside->origface matches
19:09:54.370 INFO  Writing brushes and planes
19:09:54.504 INFO  Writing displacements
19:09:54.505 INFO  Writing entities
19:09:54.574 INFO  Writing func_details
19:09:54.674 INFO  Writing func_viscluster
19:09:54.674 INFO  Writing info_overlays
19:09:54.675 INFO  Writing prop_statics
19:09:54.682 INFO  Writing env_cubemaps
19:09:54.682 INFO  Writing func_ladders
19:09:54.682 INFO  Finished decompiling C:\Program Files (x86)\Steam\steamapps\common\Portal 2\portal2\maps\sp_a2_turret_blocker.bsp.
