


materialPath: C:\Program Files (x86)\Steam\steamapps\common\Portal 2\portal2\materials
Loading a:\#portal2remastered\p2asw\game\portal2asw\mapsrc\sp_a2_bts5_1.vmf
Could not locate GameData file portal2.fgd
fixing up env_cubemap materials on brush sides...
0...1...2...3...4...5...6...7...8...9...100...1...2...3...4...5...6...7...8...9...10Processing areas...done (0)
Building Faces...done (0)
Chop Details...done (0)
Find Visible Detail Sides...
Merged 34 detail faces...done (0)
Merging details...done (0)
FixTjuncs...
PruneNodes...
WriteBSP...
done (0)
writing a:\#portal2remastered\p2asw\game\portal2asw\mapsrc\sp_a2_bts5_1.prt...Building visibility clusters...
done (0)
Finding displacement neighbors...
Finding lightmap sample positions...
Displacement Alpha : 0...1...2...3...4...5...6...7...8...9...10
Building Physics collision data...
done (0) (228394 bytes)
Placing detail props : 0...1...2...3...4...5...6...7...8...9...10
Water found with no water_lod_control entity, creating a default one.
Compacting texture/material tables...
Reduced 907 texinfos to 452
Reduced 50 texdatas to 46 (1505 bytes to 1379)
Writing a:\#portal2remastered\p2asw\game\portal2asw\mapsrc\sp_a2_bts5_1.bsp
0 seconds elapsed



32 threads
reading a:\#portal2remastered\p2asw\game\portal2asw\mapsrc\sp_a2_bts5_1.bsp
reading a:\#portal2remastered\p2asw\game\portal2asw\mapsrc\sp_a2_bts5_1.prt
 335 portalclusters
1004 numportals
0...1...2...3...4...5...6...7...8...9...100...1...2...3...4...5...6...7...8...9...10Optimized: 338 visible clusters (0.00%)
Total clusters visible: 55419
Average clusters visible: 165
Building PAS...
Average clusters audible: 316
visdatasize:29380  compressed from 32160
writing a:\#portal2remastered\p2asw\game\portal2asw\mapsrc\sp_a2_bts5_1.bsp
2 seconds elapsed



[Reading texlights from 'lights.rad']
[59 texlights parsed from 'lights.rad']

Loading a:\#portal2remastered\p2asw\game\portal2asw\mapsrc\sp_a2_bts5_1.bsp
1807 faces
503045 square feet [72438480.00 square inches]
0 Displacements
0 Square Feet [0.00 Square Inches]
1807 patches before subdivision
49327 patches after subdivision
unsupported light entity: "light_deferred"
unsupported light entity: "light_deferred"
unsupported light entity: "light_deferred"
unsupported light entity: "light_deferred"
unsupported light entity: "light_deferred"
unsupported light entity: "light_deferred"
unsupported light entity: "light_deferred"
unsupported light entity: "light_deferred"
unsupported light entity: "light_deferred"
unsupported light entity: "light_deferred"
unsupported light entity: "light_deferred"
unsupported light entity: "light_deferred"
unsupported light entity: "light_deferred"
unsupported light entity: "light_deferred"
unsupported light entity: "light_deferred"
unsupported light entity: "light_deferred"
unsupported light entity: "light_deferred"
unsupported light entity: "light_deferred"
unsupported light entity: "light_deferred"
unsupported light entity: "light_deferred"
unsupported light entity: "light_deferred_global"
261 direct lights
0...1...2...3...4...5...6...7...8...9...100...1...2...3...4...5...6...7...8...9...10transfers 6123141, max 546
transfer lists:  46.7 megs
0...1...2...3...4...5...6...7...8...9...10	Bounce #1 added RGB(53358, 17515, 7529)
0...1...2...3...4...5...6...7...8...9...10	Bounce #2 added RGB(10794, 3258, 1241)
0...1...2...3...4...5...6...7...8...9...10	Bounce #3 added RGB(2467, 667, 222)
0...1...2...3...4...5...6...7...8...9...10	Bounce #4 added RGB(598, 143, 42)
0...1...2...3...4...5...6...7...8...9...10	Bounce #5 added RGB(153, 32, 8)
0...1...2...3...4...5...6...7...8...9...10	Bounce #6 added RGB(41, 7, 2)
0...1...2...3...4...5...6...7...8...9...10	Bounce #7 added RGB(11, 2, 0)
0...1...2...3...4...5...6...7...8...9...10	Bounce #8 added RGB(3, 0, 0)
0...1...2...3...4...5...6...7...8...9...10	Bounce #9 added RGB(1, 0, 0)
Build Patch/Sample Hash Table(s).....Done<0.0082 sec>
0...1...2...3...4...5...6...7...8...9...10FinalLightFace Done
144 of 208 (69% of) surface lights went in leaf ambient cubes.
0...1...2...3...4...5...6...7...8...9...10Writing leaf ambient...done
Computing static prop lighting : 00...1...2...3...4...5...6...7...8...9...10
Ready to Finish

Object names       Objects/Maxobjs  Memory / Maxmem  Fullness 
------------       ---------------  ---------------  -------- 
models                  77/1024         3696/49152    ( 7.5%) 
brushes                608/8192         7296/98304    ( 7.4%) 
brushsides            4137/65536       33096/524288   ( 6.3%) 
planes                2556/65536       51120/1310720  ( 3.9%) 
vertexes              3498/65536       41976/786432   ( 5.3%) 
nodes                 1243/65536       39776/2097152  ( 1.9%) 
texinfos               452/12288       32544/884736   ( 3.7%) 
texdata                 46/2048         1472/65536    ( 2.2%) 
dispinfos                0/0               0/0        ( 0.0%) 
disp_verts               0/0               0/0        ( 0.0%) 
disp_tris                0/0               0/0        ( 0.0%) 
disp_multiblend          0/0               0/0        ( 0.0%) 
disp_lmsamples           0/0               0/0        ( 0.0%) 
faces                 1807/65536      101192/3670016  ( 2.8%) 
hdr faces             1807/65536      101192/3670016  ( 2.8%) 
origfaces             1074/65536       60144/3670016  ( 1.6%) 
leaves                1321/65536       42272/2097152  ( 2.0%) 
leaffaces             2277/65536        4554/131072   ( 3.5%) 
leafbrushes           1377/65536        2754/131072   ( 2.1%) 
areas                    7/256            56/2048     ( 2.7%) 
surfedges            12741/512000      50964/2048000  ( 2.5%) 
edges                 7562/256000      30248/1024000  ( 3.0%) 
LDR worldlights          0/8192            0/819200   ( 0.0%) 
HDR worldlights        261/8192        26100/819200   ( 3.2%) 
leafwaterdata            1/32768          12/393216   ( 0.0%) 
waterstrips            174/32768        1740/327680   ( 0.5%) 
waterverts               0/65536           0/786432   ( 0.0%) 
waterindices          2649/65536        5298/131072   ( 4.0%) 
cubemapsamples           1/1024           16/16384    ( 0.1%) 
overlays                 7/512          2464/180224   ( 1.4%) 
LDR lightdata         [variable]           0/0        ( 0.0%) 
HDR lightdata         [variable]     1512488/0        ( 0.0%) 
visdata               [variable]       29380/16777216 ( 0.2%) 
entdata               [variable]      230678/393216   (58.7%) 
LDR ambient table     1321/65536        5284/262144   ( 2.0%) 
HDR ambient table     1321/65536        5284/262144   ( 2.0%) 
LDR leaf ambient      1321/65536       36988/1835008  ( 2.0%) 
HDR leaf ambient      3450/65536       96600/1835008  ( 5.3%) 
occluders                0/0               0/0        ( 0.0%) 
occluder polygons        0/0               0/0        ( 0.0%) 
occluder vert ind        0/0               0/0        ( 0.0%) 
Prop Hull Verts          0/0               0/0        ( 0.0%) 
Prop Hull Blob           0/0               0/0        ( 0.0%) 
Prop Hull Lists          0/0               0/0        ( 0.0%) 
Prop Hulls               0/0               0/0        ( 0.0%) 
Prop Hull trilist        0/0               0/0        ( 0.0%) 
detail props          [variable]           1/12       ( 8.3%) 
static props          [variable]           1/38768    ( 0.0%) 
pakfile               [variable]     2276735/0        ( 0.0%) 
physics               [variable]      228394/4194304  ( 5.4%) 
physics terrain       [variable]           2/1048576  ( 0.0%) 

Level flags = 2

Total triangle count: 4834
Writing a:\#portal2remastered\p2asw\game\portal2asw\mapsrc\sp_a2_bts5_1.bsp
25 seconds elapsed



materialPath: C:\Program Files (x86)\Steam\steamapps\common\Portal 2\portal2\materials
Loading a:\#portal2remastered\p2asw\game\portal2asw\mapsrc\sp_a2_bts5_1.vmf
Could not locate GameData file portal2.fgd
fixing up env_cubemap materials on brush sides...
0...1...2...3...4...5...6...7...8...9...100...1...2...3...4...5...6...7...8...9...10Processing areas...done (0)
Building Faces...done (0)
Chop Details...done (0)
Find Visible Detail Sides...
Merged 34 detail faces...done (0)
Merging details...done (0)
FixTjuncs...
PruneNodes...
WriteBSP...
done (0)
writing a:\#portal2remastered\p2asw\game\portal2asw\mapsrc\sp_a2_bts5_1.prt...Building visibility clusters...
done (0)
Finding displacement neighbors...
Finding lightmap sample positions...
Displacement Alpha : 0...1...2...3...4...5...6...7...8...9...10
Building Physics collision data...
done (0) (228394 bytes)
Placing detail props : 0...1...2...3...4...5...6...7...8...9...10
Water found with no water_lod_control entity, creating a default one.
Compacting texture/material tables...
Reduced 907 texinfos to 452
Reduced 50 texdatas to 46 (1505 bytes to 1379)
Writing a:\#portal2remastered\p2asw\game\portal2asw\mapsrc\sp_a2_bts5_1.bsp
0 seconds elapsed



32 threads
reading a:\#portal2remastered\p2asw\game\portal2asw\mapsrc\sp_a2_bts5_1.bsp
reading a:\#portal2remastered\p2asw\game\portal2asw\mapsrc\sp_a2_bts5_1.prt
 335 portalclusters
1004 numportals
0...1...2...3...4...5...6...7...8...9...100...1...2...3...4...5...6...7...8...9...10Optimized: 341 visible clusters (0.00%)
Total clusters visible: 55420
Average clusters visible: 165
Building PAS...
Average clusters audible: 316
visdatasize:29380  compressed from 32160
writing a:\#portal2remastered\p2asw\game\portal2asw\mapsrc\sp_a2_bts5_1.bsp
2 seconds elapsed



[Reading texlights from 'lights.rad']
[59 texlights parsed from 'lights.rad']

Loading a:\#portal2remastered\p2asw\game\portal2asw\mapsrc\sp_a2_bts5_1.bsp
1807 faces
503045 square feet [72438480.00 square inches]
0 Displacements
0 Square Feet [0.00 Square Inches]
1807 patches before subdivision
49327 patches after subdivision
unsupported light entity: "light_deferred"
unsupported light entity: "light_deferred"
unsupported light entity: "light_deferred"
unsupported light entity: "light_deferred"
unsupported light entity: "light_deferred"
unsupported light entity: "light_deferred"
unsupported light entity: "light_deferred"
unsupported light entity: "light_deferred"
unsupported light entity: "light_deferred"
unsupported light entity: "light_deferred"
unsupported light entity: "light_deferred"
unsupported light entity: "light_deferred"
unsupported light entity: "light_deferred"
unsupported light entity: "light_deferred"
unsupported light entity: "light_deferred"
unsupported light entity: "light_deferred"
unsupported light entity: "light_deferred"
unsupported light entity: "light_deferred"
unsupported light entity: "light_deferred"
unsupported light entity: "light_deferred"
unsupported light entity: "light_deferred_global"
unsupported light entity: "light_deferred"
unsupported light entity: "light_deferred"
unsupported light entity: "light_deferred"
unsupported light entity: "light_deferred"
unsupported light entity: "light_deferred"
unsupported light entity: "light_deferred"
unsupported light entity: "light_deferred"
unsupported light entity: "light_deferred"
unsupported light entity: "light_deferred"
unsupported light entity: "light_deferred"
unsupported light entity: "light_deferred"
unsupported light entity: "light_deferred"
unsupported light entity: "light_deferred"
unsupported light entity: "light_deferred"
unsupported light entity: "light_deferred"
unsupported light entity: "light_deferred"
unsupported light entity: "light_deferred"
unsupported light entity: "light_deferred"
unsupported light entity: "light_deferred"
unsupported light entity: "light_deferred"
unsupported light entity: "light_deferred"
unsupported light entity: "light_deferred"
unsupported light entity: "light_deferred"
unsupported light entity: "light_deferred"
unsupported light entity: "light_deferred"
unsupported light entity: "light_deferred"
unsupported light entity: "light_deferred"
unsupported light entity: "light_deferred"
unsupported light entity: "light_deferred"
unsupported light entity: "light_deferred"
unsupported light entity: "light_deferred"
unsupported light entity: "light_deferred"
unsupported light entity: "light_deferred"
unsupported light entity: "light_deferred"
unsupported light entity: "light_deferred"
unsupported light entity: "light_deferred"
unsupported light entity: "light_deferred"
unsupported light entity: "light_deferred"
unsupported light entity: "light_deferred"
unsupported light entity: "light_deferred"
unsupported light entity: "light_deferred"
229 direct lights
0...1...2...3...4...5...6...7...8...9...100...1...2...3...4...5...6...7...8...9...10transfers 6123141, max 546
transfer lists:  46.7 megs
0...1...2...3...4...5...6...7...8...9...10	Bounce #1 added RGB(35014, 17535, 7552)
0...1...2...3...4...5...6...7...8...9...10	Bounce #2 added RGB(7936, 3261, 1245)
0...1...2...3...4...5...6...7...8...9...10	Bounce #3 added RGB(1990, 667, 223)
0...1...2...3...4...5...6...7...8...9...10	Bounce #4 added RGB(516, 143, 43)
0...1...2...3...4...5...6...7...8...9...10	Bounce #5 added RGB(139, 32, 8)
0...1...2...3...4...5...6...7...8...9...10	Bounce #6 added RGB(38, 7, 2)
0...1...2...3...4...5...6...7...8...9...10	Bounce #7 added RGB(11, 2, 0)
0...1...2...3...4...5...6...7...8...9...10	Bounce #8 added RGB(3, 0, 0)
0...1...2...3...4...5...6...7...8...9...10	Bounce #9 added RGB(1, 0, 0)
Build Patch/Sample Hash Table(s).....Done<0.0137 sec>
0...1...2...3...4...5...6...7...8...9...10FinalLightFace Done
144 of 208 (69% of) surface lights went in leaf ambient cubes.
0...1...2...3...4...5...6...7...8...9...10Writing leaf ambient...done
Computing static prop lighting : 00...1...2...3...4...5...6...7...8...9...10
Ready to Finish

Object names       Objects/Maxobjs  Memory / Maxmem  Fullness 
------------       ---------------  ---------------  -------- 
models                  77/1024         3696/49152    ( 7.5%) 
brushes                608/8192         7296/98304    ( 7.4%) 
brushsides            4137/65536       33096/524288   ( 6.3%) 
planes                2556/65536       51120/1310720  ( 3.9%) 
vertexes              3498/65536       41976/786432   ( 5.3%) 
nodes                 1243/65536       39776/2097152  ( 1.9%) 
texinfos               452/12288       32544/884736   ( 3.7%) 
texdata                 46/2048         1472/65536    ( 2.2%) 
dispinfos                0/0               0/0        ( 0.0%) 
disp_verts               0/0               0/0        ( 0.0%) 
disp_tris                0/0               0/0        ( 0.0%) 
disp_multiblend          0/0               0/0        ( 0.0%) 
disp_lmsamples           0/0               0/0        ( 0.0%) 
faces                 1807/65536      101192/3670016  ( 2.8%) 
hdr faces             1807/65536      101192/3670016  ( 2.8%) 
origfaces             1074/65536       60144/3670016  ( 1.6%) 
leaves                1321/65536       42272/2097152  ( 2.0%) 
leaffaces             2277/65536        4554/131072   ( 3.5%) 
leafbrushes           1377/65536        2754/131072   ( 2.1%) 
areas                    7/256            56/2048     ( 2.7%) 
surfedges            12741/512000      50964/2048000  ( 2.5%) 
edges                 7562/256000      30248/1024000  ( 3.0%) 
LDR worldlights          0/8192            0/819200   ( 0.0%) 
HDR worldlights        229/8192        22900/819200   ( 2.8%) 
leafwaterdata            1/32768          12/393216   ( 0.0%) 
waterstrips            174/32768        1740/327680   ( 0.5%) 
waterverts               0/65536           0/786432   ( 0.0%) 
waterindices          2649/65536        5298/131072   ( 4.0%) 
cubemapsamples           1/1024           16/16384    ( 0.1%) 
overlays                 7/512          2464/180224   ( 1.4%) 
LDR lightdata         [variable]           0/0        ( 0.0%) 
HDR lightdata         [variable]     1512488/0        ( 0.0%) 
visdata               [variable]       29380/16777216 ( 0.2%) 
entdata               [variable]      233343/393216   (59.3%) 
LDR ambient table     1321/65536        5284/262144   ( 2.0%) 
HDR ambient table     1321/65536        5284/262144   ( 2.0%) 
LDR leaf ambient      1321/65536       36988/1835008  ( 2.0%) 
HDR leaf ambient      3435/65536       96180/1835008  ( 5.2%) 
occluders                0/0               0/0        ( 0.0%) 
occluder polygons        0/0               0/0        ( 0.0%) 
occluder vert ind        0/0               0/0        ( 0.0%) 
Prop Hull Verts          0/0               0/0        ( 0.0%) 
Prop Hull Blob           0/0               0/0        ( 0.0%) 
Prop Hull Lists          0/0               0/0        ( 0.0%) 
Prop Hulls               0/0               0/0        ( 0.0%) 
Prop Hull trilist        0/0               0/0        ( 0.0%) 
detail props          [variable]           1/12       ( 8.3%) 
static props          [variable]           1/38768    ( 0.0%) 
pakfile               [variable]     2276735/0        ( 0.0%) 
physics               [variable]      228394/4194304  ( 5.4%) 
physics terrain       [variable]           2/1048576  ( 0.0%) 

Level flags = 2

Total triangle count: 4834
Writing a:\#portal2remastered\p2asw\game\portal2asw\mapsrc\sp_a2_bts5_1.bsp
24 seconds elapsed
