19:09:55.363 INFO  Loading C:\Program Files (x86)\Steam\steamapps\common\Portal 2\portal2\maps\sp_a4_jump_polarity.bsp
19:09:55.615 INFO  Using 'DStaticPropV9' for sprp version 9
19:09:55.622 WARN  Lump LUMP_DISPINFO is empty
19:09:55.622 WARN  Lump LUMP_DISP_VERTS is empty
19:09:55.622 WARN  Lump LUMP_DISP_TRIS is empty
19:09:55.622 WARN  Lump LUMP_DISP_MULTIBLEND is empty
19:09:55.625 INFO  BSP version: 21
19:09:55.625 INFO  Game: Portal 2
19:09:55.626 INFO  Equal amount of areaporal entities and areaportal brushes. Using 'Ordered' method
19:09:55.627 INFO  No occluders to reallocate...
19:09:55.694 INFO  3393 (19.8%) exact brushside->origface matches
19:09:55.694 INFO  0/0 (nondisp/disp) original faces left after exact brushside->origface matching
19:09:55.780 INFO  289 (1.7%) partial brushside->origface matches
19:09:55.780 INFO  Writing brushes and planes
19:09:55.931 INFO  Writing displacements
19:09:55.931 INFO  Writing entities
19:09:55.995 INFO  Writing func_details
19:09:56.223 INFO  Writing func_viscluster
19:09:56.225 INFO  Writing info_overlays
19:09:56.228 INFO  Writing prop_statics
19:09:56.247 INFO  Writing env_cubemaps
19:09:56.247 INFO  Writing func_ladders
19:09:56.247 INFO  Finished decompiling C:\Program Files (x86)\Steam\steamapps\common\Portal 2\portal2\maps\sp_a4_jump_polarity.bsp.
