19:09:56.475 INFO  Loading C:\Program Files (x86)\Steam\steamapps\common\Portal 2\portal2\maps\sp_a1_intro3.bsp
19:09:56.570 INFO  Using 'DStaticPropV9' for sprp version 9
19:09:56.575 WARN  Lump LUMP_DISP_MULTIBLEND is empty
19:09:56.577 INFO  BSP version: 21
19:09:56.577 INFO  Game: Portal 2
19:09:56.578 INFO  Equal amount of areaporal entities and areaportal brushes. Using 'Ordered' method
19:09:56.578 INFO  No occluders to reallocate...
19:09:56.633 INFO  3078 (19.3%) exact brushside->origface matches
19:09:56.633 INFO  2/9 (nondisp/disp) original faces left after exact brushside->origface matching
19:09:56.683 INFO  158 (1.0%) partial brushside->origface matches
19:09:56.683 INFO  Writing brushes and planes
19:09:56.825 INFO  Writing displacements
19:09:56.827 INFO  Writing entities
19:09:56.849 INFO  Writing func_details
19:09:57.014 INFO  Writing func_viscluster
19:09:57.014 INFO  Writing info_overlays
19:09:57.016 INFO  Writing prop_statics
19:09:57.033 INFO  Writing env_cubemaps
19:09:57.033 INFO  Writing func_ladders
19:09:57.033 INFO  Finished decompiling C:\Program Files (x86)\Steam\steamapps\common\Portal 2\portal2\maps\sp_a1_intro3.bsp.



materialPath: C:\Program Files (x86)\Steam\steamapps\common\Portal 2\portal2\materials
Loading c:\program files (x86)\steam\steamapps\common\portal 2\portal2\maps\sp_a1_intro3_d.vmf
unrecognized conditional test SonyPS3?$outputintensity in effects/fizzler
unrecognized conditional test srgb_pc?$outputintensity in effects/fizzler
unrecognized conditional test !srgb_pc?$outputintensity in effects/fizzler
Could not locate GameData file portal2.fgd
Patching WVT material: maps/sp_a1_intro3_d/metal/blendblackfloormetal_dirt02_wvt_patch
Patching WVT material: maps/sp_a1_intro3_d/nature/blendwhitefloor_dirt01_wvt_patch
fixing up env_cubemap materials on brush sides...
0...1...2...3...4...5...6...7...8...9...100...1...2...3...4...5...6...7...8...9...10Processing areas...done (0)
Building Faces...done (0)
Chop Details...done (0)
Find Visible Detail Sides...
Merged 434 detail faces...done (0)
Merging details...done (0)
FixTjuncs...
PruneNodes...
WriteBSP...
done (0)
writing c:\program files (x86)\steam\steamapps\common\portal 2\portal2\maps\sp_a1_intro3_d.prt...Building visibility clusters...
done (0)
Finding displacement neighbors...
Finding lightmap sample positions...
Displacement Alpha : 0...1...2...3...4...5...6...7...8...9...10
Building Physics collision data...
done (1) (726701 bytes)
Encountered obsolete static prop option to do its fade in screen space @ 8.00 784.00 -336.00
Encountered obsolete static prop option to do its fade in screen space @ -256.00 976.00 -144.00
Encountered obsolete static prop option to do its fade in screen space @ -128.00 1560.00 48.00
Encountered obsolete static prop option to do its fade in screen space @ -168.00 2303.00 -8.00
Encountered obsolete static prop option to do its fade in screen space @ -128.00 984.00 112.00
Encountered obsolete static prop option to do its fade in screen space @ 432.00 1392.00 -429.00
Encountered obsolete static prop option to do its fade in screen space @ -40.00 2248.00 128.00
Encountered obsolete static prop option to do its fade in screen space @ -256.00 976.00 -16.00
Encountered obsolete static prop option to do its fade in screen space @ -174.00 1726.00 -418.19
Encountered obsolete static prop option to do its fade in screen space @ -156.00 1712.00 -425.00
Encountered obsolete static prop option to do its fade in screen space @ 48.00 1703.00 -449.19
Encountered obsolete static prop option to do its fade in screen space @ 8.00 2166.00 13.00
Encountered obsolete static prop option to do its fade in screen space @ -85.00 1999.00 -70.00
Encountered obsolete static prop option to do its fade in screen space @ 136.00 1712.00 -72.00
Encountered obsolete static prop option to do its fade in screen space @ -128.00 1432.00 48.00
Encountered obsolete static prop option to do its fade in screen space @ -128.00 1304.00 48.00
Encountered obsolete static prop option to do its fade in screen space @ -128.00 1176.00 48.00
Encountered obsolete static prop option to do its fade in screen space @ -128.00 1688.00 48.00
Encountered obsolete static prop option to do its fade in screen space @ -128.00 1016.00 48.00
Encountered obsolete static prop option to do its fade in screen space @ -65.86 2016.00 -4.02
Encountered obsolete static prop option to do its fade in screen space @ -128.00 1080.00 48.00
Encountered obsolete static prop option to do its fade in screen space @ 40.00 1616.00 -336.00
Encountered obsolete static prop option to do its fade in screen space @ 104.00 1616.00 -336.00
Encountered obsolete static prop option to do its fade in screen space @ -256.00 976.00 112.00
Encountered obsolete static prop option to do its fade in screen space @ -288.00 976.00 -208.00
Encountered obsolete static prop option to do its fade in screen space @ -352.00 976.00 -208.00
Encountered obsolete static prop option to do its fade in screen space @ 8.00 912.00 -336.00
Encountered obsolete static prop option to do its fade in screen space @ 8.00 1040.00 -336.00
Encountered obsolete static prop option to do its fade in screen space @ 8.00 1168.00 -336.00
Encountered obsolete static prop option to do its fade in screen space @ 8.00 1424.00 -336.00
Encountered obsolete static prop option to do its fade in screen space @ 8.00 1520.00 -336.00
Encountered obsolete static prop option to do its fade in screen space @ 232.00 1816.00 80.00
Encountered obsolete static prop option to do its fade in screen space @ 8.00 1296.00 -336.00
Encountered obsolete static prop option to do its fade in screen space @ -1344.00 3744.00 0.00
Encountered obsolete static prop option to do its fade in screen space @ -1344.00 3776.00 0.00
Encountered obsolete static prop option to do its fade in screen space @ -160.00 48.00 1296.00
Encountered obsolete static prop option to do its fade in screen space @ -160.00 16.00 1296.00
Placing detail props : 0...1...2...3...4...5...6...7...8...9...10
Compacting texture/material tables...
Reduced 2990 texinfos to 1350
Reduced 84 texdatas to 73 (2511 bytes to 2049)
Writing c:\program files (x86)\steam\steamapps\common\portal 2\portal2\maps\sp_a1_intro3_d.bsp
2 seconds elapsed



14 threads
reading c:\program files (x86)\steam\steamapps\common\portal 2\portal2\maps\sp_a1_intro3_d.bsp
reading c:\program files (x86)\steam\steamapps\common\portal 2\portal2\maps\sp_a1_intro3_d.prt
 635 portalclusters
1672 numportals
0...1...2...3...4...5...6...7...8...9...10Optimized: 7260 visible clusters (0.00%)
Total clusters visible: 144653
Average clusters visible: 227
Building PAS...
Average clusters audible: 323
visdatasize:70938  compressed from 101600
writing c:\program files (x86)\steam\steamapps\common\portal 2\portal2\maps\sp_a1_intro3_d.bsp
0 seconds elapsed



materialPath: C:\Program Files (x86)\Steam\steamapps\common\Portal 2\portal2\materials
Loading c:\program files (x86)\steam\steamapps\common\portal 2\portal2\maps\sp_a1_intro3_d.vmf
unrecognized conditional test SonyPS3?$outputintensity in effects/fizzler
unrecognized conditional test srgb_pc?$outputintensity in effects/fizzler
unrecognized conditional test !srgb_pc?$outputintensity in effects/fizzler
Could not locate GameData file portal2.fgd
Patching WVT material: maps/sp_a1_intro3_d/metal/blendblackfloormetal_dirt02_wvt_patch
Patching WVT material: maps/sp_a1_intro3_d/nature/blendwhitefloor_dirt01_wvt_patch
fixing up env_cubemap materials on brush sides...
0...1...2...3...4...5...6...7...8...9...100...1...2...3...4...5...6...7...8...9...10Processing areas...done (0)
Building Faces...done (0)
Chop Details...done (0)
Find Visible Detail Sides...
Merged 434 detail faces...done (0)
Merging details...done (0)
FixTjuncs...
PruneNodes...
WriteBSP...
done (0)
writing c:\program files (x86)\steam\steamapps\common\portal 2\portal2\maps\sp_a1_intro3_d.prt...Building visibility clusters...
done (0)
Finding displacement neighbors...
Finding lightmap sample positions...
Displacement Alpha : 0...1...2...3...4...5...6...7...8...9...10
Building Physics collision data...
done (1) (727093 bytes)
Encountered obsolete static prop option to do its fade in screen space @ 8.00 784.00 -336.00
Encountered obsolete static prop option to do its fade in screen space @ -256.00 976.00 -144.00
Encountered obsolete static prop option to do its fade in screen space @ -128.00 1560.00 48.00
Encountered obsolete static prop option to do its fade in screen space @ -168.00 2303.00 -8.00
Encountered obsolete static prop option to do its fade in screen space @ -128.00 984.00 112.00
Encountered obsolete static prop option to do its fade in screen space @ 432.00 1392.00 -429.00
Encountered obsolete static prop option to do its fade in screen space @ -40.00 2248.00 128.00
Encountered obsolete static prop option to do its fade in screen space @ -256.00 976.00 -16.00
Encountered obsolete static prop option to do its fade in screen space @ -174.00 1726.00 -418.19
Encountered obsolete static prop option to do its fade in screen space @ -156.00 1712.00 -425.00
Encountered obsolete static prop option to do its fade in screen space @ 48.00 1703.00 -449.19
Encountered obsolete static prop option to do its fade in screen space @ 8.00 2166.00 13.00
Encountered obsolete static prop option to do its fade in screen space @ -85.00 1999.00 -70.00
Encountered obsolete static prop option to do its fade in screen space @ 136.00 1712.00 -72.00
Encountered obsolete static prop option to do its fade in screen space @ -128.00 1432.00 48.00
Encountered obsolete static prop option to do its fade in screen space @ -128.00 1304.00 48.00
Encountered obsolete static prop option to do its fade in screen space @ -128.00 1176.00 48.00
Encountered obsolete static prop option to do its fade in screen space @ -128.00 1688.00 48.00
Encountered obsolete static prop option to do its fade in screen space @ -128.00 1016.00 48.00
Encountered obsolete static prop option to do its fade in screen space @ -65.86 2016.00 -4.02
Encountered obsolete static prop option to do its fade in screen space @ -128.00 1080.00 48.00
Encountered obsolete static prop option to do its fade in screen space @ 40.00 1616.00 -336.00
Encountered obsolete static prop option to do its fade in screen space @ 104.00 1616.00 -336.00
Encountered obsolete static prop option to do its fade in screen space @ -256.00 976.00 112.00
Encountered obsolete static prop option to do its fade in screen space @ -288.00 976.00 -208.00
Encountered obsolete static prop option to do its fade in screen space @ -352.00 976.00 -208.00
Encountered obsolete static prop option to do its fade in screen space @ 8.00 912.00 -336.00
Encountered obsolete static prop option to do its fade in screen space @ 8.00 1040.00 -336.00
Encountered obsolete static prop option to do its fade in screen space @ 8.00 1168.00 -336.00
Encountered obsolete static prop option to do its fade in screen space @ 8.00 1424.00 -336.00
Encountered obsolete static prop option to do its fade in screen space @ 8.00 1520.00 -336.00
Encountered obsolete static prop option to do its fade in screen space @ 232.00 1816.00 80.00
Encountered obsolete static prop option to do its fade in screen space @ 8.00 1296.00 -336.00
Encountered obsolete static prop option to do its fade in screen space @ -1344.00 3744.00 0.00
Encountered obsolete static prop option to do its fade in screen space @ -1344.00 3776.00 0.00
Encountered obsolete static prop option to do its fade in screen space @ -160.00 48.00 1296.00
Encountered obsolete static prop option to do its fade in screen space @ -160.00 16.00 1296.00
Placing detail props : 0...1...2...3...4...5...6...7...8...9...10
Compacting texture/material tables...
Reduced 2996 texinfos to 1356
Reduced 84 texdatas to 73 (2511 bytes to 2049)
Writing c:\program files (x86)\steam\steamapps\common\portal 2\portal2\maps\sp_a1_intro3_d.bsp
2 seconds elapsed



14 threads
reading c:\program files (x86)\steam\steamapps\common\portal 2\portal2\maps\sp_a1_intro3_d.bsp
reading c:\program files (x86)\steam\steamapps\common\portal 2\portal2\maps\sp_a1_intro3_d.prt
 643 portalclusters
1703 numportals
0...1...2...3...4...5...6...7...8...9...10Optimized: 7319 visible clusters (0.00%)
Total clusters visible: 149180
Average clusters visible: 232
Building PAS...
Average clusters audible: 327
visdatasize:72498  compressed from 113168
writing c:\program files (x86)\steam\steamapps\common\portal 2\portal2\maps\sp_a1_intro3_d.bsp
0 seconds elapsed



materialPath: C:\Program Files (x86)\Steam\steamapps\common\Portal 2\portal2\materials
Loading a:\#portal2remastered\p2asw\game\portal2asw\mapsrc\sp_a1_intro3_d.vmf
Material not found!: CONCRETE/CONCRETEWALL001A
unrecognized conditional test SonyPS3?$outputintensity in effects/fizzler
unrecognized conditional test srgb_pc?$outputintensity in effects/fizzler
unrecognized conditional test !srgb_pc?$outputintensity in effects/fizzler
Could not locate GameData file portal2.fgd
Patching WVT material: maps/sp_a1_intro3_d/metal/blendblackfloormetal_dirt02_wvt_patch
Patching WVT material: maps/sp_a1_intro3_d/nature/blendwhitefloor_dirt01_wvt_patch
fixing up env_cubemap materials on brush sides...
0...1...2...3...4...5...6...7...8...9...100...1...2...3...4...5...6...7...8...9...10Processing areas...done (0)
Building Faces...done (0)
Chop Details...done (0)
Find Visible Detail Sides...
Merged 434 detail faces...done (0)
Merging details...done (0)
FixTjuncs...
PruneNodes...
WriteBSP...
done (0)
writing a:\#portal2remastered\p2asw\game\portal2asw\mapsrc\sp_a1_intro3_d.prt...Building visibility clusters...
done (0)
Finding displacement neighbors...
Finding lightmap sample positions...
Displacement Alpha : 0...1...2...3...4...5...6...7...8...9...10
Building Physics collision data...
done (1) (726701 bytes)
Encountered obsolete static prop option to do its fade in screen space @ 8.00 784.00 -336.00
Encountered obsolete static prop option to do its fade in screen space @ -256.00 976.00 -144.00
Encountered obsolete static prop option to do its fade in screen space @ -128.00 1560.00 48.00
Encountered obsolete static prop option to do its fade in screen space @ -168.00 2303.00 -8.00
Encountered obsolete static prop option to do its fade in screen space @ -128.00 984.00 112.00
Encountered obsolete static prop option to do its fade in screen space @ 432.00 1392.00 -429.00
Encountered obsolete static prop option to do its fade in screen space @ -40.00 2248.00 128.00
Encountered obsolete static prop option to do its fade in screen space @ -256.00 976.00 -16.00
Encountered obsolete static prop option to do its fade in screen space @ -174.00 1726.00 -418.19
Encountered obsolete static prop option to do its fade in screen space @ -156.00 1712.00 -425.00
Encountered obsolete static prop option to do its fade in screen space @ 48.00 1703.00 -449.19
Encountered obsolete static prop option to do its fade in screen space @ 8.00 2166.00 13.00
Encountered obsolete static prop option to do its fade in screen space @ -85.00 1999.00 -70.00
Encountered obsolete static prop option to do its fade in screen space @ 136.00 1712.00 -72.00
Encountered obsolete static prop option to do its fade in screen space @ -128.00 1432.00 48.00
Encountered obsolete static prop option to do its fade in screen space @ -128.00 1304.00 48.00
Encountered obsolete static prop option to do its fade in screen space @ -128.00 1176.00 48.00
Encountered obsolete static prop option to do its fade in screen space @ -128.00 1688.00 48.00
Encountered obsolete static prop option to do its fade in screen space @ -128.00 1016.00 48.00
Encountered obsolete static prop option to do its fade in screen space @ -65.86 2016.00 -4.02
Encountered obsolete static prop option to do its fade in screen space @ -128.00 1080.00 48.00
Encountered obsolete static prop option to do its fade in screen space @ 40.00 1616.00 -336.00
Encountered obsolete static prop option to do its fade in screen space @ 104.00 1616.00 -336.00
Encountered obsolete static prop option to do its fade in screen space @ -256.00 976.00 112.00
Encountered obsolete static prop option to do its fade in screen space @ -288.00 976.00 -208.00
Encountered obsolete static prop option to do its fade in screen space @ -352.00 976.00 -208.00
Encountered obsolete static prop option to do its fade in screen space @ 8.00 912.00 -336.00
Encountered obsolete static prop option to do its fade in screen space @ 8.00 1040.00 -336.00
Encountered obsolete static prop option to do its fade in screen space @ 8.00 1168.00 -336.00
Encountered obsolete static prop option to do its fade in screen space @ 8.00 1424.00 -336.00
Encountered obsolete static prop option to do its fade in screen space @ 8.00 1520.00 -336.00
Encountered obsolete static prop option to do its fade in screen space @ 232.00 1816.00 80.00
Encountered obsolete static prop option to do its fade in screen space @ 8.00 1296.00 -336.00
Encountered obsolete static prop option to do its fade in screen space @ -1344.00 3744.00 0.00
Encountered obsolete static prop option to do its fade in screen space @ -1344.00 3776.00 0.00
Encountered obsolete static prop option to do its fade in screen space @ -160.00 48.00 1296.00
Encountered obsolete static prop option to do its fade in screen space @ -160.00 16.00 1296.00
Placing detail props : 0...1...2...3...4...5...6...7...8...9...10
Compacting texture/material tables...
Reduced 2990 texinfos to 1351
Reduced 84 texdatas to 74 (2511 bytes to 2075)
Writing a:\#portal2remastered\p2asw\game\portal2asw\mapsrc\sp_a1_intro3_d.bsp
2 seconds elapsed



32 threads
reading a:\#portal2remastered\p2asw\game\portal2asw\mapsrc\sp_a1_intro3_d.bsp
reading a:\#portal2remastered\p2asw\game\portal2asw\mapsrc\sp_a1_intro3_d.prt
 635 portalclusters
1672 numportals
0...1...2...3...4...5...6...7...8...9...100...1...2...3...4...5...6...7...8...9...10Optimized: 376 visible clusters (0.00%)
Total clusters visible: 83825
Average clusters visible: 132
Building PAS...
Average clusters audible: 254
visdatasize:58101  compressed from 101600
writing a:\#portal2remastered\p2asw\game\portal2asw\mapsrc\sp_a1_intro3_d.bsp
0 seconds elapsed



[Reading texlights from 'lights.rad']
[59 texlights parsed from 'lights.rad']

Loading a:\#portal2remastered\p2asw\game\portal2asw\mapsrc\sp_a1_intro3_d.bsp
3903 faces
1 degenerate faces
524932 square feet [75590280.00 square inches]
9 Displacements
12475 Square Feet [1796446.38 Square Inches]
3902 patches before subdivision
39870 patches after subdivision
unsupported light entity: "light_deferred_global"
unsupported light entity: "light_deferred"
unsupported light entity: "light_deferred"
unsupported light entity: "light_deferred"
unsupported light entity: "light_deferred"
unsupported light entity: "light_deferred"
unsupported light entity: "light_deferred"
unsupported light entity: "light_deferred"
unsupported light entity: "light_deferred"
unsupported light entity: "light_deferred"
unsupported light entity: "light_deferred"
unsupported light entity: "light_deferred"
31 direct lights
0...1...2...3...4...5...6...7...8...9...100...1...2...3...4...5...6...7...8...9...10transfers 2390825, max 388
transfer lists:  18.2 megs
0...1...2...3...4...5...6...7...8...9...10	Bounce #1 added RGB(19282, 18367, 13700)
0...1...2...3...4...5...6...7...8...9...10	Bounce #2 added RGB(7091, 6690, 4670)
0...1...2...3...4...5...6...7...8...9...10	Bounce #3 added RGB(2420, 2264, 1489)
0...1...2...3...4...5...6...7...8...9...10	Bounce #4 added RGB(948, 879, 542)
0...1...2...3...4...5...6...7...8...9...10	Bounce #5 added RGB(378, 347, 202)
0...1...2...3...4...5...6...7...8...9...10	Bounce #6 added RGB(160, 146, 80)
0...1...2...3...4...5...6...7...8...9...10	Bounce #7 added RGB(70, 63, 32)
0...1...2...3...4...5...6...7...8...9...10	Bounce #8 added RGB(31, 28, 14)
0...1...2...3...4...5...6...7...8...9...10	Bounce #9 added RGB(14, 13, 6)
0...1...2...3...4...5...6...7...8...9...10	Bounce #10 added RGB(7, 6, 3)
0...1...2...3...4...5...6...7...8...9...10	Bounce #11 added RGB(3, 3, 1)
0...1...2...3...4...5...6...7...8...9...10	Bounce #12 added RGB(1, 1, 0)
0...1...2...3...4...5...6...7...8...9...10	Bounce #13 added RGB(1, 1, 0)
Build Patch/Sample Hash Table(s).....Done<0.0086 sec>
0...1...2...3...4...5...6...7...8...9...10FinalLightFace Done
8 of 8 (100% of) surface lights went in leaf ambient cubes.
0...1...2...3...4...5...6...7...8...9...10Writing leaf ambient...done
Computing static prop lighting : 00...1...2...3...4...5...6...7...8...9...10
Ready to Finish

Object names       Objects/Maxobjs  Memory / Maxmem  Fullness 
------------       ---------------  ---------------  -------- 
models                  90/1024         4320/49152    ( 8.8%) 
brushes               1912/8192        22944/98304    (23.3%) 
brushsides           18203/65536      145624/524288   (27.8%) 
planes               15516/65536      310320/1310720  (23.7%) 
vertexes              7698/65536       92376/786432   (11.7%) 
nodes                 2099/65536       67168/2097152  ( 3.2%) 
texinfos              1351/12288       97272/884736   (11.0%) 
texdata                 74/2048         2368/65536    ( 3.6%) 
dispinfos                9/0            1584/0        ( 0.0%) 
disp_verts            1145/0           22900/0        ( 0.0%) 
disp_tris             1920/0            3840/0        ( 0.0%) 
disp_multiblend          0/0               0/0        ( 0.0%) 
disp_lmsamples       17694/0           17694/0        ( 0.0%) 
faces                 3903/65536      218568/3670016  ( 6.0%) 
hdr faces             3903/65536      218568/3670016  ( 6.0%) 
origfaces             3165/65536      177240/3670016  ( 4.8%) 
leaves                2190/65536       70080/2097152  ( 3.3%) 
leaffaces             5118/65536       10236/131072   ( 7.8%) 
leafbrushes           3688/65536        7376/131072   ( 5.6%) 
areas                   13/256           104/2048     ( 5.1%) 
surfedges            30836/512000     123344/2048000  ( 6.0%) 
edges                19189/256000      76756/1024000  ( 7.5%) 
LDR worldlights          0/8192            0/819200   ( 0.0%) 
HDR worldlights         31/8192         3100/819200   ( 0.4%) 
leafwaterdata            1/32768          12/393216   ( 0.0%) 
waterstrips            489/32768        4890/327680   ( 1.5%) 
waterverts               0/65536           0/786432   ( 0.0%) 
waterindices          8919/65536       17838/131072   (13.6%) 
cubemapsamples          14/1024          224/16384    ( 1.4%) 
overlays                45/512         15840/180224   ( 8.8%) 
LDR lightdata         [variable]           0/0        ( 0.0%) 
HDR lightdata         [variable]     1961296/0        ( 0.0%) 
visdata               [variable]       58101/16777216 ( 0.3%) 
entdata               [variable]      157543/393216   (40.1%) 
LDR ambient table     2190/65536        8760/262144   ( 3.3%) 
HDR ambient table     2190/65536        8760/262144   ( 3.3%) 
LDR leaf ambient      2190/65536       61320/1835008  ( 3.3%) 
HDR leaf ambient      7199/65536      201572/1835008  (11.0%) 
occluders                0/0               0/0        ( 0.0%) 
occluder polygons        0/0               0/0        ( 0.0%) 
occluder vert ind        0/0               0/0        ( 0.0%) 
Prop Hull Verts          0/0               0/0        ( 0.0%) 
Prop Hull Blob           0/0               0/0        ( 0.0%) 
Prop Hull Lists          0/0               0/0        ( 0.0%) 
Prop Hulls               0/0               0/0        ( 0.0%) 
Prop Hull trilist        0/0               0/0        ( 0.0%) 
detail props          [variable]           1/12       ( 8.3%) 
static props          [variable]           1/76260    ( 0.0%) 
pakfile               [variable]     7253169/0        ( 0.0%) 
physics               [variable]      726701/4194304  (17.3%) 
physics terrain       [variable]        3821/1048576  ( 0.4%) 

Level flags = 2

Total triangle count: 10420
Writing a:\#portal2remastered\p2asw\game\portal2asw\mapsrc\sp_a1_intro3_d.bsp
44 seconds elapsed
