19:09:52.463 INFO  Loading C:\Program Files (x86)\Steam\steamapps\common\Portal 2\portal2\maps\sp_a2_laser_chaining.bsp
19:09:52.814 INFO  Using 'DStaticPropV9' for sprp version 9
19:09:52.881 WARN  Lump LUMP_DISPINFO is empty
19:09:52.881 WARN  Lump LUMP_DISP_VERTS is empty
19:09:52.881 WARN  Lump LUMP_DISP_TRIS is empty
19:09:52.881 WARN  Lump LUMP_DISP_MULTIBLEND is empty
19:09:52.904 INFO  BSP version: 21
19:09:52.905 INFO  Game: Portal 2
19:09:52.925 INFO  Equal amount of areaporal entities and areaportal brushes. Using 'Ordered' method
19:09:52.929 INFO  No occluders to reallocate...
19:09:53.368 INFO  2252 (18.9%) exact brushside->origface matches
19:09:53.368 INFO  1/0 (nondisp/disp) original faces left after exact brushside->origface matching
19:09:53.481 INFO  132 (1.1%) partial brushside->origface matches
19:09:53.482 INFO  Writing brushes and planes
19:09:53.941 INFO  Writing displacements
19:09:53.941 INFO  Writing entities
19:09:54.051 INFO  Writing func_details
19:09:54.167 INFO  Writing func_viscluster
19:09:54.168 INFO  Writing info_overlays
19:09:54.170 INFO  Writing prop_statics
19:09:54.176 INFO  Writing env_cubemaps
19:09:54.177 INFO  Writing func_ladders
19:09:54.177 INFO  Finished decompiling C:\Program Files (x86)\Steam\steamapps\common\Portal 2\portal2\maps\sp_a2_laser_chaining.bsp.
