19:09:56.218 INFO  Loading C:\Program Files (x86)\Steam\steamapps\common\Portal 2\portal2\maps\sp_a3_bomb_flings.bsp
19:09:56.267 INFO  Using 'DStaticPropV9' for sprp version 9
19:09:56.270 WARN  Lump LUMP_CLIPPORTALVERTS is empty
19:09:56.270 WARN  Lump LUMP_DISPINFO is empty
19:09:56.270 WARN  Lump LUMP_DISP_VERTS is empty
19:09:56.270 WARN  Lump LUMP_DISP_TRIS is empty
19:09:56.270 WARN  Lump LUMP_DISP_MULTIBLEND is empty
19:09:56.271 INFO  BSP version: 21
19:09:56.271 INFO  Game: Portal 2
19:09:56.272 INFO  No areaportals to reallocate...
19:09:56.272 INFO  No occluders to reallocate...
19:09:56.303 INFO  1710 (31.1%) exact brushside->origface matches
19:09:56.303 INFO  10/0 (nondisp/disp) original faces left after exact brushside->origface matching
19:09:56.314 INFO  146 (2.7%) partial brushside->origface matches
19:09:56.314 INFO  Writing brushes and planes
19:09:56.346 INFO  Writing displacements
19:09:56.346 INFO  Writing entities
19:09:56.364 INFO  Writing func_details
19:09:56.408 INFO  Writing func_viscluster
19:09:56.409 INFO  Writing info_overlays
19:09:56.410 INFO  Writing prop_statics
19:09:56.420 INFO  Writing env_cubemaps
19:09:56.420 INFO  Writing func_ladders
19:09:56.423 INFO  Finished decompiling C:\Program Files (x86)\Steam\steamapps\common\Portal 2\portal2\maps\sp_a3_bomb_flings.bsp.
