19:09:56.777 INFO  Loading C:\Program Files (x86)\Steam\steamapps\common\Portal 2\portal2\maps\sp_a4_laser_catapult.bsp
19:09:56.854 INFO  Using 'DStaticPropV9' for sprp version 9
19:09:56.857 WARN  Lump LUMP_DISPINFO is empty
19:09:56.857 WARN  Lump LUMP_DISP_VERTS is empty
19:09:56.857 WARN  Lump LUMP_DISP_TRIS is empty
19:09:56.857 WARN  Lump LUMP_DISP_MULTIBLEND is empty
19:09:56.858 INFO  BSP version: 21
19:09:56.859 INFO  Game: Portal 2
19:09:56.859 INFO  Equal amount of areaporal entities and areaportal brushes. Using 'Ordered' method
19:09:56.859 INFO  No occluders to reallocate...
19:09:56.943 INFO  2803 (20.2%) exact brushside->origface matches
19:09:56.943 INFO  0/0 (nondisp/disp) original faces left after exact brushside->origface matching
19:09:56.970 INFO  185 (1.3%) partial brushside->origface matches
19:09:56.970 INFO  Writing brushes and planes
19:09:57.024 INFO  Writing displacements
19:09:57.024 INFO  Writing entities
19:09:57.067 INFO  Writing func_details
19:09:57.241 INFO  Writing func_viscluster
19:09:57.243 INFO  Writing info_overlays
19:09:57.245 INFO  Writing prop_statics
19:09:57.259 INFO  Writing env_cubemaps
19:09:57.259 INFO  Writing func_ladders
19:09:57.260 INFO  Finished decompiling C:\Program Files (x86)\Steam\steamapps\common\Portal 2\portal2\maps\sp_a4_laser_catapult.bsp.
