PRT1
42
101
4 0 2 (2912 1024 1184 ) (2048 1024 1184 ) (2048 1024 -544 ) (2912 1024 -544 ) 
4 0 1 (2048 1024 -544 ) (2048 1024 1184 ) (2048 1312 1184 ) (2048 1312 -544 ) 
4 1 8 (1024 1024 -544 ) (1024 1024 1184 ) (1024 1312 1184 ) (1024 1312 -544 ) 
4 1 3 (1024 1024 1184 ) (1024 1024 -544 ) (2048 1024 -544 ) (2048 1024 1184 ) 
4 2 4 (2912 0 1184 ) (2048 0 1184 ) (2048 0 -544 ) (2912 0 -544 ) 
4 2 3 (2048 1024 1184 ) (2048 1024 -544 ) (2048 0 -544 ) (2048 0 1184 ) 
4 3 20 (1024 0 -544 ) (1024 0 -514 ) (1024 1024 -514 ) (1024 1024 -544 ) 
4 3 17 (1024 0 -514 ) (1024 0 -372.889008 ) (1024 79 -372.889008 ) (1024 79 -514 ) 
4 3 13 (1024 79 -372.889008 ) (1024 1024 -372.889008 ) (1024 1024 -514 ) (1024 79 -514 ) 
4 3 12 (1024 0 -372.889008 ) (1024 0 1184 ) (1024 1024 1184 ) (1024 1024 -372.889008 ) 
4 3 5 (2048 0 -544 ) (2048 0 1184 ) (1024 0 1184 ) (1024 0 -544 ) 
4 4 6 (2912 -1024 1184 ) (2048 -1024 1184 ) (2048 -1024 -544 ) (2912 -1024 -544 ) 
4 4 5 (2048 0 1184 ) (2048 0 -544 ) (2048 -1024 -544 ) (2048 -1024 1184 ) 
4 5 33 (1024 -1024 -544 ) (1024 -1024 -514 ) (1024 0 -514 ) (1024 0 -544 ) 
4 5 29 (1024 -1024 -514 ) (1024 -1024 -372.778992 ) (1024 -104 -372.778992 ) (1024 -104 -514 ) 
4 5 26 (1024 -104 -372.778992 ) (1024 0 -372.778992 ) (1024 0 -514 ) (1024 -104 -514 ) 
4 5 25 (1024 -1024 -372.778992 ) (1024 -1024 1184 ) (1024 0 1184 ) (1024 0 -372.778992 ) 
4 5 7 (1024 -1024 1184 ) (1024 -1024 -544 ) (2048 -1024 -544 ) (2048 -1024 1184 ) 
4 6 7 (2048 -1024 1184 ) (2048 -1024 -544 ) (2048 -1312 -544 ) (2048 -1312 1184 ) 
4 7 36 (1024 -1312 1184 ) (1024 -1024 1184 ) (1024 -1024 -544 ) (1024 -1312 -544 ) 
4 8 20 (1024 1024 -544 ) (1024 1024 -514 ) (928 1024 -514 ) (928 1024 -544 ) 
4 8 13 (1024 1024 -514 ) (1024 1024 -372.889008 ) (928 1024 -372.889008 ) (928 1024 -514 ) 
4 8 12 (1024 1024 -372.889008 ) (1024 1024 1184 ) (928 1024 1184 ) (928 1024 -372.889008 ) 
4 8 9 (928 1024 -514 ) (928 1024 1184 ) (928 1312 1184 ) (928 1312 -514 ) 
4 9 14 (422 1024 -514 ) (426 1024 -514 ) (426 1024 -372.889008 ) (422 1024 -372.889008 ) 
4 9 13 (426 1024 -514 ) (928 1024 -514 ) (928 1024 -372.889008 ) (426 1024 -372.889008 ) 
4 9 16 (0 1024 -372.889008 ) (0 1024 -514 ) (422 1024 -514 ) (422 1024 -372.889008 ) 
4 9 12 (928 1024 1184 ) (0 1024 1184 ) (0 1024 -372.889008 ) (928 1024 -372.889008 ) 
4 9 10 (0 1024 -514 ) (0 1024 1184 ) (0 1312 1184 ) (0 1312 -514 ) 
4 10 21 (0 1024 -514 ) (0 1024 1184 ) (-416 1024 1184 ) (-416 1024 -514 ) 
4 10 11 (-416 1024 -514 ) (-416 1024 1184 ) (-416 1312 1184 ) (-416 1312 -514 ) 
4 11 23 (-1024 1024 -544 ) (-1024 1024 1184 ) (-1024 1312 1184 ) (-1024 1312 -544 ) 
4 11 22 (-1024 1024 -514 ) (-1024 1024 -544 ) (-416 1024 -544 ) (-416 1024 -514 ) 
4 11 21 (-1024 1024 1184 ) (-1024 1024 -514 ) (-416 1024 -514 ) (-416 1024 1184 ) 
4 12 25 (1024 0 -372.889008 ) (1024 0 1184 ) (0 0 1184 ) (0 0 -372.889008 ) 
4 12 21 (0 1024 1184 ) (0 1024 -372.889008 ) (0 0 -372.889008 ) (0 0 1184 ) 
4 12 18 (425 41 -372.889008 ) (425 79 -372.889008 ) (429 79 -372.889008 ) (429 41 -372.889008 ) 
4 12 17 (1024 0 -372.889008 ) (429 0 -372.889008 ) (429 79 -372.889008 ) (1024 79 -372.889008 ) 
4 12 19 (425 0 -372.889008 ) (0 0 -372.889008 ) (0 79 -372.889008 ) (425 79 -372.889008 ) 
4 12 15 (426 224 -372.889008 ) (426 79 -372.889008 ) (422 79 -372.889008 ) (422 224 -372.889008 ) 
4 12 14 (422 1024 -372.889008 ) (426 1024 -372.889008 ) (426 224 -372.889008 ) (422 224 -372.889008 ) 
4 12 13 (426 1024 -372.889008 ) (1024 1024 -372.889008 ) (1024 79 -372.889008 ) (426 79 -372.889008 ) 
4 12 16 (0 79 -372.889008 ) (0 1024 -372.889008 ) (422 1024 -372.889008 ) (422 79 -372.889008 ) 
4 13 20 (928 1024 -514 ) (1024 1024 -514 ) (1024 79 -514 ) (928 79 -514 ) 
4 13 18 (426 79 -514 ) (429 79 -514 ) (429 79 -372.889008 ) (426 79 -372.889008 ) 
4 13 17 (429 79 -514 ) (1024 79 -514 ) (1024 79 -372.889008 ) (429 79 -372.889008 ) 
4 13 14 (426 1024 -514 ) (426 224 -514 ) (426 224 -372.889008 ) (426 1024 -372.889008 ) 
4 14 16 (422 1024 -514 ) (422 224 -514 ) (422 224 -372.889008 ) (422 1024 -372.889008 ) 
4 16 21 (0 1024 -372.889008 ) (0 1024 -514 ) (0 79 -514 ) (0 79 -372.889008 ) 
4 16 19 (0 79 -514 ) (422 79 -514 ) (422 79 -372.889008 ) (0 79 -372.889008 ) 
4 17 26 (1024 0 -514 ) (1024 0 -372.889008 ) (429 0 -372.889008 ) (429 0 -514 ) 
4 17 20 (1024 79 -514 ) (1024 0 -514 ) (928 0 -514 ) (928 79 -514 ) 
4 17 18 (429 79 -372.889008 ) (429 79 -514 ) (429 41 -514 ) (429 41 -372.889008 ) 
4 18 19 (425 79 -372.889008 ) (425 79 -514 ) (425 41 -514 ) (425 41 -372.889008 ) 
4 19 28 (425 0 -372.889008 ) (0 0 -372.889008 ) (0 0 -514 ) (425 0 -514 ) 
4 19 21 (0 79 -514 ) (0 0 -514 ) (0 0 -372.889008 ) (0 79 -372.889008 ) 
4 20 33 (1024 0 -544 ) (1024 0 -514 ) (928 0 -514 ) (928 0 -544 ) 
4 21 34 (0 0 -514 ) (0 0 1184 ) (-1024 0 1184 ) (-1024 0 -514 ) 
4 21 24 (-1024 0 -514 ) (-1024 0 1184 ) (-1024 1024 1184 ) (-1024 1024 -514 ) 
4 21 22 (-416 0 -514 ) (-1024 0 -514 ) (-1024 1024 -514 ) (-416 1024 -514 ) 
4 22 35 (-416 0 -514 ) (-1024 0 -514 ) (-1024 0 -544 ) (-416 0 -544 ) 
4 22 24 (-1024 0 -544 ) (-1024 0 -514 ) (-1024 1024 -514 ) (-1024 1024 -544 ) 
4 23 24 (-1024 1024 -544 ) (-1024 1024 1184 ) (-1824 1024 1184 ) (-1824 1024 -544 ) 
4 24 40 (-1024 0 -544 ) (-1024 0 1184 ) (-1824 0 1184 ) (-1824 0 -544 ) 
4 25 37 (928 -1024 1184 ) (0 -1024 1184 ) (0 -1024 -372.778992 ) (928 -1024 -372.778992 ) 
4 25 36 (1024 -1024 -372.778992 ) (1024 -1024 1184 ) (928 -1024 1184 ) (928 -1024 -372.778992 ) 
4 25 34 (0 0 1184 ) (0 0 -372.778992 ) (0 -1024 -372.778992 ) (0 -1024 1184 ) 
4 25 30 (427 -104 -372.778992 ) (431 -104 -372.778992 ) (431 -148 -372.778992 ) (427 -148 -372.778992 ) 
4 25 31 (431 -293 -372.778992 ) (431 -1024 -372.778992 ) (427 -1024 -372.778992 ) (427 -293 -372.778992 ) 
4 25 29 (431 -104 -372.778992 ) (1024 -104 -372.778992 ) (1024 -1024 -372.778992 ) (431 -1024 -372.778992 ) 
4 25 32 (0 -1024 -372.778992 ) (0 -104 -372.778992 ) (427 -104 -372.778992 ) (427 -1024 -372.778992 ) 
4 25 27 (425 0 -372.778992 ) (429 0 -372.778992 ) (429 -104 -372.778992 ) (425 -104 -372.778992 ) 
4 25 26 (429 0 -372.778992 ) (1024 0 -372.778992 ) (1024 -104 -372.778992 ) (429 -104 -372.778992 ) 
4 25 28 (0 -104 -372.778992 ) (0 0 -372.778992 ) (425 0 -372.778992 ) (425 -104 -372.778992 ) 
4 26 33 (928 0 -514 ) (1024 0 -514 ) (1024 -104 -514 ) (928 -104 -514 ) 
4 26 30 (429 -104 -514 ) (431 -104 -514 ) (431 -104 -372.778992 ) (429 -104 -372.778992 ) 
4 26 29 (431 -104 -514 ) (1024 -104 -514 ) (1024 -104 -372.778992 ) (431 -104 -372.778992 ) 
4 28 34 (0 0 -372.778992 ) (0 0 -514 ) (0 -104 -514 ) (0 -104 -372.778992 ) 
4 28 32 (0 -104 -514 ) (425 -104 -514 ) (425 -104 -372.778992 ) (0 -104 -372.778992 ) 
4 29 37 (928 -1024 -372.778992 ) (431 -1024 -372.778992 ) (431 -1024 -514 ) (928 -1024 -514 ) 
4 29 36 (1024 -1024 -514 ) (1024 -1024 -372.778992 ) (928 -1024 -372.778992 ) (928 -1024 -514 ) 
4 29 33 (1024 -1024 -514 ) (928 -1024 -514 ) (928 -104 -514 ) (1024 -104 -514 ) 
4 29 30 (431 -104 -372.778992 ) (431 -104 -514 ) (431 -148 -514 ) (431 -148 -372.778992 ) 
4 29 31 (431 -293 -514 ) (431 -1024 -514 ) (431 -1024 -372.778992 ) (431 -293 -372.778992 ) 
4 30 32 (427 -104 -372.778992 ) (427 -104 -514 ) (427 -148 -514 ) (427 -148 -372.778992 ) 
4 31 37 (431 -1024 -372.778992 ) (427 -1024 -372.778992 ) (427 -1024 -514 ) (431 -1024 -514 ) 
4 31 32 (427 -293 -514 ) (427 -1024 -514 ) (427 -1024 -372.778992 ) (427 -293 -372.778992 ) 
4 32 37 (427 -1024 -372.778992 ) (0 -1024 -372.778992 ) (0 -1024 -514 ) (427 -1024 -514 ) 
4 32 34 (0 -104 -514 ) (0 -1024 -514 ) (0 -1024 -372.778992 ) (0 -104 -372.778992 ) 
4 33 36 (1024 -1024 -544 ) (1024 -1024 -514 ) (928 -1024 -514 ) (928 -1024 -544 ) 
4 34 40 (-1024 0 1184 ) (-1024 0 -514 ) (-1024 -1024 -514 ) (-1024 -1024 1184 ) 
4 34 39 (-416 -1024 1184 ) (-1024 -1024 1184 ) (-1024 -1024 -514 ) (-416 -1024 -514 ) 
4 34 38 (0 -1024 -514 ) (0 -1024 1184 ) (-416 -1024 1184 ) (-416 -1024 -514 ) 
4 34 35 (-416 -1024 -514 ) (-1024 -1024 -514 ) (-1024 0 -514 ) (-416 0 -514 ) 
4 35 40 (-1024 0 -514 ) (-1024 0 -544 ) (-1024 -1024 -544 ) (-1024 -1024 -514 ) 
4 35 39 (-416 -1024 -514 ) (-1024 -1024 -514 ) (-1024 -1024 -544 ) (-416 -1024 -544 ) 
4 36 37 (928 -1312 -514 ) (928 -1312 1184 ) (928 -1024 1184 ) (928 -1024 -514 ) 
4 37 38 (0 -1312 1184 ) (0 -1024 1184 ) (0 -1024 -514 ) (0 -1312 -514 ) 
4 38 39 (-416 -1312 -514 ) (-416 -1312 1184 ) (-416 -1024 1184 ) (-416 -1024 -514 ) 
4 39 41 (-1024 -1312 1184 ) (-1024 -1024 1184 ) (-1024 -1024 -544 ) (-1024 -1312 -544 ) 
4 40 41 (-1024 -1024 -544 ) (-1024 -1024 1184 ) (-1824 -1024 1184 ) (-1824 -1024 -544 ) 
