19:09:56.083 INFO  Loading C:\Program Files (x86)\Steam\steamapps\common\Portal 2\portal2\maps\star_sp_a1_intro2_d.bsp
19:09:56.131 INFO  Using 'DStaticPropV9' for sprp version 9
19:09:56.139 WARN  Lump LUMP_DISP_MULTIBLEND is empty
19:09:56.140 INFO  BSP version: 21
19:09:56.140 INFO  Game: Portal 2
19:09:56.141 INFO  Equal amount of areaporal entities and areaportal brushes. Using 'Ordered' method
19:09:56.141 INFO  No occluders to reallocate...
19:09:56.141 INFO  Map comment: Decompiled by BSPSource v1.4.6.1 from sp_a1_intro2
19:09:56.212 INFO  1748 (16.7%) exact brushside->origface matches
19:09:56.215 INFO  0/7 (nondisp/disp) original faces left after exact brushside->origface matching
19:09:56.234 INFO  92 (0.9%) partial brushside->origface matches
19:09:56.234 INFO  Writing brushes and planes
19:09:56.288 INFO  Writing displacements
19:09:56.296 INFO  Writing entities
19:09:56.311 INFO  Writing func_details
19:09:56.414 INFO  Writing func_viscluster
19:09:56.414 INFO  Writing info_overlays
19:09:56.417 INFO  Writing prop_statics
19:09:56.426 INFO  Writing env_cubemaps
19:09:56.426 INFO  Writing func_ladders
19:09:56.427 INFO  Finished decompiling C:\Program Files (x86)\Steam\steamapps\common\Portal 2\portal2\maps\star_sp_a1_intro2_d.bsp.
