16:24:55.193 INFO  Loading A:\#Portal2Remastered\P2ASW\game\portal2asw\maps\util_tunnels.bsp
16:24:55.331 INFO  Using 'DStaticPropV9' for sprp version 9
16:24:55.336 WARN  Lump LUMP_CUBEMAPS is empty
16:24:55.340 WARN  Lump LUMP_CLIPPORTALVERTS is empty
16:24:55.346 WARN  Lump LUMP_DISPINFO is empty
16:24:55.348 WARN  Lump LUMP_DISP_VERTS is empty
16:24:55.349 WARN  Lump LUMP_DISP_TRIS is empty
16:24:55.349 WARN  Lump LUMP_DISP_MULTIBLEND is empty
16:24:55.354 WARN  Lump LUMP_OVERLAYS is empty
16:24:55.355 WARN  Lump LUMP_OVERLAY_FADES is empty
16:24:55.356 WARN  Lump LUMP_OVERLAY_SYSTEM_LEVELS is empty
16:24:55.357 INFO  BSP version: 21
16:24:55.357 INFO  Game: Alien Swarm
16:24:55.367 INFO  No areaportals to reallocate...
16:24:55.371 INFO  No occluders to reallocate...
16:24:55.401 INFO  150 (41.4%) exact brushside->origface matches
16:24:55.406 INFO  0/0 (nondisp/disp) original faces left after exact brushside->origface matching
16:24:55.413 INFO  12 (3.3%) partial brushside->origface matches
16:24:55.414 INFO  Writing brushes and planes
16:24:55.461 INFO  Writing displacements
16:24:55.462 INFO  Writing entities
16:24:55.464 INFO  Writing func_details
16:24:55.466 INFO  Writing func_viscluster
16:24:55.467 INFO  Writing info_overlays
16:24:55.467 INFO  Writing prop_statics
16:24:55.471 INFO  Writing env_cubemaps
16:24:55.471 INFO  Writing func_ladders
16:24:55.474 INFO  Finished decompiling A:\#Portal2Remastered\P2ASW\game\portal2asw\maps\util_tunnels.bsp.
