  Compiling pointeroverride.asm
   Assembling: A:\#stardustalpha\sdk-2013-deferred-master\mp\src\public\tier0\pointeroverride.asm
  Microsoft (R) Macro Assembler Version 12.00.40629.0
  Copyright (C) Microsoft Corporation.  All rights reserved.
  
  Running VPC CRC Check - game_shader_dx9_episodic.vpc
  BaseVSShader.cpp
  blur.cpp
  debug_lightingctrl.cpp
  debug_radiosity_grid.cpp
  debug_shadow.cpp
  deferred_brush.cpp
  deferred_decalModulate.cpp
  deferred_model.cpp
  deferred_utility.cpp
  defpass_composite.cpp
  defpass_gbuffer.cpp
  defpass_shadow.cpp
  IDeferredExt.cpp
  lighting_global.cpp
  lighting_pass_basic.cpp
  lighting_pass_volum.cpp
  lighting_volume.cpp
  lighting_world.cpp
  memoverride.cpp
  radiosity_blend.cpp
  radiosity_global.cpp
  radiosity_propagate.cpp
  screenspace_combine.cpp
  screenspace_shading.cpp
  volume_blend.cpp
  volume_prepass.cpp
     Creating library Debug_dx9_mod_episodic\game_shader_dx9.lib and object Debug_dx9_mod_episodic\game_shader_dx9.exp
  game_shader_dx9_episodic.vcxproj -> A:\#stardustalpha\sdk-2013-deferred-master\mp\src\materialsystem\stdshaders\Debug_dx9_mod_episodic\game_shader_dx9.dll
          1 file(s) copied.
          1 file(s) copied.
